[2025-05-01T09:09:18.771+0000] {taskinstance.py:1159} INFO - Dependencies all met for dep_context=non-requeueable deps ti=<TaskInstance: lgbtq_model_pipeline.fetch_articles manual__2025-05-01T09:09:15.846373+00:00 [queued]>
[2025-05-01T09:09:18.775+0000] {taskinstance.py:1159} INFO - Dependencies all met for dep_context=requeueable deps ti=<TaskInstance: lgbtq_model_pipeline.fetch_articles manual__2025-05-01T09:09:15.846373+00:00 [queued]>
[2025-05-01T09:09:18.775+0000] {taskinstance.py:1361} INFO - Starting attempt 1 of 1
[2025-05-01T09:09:18.780+0000] {taskinstance.py:1382} INFO - Executing <Task(PythonOperator): fetch_articles> on 2025-05-01 09:09:15.846373+00:00
[2025-05-01T09:09:18.785+0000] {standard_task_runner.py:57} INFO - Started process 189 to run task
[2025-05-01T09:09:18.788+0000] {standard_task_runner.py:84} INFO - Running: ['***', 'tasks', 'run', 'lgbtq_model_pipeline', 'fetch_articles', 'manual__2025-05-01T09:09:15.846373+00:00', '--job-id', '156', '--raw', '--subdir', 'DAGS_FOLDER/lgbtq_model_pipeline.py', '--cfg-path', '/tmp/tmphys_j9fq']
[2025-05-01T09:09:18.792+0000] {standard_task_runner.py:85} INFO - Job 156: Subtask fetch_articles
[2025-05-01T09:09:18.819+0000] {task_command.py:416} INFO - Running <TaskInstance: lgbtq_model_pipeline.fetch_articles manual__2025-05-01T09:09:15.846373+00:00 [running]> on host a943459b2993
[2025-05-01T09:09:18.855+0000] {taskinstance.py:1662} INFO - Exporting env vars: AIRFLOW_CTX_DAG_OWNER='***' AIRFLOW_CTX_DAG_ID='lgbtq_model_pipeline' AIRFLOW_CTX_TASK_ID='fetch_articles' AIRFLOW_CTX_EXECUTION_DATE='2025-05-01T09:09:15.846373+00:00' AIRFLOW_CTX_TRY_NUMBER='1' AIRFLOW_CTX_DAG_RUN_ID='manual__2025-05-01T09:09:15.846373+00:00'
[2025-05-01T09:09:18.855+0000] {logging_mixin.py:154} INFO - Fetching CSV data from Google Sheets...
[2025-05-01T09:09:19.769+0000] {logging_mixin.py:154} INFO - Generating embeddings...
[2025-05-01T09:09:19.771+0000] {SentenceTransformer.py:208} INFO - Use pytorch device_name: cpu
[2025-05-01T09:09:19.771+0000] {SentenceTransformer.py:216} INFO - Load pretrained SentenceTransformer: all-MiniLM-L6-v2
[2025-05-01T09:09:21.208+0000] {file_download.py:1670} WARNING - Xet Storage is enabled for this repo, but the 'hf_xet' package is not installed. Falling back to regular HTTP download. For better performance, install the package with: `pip install huggingface_hub[hf_xet]` or `pip install hf_xet`
[2025-05-01T09:09:36.432+0000] {logging_mixin.py:154} INFO - Loading classifier...
[2025-05-01T09:09:36.439+0000] {logging_mixin.py:154} WARNING - /home/***/.local/lib/python3.8/site-packages/sklearn/base.py:348 InconsistentVersionWarning: Trying to unpickle estimator LogisticRegression from version 1.5.1 when using version 1.3.2. This might lead to breaking code or invalid results. Use at your own risk. For more info please refer to:
https://scikit-learn.org/stable/model_persistence.html#security-maintainability-limitations
[2025-05-01T09:09:36.439+0000] {logging_mixin.py:154} INFO - Predicting stances...
[2025-05-01T09:09:36.442+0000] {logging_mixin.py:154} INFO - Saved article to /opt/***/review_queue/article_24_2025-05-01T09:09:36.441158.json
[2025-05-01T09:09:36.443+0000] {logging_mixin.py:154} INFO - Saved article to /opt/***/review_queue/article_6_2025-05-01T09:09:36.442618.json
[2025-05-01T09:09:36.444+0000] {logging_mixin.py:154} INFO - Saved article to /opt/***/review_queue/article_153_2025-05-01T09:09:36.443658.json
[2025-05-01T09:09:36.445+0000] {logging_mixin.py:154} INFO - Saved article to /opt/***/review_queue/article_211_2025-05-01T09:09:36.444603.json
[2025-05-01T09:09:36.446+0000] {logging_mixin.py:154} INFO - Saved article to /opt/***/review_queue/article_198_2025-05-01T09:09:36.445573.json
[2025-05-01T09:09:36.446+0000] {logging_mixin.py:154} INFO - Finished processing 5 articles.
[2025-05-01T09:09:36.447+0000] {python.py:194} INFO - Done. Returned value was: None
[2025-05-01T09:09:36.461+0000] {taskinstance.py:1400} INFO - Marking task as SUCCESS. dag_id=lgbtq_model_pipeline, task_id=fetch_articles, execution_date=20250501T090915, start_date=20250501T090918, end_date=20250501T090936
[2025-05-01T09:09:36.519+0000] {local_task_job_runner.py:228} INFO - Task exited with return code 0
[2025-05-01T09:09:36.540+0000] {taskinstance.py:2778} INFO - 1 downstream tasks scheduled from follow-on schedule check
