[2025-05-07T09:41:43.518+0000] {taskinstance.py:1159} INFO - Dependencies all met for dep_context=non-requeueable deps ti=<TaskInstance: lgbtq_model_pipeline.retrain manual__2025-05-07T09:41:36.319816+00:00 [queued]>
[2025-05-07T09:41:43.522+0000] {taskinstance.py:1159} INFO - Dependencies all met for dep_context=requeueable deps ti=<TaskInstance: lgbtq_model_pipeline.retrain manual__2025-05-07T09:41:36.319816+00:00 [queued]>
[2025-05-07T09:41:43.522+0000] {taskinstance.py:1361} INFO - Starting attempt 1 of 1
[2025-05-07T09:41:43.529+0000] {taskinstance.py:1382} INFO - Executing <Task(PythonOperator): retrain> on 2025-05-07 09:41:36.319816+00:00
[2025-05-07T09:41:43.537+0000] {standard_task_runner.py:57} INFO - Started process 15207 to run task
[2025-05-07T09:41:43.539+0000] {standard_task_runner.py:84} INFO - Running: ['***', 'tasks', 'run', 'lgbtq_model_pipeline', 'retrain', 'manual__2025-05-07T09:41:36.319816+00:00', '--job-id', '68', '--raw', '--subdir', 'DAGS_FOLDER/lgbtq_model_pipeline.py', '--cfg-path', '/tmp/tmpz_bzy3nl']
[2025-05-07T09:41:43.541+0000] {standard_task_runner.py:85} INFO - Job 68: Subtask retrain
[2025-05-07T09:41:43.570+0000] {task_command.py:416} INFO - Running <TaskInstance: lgbtq_model_pipeline.retrain manual__2025-05-07T09:41:36.319816+00:00 [running]> on host 6fdcfcafebfc
[2025-05-07T09:41:43.604+0000] {taskinstance.py:1662} INFO - Exporting env vars: AIRFLOW_CTX_DAG_OWNER='***' AIRFLOW_CTX_DAG_ID='lgbtq_model_pipeline' AIRFLOW_CTX_TASK_ID='retrain' AIRFLOW_CTX_EXECUTION_DATE='2025-05-07T09:41:36.319816+00:00' AIRFLOW_CTX_TRY_NUMBER='1' AIRFLOW_CTX_DAG_RUN_ID='manual__2025-05-07T09:41:36.319816+00:00'
[2025-05-07T09:41:43.605+0000] {logging_mixin.py:154} INFO - 📦 Combining data...
[2025-05-07T09:41:43.858+0000] {logging_mixin.py:154} INFO - 📚 Loading labeled data...
[2025-05-07T09:41:43.953+0000] {logging_mixin.py:154} INFO - 🧠 Initial memory usage: 29.2%
[2025-05-07T09:41:43.953+0000] {logging_mixin.py:154} INFO - 🧠 Preparing triplet training data...
[2025-05-07T09:41:45.356+0000] {logging_mixin.py:154} INFO - 🔍 Loading encoder from local cache...
[2025-05-07T09:41:45.581+0000] {logging_mixin.py:154} INFO - 🖥️ Using device: cpu
[2025-05-07T09:41:45.582+0000] {logging_mixin.py:154} INFO - 📊 Using gradient accumulation: effective batch size = 8
[2025-05-07T09:41:45.705+0000] {logging_mixin.py:154} INFO - 🚀 Training triplet model...
[2025-05-07T09:43:56.188+0000] {logging_mixin.py:154} INFO - 🧠 Memory usage: 82.0%
[2025-05-07T09:45:46.126+0000] {logging_mixin.py:154} INFO - 🧠 Memory usage: 83.3%
[2025-05-07T09:46:53.771+0000] {local_task_job_runner.py:294} WARNING - State of this instance has been externally set to success. Terminating instance.
[2025-05-07T09:46:53.778+0000] {process_utils.py:131} INFO - Sending 15 to group 15207. PIDs of all processes in the group: [15207]
[2025-05-07T09:46:53.778+0000] {process_utils.py:86} INFO - Sending the signal 15 to group 15207
[2025-05-07T09:46:53.807+0000] {taskinstance.py:1632} ERROR - Received SIGTERM. Terminating subprocesses.
[2025-05-07T09:46:54.101+0000] {process_utils.py:79} INFO - Process psutil.Process(pid=15207, status='terminated', exitcode=0, started='09:41:42') (15207) terminated with exit code 0
