[2025-05-01T23:36:04.909+0000] {taskinstance.py:1159} INFO - Dependencies all met for dep_context=non-requeueable deps ti=<TaskInstance: lgbtq_model_pipeline.retrain manual__2025-05-01T23:35:11.517395+00:00 [queued]>
[2025-05-01T23:36:04.912+0000] {taskinstance.py:1159} INFO - Dependencies all met for dep_context=requeueable deps ti=<TaskInstance: lgbtq_model_pipeline.retrain manual__2025-05-01T23:35:11.517395+00:00 [queued]>
[2025-05-01T23:36:04.912+0000] {taskinstance.py:1361} INFO - Starting attempt 1 of 1
[2025-05-01T23:36:04.919+0000] {taskinstance.py:1382} INFO - Executing <Task(PythonOperator): retrain> on 2025-05-01 23:35:11.517395+00:00
[2025-05-01T23:36:04.923+0000] {standard_task_runner.py:57} INFO - Started process 253 to run task
[2025-05-01T23:36:04.926+0000] {standard_task_runner.py:84} INFO - Running: ['***', 'tasks', 'run', 'lgbtq_model_pipeline', 'retrain', 'manual__2025-05-01T23:35:11.517395+00:00', '--job-id', '28', '--raw', '--subdir', 'DAGS_FOLDER/lgbtq_model_pipeline.py', '--cfg-path', '/tmp/tmp82cflmul']
[2025-05-01T23:36:04.932+0000] {standard_task_runner.py:85} INFO - Job 28: Subtask retrain
[2025-05-01T23:36:04.955+0000] {task_command.py:416} INFO - Running <TaskInstance: lgbtq_model_pipeline.retrain manual__2025-05-01T23:35:11.517395+00:00 [running]> on host 82b2c6265b2f
[2025-05-01T23:36:04.991+0000] {taskinstance.py:1662} INFO - Exporting env vars: AIRFLOW_CTX_DAG_OWNER='***' AIRFLOW_CTX_DAG_ID='lgbtq_model_pipeline' AIRFLOW_CTX_TASK_ID='retrain' AIRFLOW_CTX_EXECUTION_DATE='2025-05-01T23:35:11.517395+00:00' AIRFLOW_CTX_TRY_NUMBER='1' AIRFLOW_CTX_DAG_RUN_ID='manual__2025-05-01T23:35:11.517395+00:00'
[2025-05-01T23:36:04.991+0000] {logging_mixin.py:154} INFO - 🔁 Starting retraining process...
[2025-05-01T23:36:04.992+0000] {logging_mixin.py:154} INFO - 📦 Combining production and new data into all_data...
[2025-05-01T23:36:05.015+0000] {logging_mixin.py:154} INFO - ⚠️ Skipping duplicate article_246
[2025-05-01T23:36:05.015+0000] {logging_mixin.py:154} INFO - ⚠️ Skipping duplicate article_247
[2025-05-01T23:36:05.016+0000] {logging_mixin.py:154} INFO - ⚠️ Skipping duplicate article_245
[2025-05-01T23:36:05.016+0000] {logging_mixin.py:154} INFO - ⚠️ Skipping duplicate article_248
[2025-05-01T23:36:05.017+0000] {logging_mixin.py:154} INFO - ⚠️ Skipping duplicate article_244
[2025-05-01T23:36:05.017+0000] {logging_mixin.py:154} INFO - 📊 Loading training data...
[2025-05-01T23:36:05.102+0000] {logging_mixin.py:154} INFO - 🧠 Retraining classifier on 249 samples...
[2025-05-01T23:36:05.105+0000] {logging_mixin.py:154} INFO - 🛡️ Backed up model to /opt/***/models/classifier_backup_20250501233605.joblib
[2025-05-01T23:36:05.112+0000] {logging_mixin.py:154} INFO - ✅ Saved classifier to /opt/***/models/classifier.joblib
[2025-05-01T23:36:05.112+0000] {logging_mixin.py:154} INFO - 📈 Saving predictions...
[2025-05-01T23:36:05.172+0000] {loader.py:97} INFO - Loading faiss.
[2025-05-01T23:36:05.194+0000] {loader.py:99} INFO - Successfully loaded faiss.
[2025-05-01T23:36:05.200+0000] {logging_mixin.py:154} INFO - 📚 Building semantic index for frontend...
[2025-05-01T23:36:05.203+0000] {SentenceTransformer.py:208} INFO - Use pytorch device_name: cpu
[2025-05-01T23:36:05.203+0000] {SentenceTransformer.py:216} INFO - Load pretrained SentenceTransformer: all-MiniLM-L6-v2
[2025-05-01T23:36:06.931+0000] {logging_mixin.py:154} WARNING - Batches:   0%|          | 0/8 [00:00<?, ?it/s]
[2025-05-01T23:36:08.246+0000] {logging_mixin.py:154} WARNING - Batches:  12%|#2        | 1/8 [00:01<00:09,  1.31s/it]
[2025-05-01T23:36:09.411+0000] {logging_mixin.py:154} WARNING - Batches:  25%|##5       | 2/8 [00:02<00:07,  1.23s/it]
[2025-05-01T23:36:10.478+0000] {logging_mixin.py:154} WARNING - Batches:  38%|###7      | 3/8 [00:03<00:05,  1.15s/it]
[2025-05-01T23:36:11.570+0000] {logging_mixin.py:154} WARNING - Batches:  50%|#####     | 4/8 [00:04<00:04,  1.13s/it]
[2025-05-01T23:36:12.705+0000] {logging_mixin.py:154} WARNING - Batches:  62%|######2   | 5/8 [00:05<00:03,  1.13s/it]
[2025-05-01T23:36:13.801+0000] {logging_mixin.py:154} WARNING - Batches:  75%|#######5  | 6/8 [00:06<00:02,  1.12s/it]
[2025-05-01T23:36:14.864+0000] {logging_mixin.py:154} WARNING - Batches:  88%|########7 | 7/8 [00:07<00:01,  1.10s/it]
[2025-05-01T23:36:16.055+0000] {logging_mixin.py:154} WARNING - Batches: 100%|##########| 8/8 [00:09<00:00,  1.13s/it]
[2025-05-01T23:36:16.056+0000] {logging_mixin.py:154} WARNING - Batches: 100%|##########| 8/8 [00:09<00:00,  1.14s/it]
[2025-05-01T23:36:16.084+0000] {logging_mixin.py:154} INFO - ✅ Semantic index and metadata saved for frontend.
[2025-05-01T23:36:16.085+0000] {python.py:194} INFO - Done. Returned value was: None
[2025-05-01T23:36:16.091+0000] {taskinstance.py:1400} INFO - Marking task as SUCCESS. dag_id=lgbtq_model_pipeline, task_id=retrain, execution_date=20250501T233511, start_date=20250501T233604, end_date=20250501T233616
[2025-05-01T23:36:16.115+0000] {local_task_job_runner.py:228} INFO - Task exited with return code 0
[2025-05-01T23:36:16.129+0000] {taskinstance.py:2778} INFO - 1 downstream tasks scheduled from follow-on schedule check
