[2025-05-01T09:36:07.212+0000] {taskinstance.py:1159} INFO - Dependencies all met for dep_context=non-requeueable deps ti=<TaskInstance: lgbtq_model_pipeline.human_review manual__2025-05-01T09:35:44.600422+00:00 [queued]>
[2025-05-01T09:36:07.216+0000] {taskinstance.py:1159} INFO - Dependencies all met for dep_context=requeueable deps ti=<TaskInstance: lgbtq_model_pipeline.human_review manual__2025-05-01T09:35:44.600422+00:00 [queued]>
[2025-05-01T09:36:07.217+0000] {taskinstance.py:1361} INFO - Starting attempt 1 of 1
[2025-05-01T09:36:07.222+0000] {taskinstance.py:1382} INFO - Executing <Task(PythonOperator): human_review> on 2025-05-01 09:35:44.600422+00:00
[2025-05-01T09:36:07.228+0000] {standard_task_runner.py:57} INFO - Started process 230 to run task
[2025-05-01T09:36:07.231+0000] {standard_task_runner.py:84} INFO - Running: ['***', 'tasks', 'run', 'lgbtq_model_pipeline', 'human_review', 'manual__2025-05-01T09:35:44.600422+00:00', '--job-id', '176', '--raw', '--subdir', 'DAGS_FOLDER/lgbtq_model_pipeline.py', '--cfg-path', '/tmp/tmp_yix8sgm']
[2025-05-01T09:36:07.235+0000] {standard_task_runner.py:85} INFO - Job 176: Subtask human_review
[2025-05-01T09:36:07.258+0000] {task_command.py:416} INFO - Running <TaskInstance: lgbtq_model_pipeline.human_review manual__2025-05-01T09:35:44.600422+00:00 [running]> on host f8e326fa3b8f
[2025-05-01T09:36:07.295+0000] {taskinstance.py:1662} INFO - Exporting env vars: AIRFLOW_CTX_DAG_OWNER='***' AIRFLOW_CTX_DAG_ID='lgbtq_model_pipeline' AIRFLOW_CTX_TASK_ID='human_review' AIRFLOW_CTX_EXECUTION_DATE='2025-05-01T09:35:44.600422+00:00' AIRFLOW_CTX_TRY_NUMBER='1' AIRFLOW_CTX_DAG_RUN_ID='manual__2025-05-01T09:35:44.600422+00:00'
[2025-05-01T09:36:07.296+0000] {logging_mixin.py:154} INFO - 👀 Checking for enough articles in review queue...
[2025-05-01T09:36:07.297+0000] {logging_mixin.py:154} INFO - ✅ Found 5 files — simulating human review...
[2025-05-01T09:36:07.297+0000] {logging_mixin.py:154} INFO - 💌 Sending email to team...
[2025-05-01T09:36:07.297+0000] {logging_mixin.py:154} INFO - hiyyyy time 2 label these new entries babe okthxbye
[2025-05-01T09:36:07.299+0000] {logging_mixin.py:154} INFO - 📤 Reviewed + moved article_211_2025-05-01T09:36:04.725860.json → new_data/
[2025-05-01T09:36:07.300+0000] {logging_mixin.py:154} INFO - 📤 Reviewed + moved article_153_2025-05-01T09:36:04.724851.json → new_data/
[2025-05-01T09:36:07.301+0000] {logging_mixin.py:154} INFO - 📤 Reviewed + moved article_198_2025-05-01T09:36:04.726827.json → new_data/
[2025-05-01T09:36:07.302+0000] {logging_mixin.py:154} INFO - 📤 Reviewed + moved article_6_2025-05-01T09:36:04.723781.json → new_data/
[2025-05-01T09:36:07.304+0000] {logging_mixin.py:154} INFO - 📤 Reviewed + moved article_24_2025-05-01T09:36:04.722004.json → new_data/
[2025-05-01T09:36:07.304+0000] {logging_mixin.py:154} INFO - 🧠 Human review simulated for this batch.
[2025-05-01T09:36:07.304+0000] {python.py:194} INFO - Done. Returned value was: None
[2025-05-01T09:36:07.308+0000] {taskinstance.py:1400} INFO - Marking task as SUCCESS. dag_id=lgbtq_model_pipeline, task_id=human_review, execution_date=20250501T093544, start_date=20250501T093607, end_date=20250501T093607
[2025-05-01T09:36:07.333+0000] {local_task_job_runner.py:228} INFO - Task exited with return code 0
[2025-05-01T09:36:07.349+0000] {taskinstance.py:2778} INFO - 1 downstream tasks scheduled from follow-on schedule check
