[2025-05-08T09:54:34.299+0000] {taskinstance.py:1159} INFO - Dependencies all met for dep_context=non-requeueable deps ti=<TaskInstance: lgbtq_model_pipeline.get_metrics manual__2025-05-08T09:33:29.499705+00:00 [queued]>
[2025-05-08T09:54:34.308+0000] {taskinstance.py:1159} INFO - Dependencies all met for dep_context=requeueable deps ti=<TaskInstance: lgbtq_model_pipeline.get_metrics manual__2025-05-08T09:33:29.499705+00:00 [queued]>
[2025-05-08T09:54:34.311+0000] {taskinstance.py:1361} INFO - Starting attempt 1 of 1
[2025-05-08T09:54:34.324+0000] {taskinstance.py:1382} INFO - Executing <Task(PythonOperator): get_metrics> on 2025-05-08 09:33:29.499705+00:00
[2025-05-08T09:54:34.340+0000] {standard_task_runner.py:57} INFO - Started process 2321 to run task
[2025-05-08T09:54:34.348+0000] {standard_task_runner.py:84} INFO - Running: ['***', 'tasks', 'run', 'lgbtq_model_pipeline', 'get_metrics', 'manual__2025-05-08T09:33:29.499705+00:00', '--job-id', '277', '--raw', '--subdir', 'DAGS_FOLDER/lgbtq_model_pipeline.py', '--cfg-path', '/tmp/tmp9h7tab5s']
[2025-05-08T09:54:34.352+0000] {standard_task_runner.py:85} INFO - Job 277: Subtask get_metrics
[2025-05-08T09:54:34.394+0000] {task_command.py:416} INFO - Running <TaskInstance: lgbtq_model_pipeline.get_metrics manual__2025-05-08T09:33:29.499705+00:00 [running]> on host 6deebfaa31ce
[2025-05-08T09:54:34.447+0000] {taskinstance.py:1662} INFO - Exporting env vars: AIRFLOW_CTX_DAG_OWNER='***' AIRFLOW_CTX_DAG_ID='lgbtq_model_pipeline' AIRFLOW_CTX_TASK_ID='get_metrics' AIRFLOW_CTX_EXECUTION_DATE='2025-05-08T09:33:29.499705+00:00' AIRFLOW_CTX_TRY_NUMBER='1' AIRFLOW_CTX_DAG_RUN_ID='manual__2025-05-08T09:33:29.499705+00:00'
[2025-05-08T09:54:34.448+0000] {logging_mixin.py:154} INFO - 📏 Evaluating latest models...
[2025-05-08T09:54:34.451+0000] {logging_mixin.py:154} INFO - 📥 Loading model from /opt/***/models/production_model_backup_20250508053742.joblib
[2025-05-08T09:54:36.274+0000] {logging_mixin.py:154} WARNING - /home/***/.local/lib/python3.8/site-packages/pymongo/synchronous/mongo_client.py:2554 UserWarning: MongoClient opened before fork. May not be entirely fork-safe, proceed with caution. See PyMongo's documentation for details: https://www.mongodb.com/docs/languages/python/pymongo-driver/current/faq/#is-pymongo-fork-safe-
[2025-05-08T09:55:07.743+0000] {logging_mixin.py:154} INFO - 🔍 Accuracy of latest model (production_model_backup_20250508053742.joblib): 0.643
[2025-05-08T09:55:07.760+0000] {logging_mixin.py:154} INFO - 📥 Loading model from /opt/***/models/production_model_backup_20250508053413.joblib
[2025-05-08T09:55:44.530+0000] {logging_mixin.py:154} INFO - 📊 Accuracy of previous model (production_model_backup_20250508053413.joblib): 0.643
[2025-05-08T09:55:44.540+0000] {logging_mixin.py:154} INFO - ✅ Selected model: production_model_backup_20250508053742.joblib
[2025-05-08T09:55:44.541+0000] {python.py:194} INFO - Done. Returned value was: metrics_recorded
[2025-05-08T09:55:44.611+0000] {taskinstance.py:1400} INFO - Marking task as SUCCESS. dag_id=lgbtq_model_pipeline, task_id=get_metrics, execution_date=20250508T093329, start_date=20250508T095434, end_date=20250508T095544
[2025-05-08T09:55:44.702+0000] {local_task_job_runner.py:228} INFO - Task exited with return code 0
[2025-05-08T09:55:44.737+0000] {taskinstance.py:2778} INFO - 1 downstream tasks scheduled from follow-on schedule check
