[2025-05-01T07:15:34.081+0000] {taskinstance.py:1159} INFO - Dependencies all met for dep_context=non-requeueable deps ti=<TaskInstance: lgbtq_model_pipeline.fetch_articles manual__2025-05-01T07:15:32.925904+00:00 [queued]>
[2025-05-01T07:15:34.085+0000] {taskinstance.py:1159} INFO - Dependencies all met for dep_context=requeueable deps ti=<TaskInstance: lgbtq_model_pipeline.fetch_articles manual__2025-05-01T07:15:32.925904+00:00 [queued]>
[2025-05-01T07:15:34.085+0000] {taskinstance.py:1361} INFO - Starting attempt 1 of 1
[2025-05-01T07:15:34.090+0000] {taskinstance.py:1382} INFO - Executing <Task(PythonOperator): fetch_articles> on 2025-05-01 07:15:32.925904+00:00
[2025-05-01T07:15:34.093+0000] {standard_task_runner.py:57} INFO - Started process 688 to run task
[2025-05-01T07:15:34.096+0000] {standard_task_runner.py:84} INFO - Running: ['***', 'tasks', 'run', 'lgbtq_model_pipeline', 'fetch_articles', 'manual__2025-05-01T07:15:32.925904+00:00', '--job-id', '75', '--raw', '--subdir', 'DAGS_FOLDER/lgbtq_model_pipeline.py', '--cfg-path', '/tmp/tmpdh2uo_dx']
[2025-05-01T07:15:34.099+0000] {standard_task_runner.py:85} INFO - Job 75: Subtask fetch_articles
[2025-05-01T07:15:34.127+0000] {task_command.py:416} INFO - Running <TaskInstance: lgbtq_model_pipeline.fetch_articles manual__2025-05-01T07:15:32.925904+00:00 [running]> on host 46533376116b
[2025-05-01T07:15:34.173+0000] {taskinstance.py:1662} INFO - Exporting env vars: AIRFLOW_CTX_DAG_OWNER='***' AIRFLOW_CTX_DAG_ID='lgbtq_model_pipeline' AIRFLOW_CTX_TASK_ID='fetch_articles' AIRFLOW_CTX_EXECUTION_DATE='2025-05-01T07:15:32.925904+00:00' AIRFLOW_CTX_TRY_NUMBER='1' AIRFLOW_CTX_DAG_RUN_ID='manual__2025-05-01T07:15:32.925904+00:00'
[2025-05-01T07:15:34.174+0000] {logging_mixin.py:154} INFO - Fetching CSV data from Google Sheets...
[2025-05-01T07:15:36.582+0000] {logging_mixin.py:154} INFO - Wrote article to /opt/***/review_queue/article_24_2025-05-01T07:15:36.581439.json
[2025-05-01T07:15:36.583+0000] {logging_mixin.py:154} INFO - Wrote article to /opt/***/review_queue/article_6_2025-05-01T07:15:36.583239.json
[2025-05-01T07:15:36.584+0000] {logging_mixin.py:154} INFO - Wrote article to /opt/***/review_queue/article_153_2025-05-01T07:15:36.583918.json
[2025-05-01T07:15:36.584+0000] {logging_mixin.py:154} INFO - Wrote article to /opt/***/review_queue/article_211_2025-05-01T07:15:36.584507.json
[2025-05-01T07:15:36.585+0000] {logging_mixin.py:154} INFO - Wrote article to /opt/***/review_queue/article_198_2025-05-01T07:15:36.585244.json
[2025-05-01T07:15:36.585+0000] {logging_mixin.py:154} INFO - Added 5 articles into the review queue.
[2025-05-01T07:15:36.586+0000] {python.py:194} INFO - Done. Returned value was: None
[2025-05-01T07:15:36.593+0000] {taskinstance.py:1400} INFO - Marking task as SUCCESS. dag_id=lgbtq_model_pipeline, task_id=fetch_articles, execution_date=20250501T071532, start_date=20250501T071534, end_date=20250501T071536
[2025-05-01T07:15:36.625+0000] {local_task_job_runner.py:228} INFO - Task exited with return code 0
[2025-05-01T07:15:36.644+0000] {taskinstance.py:2778} INFO - 1 downstream tasks scheduled from follow-on schedule check
