[2025-05-01T00:00:03.343+0000] {taskinstance.py:1159} INFO - Dependencies all met for dep_context=non-requeueable deps ti=<TaskInstance: lgbtq_model_pipeline.human_review scheduled__2025-04-30T00:00:00+00:00 [queued]>
[2025-05-01T00:00:03.347+0000] {taskinstance.py:1159} INFO - Dependencies all met for dep_context=requeueable deps ti=<TaskInstance: lgbtq_model_pipeline.human_review scheduled__2025-04-30T00:00:00+00:00 [queued]>
[2025-05-01T00:00:03.348+0000] {taskinstance.py:1361} INFO - Starting attempt 1 of 1
[2025-05-01T00:00:03.354+0000] {taskinstance.py:1382} INFO - Executing <Task(PythonOperator): human_review> on 2025-04-30 00:00:00+00:00
[2025-05-01T00:00:03.357+0000] {standard_task_runner.py:57} INFO - Started process 7205 to run task
[2025-05-01T00:00:03.359+0000] {standard_task_runner.py:84} INFO - Running: ['***', 'tasks', 'run', 'lgbtq_model_pipeline', 'human_review', 'scheduled__2025-04-30T00:00:00+00:00', '--job-id', '59', '--raw', '--subdir', 'DAGS_FOLDER/lgbtq_model_pipeline.py', '--cfg-path', '/tmp/tmpao33rgey']
[2025-05-01T00:00:03.362+0000] {standard_task_runner.py:85} INFO - Job 59: Subtask human_review
[2025-05-01T00:00:03.387+0000] {task_command.py:416} INFO - Running <TaskInstance: lgbtq_model_pipeline.human_review scheduled__2025-04-30T00:00:00+00:00 [running]> on host a0ac12bced59
[2025-05-01T00:00:03.425+0000] {taskinstance.py:1662} INFO - Exporting env vars: AIRFLOW_CTX_DAG_OWNER='***' AIRFLOW_CTX_DAG_ID='lgbtq_model_pipeline' AIRFLOW_CTX_TASK_ID='human_review' AIRFLOW_CTX_EXECUTION_DATE='2025-04-30T00:00:00+00:00' AIRFLOW_CTX_TRY_NUMBER='1' AIRFLOW_CTX_DAG_RUN_ID='scheduled__2025-04-30T00:00:00+00:00'
[2025-05-01T00:00:03.426+0000] {logging_mixin.py:154} INFO - 👀 Checking for enough articles in review queue...
[2025-05-01T00:00:03.426+0000] {logging_mixin.py:154} INFO - ✅ Found 10 files — simulating human review...
[2025-05-01T00:00:03.427+0000] {logging_mixin.py:154} INFO - Moved article_153_2025-05-01T00:00:02.396506.json to new_data/
[2025-05-01T00:00:03.427+0000] {logging_mixin.py:154} INFO - Moved article_211_2025-05-01T00:00:02.397574.json to new_data/
[2025-05-01T00:00:03.427+0000] {logging_mixin.py:154} INFO - Moved article_24_2025-05-01T00:00:02.393438.json to new_data/
[2025-05-01T00:00:03.427+0000] {logging_mixin.py:154} INFO - Moved article_198_2025-04-30T06:59:44.922046.json to new_data/
[2025-05-01T00:00:03.427+0000] {logging_mixin.py:154} INFO - Moved article_6_2025-05-01T00:00:02.395875.json to new_data/
[2025-05-01T00:00:03.427+0000] {logging_mixin.py:154} INFO - Review complete.
[2025-05-01T00:00:03.428+0000] {python.py:194} INFO - Done. Returned value was: None
[2025-05-01T00:00:03.432+0000] {taskinstance.py:1400} INFO - Marking task as SUCCESS. dag_id=lgbtq_model_pipeline, task_id=human_review, execution_date=20250430T000000, start_date=20250501T000003, end_date=20250501T000003
[2025-05-01T00:00:03.461+0000] {local_task_job_runner.py:228} INFO - Task exited with return code 0
[2025-05-01T00:00:03.477+0000] {taskinstance.py:2778} INFO - 1 downstream tasks scheduled from follow-on schedule check
[2025-05-01T21:28:40.479+0000] {taskinstance.py:1159} INFO - Dependencies all met for dep_context=non-requeueable deps ti=<TaskInstance: lgbtq_model_pipeline.human_review scheduled__2025-04-30T00:00:00+00:00 [queued]>
[2025-05-01T21:28:40.489+0000] {taskinstance.py:1159} INFO - Dependencies all met for dep_context=requeueable deps ti=<TaskInstance: lgbtq_model_pipeline.human_review scheduled__2025-04-30T00:00:00+00:00 [queued]>
[2025-05-01T21:28:40.489+0000] {taskinstance.py:1361} INFO - Starting attempt 1 of 1
[2025-05-01T21:28:40.496+0000] {taskinstance.py:1382} INFO - Executing <Task(PythonOperator): human_review> on 2025-04-30 00:00:00+00:00
[2025-05-01T21:28:40.502+0000] {standard_task_runner.py:57} INFO - Started process 322 to run task
[2025-05-01T21:28:40.505+0000] {standard_task_runner.py:84} INFO - Running: ['***', 'tasks', 'run', 'lgbtq_model_pipeline', 'human_review', 'scheduled__2025-04-30T00:00:00+00:00', '--job-id', '6', '--raw', '--subdir', 'DAGS_FOLDER/lgbtq_model_pipeline.py', '--cfg-path', '/tmp/tmp2r76xjih']
[2025-05-01T21:28:40.507+0000] {standard_task_runner.py:85} INFO - Job 6: Subtask human_review
[2025-05-01T21:28:40.543+0000] {task_command.py:416} INFO - Running <TaskInstance: lgbtq_model_pipeline.human_review scheduled__2025-04-30T00:00:00+00:00 [running]> on host f2df6932d319
[2025-05-01T21:28:40.580+0000] {taskinstance.py:1662} INFO - Exporting env vars: AIRFLOW_CTX_DAG_OWNER='***' AIRFLOW_CTX_DAG_ID='lgbtq_model_pipeline' AIRFLOW_CTX_TASK_ID='human_review' AIRFLOW_CTX_EXECUTION_DATE='2025-04-30T00:00:00+00:00' AIRFLOW_CTX_TRY_NUMBER='1' AIRFLOW_CTX_DAG_RUN_ID='scheduled__2025-04-30T00:00:00+00:00'
[2025-05-01T21:28:40.580+0000] {logging_mixin.py:154} INFO - 👀 Checking for enough articles in review queue...
[2025-05-01T21:28:40.581+0000] {logging_mixin.py:154} INFO - ✅ Found 25 files — simulating human review...
[2025-05-01T21:28:40.581+0000] {logging_mixin.py:154} INFO - 💌 Sending email to team...
[2025-05-01T21:28:40.582+0000] {logging_mixin.py:154} INFO - hiyyyy time 2 label these new entries babe okthxbye
[2025-05-01T21:28:40.582+0000] {logging_mixin.py:154} INFO - ⚠️ Skipping duplicate article_248 — already exists in new_data.
[2025-05-01T21:28:40.582+0000] {logging_mixin.py:154} INFO - ⚠️ Skipping duplicate article_245 — already exists in new_data.
[2025-05-01T21:28:40.583+0000] {logging_mixin.py:154} INFO - ⚠️ Skipping duplicate article_245 — already exists in new_data.
[2025-05-01T21:28:40.583+0000] {logging_mixin.py:154} INFO - ⚠️ Skipping duplicate article_244 — already exists in new_data.
[2025-05-01T21:28:40.583+0000] {logging_mixin.py:154} INFO - ⚠️ Skipping duplicate article_244 — already exists in new_data.
[2025-05-01T21:28:40.583+0000] {logging_mixin.py:154} INFO - ⚠️ Skipping duplicate article_244 — already exists in new_data.
[2025-05-01T21:28:40.584+0000] {logging_mixin.py:154} INFO - ⚠️ Skipping duplicate article_246 — already exists in new_data.
[2025-05-01T21:28:40.584+0000] {logging_mixin.py:154} INFO - ⚠️ Skipping duplicate article_248 — already exists in new_data.
[2025-05-01T21:28:40.584+0000] {logging_mixin.py:154} INFO - ⚠️ Skipping duplicate article_248 — already exists in new_data.
[2025-05-01T21:28:40.585+0000] {logging_mixin.py:154} INFO - ⚠️ Skipping duplicate article_246 — already exists in new_data.
[2025-05-01T21:28:40.585+0000] {logging_mixin.py:154} INFO - ⚠️ Skipping duplicate article_244 — already exists in new_data.
[2025-05-01T21:28:40.585+0000] {logging_mixin.py:154} INFO - ⚠️ Skipping duplicate article_246 — already exists in new_data.
[2025-05-01T21:28:40.586+0000] {logging_mixin.py:154} INFO - ⚠️ Skipping duplicate article_247 — already exists in new_data.
[2025-05-01T21:28:40.586+0000] {logging_mixin.py:154} INFO - ⚠️ Skipping duplicate article_245 — already exists in new_data.
[2025-05-01T21:28:40.586+0000] {logging_mixin.py:154} INFO - ⚠️ Skipping duplicate article_248 — already exists in new_data.
[2025-05-01T21:28:40.587+0000] {logging_mixin.py:154} INFO - ⚠️ Skipping duplicate article_247 — already exists in new_data.
[2025-05-01T21:28:40.587+0000] {logging_mixin.py:154} INFO - ⚠️ Skipping duplicate article_247 — already exists in new_data.
[2025-05-01T21:28:40.587+0000] {logging_mixin.py:154} INFO - ⚠️ Skipping duplicate article_247 — already exists in new_data.
[2025-05-01T21:28:40.588+0000] {logging_mixin.py:154} INFO - ⚠️ Skipping duplicate article_245 — already exists in new_data.
[2025-05-01T21:28:40.588+0000] {logging_mixin.py:154} INFO - ⚠️ Skipping duplicate article_246 — already exists in new_data.
[2025-05-01T21:28:40.588+0000] {logging_mixin.py:154} INFO - ⚠️ Skipping duplicate article_244 — already exists in new_data.
[2025-05-01T21:28:40.589+0000] {logging_mixin.py:154} INFO - ⚠️ Skipping duplicate article_246 — already exists in new_data.
[2025-05-01T21:28:40.589+0000] {logging_mixin.py:154} INFO - ⚠️ Skipping duplicate article_245 — already exists in new_data.
[2025-05-01T21:28:40.590+0000] {logging_mixin.py:154} INFO - ⚠️ Skipping duplicate article_248 — already exists in new_data.
[2025-05-01T21:28:40.591+0000] {logging_mixin.py:154} INFO - ⚠️ Skipping duplicate article_247 — already exists in new_data.
[2025-05-01T21:28:40.591+0000] {logging_mixin.py:154} INFO - 🧠 Human review simulated for this batch.
[2025-05-01T21:28:40.592+0000] {python.py:194} INFO - Done. Returned value was: None
[2025-05-01T21:28:40.600+0000] {taskinstance.py:1400} INFO - Marking task as SUCCESS. dag_id=lgbtq_model_pipeline, task_id=human_review, execution_date=20250430T000000, start_date=20250501T212840, end_date=20250501T212840
[2025-05-01T21:28:40.643+0000] {local_task_job_runner.py:228} INFO - Task exited with return code 0
[2025-05-01T21:28:40.663+0000] {taskinstance.py:2778} INFO - 0 downstream tasks scheduled from follow-on schedule check
