[2025-05-01T11:16:47.586+0000] {taskinstance.py:1159} INFO - Dependencies all met for dep_context=non-requeueable deps ti=<TaskInstance: lgbtq_model_pipeline.human_review manual__2025-05-01T11:16:01.903358+00:00 [queued]>
[2025-05-01T11:16:47.590+0000] {taskinstance.py:1159} INFO - Dependencies all met for dep_context=requeueable deps ti=<TaskInstance: lgbtq_model_pipeline.human_review manual__2025-05-01T11:16:01.903358+00:00 [queued]>
[2025-05-01T11:16:47.590+0000] {taskinstance.py:1361} INFO - Starting attempt 1 of 1
[2025-05-01T11:16:47.596+0000] {taskinstance.py:1382} INFO - Executing <Task(PythonOperator): human_review> on 2025-05-01 11:16:01.903358+00:00
[2025-05-01T11:16:47.601+0000] {standard_task_runner.py:57} INFO - Started process 231 to run task
[2025-05-01T11:16:47.603+0000] {standard_task_runner.py:84} INFO - Running: ['***', 'tasks', 'run', 'lgbtq_model_pipeline', 'human_review', 'manual__2025-05-01T11:16:01.903358+00:00', '--job-id', '224', '--raw', '--subdir', 'DAGS_FOLDER/lgbtq_model_pipeline.py', '--cfg-path', '/tmp/tmpo36g0t8r']
[2025-05-01T11:16:47.607+0000] {standard_task_runner.py:85} INFO - Job 224: Subtask human_review
[2025-05-01T11:16:47.629+0000] {task_command.py:416} INFO - Running <TaskInstance: lgbtq_model_pipeline.human_review manual__2025-05-01T11:16:01.903358+00:00 [running]> on host de01c95effdc
[2025-05-01T11:16:47.664+0000] {taskinstance.py:1662} INFO - Exporting env vars: AIRFLOW_CTX_DAG_OWNER='***' AIRFLOW_CTX_DAG_ID='lgbtq_model_pipeline' AIRFLOW_CTX_TASK_ID='human_review' AIRFLOW_CTX_EXECUTION_DATE='2025-05-01T11:16:01.903358+00:00' AIRFLOW_CTX_TRY_NUMBER='1' AIRFLOW_CTX_DAG_RUN_ID='manual__2025-05-01T11:16:01.903358+00:00'
[2025-05-01T11:16:47.665+0000] {logging_mixin.py:154} INFO - 👀 Checking for enough articles in review queue...
[2025-05-01T11:16:47.666+0000] {logging_mixin.py:154} INFO - ✅ Found 5 files — simulating human review...
[2025-05-01T11:16:47.666+0000] {logging_mixin.py:154} INFO - 💌 Sending email to team...
[2025-05-01T11:16:47.666+0000] {logging_mixin.py:154} INFO - hiyyyy time 2 label these new entries babe okthxbye
[2025-05-01T11:16:47.668+0000] {logging_mixin.py:154} INFO - 📤 Reviewed + moved article_246_2025-05-01T11:16:44.367461.json → new_data/
[2025-05-01T11:16:47.670+0000] {logging_mixin.py:154} INFO - 📤 Reviewed + moved article_244_2025-05-01T11:16:44.103983.json → new_data/
[2025-05-01T11:16:47.671+0000] {logging_mixin.py:154} INFO - 📤 Reviewed + moved article_245_2025-05-01T11:16:44.205656.json → new_data/
[2025-05-01T11:16:47.673+0000] {logging_mixin.py:154} INFO - 📤 Reviewed + moved article_247_2025-05-01T11:16:44.468283.json → new_data/
[2025-05-01T11:16:47.675+0000] {logging_mixin.py:154} INFO - 📤 Reviewed + moved article_248_2025-05-01T11:16:44.604241.json → new_data/
[2025-05-01T11:16:47.675+0000] {logging_mixin.py:154} INFO - 🧠 Human review simulated for this batch.
[2025-05-01T11:16:47.675+0000] {python.py:194} INFO - Done. Returned value was: None
[2025-05-01T11:16:47.680+0000] {taskinstance.py:1400} INFO - Marking task as SUCCESS. dag_id=lgbtq_model_pipeline, task_id=human_review, execution_date=20250501T111601, start_date=20250501T111647, end_date=20250501T111647
[2025-05-01T11:16:47.703+0000] {local_task_job_runner.py:228} INFO - Task exited with return code 0
[2025-05-01T11:16:47.719+0000] {taskinstance.py:2778} INFO - 1 downstream tasks scheduled from follow-on schedule check
