[2025-05-01T07:38:00.621+0000] {taskinstance.py:1159} INFO - Dependencies all met for dep_context=non-requeueable deps ti=<TaskInstance: lgbtq_model_pipeline.fetch_articles manual__2025-05-01T07:32:06.093875+00:00 [queued]>
[2025-05-01T07:38:00.625+0000] {taskinstance.py:1159} INFO - Dependencies all met for dep_context=requeueable deps ti=<TaskInstance: lgbtq_model_pipeline.fetch_articles manual__2025-05-01T07:32:06.093875+00:00 [queued]>
[2025-05-01T07:38:00.625+0000] {taskinstance.py:1361} INFO - Starting attempt 2 of 2
[2025-05-01T07:38:00.630+0000] {taskinstance.py:1382} INFO - Executing <Task(PythonOperator): fetch_articles> on 2025-05-01 07:32:06.093875+00:00
[2025-05-01T07:38:00.633+0000] {standard_task_runner.py:57} INFO - Started process 229 to run task
[2025-05-01T07:38:00.635+0000] {standard_task_runner.py:84} INFO - Running: ['***', 'tasks', 'run', 'lgbtq_model_pipeline', 'fetch_articles', 'manual__2025-05-01T07:32:06.093875+00:00', '--job-id', '100', '--raw', '--subdir', 'DAGS_FOLDER/lgbtq_model_pipeline.py', '--cfg-path', '/tmp/tmprtl53ai4']
[2025-05-01T07:38:00.637+0000] {standard_task_runner.py:85} INFO - Job 100: Subtask fetch_articles
[2025-05-01T07:38:00.661+0000] {task_command.py:416} INFO - Running <TaskInstance: lgbtq_model_pipeline.fetch_articles manual__2025-05-01T07:32:06.093875+00:00 [running]> on host b2f347e120e3
[2025-05-01T07:38:00.710+0000] {taskinstance.py:1662} INFO - Exporting env vars: AIRFLOW_CTX_DAG_OWNER='***' AIRFLOW_CTX_DAG_ID='lgbtq_model_pipeline' AIRFLOW_CTX_TASK_ID='fetch_articles' AIRFLOW_CTX_EXECUTION_DATE='2025-05-01T07:32:06.093875+00:00' AIRFLOW_CTX_TRY_NUMBER='2' AIRFLOW_CTX_DAG_RUN_ID='manual__2025-05-01T07:32:06.093875+00:00'
[2025-05-01T07:38:00.710+0000] {logging_mixin.py:154} INFO - Fetching CSV data from Google Sheets...
[2025-05-01T07:38:02.081+0000] {logging_mixin.py:154} INFO - Wrote article to /opt/***/review_queue/article_24_2025-05-01T07:38:02.080322.json
[2025-05-01T07:38:02.082+0000] {logging_mixin.py:154} INFO - Wrote article to /opt/***/review_queue/article_6_2025-05-01T07:38:02.081786.json
[2025-05-01T07:38:02.082+0000] {logging_mixin.py:154} INFO - Wrote article to /opt/***/review_queue/article_153_2025-05-01T07:38:02.082346.json
[2025-05-01T07:38:02.083+0000] {logging_mixin.py:154} INFO - Wrote article to /opt/***/review_queue/article_211_2025-05-01T07:38:02.082853.json
[2025-05-01T07:38:02.083+0000] {logging_mixin.py:154} INFO - Wrote article to /opt/***/review_queue/article_198_2025-05-01T07:38:02.083353.json
[2025-05-01T07:38:02.083+0000] {logging_mixin.py:154} INFO - Added 5 articles into the review queue.
[2025-05-01T07:38:02.084+0000] {python.py:194} INFO - Done. Returned value was: None
[2025-05-01T07:38:02.090+0000] {taskinstance.py:1400} INFO - Marking task as SUCCESS. dag_id=lgbtq_model_pipeline, task_id=fetch_articles, execution_date=20250501T073206, start_date=20250501T073800, end_date=20250501T073802
[2025-05-01T07:38:02.143+0000] {local_task_job_runner.py:228} INFO - Task exited with return code 0
[2025-05-01T07:38:02.161+0000] {taskinstance.py:2778} INFO - 1 downstream tasks scheduled from follow-on schedule check
