[2025-05-01T21:09:18.451+0000] {taskinstance.py:1159} INFO - Dependencies all met for dep_context=non-requeueable deps ti=<TaskInstance: lgbtq_model_pipeline.retrain manual__2025-05-01T21:08:45.253434+00:00 [queued]>
[2025-05-01T21:09:18.455+0000] {taskinstance.py:1159} INFO - Dependencies all met for dep_context=requeueable deps ti=<TaskInstance: lgbtq_model_pipeline.retrain manual__2025-05-01T21:08:45.253434+00:00 [queued]>
[2025-05-01T21:09:18.455+0000] {taskinstance.py:1361} INFO - Starting attempt 1 of 1
[2025-05-01T21:09:18.461+0000] {taskinstance.py:1382} INFO - Executing <Task(PythonOperator): retrain> on 2025-05-01 21:08:45.253434+00:00
[2025-05-01T21:09:18.465+0000] {standard_task_runner.py:57} INFO - Started process 241 to run task
[2025-05-01T21:09:18.467+0000] {standard_task_runner.py:84} INFO - Running: ['***', 'tasks', 'run', 'lgbtq_model_pipeline', 'retrain', 'manual__2025-05-01T21:08:45.253434+00:00', '--job-id', '249', '--raw', '--subdir', 'DAGS_FOLDER/lgbtq_model_pipeline.py', '--cfg-path', '/tmp/tmpfw595udz']
[2025-05-01T21:09:18.470+0000] {standard_task_runner.py:85} INFO - Job 249: Subtask retrain
[2025-05-01T21:09:18.490+0000] {task_command.py:416} INFO - Running <TaskInstance: lgbtq_model_pipeline.retrain manual__2025-05-01T21:08:45.253434+00:00 [running]> on host a384841b09b3
[2025-05-01T21:09:18.527+0000] {taskinstance.py:1662} INFO - Exporting env vars: AIRFLOW_CTX_DAG_OWNER='***' AIRFLOW_CTX_DAG_ID='lgbtq_model_pipeline' AIRFLOW_CTX_TASK_ID='retrain' AIRFLOW_CTX_EXECUTION_DATE='2025-05-01T21:08:45.253434+00:00' AIRFLOW_CTX_TRY_NUMBER='1' AIRFLOW_CTX_DAG_RUN_ID='manual__2025-05-01T21:08:45.253434+00:00'
[2025-05-01T21:09:18.528+0000] {logging_mixin.py:154} INFO - 🔁 Starting retraining process...
[2025-05-01T21:09:18.528+0000] {logging_mixin.py:154} INFO - 📦 Combining production and new data into all_data...
[2025-05-01T21:09:18.551+0000] {logging_mixin.py:154} INFO - ⚠️ Skipping duplicate article_246
[2025-05-01T21:09:18.552+0000] {logging_mixin.py:154} INFO - ⚠️ Skipping duplicate article_247
[2025-05-01T21:09:18.552+0000] {logging_mixin.py:154} INFO - ⚠️ Skipping duplicate article_245
[2025-05-01T21:09:18.553+0000] {logging_mixin.py:154} INFO - ⚠️ Skipping duplicate article_248
[2025-05-01T21:09:18.553+0000] {logging_mixin.py:154} INFO - ⚠️ Skipping duplicate article_244
[2025-05-01T21:09:18.553+0000] {logging_mixin.py:154} INFO - 📊 Loading training data...
[2025-05-01T21:09:18.639+0000] {logging_mixin.py:154} INFO - 🧠 Retraining classifier on 249 samples...
[2025-05-01T21:09:18.642+0000] {logging_mixin.py:154} INFO - 🛡️ Backed up model to /opt/***/models/classifier_backup_20250501210918.joblib
[2025-05-01T21:09:18.658+0000] {logging_mixin.py:154} INFO - ✅ Saved classifier to /opt/***/models/classifier.joblib
[2025-05-01T21:09:18.660+0000] {logging_mixin.py:154} INFO - 📈 Saving predictions...
[2025-05-01T21:09:18.721+0000] {logging_mixin.py:154} INFO - ❌ Semantic index creation failed: No module named 'faiss'
[2025-05-01T21:09:18.722+0000] {python.py:194} INFO - Done. Returned value was: None
[2025-05-01T21:09:18.734+0000] {taskinstance.py:1400} INFO - Marking task as SUCCESS. dag_id=lgbtq_model_pipeline, task_id=retrain, execution_date=20250501T210845, start_date=20250501T210918, end_date=20250501T210918
[2025-05-01T21:09:18.775+0000] {local_task_job_runner.py:228} INFO - Task exited with return code 0
[2025-05-01T21:09:18.790+0000] {taskinstance.py:2778} INFO - 1 downstream tasks scheduled from follow-on schedule check
