[2025-05-08T04:58:33.245+0000] {taskinstance.py:1159} INFO - Dependencies all met for dep_context=non-requeueable deps ti=<TaskInstance: lgbtq_model_pipeline.decide_branch manual__2025-05-08T04:58:17.076268+00:00 [queued]>
[2025-05-08T04:58:33.252+0000] {taskinstance.py:1159} INFO - Dependencies all met for dep_context=requeueable deps ti=<TaskInstance: lgbtq_model_pipeline.decide_branch manual__2025-05-08T04:58:17.076268+00:00 [queued]>
[2025-05-08T04:58:33.253+0000] {taskinstance.py:1361} INFO - Starting attempt 1 of 1
[2025-05-08T04:58:33.261+0000] {taskinstance.py:1382} INFO - Executing <Task(BranchPythonOperator): decide_branch> on 2025-05-08 04:58:17.076268+00:00
[2025-05-08T04:58:33.268+0000] {standard_task_runner.py:57} INFO - Started process 58798 to run task
[2025-05-08T04:58:33.271+0000] {standard_task_runner.py:84} INFO - Running: ['***', 'tasks', 'run', 'lgbtq_model_pipeline', 'decide_branch', 'manual__2025-05-08T04:58:17.076268+00:00', '--job-id', '201', '--raw', '--subdir', 'DAGS_FOLDER/lgbtq_model_pipeline.py', '--cfg-path', '/tmp/tmpme5_i115']
[2025-05-08T04:58:33.273+0000] {standard_task_runner.py:85} INFO - Job 201: Subtask decide_branch
[2025-05-08T04:58:33.302+0000] {task_command.py:416} INFO - Running <TaskInstance: lgbtq_model_pipeline.decide_branch manual__2025-05-08T04:58:17.076268+00:00 [running]> on host 6fdcfcafebfc
[2025-05-08T04:58:33.349+0000] {taskinstance.py:1662} INFO - Exporting env vars: AIRFLOW_CTX_DAG_OWNER='***' AIRFLOW_CTX_DAG_ID='lgbtq_model_pipeline' AIRFLOW_CTX_TASK_ID='decide_branch' AIRFLOW_CTX_EXECUTION_DATE='2025-05-08T04:58:17.076268+00:00' AIRFLOW_CTX_TRY_NUMBER='1' AIRFLOW_CTX_DAG_RUN_ID='manual__2025-05-08T04:58:17.076268+00:00'
[2025-05-08T04:58:33.350+0000] {logging_mixin.py:154} INFO - 👀 Evaluating model performance...
[2025-05-08T04:58:33.351+0000] {logging_mixin.py:154} INFO - 🔢 Previous Accuracy: 0.6426
[2025-05-08T04:58:33.351+0000] {logging_mixin.py:154} INFO - 🔢 New Accuracy:      0.6426
[2025-05-08T04:58:33.352+0000] {logging_mixin.py:154} INFO - 🛑 Keeping current model
[2025-05-08T04:58:33.352+0000] {python.py:194} INFO - Done. Returned value was: keep_model
[2025-05-08T04:58:33.352+0000] {python.py:227} INFO - Branch callable return keep_model
[2025-05-08T04:58:33.352+0000] {skipmixin.py:173} INFO - Following branch keep_model
[2025-05-08T04:58:33.359+0000] {skipmixin.py:239} INFO - Skipping tasks [('deploy_model', -1)]
[2025-05-08T04:58:33.380+0000] {taskinstance.py:1400} INFO - Marking task as SUCCESS. dag_id=lgbtq_model_pipeline, task_id=decide_branch, execution_date=20250508T045817, start_date=20250508T045833, end_date=20250508T045833
[2025-05-08T04:58:33.414+0000] {local_task_job_runner.py:228} INFO - Task exited with return code 0
[2025-05-08T04:58:33.433+0000] {taskinstance.py:2778} INFO - 1 downstream tasks scheduled from follow-on schedule check
