[2025-05-07T09:19:47.711+0000] {taskinstance.py:1159} INFO - Dependencies all met for dep_context=non-requeueable deps ti=<TaskInstance: lgbtq_model_pipeline.retrain manual__2025-05-07T09:19:40.127495+00:00 [queued]>
[2025-05-07T09:19:47.715+0000] {taskinstance.py:1159} INFO - Dependencies all met for dep_context=requeueable deps ti=<TaskInstance: lgbtq_model_pipeline.retrain manual__2025-05-07T09:19:40.127495+00:00 [queued]>
[2025-05-07T09:19:47.715+0000] {taskinstance.py:1361} INFO - Starting attempt 1 of 1
[2025-05-07T09:19:47.721+0000] {taskinstance.py:1382} INFO - Executing <Task(PythonOperator): retrain> on 2025-05-07 09:19:40.127495+00:00
[2025-05-07T09:19:47.729+0000] {standard_task_runner.py:57} INFO - Started process 13965 to run task
[2025-05-07T09:19:47.732+0000] {standard_task_runner.py:84} INFO - Running: ['***', 'tasks', 'run', 'lgbtq_model_pipeline', 'retrain', 'manual__2025-05-07T09:19:40.127495+00:00', '--job-id', '54', '--raw', '--subdir', 'DAGS_FOLDER/lgbtq_model_pipeline.py', '--cfg-path', '/tmp/tmpyudmf_wo']
[2025-05-07T09:19:47.734+0000] {standard_task_runner.py:85} INFO - Job 54: Subtask retrain
[2025-05-07T09:19:47.756+0000] {task_command.py:416} INFO - Running <TaskInstance: lgbtq_model_pipeline.retrain manual__2025-05-07T09:19:40.127495+00:00 [running]> on host 6fdcfcafebfc
[2025-05-07T09:19:47.788+0000] {taskinstance.py:1662} INFO - Exporting env vars: AIRFLOW_CTX_DAG_OWNER='***' AIRFLOW_CTX_DAG_ID='lgbtq_model_pipeline' AIRFLOW_CTX_TASK_ID='retrain' AIRFLOW_CTX_EXECUTION_DATE='2025-05-07T09:19:40.127495+00:00' AIRFLOW_CTX_TRY_NUMBER='1' AIRFLOW_CTX_DAG_RUN_ID='manual__2025-05-07T09:19:40.127495+00:00'
[2025-05-07T09:19:47.789+0000] {logging_mixin.py:154} INFO - 📦 Combining data...
[2025-05-07T09:19:48.064+0000] {logging_mixin.py:154} INFO - ⚠️ Skipping duplicate article_246
[2025-05-07T09:19:48.065+0000] {logging_mixin.py:154} INFO - ⚠️ Skipping duplicate article_247
[2025-05-07T09:19:48.066+0000] {logging_mixin.py:154} INFO - ⚠️ Skipping duplicate article_245
[2025-05-07T09:19:48.066+0000] {logging_mixin.py:154} INFO - ⚠️ Skipping duplicate article_249
[2025-05-07T09:19:48.067+0000] {logging_mixin.py:154} INFO - ⚠️ Skipping duplicate article_248
[2025-05-07T09:19:48.067+0000] {logging_mixin.py:154} INFO - ⚠️ Skipping duplicate article_244
[2025-05-07T09:19:48.067+0000] {logging_mixin.py:154} INFO - 📚 Loading labeled data...
[2025-05-07T09:19:48.161+0000] {logging_mixin.py:154} INFO - 🧠 Initial memory usage: 27.6%
[2025-05-07T09:19:48.161+0000] {logging_mixin.py:154} INFO - 🧠 Preparing triplet training data...
[2025-05-07T09:19:49.168+0000] {logging_mixin.py:154} INFO - 🔍 Loading encoder from local cache...
[2025-05-07T09:19:49.447+0000] {logging_mixin.py:154} INFO - 🖥️ Using device: cpu
[2025-05-07T09:19:49.448+0000] {logging_mixin.py:154} INFO - 📊 Using gradient accumulation: effective batch size = 8
[2025-05-07T09:19:49.684+0000] {logging_mixin.py:154} INFO - 🚀 Training triplet model...
[2025-05-07T09:22:27.656+0000] {logging_mixin.py:154} INFO - 🧠 Memory usage: 84.7%
[2025-05-07T09:22:51.628+0000] {local_task_job_runner.py:294} WARNING - State of this instance has been externally set to success. Terminating instance.
[2025-05-07T09:22:51.697+0000] {process_utils.py:131} INFO - Sending 15 to group 13965. PIDs of all processes in the group: [13965]
[2025-05-07T09:22:51.705+0000] {process_utils.py:86} INFO - Sending the signal 15 to group 13965
[2025-05-07T09:22:52.131+0000] {taskinstance.py:1632} ERROR - Received SIGTERM. Terminating subprocesses.
[2025-05-07T09:22:52.534+0000] {process_utils.py:79} INFO - Process psutil.Process(pid=13965, status='terminated', exitcode=0, started='09:19:47') (13965) terminated with exit code 0
