[2025-05-07T10:45:46.532+0000] {taskinstance.py:1159} INFO - Dependencies all met for dep_context=non-requeueable deps ti=<TaskInstance: lgbtq_model_pipeline.retrain manual__2025-05-07T10:45:39.295086+00:00 [queued]>
[2025-05-07T10:45:46.535+0000] {taskinstance.py:1159} INFO - Dependencies all met for dep_context=requeueable deps ti=<TaskInstance: lgbtq_model_pipeline.retrain manual__2025-05-07T10:45:39.295086+00:00 [queued]>
[2025-05-07T10:45:46.535+0000] {taskinstance.py:1361} INFO - Starting attempt 1 of 1
[2025-05-07T10:45:46.541+0000] {taskinstance.py:1382} INFO - Executing <Task(PythonOperator): retrain> on 2025-05-07 10:45:39.295086+00:00
[2025-05-07T10:45:46.546+0000] {standard_task_runner.py:57} INFO - Started process 18611 to run task
[2025-05-07T10:45:46.548+0000] {standard_task_runner.py:84} INFO - Running: ['***', 'tasks', 'run', 'lgbtq_model_pipeline', 'retrain', 'manual__2025-05-07T10:45:39.295086+00:00', '--job-id', '99', '--raw', '--subdir', 'DAGS_FOLDER/lgbtq_model_pipeline.py', '--cfg-path', '/tmp/tmp1nj7m75g']
[2025-05-07T10:45:46.550+0000] {standard_task_runner.py:85} INFO - Job 99: Subtask retrain
[2025-05-07T10:45:46.573+0000] {task_command.py:416} INFO - Running <TaskInstance: lgbtq_model_pipeline.retrain manual__2025-05-07T10:45:39.295086+00:00 [running]> on host 6fdcfcafebfc
[2025-05-07T10:45:46.605+0000] {taskinstance.py:1662} INFO - Exporting env vars: AIRFLOW_CTX_DAG_OWNER='***' AIRFLOW_CTX_DAG_ID='lgbtq_model_pipeline' AIRFLOW_CTX_TASK_ID='retrain' AIRFLOW_CTX_EXECUTION_DATE='2025-05-07T10:45:39.295086+00:00' AIRFLOW_CTX_TRY_NUMBER='1' AIRFLOW_CTX_DAG_RUN_ID='manual__2025-05-07T10:45:39.295086+00:00'
[2025-05-07T10:45:46.606+0000] {logging_mixin.py:154} INFO - 📦 Combining data...
[2025-05-07T10:45:46.825+0000] {logging_mixin.py:154} INFO - 📚 Loading labeled data...
[2025-05-07T10:45:46.929+0000] {logging_mixin.py:154} INFO - 🧠 Initial memory usage: 32.4%
[2025-05-07T10:45:46.929+0000] {logging_mixin.py:154} INFO - 🧠 Preparing triplet training data...
[2025-05-07T10:45:48.044+0000] {logging_mixin.py:154} INFO - 🔍 Loading encoder from local cache...
[2025-05-07T10:45:48.266+0000] {logging_mixin.py:154} INFO - 🖥️ Using device: cpu
[2025-05-07T10:45:48.267+0000] {logging_mixin.py:154} INFO - 📊 Using gradient accumulation: effective batch size = 8
[2025-05-07T10:45:48.393+0000] {logging_mixin.py:154} INFO - 🚀 Training triplet model...
[2025-05-07T10:45:48.408+0000] {logging_mixin.py:154} INFO - 📊 Epoch 1/1 — 0% complete (1/125 batches)
[2025-05-07T10:46:01.774+0000] {local_task_job_runner.py:294} WARNING - State of this instance has been externally set to success. Terminating instance.
[2025-05-07T10:46:01.806+0000] {process_utils.py:131} INFO - Sending 15 to group 18611. PIDs of all processes in the group: [18611]
[2025-05-07T10:46:01.807+0000] {process_utils.py:86} INFO - Sending the signal 15 to group 18611
[2025-05-07T10:46:03.157+0000] {taskinstance.py:1632} ERROR - Received SIGTERM. Terminating subprocesses.
[2025-05-07T10:46:03.327+0000] {process_utils.py:79} INFO - Process psutil.Process(pid=18611, status='terminated', exitcode=0, started='10:45:45') (18611) terminated with exit code 0
