[2025-05-01T21:38:21.015+0000] {taskinstance.py:1159} INFO - Dependencies all met for dep_context=non-requeueable deps ti=<TaskInstance: lgbtq_model_pipeline.get_metrics manual__2025-05-01T21:37:37.333055+00:00 [queued]>
[2025-05-01T21:38:21.020+0000] {taskinstance.py:1159} INFO - Dependencies all met for dep_context=requeueable deps ti=<TaskInstance: lgbtq_model_pipeline.get_metrics manual__2025-05-01T21:37:37.333055+00:00 [queued]>
[2025-05-01T21:38:21.020+0000] {taskinstance.py:1361} INFO - Starting attempt 1 of 1
[2025-05-01T21:38:21.027+0000] {taskinstance.py:1382} INFO - Executing <Task(PythonOperator): get_metrics> on 2025-05-01 21:37:37.333055+00:00
[2025-05-01T21:38:21.032+0000] {standard_task_runner.py:57} INFO - Started process 803 to run task
[2025-05-01T21:38:21.035+0000] {standard_task_runner.py:84} INFO - Running: ['***', 'tasks', 'run', 'lgbtq_model_pipeline', 'get_metrics', 'manual__2025-05-01T21:37:37.333055+00:00', '--job-id', '20', '--raw', '--subdir', 'DAGS_FOLDER/lgbtq_model_pipeline.py', '--cfg-path', '/tmp/tmpimfkig93']
[2025-05-01T21:38:21.038+0000] {standard_task_runner.py:85} INFO - Job 20: Subtask get_metrics
[2025-05-01T21:38:21.059+0000] {task_command.py:416} INFO - Running <TaskInstance: lgbtq_model_pipeline.get_metrics manual__2025-05-01T21:37:37.333055+00:00 [running]> on host f2df6932d319
[2025-05-01T21:38:21.095+0000] {taskinstance.py:1662} INFO - Exporting env vars: AIRFLOW_CTX_DAG_OWNER='***' AIRFLOW_CTX_DAG_ID='lgbtq_model_pipeline' AIRFLOW_CTX_TASK_ID='get_metrics' AIRFLOW_CTX_EXECUTION_DATE='2025-05-01T21:37:37.333055+00:00' AIRFLOW_CTX_TRY_NUMBER='1' AIRFLOW_CTX_DAG_RUN_ID='manual__2025-05-01T21:37:37.333055+00:00'
[2025-05-01T21:38:21.096+0000] {logging_mixin.py:154} INFO - 📊 Running get_metrics task...
[2025-05-01T21:38:21.114+0000] {logging_mixin.py:154} INFO - 📈 Confusion Matrix:
[[23, 6], [5, 27]]
[2025-05-01T21:38:21.115+0000] {logging_mixin.py:154} INFO - Accuracy: 0.8197
[2025-05-01T21:38:21.115+0000] {logging_mixin.py:154} INFO - Precision: 0.8182
[2025-05-01T21:38:21.115+0000] {logging_mixin.py:154} INFO - Recall: 0.8438
[2025-05-01T21:38:21.116+0000] {logging_mixin.py:154} INFO - F1 Score: 0.8308
[2025-05-01T21:38:21.117+0000] {logging_mixin.py:154} INFO - AUC: 0.9386
[2025-05-01T21:38:21.118+0000] {logging_mixin.py:154} INFO - Previous Accuracy: 0.8197
[2025-05-01T21:38:21.118+0000] {logging_mixin.py:154} INFO - Accuracy Change: +0.0000
[2025-05-01T21:38:21.121+0000] {logging_mixin.py:154} INFO - ✅ Saved metrics to /opt/***/metrics/metrics_20250501_213821.json
[2025-05-01T21:38:21.121+0000] {logging_mixin.py:154} INFO - 🔗 Updated latest_metrics.json for deployment reference.
[2025-05-01T21:38:21.122+0000] {python.py:194} INFO - Done. Returned value was: None
[2025-05-01T21:38:21.154+0000] {taskinstance.py:1400} INFO - Marking task as SUCCESS. dag_id=lgbtq_model_pipeline, task_id=get_metrics, execution_date=20250501T213737, start_date=20250501T213821, end_date=20250501T213821
[2025-05-01T21:38:21.174+0000] {local_task_job_runner.py:228} INFO - Task exited with return code 0
[2025-05-01T21:38:21.189+0000] {taskinstance.py:2778} INFO - 1 downstream tasks scheduled from follow-on schedule check
