[2025-05-08T05:37:40.242+0000] {taskinstance.py:1159} INFO - Dependencies all met for dep_context=non-requeueable deps ti=<TaskInstance: lgbtq_model_pipeline.decide_branch manual__2025-05-08T05:37:20.184295+00:00 [queued]>
[2025-05-08T05:37:40.246+0000] {taskinstance.py:1159} INFO - Dependencies all met for dep_context=requeueable deps ti=<TaskInstance: lgbtq_model_pipeline.decide_branch manual__2025-05-08T05:37:20.184295+00:00 [queued]>
[2025-05-08T05:37:40.246+0000] {taskinstance.py:1361} INFO - Starting attempt 1 of 1
[2025-05-08T05:37:40.252+0000] {taskinstance.py:1382} INFO - Executing <Task(BranchPythonOperator): decide_branch> on 2025-05-08 05:37:20.184295+00:00
[2025-05-08T05:37:40.259+0000] {standard_task_runner.py:57} INFO - Started process 60832 to run task
[2025-05-08T05:37:40.261+0000] {standard_task_runner.py:84} INFO - Running: ['***', 'tasks', 'run', 'lgbtq_model_pipeline', 'decide_branch', 'manual__2025-05-08T05:37:20.184295+00:00', '--job-id', '225', '--raw', '--subdir', 'DAGS_FOLDER/lgbtq_model_pipeline.py', '--cfg-path', '/tmp/tmpvy_5kva4']
[2025-05-08T05:37:40.263+0000] {standard_task_runner.py:85} INFO - Job 225: Subtask decide_branch
[2025-05-08T05:37:40.293+0000] {task_command.py:416} INFO - Running <TaskInstance: lgbtq_model_pipeline.decide_branch manual__2025-05-08T05:37:20.184295+00:00 [running]> on host 6fdcfcafebfc
[2025-05-08T05:37:40.339+0000] {taskinstance.py:1662} INFO - Exporting env vars: AIRFLOW_CTX_DAG_OWNER='***' AIRFLOW_CTX_DAG_ID='lgbtq_model_pipeline' AIRFLOW_CTX_TASK_ID='decide_branch' AIRFLOW_CTX_EXECUTION_DATE='2025-05-08T05:37:20.184295+00:00' AIRFLOW_CTX_TRY_NUMBER='1' AIRFLOW_CTX_DAG_RUN_ID='manual__2025-05-08T05:37:20.184295+00:00'
[2025-05-08T05:37:40.340+0000] {logging_mixin.py:154} INFO - 👀 Evaluating model performance...
[2025-05-08T05:37:40.341+0000] {logging_mixin.py:154} INFO - 🔢 Previous Accuracy: 0.5141
[2025-05-08T05:37:40.341+0000] {logging_mixin.py:154} INFO - 🔢 New Accuracy:      0.6426
[2025-05-08T05:37:40.341+0000] {logging_mixin.py:154} INFO - ✅ Deploying new model
[2025-05-08T05:37:40.341+0000] {python.py:194} INFO - Done. Returned value was: deploy_model
[2025-05-08T05:37:40.341+0000] {python.py:227} INFO - Branch callable return deploy_model
[2025-05-08T05:37:40.341+0000] {skipmixin.py:173} INFO - Following branch deploy_model
[2025-05-08T05:37:40.352+0000] {skipmixin.py:239} INFO - Skipping tasks [('keep_model', -1)]
[2025-05-08T05:37:40.376+0000] {taskinstance.py:1400} INFO - Marking task as SUCCESS. dag_id=lgbtq_model_pipeline, task_id=decide_branch, execution_date=20250508T053720, start_date=20250508T053740, end_date=20250508T053740
[2025-05-08T05:37:40.404+0000] {local_task_job_runner.py:228} INFO - Task exited with return code 0
[2025-05-08T05:37:40.421+0000] {taskinstance.py:2778} INFO - 0 downstream tasks scheduled from follow-on schedule check
