[2025-05-07T09:41:41.162+0000] {taskinstance.py:1159} INFO - Dependencies all met for dep_context=non-requeueable deps ti=<TaskInstance: lgbtq_model_pipeline.human_review manual__2025-05-07T09:41:36.319816+00:00 [queued]>
[2025-05-07T09:41:41.166+0000] {taskinstance.py:1159} INFO - Dependencies all met for dep_context=requeueable deps ti=<TaskInstance: lgbtq_model_pipeline.human_review manual__2025-05-07T09:41:36.319816+00:00 [queued]>
[2025-05-07T09:41:41.166+0000] {taskinstance.py:1361} INFO - Starting attempt 1 of 1
[2025-05-07T09:41:41.171+0000] {taskinstance.py:1382} INFO - Executing <Task(PythonOperator): human_review> on 2025-05-07 09:41:36.319816+00:00
[2025-05-07T09:41:41.177+0000] {standard_task_runner.py:57} INFO - Started process 15197 to run task
[2025-05-07T09:41:41.180+0000] {standard_task_runner.py:84} INFO - Running: ['***', 'tasks', 'run', 'lgbtq_model_pipeline', 'human_review', 'manual__2025-05-07T09:41:36.319816+00:00', '--job-id', '67', '--raw', '--subdir', 'DAGS_FOLDER/lgbtq_model_pipeline.py', '--cfg-path', '/tmp/tmpokmy93_y']
[2025-05-07T09:41:41.182+0000] {standard_task_runner.py:85} INFO - Job 67: Subtask human_review
[2025-05-07T09:41:41.207+0000] {task_command.py:416} INFO - Running <TaskInstance: lgbtq_model_pipeline.human_review manual__2025-05-07T09:41:36.319816+00:00 [running]> on host 6fdcfcafebfc
[2025-05-07T09:41:41.245+0000] {taskinstance.py:1662} INFO - Exporting env vars: AIRFLOW_CTX_DAG_OWNER='***' AIRFLOW_CTX_DAG_ID='lgbtq_model_pipeline' AIRFLOW_CTX_TASK_ID='human_review' AIRFLOW_CTX_EXECUTION_DATE='2025-05-07T09:41:36.319816+00:00' AIRFLOW_CTX_TRY_NUMBER='1' AIRFLOW_CTX_DAG_RUN_ID='manual__2025-05-07T09:41:36.319816+00:00'
[2025-05-07T09:41:41.246+0000] {logging_mixin.py:154} INFO - 👀 Checking for enough articles in review queue...
[2025-05-07T09:41:41.246+0000] {logging_mixin.py:154} INFO - ✅ Found 73 files — simulating human review...
[2025-05-07T09:41:41.247+0000] {logging_mixin.py:154} INFO - 💌 Sending email to team...
[2025-05-07T09:41:41.247+0000] {logging_mixin.py:154} INFO - hiyyyy time 2 label these new entries babe okthxbye
[2025-05-07T09:41:41.250+0000] {logging_mixin.py:154} INFO - 📤 Reviewed + moved article_248_2025-05-01T21:14:27.845576.json → new_data/
[2025-05-07T09:41:41.252+0000] {logging_mixin.py:154} INFO - 📤 Reviewed + moved article_245_2025-05-01T21:38:04.312317.json → new_data/
[2025-05-07T09:41:41.252+0000] {logging_mixin.py:154} INFO - ⚠️ Skipping duplicate article_245 — already exists in new_data.
[2025-05-07T09:41:41.254+0000] {logging_mixin.py:154} INFO - 📤 Reviewed + moved article_246_2025-05-07T02:54:45.119518.json → new_data/
[2025-05-07T09:41:41.254+0000] {logging_mixin.py:154} INFO - ⚠️ Skipping duplicate article_245 — already exists in new_data.
[2025-05-07T09:41:41.256+0000] {logging_mixin.py:154} INFO - 📤 Reviewed + moved article_244_2025-05-01T21:09:14.416821.json → new_data/
[2025-05-07T09:41:41.256+0000] {logging_mixin.py:154} INFO - ⚠️ Skipping duplicate article_244 — already exists in new_data.
[2025-05-07T09:41:41.257+0000] {logging_mixin.py:154} INFO - ⚠️ Skipping duplicate article_244 — already exists in new_data.
[2025-05-07T09:41:41.258+0000] {logging_mixin.py:154} INFO - 📤 Reviewed + moved article_249_2025-05-07T02:05:28.431252.json → new_data/
[2025-05-07T09:41:41.258+0000] {logging_mixin.py:154} INFO - 🧠 Human review simulated for this batch.
[2025-05-07T09:41:41.258+0000] {python.py:194} INFO - Done. Returned value was: None
[2025-05-07T09:41:41.263+0000] {taskinstance.py:1400} INFO - Marking task as SUCCESS. dag_id=lgbtq_model_pipeline, task_id=human_review, execution_date=20250507T094136, start_date=20250507T094141, end_date=20250507T094141
[2025-05-07T09:41:41.276+0000] {local_task_job_runner.py:228} INFO - Task exited with return code 0
[2025-05-07T09:41:41.290+0000] {taskinstance.py:2778} INFO - 1 downstream tasks scheduled from follow-on schedule check
