[2025-05-01T10:32:24.786+0000] {taskinstance.py:1159} INFO - Dependencies all met for dep_context=non-requeueable deps ti=<TaskInstance: lgbtq_model_pipeline.human_review manual__2025-05-01T10:31:50.892215+00:00 [queued]>
[2025-05-01T10:32:24.790+0000] {taskinstance.py:1159} INFO - Dependencies all met for dep_context=requeueable deps ti=<TaskInstance: lgbtq_model_pipeline.human_review manual__2025-05-01T10:31:50.892215+00:00 [queued]>
[2025-05-01T10:32:24.790+0000] {taskinstance.py:1361} INFO - Starting attempt 1 of 1
[2025-05-01T10:32:24.796+0000] {taskinstance.py:1382} INFO - Executing <Task(PythonOperator): human_review> on 2025-05-01 10:31:50.892215+00:00
[2025-05-01T10:32:24.801+0000] {standard_task_runner.py:57} INFO - Started process 256 to run task
[2025-05-01T10:32:24.803+0000] {standard_task_runner.py:84} INFO - Running: ['***', 'tasks', 'run', 'lgbtq_model_pipeline', 'human_review', 'manual__2025-05-01T10:31:50.892215+00:00', '--job-id', '200', '--raw', '--subdir', 'DAGS_FOLDER/lgbtq_model_pipeline.py', '--cfg-path', '/tmp/tmp82gjdndx']
[2025-05-01T10:32:24.807+0000] {standard_task_runner.py:85} INFO - Job 200: Subtask human_review
[2025-05-01T10:32:24.829+0000] {task_command.py:416} INFO - Running <TaskInstance: lgbtq_model_pipeline.human_review manual__2025-05-01T10:31:50.892215+00:00 [running]> on host 6b846f1975e2
[2025-05-01T10:32:24.869+0000] {taskinstance.py:1662} INFO - Exporting env vars: AIRFLOW_CTX_DAG_OWNER='***' AIRFLOW_CTX_DAG_ID='lgbtq_model_pipeline' AIRFLOW_CTX_TASK_ID='human_review' AIRFLOW_CTX_EXECUTION_DATE='2025-05-01T10:31:50.892215+00:00' AIRFLOW_CTX_TRY_NUMBER='1' AIRFLOW_CTX_DAG_RUN_ID='manual__2025-05-01T10:31:50.892215+00:00'
[2025-05-01T10:32:24.872+0000] {logging_mixin.py:154} INFO - 👀 Checking for enough articles in review queue...
[2025-05-01T10:32:24.873+0000] {logging_mixin.py:154} INFO - ✅ Found 5 files — simulating human review...
[2025-05-01T10:32:24.873+0000] {logging_mixin.py:154} INFO - 💌 Sending email to team...
[2025-05-01T10:32:24.873+0000] {logging_mixin.py:154} INFO - hiyyyy time 2 label these new entries babe okthxbye
[2025-05-01T10:32:24.875+0000] {logging_mixin.py:154} INFO - 📤 Reviewed + moved article_153_2025-05-01T10:32:22.379632.json → new_data/
[2025-05-01T10:32:24.877+0000] {logging_mixin.py:154} INFO - 📤 Reviewed + moved article_24_2025-05-01T10:32:22.228103.json → new_data/
[2025-05-01T10:32:24.878+0000] {logging_mixin.py:154} INFO - 📤 Reviewed + moved article_198_2025-05-01T10:32:22.528467.json → new_data/
[2025-05-01T10:32:24.879+0000] {logging_mixin.py:154} INFO - 📤 Reviewed + moved article_6_2025-05-01T10:32:22.314806.json → new_data/
[2025-05-01T10:32:24.881+0000] {logging_mixin.py:154} INFO - 📤 Reviewed + moved article_211_2025-05-01T10:32:22.461570.json → new_data/
[2025-05-01T10:32:24.881+0000] {logging_mixin.py:154} INFO - 🧠 Human review simulated for this batch.
[2025-05-01T10:32:24.881+0000] {python.py:194} INFO - Done. Returned value was: None
[2025-05-01T10:32:24.886+0000] {taskinstance.py:1400} INFO - Marking task as SUCCESS. dag_id=lgbtq_model_pipeline, task_id=human_review, execution_date=20250501T103150, start_date=20250501T103224, end_date=20250501T103224
[2025-05-01T10:32:24.901+0000] {local_task_job_runner.py:228} INFO - Task exited with return code 0
[2025-05-01T10:32:24.916+0000] {taskinstance.py:2778} INFO - 1 downstream tasks scheduled from follow-on schedule check
