[2025-05-01T10:35:40.519+0000] {taskinstance.py:1159} INFO - Dependencies all met for dep_context=non-requeueable deps ti=<TaskInstance: lgbtq_model_pipeline.retrain manual__2025-05-01T10:35:11.136802+00:00 [queued]>
[2025-05-01T10:35:40.523+0000] {taskinstance.py:1159} INFO - Dependencies all met for dep_context=requeueable deps ti=<TaskInstance: lgbtq_model_pipeline.retrain manual__2025-05-01T10:35:11.136802+00:00 [queued]>
[2025-05-01T10:35:40.523+0000] {taskinstance.py:1361} INFO - Starting attempt 1 of 1
[2025-05-01T10:35:40.529+0000] {taskinstance.py:1382} INFO - Executing <Task(PythonOperator): retrain> on 2025-05-01 10:35:11.136802+00:00
[2025-05-01T10:35:40.533+0000] {standard_task_runner.py:57} INFO - Started process 439 to run task
[2025-05-01T10:35:40.535+0000] {standard_task_runner.py:84} INFO - Running: ['***', 'tasks', 'run', 'lgbtq_model_pipeline', 'retrain', 'manual__2025-05-01T10:35:11.136802+00:00', '--job-id', '208', '--raw', '--subdir', 'DAGS_FOLDER/lgbtq_model_pipeline.py', '--cfg-path', '/tmp/tmp71l6vtlb']
[2025-05-01T10:35:40.539+0000] {standard_task_runner.py:85} INFO - Job 208: Subtask retrain
[2025-05-01T10:35:40.561+0000] {task_command.py:416} INFO - Running <TaskInstance: lgbtq_model_pipeline.retrain manual__2025-05-01T10:35:11.136802+00:00 [running]> on host 6b846f1975e2
[2025-05-01T10:35:40.594+0000] {taskinstance.py:1662} INFO - Exporting env vars: AIRFLOW_CTX_DAG_OWNER='***' AIRFLOW_CTX_DAG_ID='lgbtq_model_pipeline' AIRFLOW_CTX_TASK_ID='retrain' AIRFLOW_CTX_EXECUTION_DATE='2025-05-01T10:35:11.136802+00:00' AIRFLOW_CTX_TRY_NUMBER='1' AIRFLOW_CTX_DAG_RUN_ID='manual__2025-05-01T10:35:11.136802+00:00'
[2025-05-01T10:35:40.595+0000] {logging_mixin.py:154} INFO - 🔁 Starting retraining process...
[2025-05-01T10:35:40.596+0000] {logging_mixin.py:154} INFO - 📦 Combining production and new data into all_data...
[2025-05-01T10:35:40.605+0000] {logging_mixin.py:154} INFO - 📊 Loading all training data...
[2025-05-01T10:35:40.686+0000] {logging_mixin.py:154} INFO - 🧠 Retraining classifier on 284 samples...
[2025-05-01T10:35:40.686+0000] {logging_mixin.py:154} INFO - 📂 Loading previous model from /opt/***/models/classifier.joblib
[2025-05-01T10:35:40.688+0000] {logging_mixin.py:154} INFO - 🛡️ Backed up previous model to /opt/***/models/classifier_backup_20250501103540.joblib
[2025-05-01T10:35:40.701+0000] {logging_mixin.py:154} INFO - ✅ Saved retrained classifier to /opt/***/models/classifier.joblib
[2025-05-01T10:35:40.702+0000] {logging_mixin.py:154} INFO - 📦 Generating predictions for metric evaluation...
[2025-05-01T10:35:40.763+0000] {logging_mixin.py:154} INFO - ✅ Saved predictions to /opt/***/predictions/latest_predictions.parquet
[2025-05-01T10:35:40.764+0000] {python.py:194} INFO - Done. Returned value was: None
[2025-05-01T10:35:40.776+0000] {taskinstance.py:1400} INFO - Marking task as SUCCESS. dag_id=lgbtq_model_pipeline, task_id=retrain, execution_date=20250501T103511, start_date=20250501T103540, end_date=20250501T103540
[2025-05-01T10:35:40.798+0000] {local_task_job_runner.py:228} INFO - Task exited with return code 0
[2025-05-01T10:35:40.812+0000] {taskinstance.py:2778} INFO - 1 downstream tasks scheduled from follow-on schedule check
