[2025-05-01T07:19:46.251+0000] {taskinstance.py:1159} INFO - Dependencies all met for dep_context=non-requeueable deps ti=<TaskInstance: lgbtq_model_pipeline.fetch_articles manual__2025-05-01T07:19:45.391525+00:00 [queued]>
[2025-05-01T07:19:46.256+0000] {taskinstance.py:1159} INFO - Dependencies all met for dep_context=requeueable deps ti=<TaskInstance: lgbtq_model_pipeline.fetch_articles manual__2025-05-01T07:19:45.391525+00:00 [queued]>
[2025-05-01T07:19:46.256+0000] {taskinstance.py:1361} INFO - Starting attempt 1 of 1
[2025-05-01T07:19:46.262+0000] {taskinstance.py:1382} INFO - Executing <Task(PythonOperator): fetch_articles> on 2025-05-01 07:19:45.391525+00:00
[2025-05-01T07:19:46.265+0000] {standard_task_runner.py:57} INFO - Started process 175 to run task
[2025-05-01T07:19:46.268+0000] {standard_task_runner.py:84} INFO - Running: ['***', 'tasks', 'run', 'lgbtq_model_pipeline', 'fetch_articles', 'manual__2025-05-01T07:19:45.391525+00:00', '--job-id', '83', '--raw', '--subdir', 'DAGS_FOLDER/lgbtq_model_pipeline.py', '--cfg-path', '/tmp/tmpzge5ef5q']
[2025-05-01T07:19:46.271+0000] {standard_task_runner.py:85} INFO - Job 83: Subtask fetch_articles
[2025-05-01T07:19:46.310+0000] {task_command.py:416} INFO - Running <TaskInstance: lgbtq_model_pipeline.fetch_articles manual__2025-05-01T07:19:45.391525+00:00 [running]> on host 90b0bbad4be4
[2025-05-01T07:19:46.353+0000] {taskinstance.py:1662} INFO - Exporting env vars: AIRFLOW_CTX_DAG_OWNER='***' AIRFLOW_CTX_DAG_ID='lgbtq_model_pipeline' AIRFLOW_CTX_TASK_ID='fetch_articles' AIRFLOW_CTX_EXECUTION_DATE='2025-05-01T07:19:45.391525+00:00' AIRFLOW_CTX_TRY_NUMBER='1' AIRFLOW_CTX_DAG_RUN_ID='manual__2025-05-01T07:19:45.391525+00:00'
[2025-05-01T07:19:46.354+0000] {logging_mixin.py:154} INFO - Fetching CSV data from Google Sheets...
[2025-05-01T07:19:47.226+0000] {logging_mixin.py:154} INFO - Wrote article to /opt/***/review_queue/article_24_2025-05-01T07:19:47.224977.json
[2025-05-01T07:19:47.227+0000] {logging_mixin.py:154} INFO - Wrote article to /opt/***/review_queue/article_6_2025-05-01T07:19:47.227360.json
[2025-05-01T07:19:47.228+0000] {logging_mixin.py:154} INFO - Wrote article to /opt/***/review_queue/article_153_2025-05-01T07:19:47.228053.json
[2025-05-01T07:19:47.228+0000] {logging_mixin.py:154} INFO - Wrote article to /opt/***/review_queue/article_211_2025-05-01T07:19:47.228627.json
[2025-05-01T07:19:47.229+0000] {logging_mixin.py:154} INFO - Wrote article to /opt/***/review_queue/article_198_2025-05-01T07:19:47.229158.json
[2025-05-01T07:19:47.229+0000] {logging_mixin.py:154} INFO - Added 5 articles into the review queue.
[2025-05-01T07:19:47.230+0000] {python.py:194} INFO - Done. Returned value was: None
[2025-05-01T07:19:47.237+0000] {taskinstance.py:1400} INFO - Marking task as SUCCESS. dag_id=lgbtq_model_pipeline, task_id=fetch_articles, execution_date=20250501T071945, start_date=20250501T071946, end_date=20250501T071947
[2025-05-01T07:19:47.275+0000] {local_task_job_runner.py:228} INFO - Task exited with return code 0
[2025-05-01T07:19:47.291+0000] {taskinstance.py:2778} INFO - 1 downstream tasks scheduled from follow-on schedule check
