[2025-05-01T07:49:13.912+0000] {taskinstance.py:1159} INFO - Dependencies all met for dep_context=non-requeueable deps ti=<TaskInstance: lgbtq_model_pipeline.human_review manual__2025-05-01T07:49:10.524241+00:00 [queued]>
[2025-05-01T07:49:13.917+0000] {taskinstance.py:1159} INFO - Dependencies all met for dep_context=requeueable deps ti=<TaskInstance: lgbtq_model_pipeline.human_review manual__2025-05-01T07:49:10.524241+00:00 [queued]>
[2025-05-01T07:49:13.917+0000] {taskinstance.py:1361} INFO - Starting attempt 1 of 1
[2025-05-01T07:49:13.923+0000] {taskinstance.py:1382} INFO - Executing <Task(PythonOperator): human_review> on 2025-05-01 07:49:10.524241+00:00
[2025-05-01T07:49:13.926+0000] {standard_task_runner.py:57} INFO - Started process 184 to run task
[2025-05-01T07:49:13.928+0000] {standard_task_runner.py:84} INFO - Running: ['***', 'tasks', 'run', 'lgbtq_model_pipeline', 'human_review', 'manual__2025-05-01T07:49:10.524241+00:00', '--job-id', '125', '--raw', '--subdir', 'DAGS_FOLDER/lgbtq_model_pipeline.py', '--cfg-path', '/tmp/tmp3x03v6rb']
[2025-05-01T07:49:13.931+0000] {standard_task_runner.py:85} INFO - Job 125: Subtask human_review
[2025-05-01T07:49:13.953+0000] {task_command.py:416} INFO - Running <TaskInstance: lgbtq_model_pipeline.human_review manual__2025-05-01T07:49:10.524241+00:00 [running]> on host 7a437556619a
[2025-05-01T07:49:13.989+0000] {taskinstance.py:1662} INFO - Exporting env vars: AIRFLOW_CTX_DAG_OWNER='***' AIRFLOW_CTX_DAG_ID='lgbtq_model_pipeline' AIRFLOW_CTX_TASK_ID='human_review' AIRFLOW_CTX_EXECUTION_DATE='2025-05-01T07:49:10.524241+00:00' AIRFLOW_CTX_TRY_NUMBER='1' AIRFLOW_CTX_DAG_RUN_ID='manual__2025-05-01T07:49:10.524241+00:00'
[2025-05-01T07:49:13.989+0000] {logging_mixin.py:154} INFO - 👀 Checking for enough articles in review queue...
[2025-05-01T07:49:13.990+0000] {logging_mixin.py:154} INFO - ✅ Found 5 files — simulating human review...
[2025-05-01T07:49:13.990+0000] {logging_mixin.py:154} INFO - Moved article_24_2025-05-01T07:49:13.212557.json to new_data/
[2025-05-01T07:49:13.990+0000] {logging_mixin.py:154} INFO - Moved article_6_2025-05-01T07:49:13.214254.json to new_data/
[2025-05-01T07:49:13.990+0000] {logging_mixin.py:154} INFO - Moved article_153_2025-05-01T07:49:13.214804.json to new_data/
[2025-05-01T07:49:13.990+0000] {logging_mixin.py:154} INFO - Moved article_211_2025-05-01T07:49:13.215307.json to new_data/
[2025-05-01T07:49:13.990+0000] {logging_mixin.py:154} INFO - Moved article_198_2025-05-01T07:49:13.215894.json to new_data/
[2025-05-01T07:49:13.990+0000] {logging_mixin.py:154} INFO - Review complete.
[2025-05-01T07:49:13.990+0000] {python.py:194} INFO - Done. Returned value was: None
[2025-05-01T07:49:13.995+0000] {taskinstance.py:1400} INFO - Marking task as SUCCESS. dag_id=lgbtq_model_pipeline, task_id=human_review, execution_date=20250501T074910, start_date=20250501T074913, end_date=20250501T074913
[2025-05-01T07:49:14.027+0000] {local_task_job_runner.py:228} INFO - Task exited with return code 0
[2025-05-01T07:49:14.042+0000] {taskinstance.py:2778} INFO - 1 downstream tasks scheduled from follow-on schedule check
