[2025-05-01T09:15:22.270+0000] {taskinstance.py:1159} INFO - Dependencies all met for dep_context=non-requeueable deps ti=<TaskInstance: lgbtq_model_pipeline.human_review manual__2025-05-01T09:15:03.983301+00:00 [queued]>
[2025-05-01T09:15:22.275+0000] {taskinstance.py:1159} INFO - Dependencies all met for dep_context=requeueable deps ti=<TaskInstance: lgbtq_model_pipeline.human_review manual__2025-05-01T09:15:03.983301+00:00 [queued]>
[2025-05-01T09:15:22.275+0000] {taskinstance.py:1361} INFO - Starting attempt 1 of 1
[2025-05-01T09:15:22.283+0000] {taskinstance.py:1382} INFO - Executing <Task(PythonOperator): human_review> on 2025-05-01 09:15:03.983301+00:00
[2025-05-01T09:15:22.287+0000] {standard_task_runner.py:57} INFO - Started process 222 to run task
[2025-05-01T09:15:22.290+0000] {standard_task_runner.py:84} INFO - Running: ['***', 'tasks', 'run', 'lgbtq_model_pipeline', 'human_review', 'manual__2025-05-01T09:15:03.983301+00:00', '--job-id', '161', '--raw', '--subdir', 'DAGS_FOLDER/lgbtq_model_pipeline.py', '--cfg-path', '/tmp/tmp1bed4jp8']
[2025-05-01T09:15:22.295+0000] {standard_task_runner.py:85} INFO - Job 161: Subtask human_review
[2025-05-01T09:15:22.320+0000] {task_command.py:416} INFO - Running <TaskInstance: lgbtq_model_pipeline.human_review manual__2025-05-01T09:15:03.983301+00:00 [running]> on host 8e9fbf3c94e4
[2025-05-01T09:15:22.363+0000] {taskinstance.py:1662} INFO - Exporting env vars: AIRFLOW_CTX_DAG_OWNER='***' AIRFLOW_CTX_DAG_ID='lgbtq_model_pipeline' AIRFLOW_CTX_TASK_ID='human_review' AIRFLOW_CTX_EXECUTION_DATE='2025-05-01T09:15:03.983301+00:00' AIRFLOW_CTX_TRY_NUMBER='1' AIRFLOW_CTX_DAG_RUN_ID='manual__2025-05-01T09:15:03.983301+00:00'
[2025-05-01T09:15:22.364+0000] {logging_mixin.py:154} INFO - 👀 Checking for enough articles in review queue...
[2025-05-01T09:15:22.365+0000] {logging_mixin.py:154} INFO - ✅ Found 5 files — simulating human review...
[2025-05-01T09:15:22.365+0000] {logging_mixin.py:154} INFO - 💌 Sending email to team...
[2025-05-01T09:15:22.365+0000] {logging_mixin.py:154} INFO - hiyyyy time 2 label these new entries babe okthxbye
[2025-05-01T09:15:22.369+0000] {logging_mixin.py:154} INFO - 📤 Reviewed + moved article_211_2025-05-01T09:15:18.948412.json → new_data/
[2025-05-01T09:15:22.371+0000] {logging_mixin.py:154} INFO - 📤 Reviewed + moved article_24_2025-05-01T09:15:18.943485.json → new_data/
[2025-05-01T09:15:22.373+0000] {logging_mixin.py:154} INFO - 📤 Reviewed + moved article_198_2025-05-01T09:15:18.949817.json → new_data/
[2025-05-01T09:15:22.374+0000] {logging_mixin.py:154} INFO - 📤 Reviewed + moved article_6_2025-05-01T09:15:18.946472.json → new_data/
[2025-05-01T09:15:22.375+0000] {logging_mixin.py:154} INFO - 📤 Reviewed + moved article_153_2025-05-01T09:15:18.947427.json → new_data/
[2025-05-01T09:15:22.375+0000] {logging_mixin.py:154} INFO - 🧠 Human review simulated for this batch.
[2025-05-01T09:15:22.376+0000] {python.py:194} INFO - Done. Returned value was: None
[2025-05-01T09:15:22.380+0000] {taskinstance.py:1400} INFO - Marking task as SUCCESS. dag_id=lgbtq_model_pipeline, task_id=human_review, execution_date=20250501T091503, start_date=20250501T091522, end_date=20250501T091522
[2025-05-01T09:15:22.390+0000] {local_task_job_runner.py:228} INFO - Task exited with return code 0
[2025-05-01T09:15:22.405+0000] {taskinstance.py:2778} INFO - 1 downstream tasks scheduled from follow-on schedule check
