[2025-05-01T09:17:02.539+0000] {taskinstance.py:1159} INFO - Dependencies all met for dep_context=non-requeueable deps ti=<TaskInstance: lgbtq_model_pipeline.get_metrics manual__2025-05-01T09:16:50.448634+00:00 [queued]>
[2025-05-01T09:17:02.543+0000] {taskinstance.py:1159} INFO - Dependencies all met for dep_context=requeueable deps ti=<TaskInstance: lgbtq_model_pipeline.get_metrics manual__2025-05-01T09:16:50.448634+00:00 [queued]>
[2025-05-01T09:17:02.543+0000] {taskinstance.py:1361} INFO - Starting attempt 1 of 1
[2025-05-01T09:17:02.549+0000] {taskinstance.py:1382} INFO - Executing <Task(PythonOperator): get_metrics> on 2025-05-01 09:16:50.448634+00:00
[2025-05-01T09:17:02.554+0000] {standard_task_runner.py:57} INFO - Started process 384 to run task
[2025-05-01T09:17:02.556+0000] {standard_task_runner.py:84} INFO - Running: ['***', 'tasks', 'run', 'lgbtq_model_pipeline', 'get_metrics', 'manual__2025-05-01T09:16:50.448634+00:00', '--job-id', '170', '--raw', '--subdir', 'DAGS_FOLDER/lgbtq_model_pipeline.py', '--cfg-path', '/tmp/tmpo8556sqk']
[2025-05-01T09:17:02.559+0000] {standard_task_runner.py:85} INFO - Job 170: Subtask get_metrics
[2025-05-01T09:17:02.579+0000] {task_command.py:416} INFO - Running <TaskInstance: lgbtq_model_pipeline.get_metrics manual__2025-05-01T09:16:50.448634+00:00 [running]> on host 8e9fbf3c94e4
[2025-05-01T09:17:02.611+0000] {taskinstance.py:1662} INFO - Exporting env vars: AIRFLOW_CTX_DAG_OWNER='***' AIRFLOW_CTX_DAG_ID='lgbtq_model_pipeline' AIRFLOW_CTX_TASK_ID='get_metrics' AIRFLOW_CTX_EXECUTION_DATE='2025-05-01T09:16:50.448634+00:00' AIRFLOW_CTX_TRY_NUMBER='1' AIRFLOW_CTX_DAG_RUN_ID='manual__2025-05-01T09:16:50.448634+00:00'
[2025-05-01T09:17:02.612+0000] {logging_mixin.py:154} INFO - Running get_metrics task...
[2025-05-01T09:17:02.633+0000] {logging_mixin.py:154} INFO - Confusion Matrix:
[[12, 0], [0, 8]]
[2025-05-01T09:17:02.634+0000] {logging_mixin.py:154} INFO - Accuracy: 1.0000
[2025-05-01T09:17:02.634+0000] {logging_mixin.py:154} INFO - Precision: 1.0000
[2025-05-01T09:17:02.634+0000] {logging_mixin.py:154} INFO - Recall: 1.0000
[2025-05-01T09:17:02.634+0000] {logging_mixin.py:154} INFO - F1 Score: 1.0000
[2025-05-01T09:17:02.634+0000] {logging_mixin.py:154} INFO - AUC: 1.0000
[2025-05-01T09:17:02.634+0000] {logging_mixin.py:154} INFO - Previous Accuracy: 1.0000
[2025-05-01T09:17:02.634+0000] {logging_mixin.py:154} INFO - Accuracy Change: +0.0000
[2025-05-01T09:17:02.635+0000] {logging_mixin.py:154} INFO - Saved metrics to /opt/***/metrics/metrics_20250501_091702.json
[2025-05-01T09:17:02.635+0000] {python.py:194} INFO - Done. Returned value was: None
[2025-05-01T09:17:02.639+0000] {taskinstance.py:1400} INFO - Marking task as SUCCESS. dag_id=lgbtq_model_pipeline, task_id=get_metrics, execution_date=20250501T091650, start_date=20250501T091702, end_date=20250501T091702
[2025-05-01T09:17:02.656+0000] {local_task_job_runner.py:228} INFO - Task exited with return code 0
[2025-05-01T09:17:02.670+0000] {taskinstance.py:2778} INFO - 1 downstream tasks scheduled from follow-on schedule check
