[2025-05-07T03:39:43.951+0000] {taskinstance.py:1159} INFO - Dependencies all met for dep_context=non-requeueable deps ti=<TaskInstance: lgbtq_model_pipeline.human_review manual__2025-05-07T03:39:38.776877+00:00 [queued]>
[2025-05-07T03:39:43.955+0000] {taskinstance.py:1159} INFO - Dependencies all met for dep_context=requeueable deps ti=<TaskInstance: lgbtq_model_pipeline.human_review manual__2025-05-07T03:39:38.776877+00:00 [queued]>
[2025-05-07T03:39:43.955+0000] {taskinstance.py:1361} INFO - Starting attempt 1 of 1
[2025-05-07T03:39:43.960+0000] {taskinstance.py:1382} INFO - Executing <Task(PythonOperator): human_review> on 2025-05-07 03:39:38.776877+00:00
[2025-05-07T03:39:43.965+0000] {standard_task_runner.py:57} INFO - Started process 2587 to run task
[2025-05-07T03:39:43.967+0000] {standard_task_runner.py:84} INFO - Running: ['***', 'tasks', 'run', 'lgbtq_model_pipeline', 'human_review', 'manual__2025-05-07T03:39:38.776877+00:00', '--job-id', '37', '--raw', '--subdir', 'DAGS_FOLDER/lgbtq_model_pipeline.py', '--cfg-path', '/tmp/tmpx12qrn7f']
[2025-05-07T03:39:43.969+0000] {standard_task_runner.py:85} INFO - Job 37: Subtask human_review
[2025-05-07T03:39:43.989+0000] {task_command.py:416} INFO - Running <TaskInstance: lgbtq_model_pipeline.human_review manual__2025-05-07T03:39:38.776877+00:00 [running]> on host 6fdcfcafebfc
[2025-05-07T03:39:44.021+0000] {taskinstance.py:1662} INFO - Exporting env vars: AIRFLOW_CTX_DAG_OWNER='***' AIRFLOW_CTX_DAG_ID='lgbtq_model_pipeline' AIRFLOW_CTX_TASK_ID='human_review' AIRFLOW_CTX_EXECUTION_DATE='2025-05-07T03:39:38.776877+00:00' AIRFLOW_CTX_TRY_NUMBER='1' AIRFLOW_CTX_DAG_RUN_ID='manual__2025-05-07T03:39:38.776877+00:00'
[2025-05-07T03:39:44.022+0000] {logging_mixin.py:154} INFO - 👀 Checking for enough articles in review queue...
[2025-05-07T03:39:44.024+0000] {logging_mixin.py:154} INFO - ✅ Found 73 files — simulating human review...
[2025-05-07T03:39:44.024+0000] {logging_mixin.py:154} INFO - 💌 Sending email to team...
[2025-05-07T03:39:44.024+0000] {logging_mixin.py:154} INFO - hiyyyy time 2 label these new entries babe okthxbye
[2025-05-07T03:39:44.025+0000] {logging_mixin.py:154} INFO - ⚠️ Skipping duplicate article_248 — already exists in new_data.
[2025-05-07T03:39:44.025+0000] {logging_mixin.py:154} INFO - ⚠️ Skipping duplicate article_245 — already exists in new_data.
[2025-05-07T03:39:44.025+0000] {logging_mixin.py:154} INFO - ⚠️ Skipping duplicate article_245 — already exists in new_data.
[2025-05-07T03:39:44.025+0000] {logging_mixin.py:154} INFO - ⚠️ Skipping duplicate article_246 — already exists in new_data.
[2025-05-07T03:39:44.026+0000] {logging_mixin.py:154} INFO - ⚠️ Skipping duplicate article_245 — already exists in new_data.
[2025-05-07T03:39:44.026+0000] {logging_mixin.py:154} INFO - ⚠️ Skipping duplicate article_244 — already exists in new_data.
[2025-05-07T03:39:44.026+0000] {logging_mixin.py:154} INFO - ⚠️ Skipping duplicate article_244 — already exists in new_data.
[2025-05-07T03:39:44.027+0000] {logging_mixin.py:154} INFO - ⚠️ Skipping duplicate article_244 — already exists in new_data.
[2025-05-07T03:39:44.027+0000] {logging_mixin.py:154} INFO - ⚠️ Skipping duplicate article_249 — already exists in new_data.
[2025-05-07T03:39:44.027+0000] {logging_mixin.py:154} INFO - ⚠️ Skipping duplicate article_248 — already exists in new_data.
[2025-05-07T03:39:44.027+0000] {logging_mixin.py:154} INFO - ⚠️ Skipping duplicate article_246 — already exists in new_data.
[2025-05-07T03:39:44.028+0000] {logging_mixin.py:154} INFO - ⚠️ Skipping duplicate article_246 — already exists in new_data.
[2025-05-07T03:39:44.028+0000] {logging_mixin.py:154} INFO - ⚠️ Skipping duplicate article_248 — already exists in new_data.
[2025-05-07T03:39:44.028+0000] {logging_mixin.py:154} INFO - ⚠️ Skipping duplicate article_245 — already exists in new_data.
[2025-05-07T03:39:44.028+0000] {logging_mixin.py:154} INFO - ⚠️ Skipping duplicate article_248 — already exists in new_data.
[2025-05-07T03:39:44.028+0000] {logging_mixin.py:154} INFO - ⚠️ Skipping duplicate article_245 — already exists in new_data.
[2025-05-07T03:39:44.029+0000] {logging_mixin.py:154} INFO - ⚠️ Skipping duplicate article_248 — already exists in new_data.
[2025-05-07T03:39:44.029+0000] {logging_mixin.py:154} INFO - ⚠️ Skipping duplicate article_247 — already exists in new_data.
[2025-05-07T03:39:44.029+0000] {logging_mixin.py:154} INFO - ⚠️ Skipping duplicate article_248 — already exists in new_data.
[2025-05-07T03:39:44.030+0000] {logging_mixin.py:154} INFO - ⚠️ Skipping duplicate article_247 — already exists in new_data.
[2025-05-07T03:39:44.030+0000] {logging_mixin.py:154} INFO - ⚠️ Skipping duplicate article_246 — already exists in new_data.
[2025-05-07T03:39:44.030+0000] {logging_mixin.py:154} INFO - ⚠️ Skipping duplicate article_249 — already exists in new_data.
[2025-05-07T03:39:44.030+0000] {logging_mixin.py:154} INFO - ⚠️ Skipping duplicate article_246 — already exists in new_data.
[2025-05-07T03:39:44.030+0000] {logging_mixin.py:154} INFO - ⚠️ Skipping duplicate article_244 — already exists in new_data.
[2025-05-07T03:39:44.031+0000] {logging_mixin.py:154} INFO - ⚠️ Skipping duplicate article_247 — already exists in new_data.
[2025-05-07T03:39:44.031+0000] {logging_mixin.py:154} INFO - ⚠️ Skipping duplicate article_245 — already exists in new_data.
[2025-05-07T03:39:44.031+0000] {logging_mixin.py:154} INFO - ⚠️ Skipping duplicate article_247 — already exists in new_data.
[2025-05-07T03:39:44.031+0000] {logging_mixin.py:154} INFO - ⚠️ Skipping duplicate article_245 — already exists in new_data.
[2025-05-07T03:39:44.032+0000] {logging_mixin.py:154} INFO - ⚠️ Skipping duplicate article_246 — already exists in new_data.
[2025-05-07T03:39:44.032+0000] {logging_mixin.py:154} INFO - ⚠️ Skipping duplicate article_247 — already exists in new_data.
[2025-05-07T03:39:44.032+0000] {logging_mixin.py:154} INFO - ⚠️ Skipping duplicate article_248 — already exists in new_data.
[2025-05-07T03:39:44.032+0000] {logging_mixin.py:154} INFO - ⚠️ Skipping duplicate article_248 — already exists in new_data.
[2025-05-07T03:39:44.032+0000] {logging_mixin.py:154} INFO - ⚠️ Skipping duplicate article_245 — already exists in new_data.
[2025-05-07T03:39:44.033+0000] {logging_mixin.py:154} INFO - ⚠️ Skipping duplicate article_248 — already exists in new_data.
[2025-05-07T03:39:44.033+0000] {logging_mixin.py:154} INFO - ⚠️ Skipping duplicate article_245 — already exists in new_data.
[2025-05-07T03:39:44.033+0000] {logging_mixin.py:154} INFO - ⚠️ Skipping duplicate article_248 — already exists in new_data.
[2025-05-07T03:39:44.033+0000] {logging_mixin.py:154} INFO - ⚠️ Skipping duplicate article_246 — already exists in new_data.
[2025-05-07T03:39:44.033+0000] {logging_mixin.py:154} INFO - ⚠️ Skipping duplicate article_246 — already exists in new_data.
[2025-05-07T03:39:44.034+0000] {logging_mixin.py:154} INFO - ⚠️ Skipping duplicate article_247 — already exists in new_data.
[2025-05-07T03:39:44.034+0000] {logging_mixin.py:154} INFO - ⚠️ Skipping duplicate article_245 — already exists in new_data.
[2025-05-07T03:39:44.034+0000] {logging_mixin.py:154} INFO - ⚠️ Skipping duplicate article_245 — already exists in new_data.
[2025-05-07T03:39:44.034+0000] {logging_mixin.py:154} INFO - ⚠️ Skipping duplicate article_246 — already exists in new_data.
[2025-05-07T03:39:44.034+0000] {logging_mixin.py:154} INFO - ⚠️ Skipping duplicate article_245 — already exists in new_data.
[2025-05-07T03:39:44.035+0000] {logging_mixin.py:154} INFO - ⚠️ Skipping duplicate article_248 — already exists in new_data.
[2025-05-07T03:39:44.035+0000] {logging_mixin.py:154} INFO - ⚠️ Skipping duplicate article_249 — already exists in new_data.
[2025-05-07T03:39:44.035+0000] {logging_mixin.py:154} INFO - ⚠️ Skipping duplicate article_247 — already exists in new_data.
[2025-05-07T03:39:44.035+0000] {logging_mixin.py:154} INFO - ⚠️ Skipping duplicate article_247 — already exists in new_data.
[2025-05-07T03:39:44.036+0000] {logging_mixin.py:154} INFO - ⚠️ Skipping duplicate article_246 — already exists in new_data.
[2025-05-07T03:39:44.036+0000] {logging_mixin.py:154} INFO - ⚠️ Skipping duplicate article_247 — already exists in new_data.
[2025-05-07T03:39:44.036+0000] {logging_mixin.py:154} INFO - ⚠️ Skipping duplicate article_246 — already exists in new_data.
[2025-05-07T03:39:44.036+0000] {logging_mixin.py:154} INFO - ⚠️ Skipping duplicate article_247 — already exists in new_data.
[2025-05-07T03:39:44.036+0000] {logging_mixin.py:154} INFO - ⚠️ Skipping duplicate article_244 — already exists in new_data.
[2025-05-07T03:39:44.037+0000] {logging_mixin.py:154} INFO - ⚠️ Skipping duplicate article_245 — already exists in new_data.
[2025-05-07T03:39:44.037+0000] {logging_mixin.py:154} INFO - ⚠️ Skipping duplicate article_246 — already exists in new_data.
[2025-05-07T03:39:44.037+0000] {logging_mixin.py:154} INFO - ⚠️ Skipping duplicate article_246 — already exists in new_data.
[2025-05-07T03:39:44.037+0000] {logging_mixin.py:154} INFO - ⚠️ Skipping duplicate article_248 — already exists in new_data.
[2025-05-07T03:39:44.037+0000] {logging_mixin.py:154} INFO - ⚠️ Skipping duplicate article_247 — already exists in new_data.
[2025-05-07T03:39:44.038+0000] {logging_mixin.py:154} INFO - ⚠️ Skipping duplicate article_245 — already exists in new_data.
[2025-05-07T03:39:44.038+0000] {logging_mixin.py:154} INFO - ⚠️ Skipping duplicate article_249 — already exists in new_data.
[2025-05-07T03:39:44.038+0000] {logging_mixin.py:154} INFO - ⚠️ Skipping duplicate article_248 — already exists in new_data.
[2025-05-07T03:39:44.038+0000] {logging_mixin.py:154} INFO - ⚠️ Skipping duplicate article_248 — already exists in new_data.
[2025-05-07T03:39:44.038+0000] {logging_mixin.py:154} INFO - ⚠️ Skipping duplicate article_246 — already exists in new_data.
[2025-05-07T03:39:44.039+0000] {logging_mixin.py:154} INFO - ⚠️ Skipping duplicate article_247 — already exists in new_data.
[2025-05-07T03:39:44.039+0000] {logging_mixin.py:154} INFO - ⚠️ Skipping duplicate article_244 — already exists in new_data.
[2025-05-07T03:39:44.039+0000] {logging_mixin.py:154} INFO - ⚠️ Skipping duplicate article_247 — already exists in new_data.
[2025-05-07T03:39:44.039+0000] {logging_mixin.py:154} INFO - ⚠️ Skipping duplicate article_246 — already exists in new_data.
[2025-05-07T03:39:44.039+0000] {logging_mixin.py:154} INFO - ⚠️ Skipping duplicate article_245 — already exists in new_data.
[2025-05-07T03:39:44.040+0000] {logging_mixin.py:154} INFO - ⚠️ Skipping duplicate article_244 — already exists in new_data.
[2025-05-07T03:39:44.040+0000] {logging_mixin.py:154} INFO - ⚠️ Skipping duplicate article_247 — already exists in new_data.
[2025-05-07T03:39:44.040+0000] {logging_mixin.py:154} INFO - ⚠️ Skipping duplicate article_248 — already exists in new_data.
[2025-05-07T03:39:44.040+0000] {logging_mixin.py:154} INFO - ⚠️ Skipping duplicate article_247 — already exists in new_data.
[2025-05-07T03:39:44.040+0000] {logging_mixin.py:154} INFO - ⚠️ Skipping duplicate article_249 — already exists in new_data.
[2025-05-07T03:39:44.041+0000] {logging_mixin.py:154} INFO - ⚠️ Skipping duplicate article_244 — already exists in new_data.
[2025-05-07T03:39:44.041+0000] {logging_mixin.py:154} INFO - 🧠 Human review simulated for this batch.
[2025-05-07T03:39:44.041+0000] {python.py:194} INFO - Done. Returned value was: None
[2025-05-07T03:39:44.045+0000] {taskinstance.py:1400} INFO - Marking task as SUCCESS. dag_id=lgbtq_model_pipeline, task_id=human_review, execution_date=20250507T033938, start_date=20250507T033943, end_date=20250507T033944
[2025-05-07T03:39:44.064+0000] {local_task_job_runner.py:228} INFO - Task exited with return code 0
[2025-05-07T03:39:44.079+0000] {taskinstance.py:2778} INFO - 1 downstream tasks scheduled from follow-on schedule check
