[2025-04-30T06:59:46.176+0000] {taskinstance.py:1159} INFO - Dependencies all met for dep_context=non-requeueable deps ti=<TaskInstance: lgbtq_model_pipeline.human_review manual__2025-04-30T06:59:42.676534+00:00 [queued]>
[2025-04-30T06:59:46.181+0000] {taskinstance.py:1159} INFO - Dependencies all met for dep_context=requeueable deps ti=<TaskInstance: lgbtq_model_pipeline.human_review manual__2025-04-30T06:59:42.676534+00:00 [queued]>
[2025-04-30T06:59:46.181+0000] {taskinstance.py:1361} INFO - Starting attempt 1 of 1
[2025-04-30T06:59:46.189+0000] {taskinstance.py:1382} INFO - Executing <Task(PythonOperator): human_review> on 2025-04-30 06:59:42.676534+00:00
[2025-04-30T06:59:46.192+0000] {standard_task_runner.py:57} INFO - Started process 1884 to run task
[2025-04-30T06:59:46.195+0000] {standard_task_runner.py:84} INFO - Running: ['***', 'tasks', 'run', 'lgbtq_model_pipeline', 'human_review', 'manual__2025-04-30T06:59:42.676534+00:00', '--job-id', '52', '--raw', '--subdir', 'DAGS_FOLDER/lgbtq_model_pipeline.py', '--cfg-path', '/tmp/tmptc3zloq3']
[2025-04-30T06:59:46.197+0000] {standard_task_runner.py:85} INFO - Job 52: Subtask human_review
[2025-04-30T06:59:46.230+0000] {task_command.py:416} INFO - Running <TaskInstance: lgbtq_model_pipeline.human_review manual__2025-04-30T06:59:42.676534+00:00 [running]> on host a0ac12bced59
[2025-04-30T06:59:46.265+0000] {taskinstance.py:1662} INFO - Exporting env vars: AIRFLOW_CTX_DAG_OWNER='***' AIRFLOW_CTX_DAG_ID='lgbtq_model_pipeline' AIRFLOW_CTX_TASK_ID='human_review' AIRFLOW_CTX_EXECUTION_DATE='2025-04-30T06:59:42.676534+00:00' AIRFLOW_CTX_TRY_NUMBER='1' AIRFLOW_CTX_DAG_RUN_ID='manual__2025-04-30T06:59:42.676534+00:00'
[2025-04-30T06:59:46.266+0000] {logging_mixin.py:154} INFO - 👀 Checking for enough articles in review queue...
[2025-04-30T06:59:46.267+0000] {logging_mixin.py:154} INFO - ✅ Found 10 files — simulating human review...
[2025-04-30T06:59:46.267+0000] {logging_mixin.py:154} INFO - Moved article_24_2025-04-30T06:59:44.918418.json to new_data/
[2025-04-30T06:59:46.267+0000] {logging_mixin.py:154} INFO - Moved article_198_2025-04-30T06:34:50.226891.json to new_data/
[2025-04-30T06:59:46.267+0000] {logging_mixin.py:154} INFO - Moved article_211_2025-04-30T06:59:44.921533.json to new_data/
[2025-04-30T06:59:46.267+0000] {logging_mixin.py:154} INFO - Moved article_153_2025-04-30T06:59:44.920985.json to new_data/
[2025-04-30T06:59:46.267+0000] {logging_mixin.py:154} INFO - Moved article_6_2025-04-30T06:59:44.920458.json to new_data/
[2025-04-30T06:59:46.267+0000] {logging_mixin.py:154} INFO - Review complete.
[2025-04-30T06:59:46.268+0000] {python.py:194} INFO - Done. Returned value was: None
[2025-04-30T06:59:46.271+0000] {taskinstance.py:1400} INFO - Marking task as SUCCESS. dag_id=lgbtq_model_pipeline, task_id=human_review, execution_date=20250430T065942, start_date=20250430T065946, end_date=20250430T065946
[2025-04-30T06:59:46.295+0000] {local_task_job_runner.py:228} INFO - Task exited with return code 0
[2025-04-30T06:59:46.309+0000] {taskinstance.py:2778} INFO - 1 downstream tasks scheduled from follow-on schedule check
