[2025-05-07T11:12:50.141+0000] {taskinstance.py:1159} INFO - Dependencies all met for dep_context=non-requeueable deps ti=<TaskInstance: lgbtq_model_pipeline.notify_admin manual__2025-05-07T11:12:11.327698+00:00 [queued]>
[2025-05-07T11:12:50.145+0000] {taskinstance.py:1159} INFO - Dependencies all met for dep_context=requeueable deps ti=<TaskInstance: lgbtq_model_pipeline.notify_admin manual__2025-05-07T11:12:11.327698+00:00 [queued]>
[2025-05-07T11:12:50.145+0000] {taskinstance.py:1361} INFO - Starting attempt 1 of 1
[2025-05-07T11:12:50.151+0000] {taskinstance.py:1382} INFO - Executing <Task(PythonOperator): notify_admin> on 2025-05-07 11:12:11.327698+00:00
[2025-05-07T11:12:50.159+0000] {standard_task_runner.py:57} INFO - Started process 20359 to run task
[2025-05-07T11:12:50.162+0000] {standard_task_runner.py:84} INFO - Running: ['***', 'tasks', 'run', 'lgbtq_model_pipeline', 'notify_admin', 'manual__2025-05-07T11:12:11.327698+00:00', '--job-id', '128', '--raw', '--subdir', 'DAGS_FOLDER/lgbtq_model_pipeline.py', '--cfg-path', '/tmp/tmp_bsjfqqu']
[2025-05-07T11:12:50.164+0000] {standard_task_runner.py:85} INFO - Job 128: Subtask notify_admin
[2025-05-07T11:12:50.187+0000] {task_command.py:416} INFO - Running <TaskInstance: lgbtq_model_pipeline.notify_admin manual__2025-05-07T11:12:11.327698+00:00 [running]> on host 6fdcfcafebfc
[2025-05-07T11:12:50.223+0000] {taskinstance.py:1662} INFO - Exporting env vars: AIRFLOW_CTX_DAG_OWNER='***' AIRFLOW_CTX_DAG_ID='lgbtq_model_pipeline' AIRFLOW_CTX_TASK_ID='notify_admin' AIRFLOW_CTX_EXECUTION_DATE='2025-05-07T11:12:11.327698+00:00' AIRFLOW_CTX_TRY_NUMBER='1' AIRFLOW_CTX_DAG_RUN_ID='manual__2025-05-07T11:12:11.327698+00:00'
[2025-05-07T11:12:50.224+0000] {logging_mixin.py:154} INFO - 📣 Running notify_admin task...
[2025-05-07T11:12:50.225+0000] {logging_mixin.py:154} INFO - 
📢 A new model was deployed!
🆕 Path:     /opt/***/models/production_model_20250507111247.joblib
📂 Source:   /opt/***/models/production_model_20250507101952.joblib
🕒 Deployed: 2025-05-07T11:12:48.184619
📝 Reason:   automated pipeline decision
        
[2025-05-07T11:12:50.225+0000] {python.py:194} INFO - Done. Returned value was: None
[2025-05-07T11:12:50.229+0000] {taskinstance.py:1400} INFO - Marking task as SUCCESS. dag_id=lgbtq_model_pipeline, task_id=notify_admin, execution_date=20250507T111211, start_date=20250507T111250, end_date=20250507T111250
[2025-05-07T11:12:50.260+0000] {local_task_job_runner.py:228} INFO - Task exited with return code 0
[2025-05-07T11:12:50.272+0000] {taskinstance.py:2778} INFO - 0 downstream tasks scheduled from follow-on schedule check
