[2025-05-01T09:09:38.909+0000] {taskinstance.py:1159} INFO - Dependencies all met for dep_context=non-requeueable deps ti=<TaskInstance: lgbtq_model_pipeline.human_review manual__2025-05-01T09:09:15.846373+00:00 [queued]>
[2025-05-01T09:09:38.913+0000] {taskinstance.py:1159} INFO - Dependencies all met for dep_context=requeueable deps ti=<TaskInstance: lgbtq_model_pipeline.human_review manual__2025-05-01T09:09:15.846373+00:00 [queued]>
[2025-05-01T09:09:38.913+0000] {taskinstance.py:1361} INFO - Starting attempt 1 of 1
[2025-05-01T09:09:38.919+0000] {taskinstance.py:1382} INFO - Executing <Task(PythonOperator): human_review> on 2025-05-01 09:09:15.846373+00:00
[2025-05-01T09:09:38.923+0000] {standard_task_runner.py:57} INFO - Started process 231 to run task
[2025-05-01T09:09:38.926+0000] {standard_task_runner.py:84} INFO - Running: ['***', 'tasks', 'run', 'lgbtq_model_pipeline', 'human_review', 'manual__2025-05-01T09:09:15.846373+00:00', '--job-id', '157', '--raw', '--subdir', 'DAGS_FOLDER/lgbtq_model_pipeline.py', '--cfg-path', '/tmp/tmpkeowiskw']
[2025-05-01T09:09:38.930+0000] {standard_task_runner.py:85} INFO - Job 157: Subtask human_review
[2025-05-01T09:09:38.951+0000] {task_command.py:416} INFO - Running <TaskInstance: lgbtq_model_pipeline.human_review manual__2025-05-01T09:09:15.846373+00:00 [running]> on host a943459b2993
[2025-05-01T09:09:38.985+0000] {taskinstance.py:1662} INFO - Exporting env vars: AIRFLOW_CTX_DAG_OWNER='***' AIRFLOW_CTX_DAG_ID='lgbtq_model_pipeline' AIRFLOW_CTX_TASK_ID='human_review' AIRFLOW_CTX_EXECUTION_DATE='2025-05-01T09:09:15.846373+00:00' AIRFLOW_CTX_TRY_NUMBER='1' AIRFLOW_CTX_DAG_RUN_ID='manual__2025-05-01T09:09:15.846373+00:00'
[2025-05-01T09:09:38.985+0000] {logging_mixin.py:154} INFO - 👀 Checking for enough articles in review queue...
[2025-05-01T09:09:38.986+0000] {logging_mixin.py:154} INFO - ✅ Found 5 files — simulating human review...
[2025-05-01T09:09:38.986+0000] {logging_mixin.py:154} INFO - 💌 Sending email to team...
[2025-05-01T09:09:38.986+0000] {logging_mixin.py:154} INFO - hiyyyy time 2 label these new entries babe okthxbye
[2025-05-01T09:09:38.988+0000] {logging_mixin.py:154} INFO - 📤 Reviewed + moved article_6_2025-05-01T09:09:36.442618.json → new_data/
[2025-05-01T09:09:38.989+0000] {logging_mixin.py:154} INFO - 📤 Reviewed + moved article_24_2025-05-01T09:09:36.441158.json → new_data/
[2025-05-01T09:09:38.990+0000] {logging_mixin.py:154} INFO - 📤 Reviewed + moved article_198_2025-05-01T09:09:36.445573.json → new_data/
[2025-05-01T09:09:38.991+0000] {logging_mixin.py:154} INFO - 📤 Reviewed + moved article_153_2025-05-01T09:09:36.443658.json → new_data/
[2025-05-01T09:09:38.993+0000] {logging_mixin.py:154} INFO - 📤 Reviewed + moved article_211_2025-05-01T09:09:36.444603.json → new_data/
[2025-05-01T09:09:38.993+0000] {logging_mixin.py:154} INFO - 🧠 Human review simulated for this batch.
[2025-05-01T09:09:38.993+0000] {python.py:194} INFO - Done. Returned value was: None
[2025-05-01T09:09:38.997+0000] {taskinstance.py:1400} INFO - Marking task as SUCCESS. dag_id=lgbtq_model_pipeline, task_id=human_review, execution_date=20250501T090915, start_date=20250501T090938, end_date=20250501T090938
[2025-05-01T09:09:39.028+0000] {local_task_job_runner.py:228} INFO - Task exited with return code 0
[2025-05-01T09:09:39.043+0000] {taskinstance.py:2778} INFO - 1 downstream tasks scheduled from follow-on schedule check
