[2025-05-01T20:57:40.209+0000] {taskinstance.py:1159} INFO - Dependencies all met for dep_context=non-requeueable deps ti=<TaskInstance: lgbtq_model_pipeline.human_review manual__2025-05-01T20:57:09.698447+00:00 [queued]>
[2025-05-01T20:57:40.212+0000] {taskinstance.py:1159} INFO - Dependencies all met for dep_context=requeueable deps ti=<TaskInstance: lgbtq_model_pipeline.human_review manual__2025-05-01T20:57:09.698447+00:00 [queued]>
[2025-05-01T20:57:40.212+0000] {taskinstance.py:1361} INFO - Starting attempt 1 of 1
[2025-05-01T20:57:40.218+0000] {taskinstance.py:1382} INFO - Executing <Task(PythonOperator): human_review> on 2025-05-01 20:57:09.698447+00:00
[2025-05-01T20:57:40.222+0000] {standard_task_runner.py:57} INFO - Started process 243 to run task
[2025-05-01T20:57:40.224+0000] {standard_task_runner.py:84} INFO - Running: ['***', 'tasks', 'run', 'lgbtq_model_pipeline', 'human_review', 'manual__2025-05-01T20:57:09.698447+00:00', '--job-id', '240', '--raw', '--subdir', 'DAGS_FOLDER/lgbtq_model_pipeline.py', '--cfg-path', '/tmp/tmp_dc3r53d']
[2025-05-01T20:57:40.228+0000] {standard_task_runner.py:85} INFO - Job 240: Subtask human_review
[2025-05-01T20:57:40.249+0000] {task_command.py:416} INFO - Running <TaskInstance: lgbtq_model_pipeline.human_review manual__2025-05-01T20:57:09.698447+00:00 [running]> on host 56e84b53a4ae
[2025-05-01T20:57:40.283+0000] {taskinstance.py:1662} INFO - Exporting env vars: AIRFLOW_CTX_DAG_OWNER='***' AIRFLOW_CTX_DAG_ID='lgbtq_model_pipeline' AIRFLOW_CTX_TASK_ID='human_review' AIRFLOW_CTX_EXECUTION_DATE='2025-05-01T20:57:09.698447+00:00' AIRFLOW_CTX_TRY_NUMBER='1' AIRFLOW_CTX_DAG_RUN_ID='manual__2025-05-01T20:57:09.698447+00:00'
[2025-05-01T20:57:40.284+0000] {logging_mixin.py:154} INFO - 👀 Checking for enough articles in review queue...
[2025-05-01T20:57:40.284+0000] {logging_mixin.py:154} INFO - ✅ Found 5 files — simulating human review...
[2025-05-01T20:57:40.284+0000] {logging_mixin.py:154} INFO - 💌 Sending email to team...
[2025-05-01T20:57:40.284+0000] {logging_mixin.py:154} INFO - hiyyyy time 2 label these new entries babe okthxbye
[2025-05-01T20:57:40.285+0000] {logging_mixin.py:154} INFO - ⚠️ Skipping duplicate article_245 — already exists in new_data.
[2025-05-01T20:57:40.285+0000] {logging_mixin.py:154} INFO - ⚠️ Skipping duplicate article_248 — already exists in new_data.
[2025-05-01T20:57:40.286+0000] {logging_mixin.py:154} INFO - ⚠️ Skipping duplicate article_244 — already exists in new_data.
[2025-05-01T20:57:40.286+0000] {logging_mixin.py:154} INFO - ⚠️ Skipping duplicate article_246 — already exists in new_data.
[2025-05-01T20:57:40.286+0000] {logging_mixin.py:154} INFO - ⚠️ Skipping duplicate article_247 — already exists in new_data.
[2025-05-01T20:57:40.286+0000] {logging_mixin.py:154} INFO - 🧠 Human review simulated for this batch.
[2025-05-01T20:57:40.286+0000] {python.py:194} INFO - Done. Returned value was: None
[2025-05-01T20:57:40.290+0000] {taskinstance.py:1400} INFO - Marking task as SUCCESS. dag_id=lgbtq_model_pipeline, task_id=human_review, execution_date=20250501T205709, start_date=20250501T205740, end_date=20250501T205740
[2025-05-01T20:57:40.323+0000] {local_task_job_runner.py:228} INFO - Task exited with return code 0
[2025-05-01T20:57:40.339+0000] {taskinstance.py:2778} INFO - 1 downstream tasks scheduled from follow-on schedule check
