[2025-05-07T10:46:56.878+0000] {taskinstance.py:1159} INFO - Dependencies all met for dep_context=non-requeueable deps ti=<TaskInstance: lgbtq_model_pipeline.retrain manual__2025-05-07T10:46:48.626569+00:00 [queued]>
[2025-05-07T10:46:56.882+0000] {taskinstance.py:1159} INFO - Dependencies all met for dep_context=requeueable deps ti=<TaskInstance: lgbtq_model_pipeline.retrain manual__2025-05-07T10:46:48.626569+00:00 [queued]>
[2025-05-07T10:46:56.882+0000] {taskinstance.py:1361} INFO - Starting attempt 1 of 1
[2025-05-07T10:46:56.888+0000] {taskinstance.py:1382} INFO - Executing <Task(PythonOperator): retrain> on 2025-05-07 10:46:48.626569+00:00
[2025-05-07T10:46:56.896+0000] {standard_task_runner.py:57} INFO - Started process 18735 to run task
[2025-05-07T10:46:56.899+0000] {standard_task_runner.py:84} INFO - Running: ['***', 'tasks', 'run', 'lgbtq_model_pipeline', 'retrain', 'manual__2025-05-07T10:46:48.626569+00:00', '--job-id', '103', '--raw', '--subdir', 'DAGS_FOLDER/lgbtq_model_pipeline.py', '--cfg-path', '/tmp/tmporddx4p8']
[2025-05-07T10:46:56.902+0000] {standard_task_runner.py:85} INFO - Job 103: Subtask retrain
[2025-05-07T10:46:56.926+0000] {task_command.py:416} INFO - Running <TaskInstance: lgbtq_model_pipeline.retrain manual__2025-05-07T10:46:48.626569+00:00 [running]> on host 6fdcfcafebfc
[2025-05-07T10:46:56.959+0000] {taskinstance.py:1662} INFO - Exporting env vars: AIRFLOW_CTX_DAG_OWNER='***' AIRFLOW_CTX_DAG_ID='lgbtq_model_pipeline' AIRFLOW_CTX_TASK_ID='retrain' AIRFLOW_CTX_EXECUTION_DATE='2025-05-07T10:46:48.626569+00:00' AIRFLOW_CTX_TRY_NUMBER='1' AIRFLOW_CTX_DAG_RUN_ID='manual__2025-05-07T10:46:48.626569+00:00'
[2025-05-07T10:46:56.960+0000] {logging_mixin.py:154} INFO - 📦 Combining data...
[2025-05-07T10:46:57.204+0000] {logging_mixin.py:154} INFO - 📚 Loading labeled data...
[2025-05-07T10:46:57.303+0000] {logging_mixin.py:154} INFO - 🧠 Initial memory usage: 33.6%
[2025-05-07T10:46:57.303+0000] {logging_mixin.py:154} INFO - 🧠 Preparing triplet training data...
[2025-05-07T10:46:58.225+0000] {logging_mixin.py:154} INFO - 🔍 Loading encoder from local cache...
[2025-05-07T10:46:58.500+0000] {logging_mixin.py:154} INFO - 🖥️ Using device: cpu
[2025-05-07T10:46:58.503+0000] {logging_mixin.py:154} INFO - 📊 Using gradient accumulation: effective batch size = 8
[2025-05-07T10:46:58.635+0000] {logging_mixin.py:154} INFO - 🚀 Training triplet model...
[2025-05-07T10:46:58.652+0000] {logging_mixin.py:154} INFO - 📊 Epoch 1/1 — 0% complete (1/125 batches)
[2025-05-07T10:47:07.186+0000] {local_task_job_runner.py:294} WARNING - State of this instance has been externally set to success. Terminating instance.
[2025-05-07T10:47:07.209+0000] {process_utils.py:131} INFO - Sending 15 to group 18735. PIDs of all processes in the group: [18735]
[2025-05-07T10:47:07.210+0000] {process_utils.py:86} INFO - Sending the signal 15 to group 18735
[2025-05-07T10:47:28.176+0000] {taskinstance.py:1632} ERROR - Received SIGTERM. Terminating subprocesses.
[2025-05-07T10:47:28.373+0000] {process_utils.py:79} INFO - Process psutil.Process(pid=18735, status='terminated', exitcode=0, started='10:46:55') (18735) terminated with exit code 0
