[2025-05-01T09:49:39.537+0000] {taskinstance.py:1159} INFO - Dependencies all met for dep_context=non-requeueable deps ti=<TaskInstance: lgbtq_model_pipeline.fetch_articles manual__2025-05-01T09:49:37.268442+00:00 [queued]>
[2025-05-01T09:49:39.541+0000] {taskinstance.py:1159} INFO - Dependencies all met for dep_context=requeueable deps ti=<TaskInstance: lgbtq_model_pipeline.fetch_articles manual__2025-05-01T09:49:37.268442+00:00 [queued]>
[2025-05-01T09:49:39.541+0000] {taskinstance.py:1361} INFO - Starting attempt 1 of 1
[2025-05-01T09:49:39.547+0000] {taskinstance.py:1382} INFO - Executing <Task(PythonOperator): fetch_articles> on 2025-05-01 09:49:37.268442+00:00
[2025-05-01T09:49:39.553+0000] {standard_task_runner.py:57} INFO - Started process 241 to run task
[2025-05-01T09:49:39.555+0000] {standard_task_runner.py:84} INFO - Running: ['***', 'tasks', 'run', 'lgbtq_model_pipeline', 'fetch_articles', 'manual__2025-05-01T09:49:37.268442+00:00', '--job-id', '183', '--raw', '--subdir', 'DAGS_FOLDER/lgbtq_model_pipeline.py', '--cfg-path', '/tmp/tmpnip8d_z4']
[2025-05-01T09:49:39.560+0000] {standard_task_runner.py:85} INFO - Job 183: Subtask fetch_articles
[2025-05-01T09:49:39.587+0000] {task_command.py:416} INFO - Running <TaskInstance: lgbtq_model_pipeline.fetch_articles manual__2025-05-01T09:49:37.268442+00:00 [running]> on host 746c0c273008
[2025-05-01T09:49:39.622+0000] {taskinstance.py:1662} INFO - Exporting env vars: AIRFLOW_CTX_DAG_OWNER='***' AIRFLOW_CTX_DAG_ID='lgbtq_model_pipeline' AIRFLOW_CTX_TASK_ID='fetch_articles' AIRFLOW_CTX_EXECUTION_DATE='2025-05-01T09:49:37.268442+00:00' AIRFLOW_CTX_TRY_NUMBER='1' AIRFLOW_CTX_DAG_RUN_ID='manual__2025-05-01T09:49:37.268442+00:00'
[2025-05-01T09:49:39.623+0000] {logging_mixin.py:154} INFO - Fetching CSV data from Google Sheets...
[2025-05-01T09:49:41.018+0000] {logging_mixin.py:154} INFO - Generating embeddings...
[2025-05-01T09:49:41.020+0000] {SentenceTransformer.py:208} INFO - Use pytorch device_name: cpu
[2025-05-01T09:49:41.020+0000] {SentenceTransformer.py:216} INFO - Load pretrained SentenceTransformer: all-MiniLM-L6-v2
[2025-05-01T09:49:42.448+0000] {file_download.py:1670} WARNING - Xet Storage is enabled for this repo, but the 'hf_xet' package is not installed. Falling back to regular HTTP download. For better performance, install the package with: `pip install huggingface_hub[hf_xet]` or `pip install hf_xet`
[2025-05-01T09:49:51.486+0000] {logging_mixin.py:154} INFO - Loading classifier...
[2025-05-01T09:49:51.488+0000] {logging_mixin.py:154} INFO - Predicting stances...
[2025-05-01T09:49:51.491+0000] {logging_mixin.py:154} INFO - Saved article to /opt/***/review_queue/article_24_2025-05-01T09:49:51.490338.json
[2025-05-01T09:49:51.492+0000] {logging_mixin.py:154} INFO - Saved article to /opt/***/review_queue/article_6_2025-05-01T09:49:51.491923.json
[2025-05-01T09:49:51.493+0000] {logging_mixin.py:154} INFO - Saved article to /opt/***/review_queue/article_153_2025-05-01T09:49:51.492899.json
[2025-05-01T09:49:51.494+0000] {logging_mixin.py:154} INFO - Saved article to /opt/***/review_queue/article_211_2025-05-01T09:49:51.494034.json
[2025-05-01T09:49:51.495+0000] {logging_mixin.py:154} INFO - Saved article to /opt/***/review_queue/article_198_2025-05-01T09:49:51.495060.json
[2025-05-01T09:49:51.495+0000] {logging_mixin.py:154} INFO - Finished processing 5 articles.
[2025-05-01T09:49:51.496+0000] {python.py:194} INFO - Done. Returned value was: None
[2025-05-01T09:49:51.503+0000] {taskinstance.py:1400} INFO - Marking task as SUCCESS. dag_id=lgbtq_model_pipeline, task_id=fetch_articles, execution_date=20250501T094937, start_date=20250501T094939, end_date=20250501T094951
[2025-05-01T09:49:51.553+0000] {local_task_job_runner.py:228} INFO - Task exited with return code 0
[2025-05-01T09:49:51.570+0000] {taskinstance.py:2778} INFO - 1 downstream tasks scheduled from follow-on schedule check
