[2025-05-07T11:39:04.270+0000] {taskinstance.py:1159} INFO - Dependencies all met for dep_context=non-requeueable deps ti=<TaskInstance: lgbtq_model_pipeline.decide_branch manual__2025-05-07T11:38:51.443976+00:00 [queued]>
[2025-05-07T11:39:04.274+0000] {taskinstance.py:1159} INFO - Dependencies all met for dep_context=requeueable deps ti=<TaskInstance: lgbtq_model_pipeline.decide_branch manual__2025-05-07T11:38:51.443976+00:00 [queued]>
[2025-05-07T11:39:04.274+0000] {taskinstance.py:1361} INFO - Starting attempt 1 of 1
[2025-05-07T11:39:04.280+0000] {taskinstance.py:1382} INFO - Executing <Task(BranchPythonOperator): decide_branch> on 2025-05-07 11:38:51.443976+00:00
[2025-05-07T11:39:04.289+0000] {standard_task_runner.py:57} INFO - Started process 21958 to run task
[2025-05-07T11:39:04.291+0000] {standard_task_runner.py:84} INFO - Running: ['***', 'tasks', 'run', 'lgbtq_model_pipeline', 'decide_branch', 'manual__2025-05-07T11:38:51.443976+00:00', '--job-id', '158', '--raw', '--subdir', 'DAGS_FOLDER/lgbtq_model_pipeline.py', '--cfg-path', '/tmp/tmpjtmpf4w7']
[2025-05-07T11:39:04.293+0000] {standard_task_runner.py:85} INFO - Job 158: Subtask decide_branch
[2025-05-07T11:39:04.317+0000] {task_command.py:416} INFO - Running <TaskInstance: lgbtq_model_pipeline.decide_branch manual__2025-05-07T11:38:51.443976+00:00 [running]> on host 6fdcfcafebfc
[2025-05-07T11:39:04.391+0000] {taskinstance.py:1662} INFO - Exporting env vars: AIRFLOW_CTX_DAG_OWNER='***' AIRFLOW_CTX_DAG_ID='lgbtq_model_pipeline' AIRFLOW_CTX_TASK_ID='decide_branch' AIRFLOW_CTX_EXECUTION_DATE='2025-05-07T11:38:51.443976+00:00' AIRFLOW_CTX_TRY_NUMBER='1' AIRFLOW_CTX_DAG_RUN_ID='manual__2025-05-07T11:38:51.443976+00:00'
[2025-05-07T11:39:04.392+0000] {logging_mixin.py:154} INFO - 👀 Evaluating model performance...
[2025-05-07T11:39:04.393+0000] {logging_mixin.py:154} INFO - 🔢 Previous Accuracy: 0.6426
[2025-05-07T11:39:04.393+0000] {logging_mixin.py:154} INFO - 🔢 New Accuracy:      0.6426
[2025-05-07T11:39:04.394+0000] {logging_mixin.py:154} INFO - ✅ Deploying new model
[2025-05-07T11:39:04.394+0000] {python.py:194} INFO - Done. Returned value was: deploy_model
[2025-05-07T11:39:04.394+0000] {python.py:227} INFO - Branch callable return deploy_model
[2025-05-07T11:39:04.394+0000] {skipmixin.py:173} INFO - Following branch deploy_model
[2025-05-07T11:39:04.408+0000] {skipmixin.py:239} INFO - Skipping tasks [('keep_model', -1)]
[2025-05-07T11:39:04.449+0000] {taskinstance.py:1400} INFO - Marking task as SUCCESS. dag_id=lgbtq_model_pipeline, task_id=decide_branch, execution_date=20250507T113851, start_date=20250507T113904, end_date=20250507T113904
[2025-05-07T11:39:04.470+0000] {local_task_job_runner.py:228} INFO - Task exited with return code 0
[2025-05-07T11:39:04.488+0000] {taskinstance.py:2778} INFO - 1 downstream tasks scheduled from follow-on schedule check
