[2025-05-07T03:45:11.613+0000] {taskinstance.py:1159} INFO - Dependencies all met for dep_context=non-requeueable deps ti=<TaskInstance: lgbtq_model_pipeline.retrain manual__2025-05-07T03:45:03.416032+00:00 [queued]>
[2025-05-07T03:45:11.617+0000] {taskinstance.py:1159} INFO - Dependencies all met for dep_context=requeueable deps ti=<TaskInstance: lgbtq_model_pipeline.retrain manual__2025-05-07T03:45:03.416032+00:00 [queued]>
[2025-05-07T03:45:11.617+0000] {taskinstance.py:1361} INFO - Starting attempt 1 of 1
[2025-05-07T03:45:11.623+0000] {taskinstance.py:1382} INFO - Executing <Task(PythonOperator): retrain> on 2025-05-07 03:45:03.416032+00:00
[2025-05-07T03:45:11.631+0000] {standard_task_runner.py:57} INFO - Started process 2830 to run task
[2025-05-07T03:45:11.634+0000] {standard_task_runner.py:84} INFO - Running: ['***', 'tasks', 'run', 'lgbtq_model_pipeline', 'retrain', 'manual__2025-05-07T03:45:03.416032+00:00', '--job-id', '44', '--raw', '--subdir', 'DAGS_FOLDER/lgbtq_model_pipeline.py', '--cfg-path', '/tmp/tmpl79j0lzg']
[2025-05-07T03:45:11.636+0000] {standard_task_runner.py:85} INFO - Job 44: Subtask retrain
[2025-05-07T03:45:11.693+0000] {task_command.py:416} INFO - Running <TaskInstance: lgbtq_model_pipeline.retrain manual__2025-05-07T03:45:03.416032+00:00 [running]> on host 6fdcfcafebfc
[2025-05-07T03:45:11.760+0000] {taskinstance.py:1662} INFO - Exporting env vars: AIRFLOW_CTX_DAG_OWNER='***' AIRFLOW_CTX_DAG_ID='lgbtq_model_pipeline' AIRFLOW_CTX_TASK_ID='retrain' AIRFLOW_CTX_EXECUTION_DATE='2025-05-07T03:45:03.416032+00:00' AIRFLOW_CTX_TRY_NUMBER='1' AIRFLOW_CTX_DAG_RUN_ID='manual__2025-05-07T03:45:03.416032+00:00'
[2025-05-07T03:45:11.762+0000] {logging_mixin.py:154} INFO - 📦 Combining data...
[2025-05-07T03:45:12.020+0000] {logging_mixin.py:154} INFO - ⚠️ Skipping duplicate article_246
[2025-05-07T03:45:12.020+0000] {logging_mixin.py:154} INFO - ⚠️ Skipping duplicate article_247
[2025-05-07T03:45:12.021+0000] {logging_mixin.py:154} INFO - ⚠️ Skipping duplicate article_245
[2025-05-07T03:45:12.022+0000] {logging_mixin.py:154} INFO - ⚠️ Skipping duplicate article_249
[2025-05-07T03:45:12.022+0000] {logging_mixin.py:154} INFO - ⚠️ Skipping duplicate article_248
[2025-05-07T03:45:12.023+0000] {logging_mixin.py:154} INFO - ⚠️ Skipping duplicate article_244
[2025-05-07T03:45:12.023+0000] {logging_mixin.py:154} INFO - 📚 Loading labeled data...
[2025-05-07T03:45:12.122+0000] {logging_mixin.py:154} INFO - 🧠 Preparing triplet training data...
[2025-05-07T03:45:12.700+0000] {logging_mixin.py:154} INFO - 🔍 Loading encoder from local cache...
[2025-05-07T03:45:13.489+0000] {logging_mixin.py:154} INFO - 🚀 Training triplet model...
[2025-05-07T03:45:36.426+0000] {local_task_job_runner.py:228} INFO - Task exited with return code -9
[2025-05-07T03:45:36.487+0000] {taskinstance.py:2778} INFO - 0 downstream tasks scheduled from follow-on schedule check
