[2025-05-01T09:49:55.463+0000] {taskinstance.py:1159} INFO - Dependencies all met for dep_context=non-requeueable deps ti=<TaskInstance: lgbtq_model_pipeline.retrain manual__2025-05-01T09:49:37.268442+00:00 [queued]>
[2025-05-01T09:49:55.467+0000] {taskinstance.py:1159} INFO - Dependencies all met for dep_context=requeueable deps ti=<TaskInstance: lgbtq_model_pipeline.retrain manual__2025-05-01T09:49:37.268442+00:00 [queued]>
[2025-05-01T09:49:55.467+0000] {taskinstance.py:1361} INFO - Starting attempt 1 of 1
[2025-05-01T09:49:55.472+0000] {taskinstance.py:1382} INFO - Executing <Task(PythonOperator): retrain> on 2025-05-01 09:49:37.268442+00:00
[2025-05-01T09:49:55.476+0000] {standard_task_runner.py:57} INFO - Started process 293 to run task
[2025-05-01T09:49:55.478+0000] {standard_task_runner.py:84} INFO - Running: ['***', 'tasks', 'run', 'lgbtq_model_pipeline', 'retrain', 'manual__2025-05-01T09:49:37.268442+00:00', '--job-id', '185', '--raw', '--subdir', 'DAGS_FOLDER/lgbtq_model_pipeline.py', '--cfg-path', '/tmp/tmpi32muis_']
[2025-05-01T09:49:55.482+0000] {standard_task_runner.py:85} INFO - Job 185: Subtask retrain
[2025-05-01T09:49:55.501+0000] {task_command.py:416} INFO - Running <TaskInstance: lgbtq_model_pipeline.retrain manual__2025-05-01T09:49:37.268442+00:00 [running]> on host 746c0c273008
[2025-05-01T09:49:55.535+0000] {taskinstance.py:1662} INFO - Exporting env vars: AIRFLOW_CTX_DAG_OWNER='***' AIRFLOW_CTX_DAG_ID='lgbtq_model_pipeline' AIRFLOW_CTX_TASK_ID='retrain' AIRFLOW_CTX_EXECUTION_DATE='2025-05-01T09:49:37.268442+00:00' AIRFLOW_CTX_TRY_NUMBER='1' AIRFLOW_CTX_DAG_RUN_ID='manual__2025-05-01T09:49:37.268442+00:00'
[2025-05-01T09:49:55.536+0000] {logging_mixin.py:154} INFO - 🔁 Starting retraining process...
[2025-05-01T09:49:55.536+0000] {logging_mixin.py:154} INFO - 📦 Combining production and new data into all_data...
[2025-05-01T09:49:55.543+0000] {logging_mixin.py:154} INFO - 📊 Loading all training data...
[2025-05-01T09:49:55.553+0000] {logging_mixin.py:154} INFO - 🧠 Retraining classifier on 30 samples...
[2025-05-01T09:49:55.553+0000] {logging_mixin.py:154} INFO - 📂 Loading previous model from /opt/***/models/classifier.joblib
[2025-05-01T09:49:55.555+0000] {logging_mixin.py:154} INFO - 🛡️ Backed up previous model to /opt/***/models/classifier_backup_20250501094955.joblib
[2025-05-01T09:49:55.567+0000] {logging_mixin.py:154} INFO - ✅ Saved retrained classifier to /opt/***/models/classifier.joblib
[2025-05-01T09:49:55.569+0000] {logging_mixin.py:154} INFO - 📦 Generating predictions for metric evaluation...
[2025-05-01T09:49:55.687+0000] {logging_mixin.py:154} INFO - ✅ Saved predictions to /opt/***/predictions/latest_predictions.parquet
[2025-05-01T09:49:55.688+0000] {python.py:194} INFO - Done. Returned value was: None
[2025-05-01T09:49:55.702+0000] {taskinstance.py:1400} INFO - Marking task as SUCCESS. dag_id=lgbtq_model_pipeline, task_id=retrain, execution_date=20250501T094937, start_date=20250501T094955, end_date=20250501T094955
[2025-05-01T09:49:55.749+0000] {local_task_job_runner.py:228} INFO - Task exited with return code 0
[2025-05-01T09:49:55.764+0000] {taskinstance.py:2778} INFO - 1 downstream tasks scheduled from follow-on schedule check
