[2025-05-01T21:38:08.761+0000] {taskinstance.py:1159} INFO - Dependencies all met for dep_context=non-requeueable deps ti=<TaskInstance: lgbtq_model_pipeline.retrain manual__2025-05-01T21:37:37.333055+00:00 [queued]>
[2025-05-01T21:38:08.764+0000] {taskinstance.py:1159} INFO - Dependencies all met for dep_context=requeueable deps ti=<TaskInstance: lgbtq_model_pipeline.retrain manual__2025-05-01T21:37:37.333055+00:00 [queued]>
[2025-05-01T21:38:08.765+0000] {taskinstance.py:1361} INFO - Starting attempt 1 of 1
[2025-05-01T21:38:08.770+0000] {taskinstance.py:1382} INFO - Executing <Task(PythonOperator): retrain> on 2025-05-01 21:37:37.333055+00:00
[2025-05-01T21:38:08.777+0000] {standard_task_runner.py:57} INFO - Started process 768 to run task
[2025-05-01T21:38:08.787+0000] {standard_task_runner.py:84} INFO - Running: ['***', 'tasks', 'run', 'lgbtq_model_pipeline', 'retrain', 'manual__2025-05-01T21:37:37.333055+00:00', '--job-id', '19', '--raw', '--subdir', 'DAGS_FOLDER/lgbtq_model_pipeline.py', '--cfg-path', '/tmp/tmpydo42222']
[2025-05-01T21:38:08.791+0000] {standard_task_runner.py:85} INFO - Job 19: Subtask retrain
[2025-05-01T21:38:08.816+0000] {task_command.py:416} INFO - Running <TaskInstance: lgbtq_model_pipeline.retrain manual__2025-05-01T21:37:37.333055+00:00 [running]> on host f2df6932d319
[2025-05-01T21:38:08.852+0000] {taskinstance.py:1662} INFO - Exporting env vars: AIRFLOW_CTX_DAG_OWNER='***' AIRFLOW_CTX_DAG_ID='lgbtq_model_pipeline' AIRFLOW_CTX_TASK_ID='retrain' AIRFLOW_CTX_EXECUTION_DATE='2025-05-01T21:37:37.333055+00:00' AIRFLOW_CTX_TRY_NUMBER='1' AIRFLOW_CTX_DAG_RUN_ID='manual__2025-05-01T21:37:37.333055+00:00'
[2025-05-01T21:38:08.853+0000] {logging_mixin.py:154} INFO - 🔁 Starting retraining process...
[2025-05-01T21:38:08.854+0000] {logging_mixin.py:154} INFO - 📦 Combining production and new data into all_data...
[2025-05-01T21:38:08.870+0000] {logging_mixin.py:154} INFO - ⚠️ Skipping duplicate article_246
[2025-05-01T21:38:08.870+0000] {logging_mixin.py:154} INFO - ⚠️ Skipping duplicate article_247
[2025-05-01T21:38:08.871+0000] {logging_mixin.py:154} INFO - ⚠️ Skipping duplicate article_245
[2025-05-01T21:38:08.871+0000] {logging_mixin.py:154} INFO - ⚠️ Skipping duplicate article_248
[2025-05-01T21:38:08.872+0000] {logging_mixin.py:154} INFO - ⚠️ Skipping duplicate article_244
[2025-05-01T21:38:08.872+0000] {logging_mixin.py:154} INFO - 📊 Loading training data...
[2025-05-01T21:38:08.944+0000] {logging_mixin.py:154} INFO - 🧠 Retraining classifier on 249 samples...
[2025-05-01T21:38:08.948+0000] {logging_mixin.py:154} INFO - 🛡️ Backed up model to /opt/***/models/classifier_backup_20250501213808.joblib
[2025-05-01T21:38:08.956+0000] {logging_mixin.py:154} INFO - ✅ Saved classifier to /opt/***/models/classifier.joblib
[2025-05-01T21:38:08.956+0000] {logging_mixin.py:154} INFO - 📈 Saving predictions...
[2025-05-01T21:38:08.996+0000] {loader.py:97} INFO - Loading faiss.
[2025-05-01T21:38:09.021+0000] {loader.py:99} INFO - Successfully loaded faiss.
[2025-05-01T21:38:09.027+0000] {logging_mixin.py:154} INFO - 📚 Building semantic index for frontend...
[2025-05-01T21:38:09.030+0000] {SentenceTransformer.py:208} INFO - Use pytorch device_name: cpu
[2025-05-01T21:38:09.030+0000] {SentenceTransformer.py:216} INFO - Load pretrained SentenceTransformer: all-MiniLM-L6-v2
[2025-05-01T21:38:10.480+0000] {logging_mixin.py:154} WARNING - Batches:   0%|          | 0/8 [00:00<?, ?it/s]
[2025-05-01T21:38:11.588+0000] {logging_mixin.py:154} WARNING - Batches:  12%|#2        | 1/8 [00:01<00:07,  1.11s/it]
[2025-05-01T21:38:12.729+0000] {logging_mixin.py:154} WARNING - Batches:  25%|##5       | 2/8 [00:02<00:06,  1.13s/it]
[2025-05-01T21:38:13.831+0000] {logging_mixin.py:154} WARNING - Batches:  38%|###7      | 3/8 [00:03<00:05,  1.12s/it]
[2025-05-01T21:38:14.955+0000] {logging_mixin.py:154} WARNING - Batches:  50%|#####     | 4/8 [00:04<00:04,  1.12s/it]
[2025-05-01T21:38:16.054+0000] {logging_mixin.py:154} WARNING - Batches:  62%|######2   | 5/8 [00:05<00:03,  1.11s/it]
[2025-05-01T21:38:17.126+0000] {logging_mixin.py:154} WARNING - Batches:  75%|#######5  | 6/8 [00:06<00:02,  1.10s/it]
[2025-05-01T21:38:18.203+0000] {logging_mixin.py:154} WARNING - Batches:  88%|########7 | 7/8 [00:07<00:01,  1.09s/it]
[2025-05-01T21:38:19.102+0000] {logging_mixin.py:154} WARNING - Batches: 100%|##########| 8/8 [00:08<00:00,  1.03s/it]
[2025-05-01T21:38:19.103+0000] {logging_mixin.py:154} WARNING - Batches: 100%|##########| 8/8 [00:08<00:00,  1.08s/it]
[2025-05-01T21:38:19.112+0000] {logging_mixin.py:154} INFO - ✅ Semantic index and metadata saved for frontend.
[2025-05-01T21:38:19.113+0000] {python.py:194} INFO - Done. Returned value was: None
[2025-05-01T21:38:19.118+0000] {taskinstance.py:1400} INFO - Marking task as SUCCESS. dag_id=lgbtq_model_pipeline, task_id=retrain, execution_date=20250501T213737, start_date=20250501T213808, end_date=20250501T213819
[2025-05-01T21:38:19.158+0000] {local_task_job_runner.py:228} INFO - Task exited with return code 0
[2025-05-01T21:38:19.173+0000] {taskinstance.py:2778} INFO - 1 downstream tasks scheduled from follow-on schedule check
