[2025-04-30T06:59:43.397+0000] {taskinstance.py:1159} INFO - Dependencies all met for dep_context=non-requeueable deps ti=<TaskInstance: lgbtq_model_pipeline.fetch_articles manual__2025-04-30T06:59:42.676534+00:00 [queued]>
[2025-04-30T06:59:43.401+0000] {taskinstance.py:1159} INFO - Dependencies all met for dep_context=requeueable deps ti=<TaskInstance: lgbtq_model_pipeline.fetch_articles manual__2025-04-30T06:59:42.676534+00:00 [queued]>
[2025-04-30T06:59:43.401+0000] {taskinstance.py:1361} INFO - Starting attempt 1 of 1
[2025-04-30T06:59:43.408+0000] {taskinstance.py:1382} INFO - Executing <Task(PythonOperator): fetch_articles> on 2025-04-30 06:59:42.676534+00:00
[2025-04-30T06:59:43.411+0000] {standard_task_runner.py:57} INFO - Started process 1881 to run task
[2025-04-30T06:59:43.416+0000] {standard_task_runner.py:84} INFO - Running: ['***', 'tasks', 'run', 'lgbtq_model_pipeline', 'fetch_articles', 'manual__2025-04-30T06:59:42.676534+00:00', '--job-id', '51', '--raw', '--subdir', 'DAGS_FOLDER/lgbtq_model_pipeline.py', '--cfg-path', '/tmp/tmpcttj8148']
[2025-04-30T06:59:43.418+0000] {standard_task_runner.py:85} INFO - Job 51: Subtask fetch_articles
[2025-04-30T06:59:43.458+0000] {task_command.py:416} INFO - Running <TaskInstance: lgbtq_model_pipeline.fetch_articles manual__2025-04-30T06:59:42.676534+00:00 [running]> on host a0ac12bced59
[2025-04-30T06:59:43.502+0000] {taskinstance.py:1662} INFO - Exporting env vars: AIRFLOW_CTX_DAG_OWNER='***' AIRFLOW_CTX_DAG_ID='lgbtq_model_pipeline' AIRFLOW_CTX_TASK_ID='fetch_articles' AIRFLOW_CTX_EXECUTION_DATE='2025-04-30T06:59:42.676534+00:00' AIRFLOW_CTX_TRY_NUMBER='1' AIRFLOW_CTX_DAG_RUN_ID='manual__2025-04-30T06:59:42.676534+00:00'
[2025-04-30T06:59:43.503+0000] {logging_mixin.py:154} INFO - Fetching CSV data from Google Sheets...
[2025-04-30T06:59:44.919+0000] {logging_mixin.py:154} INFO - Wrote article to /opt/***/review_queue/article_24_2025-04-30T06:59:44.918418.json
[2025-04-30T06:59:44.920+0000] {logging_mixin.py:154} INFO - Wrote article to /opt/***/review_queue/article_6_2025-04-30T06:59:44.920458.json
[2025-04-30T06:59:44.921+0000] {logging_mixin.py:154} INFO - Wrote article to /opt/***/review_queue/article_153_2025-04-30T06:59:44.920985.json
[2025-04-30T06:59:44.921+0000] {logging_mixin.py:154} INFO - Wrote article to /opt/***/review_queue/article_211_2025-04-30T06:59:44.921533.json
[2025-04-30T06:59:44.922+0000] {logging_mixin.py:154} INFO - Wrote article to /opt/***/review_queue/article_198_2025-04-30T06:59:44.922046.json
[2025-04-30T06:59:44.922+0000] {logging_mixin.py:154} INFO - Added 5 articles into the review queue.
[2025-04-30T06:59:44.922+0000] {python.py:194} INFO - Done. Returned value was: None
[2025-04-30T06:59:44.929+0000] {taskinstance.py:1400} INFO - Marking task as SUCCESS. dag_id=lgbtq_model_pipeline, task_id=fetch_articles, execution_date=20250430T065942, start_date=20250430T065943, end_date=20250430T065944
[2025-04-30T06:59:44.981+0000] {local_task_job_runner.py:228} INFO - Task exited with return code 0
[2025-04-30T06:59:44.998+0000] {taskinstance.py:2778} INFO - 1 downstream tasks scheduled from follow-on schedule check
