[2025-05-02T00:00:19.557+0000] {processor.py:157} INFO - Started process (PID=939) to work on /opt/airflow/dags/lgbtq_model_pipeline.py
[2025-05-02T00:00:19.558+0000] {processor.py:829} INFO - Processing file /opt/airflow/dags/lgbtq_model_pipeline.py for tasks to queue
[2025-05-02T00:00:19.560+0000] {logging_mixin.py:154} INFO - [2025-05-02T00:00:19.560+0000] {dagbag.py:536} INFO - Filling up the DagBag from /opt/airflow/dags/lgbtq_model_pipeline.py
[2025-05-02T00:00:21.491+0000] {processor.py:839} INFO - DAG(s) dict_keys(['lgbtq_model_pipeline']) retrieved from /opt/airflow/dags/lgbtq_model_pipeline.py
[2025-05-02T00:00:21.512+0000] {logging_mixin.py:154} INFO - [2025-05-02T00:00:21.511+0000] {dag.py:2941} INFO - Sync 1 DAGs
[2025-05-02T00:00:21.524+0000] {logging_mixin.py:154} INFO - [2025-05-02T00:00:21.524+0000] {dag.py:3722} INFO - Setting next_dagrun for lgbtq_model_pipeline to 2025-05-02T00:00:00+00:00, run_after=2025-05-03T00:00:00+00:00
[2025-05-02T00:00:21.539+0000] {processor.py:179} INFO - Processing /opt/airflow/dags/lgbtq_model_pipeline.py took 1.988 seconds
[2025-05-02T00:00:51.839+0000] {processor.py:157} INFO - Started process (PID=1044) to work on /opt/airflow/dags/lgbtq_model_pipeline.py
[2025-05-02T00:00:51.841+0000] {processor.py:829} INFO - Processing file /opt/airflow/dags/lgbtq_model_pipeline.py for tasks to queue
[2025-05-02T00:00:51.842+0000] {logging_mixin.py:154} INFO - [2025-05-02T00:00:51.841+0000] {dagbag.py:536} INFO - Filling up the DagBag from /opt/airflow/dags/lgbtq_model_pipeline.py
[2025-05-02T00:00:53.329+0000] {processor.py:839} INFO - DAG(s) dict_keys(['lgbtq_model_pipeline']) retrieved from /opt/airflow/dags/lgbtq_model_pipeline.py
[2025-05-02T00:00:53.340+0000] {logging_mixin.py:154} INFO - [2025-05-02T00:00:53.340+0000] {dag.py:2941} INFO - Sync 1 DAGs
[2025-05-02T00:00:53.349+0000] {logging_mixin.py:154} INFO - [2025-05-02T00:00:53.349+0000] {dag.py:3722} INFO - Setting next_dagrun for lgbtq_model_pipeline to 2025-05-02T00:00:00+00:00, run_after=2025-05-03T00:00:00+00:00
[2025-05-02T00:00:53.357+0000] {processor.py:179} INFO - Processing /opt/airflow/dags/lgbtq_model_pipeline.py took 1.522 seconds
[2025-05-02T00:01:23.763+0000] {processor.py:157} INFO - Started process (PID=1057) to work on /opt/airflow/dags/lgbtq_model_pipeline.py
[2025-05-02T00:01:23.765+0000] {processor.py:829} INFO - Processing file /opt/airflow/dags/lgbtq_model_pipeline.py for tasks to queue
[2025-05-02T00:01:23.766+0000] {logging_mixin.py:154} INFO - [2025-05-02T00:01:23.766+0000] {dagbag.py:536} INFO - Filling up the DagBag from /opt/airflow/dags/lgbtq_model_pipeline.py
[2025-05-02T00:01:26.020+0000] {processor.py:839} INFO - DAG(s) dict_keys(['lgbtq_model_pipeline']) retrieved from /opt/airflow/dags/lgbtq_model_pipeline.py
[2025-05-02T00:01:26.036+0000] {logging_mixin.py:154} INFO - [2025-05-02T00:01:26.036+0000] {dag.py:2941} INFO - Sync 1 DAGs
[2025-05-02T00:01:26.047+0000] {logging_mixin.py:154} INFO - [2025-05-02T00:01:26.046+0000] {dag.py:3722} INFO - Setting next_dagrun for lgbtq_model_pipeline to 2025-05-02T00:00:00+00:00, run_after=2025-05-03T00:00:00+00:00
[2025-05-02T00:01:26.055+0000] {processor.py:179} INFO - Processing /opt/airflow/dags/lgbtq_model_pipeline.py took 2.301 seconds
[2025-05-02T00:01:56.387+0000] {processor.py:157} INFO - Started process (PID=1070) to work on /opt/airflow/dags/lgbtq_model_pipeline.py
[2025-05-02T00:01:56.388+0000] {processor.py:829} INFO - Processing file /opt/airflow/dags/lgbtq_model_pipeline.py for tasks to queue
[2025-05-02T00:01:56.390+0000] {logging_mixin.py:154} INFO - [2025-05-02T00:01:56.389+0000] {dagbag.py:536} INFO - Filling up the DagBag from /opt/airflow/dags/lgbtq_model_pipeline.py
[2025-05-02T00:01:58.580+0000] {processor.py:839} INFO - DAG(s) dict_keys(['lgbtq_model_pipeline']) retrieved from /opt/airflow/dags/lgbtq_model_pipeline.py
[2025-05-02T00:01:58.620+0000] {logging_mixin.py:154} INFO - [2025-05-02T00:01:58.620+0000] {dag.py:2941} INFO - Sync 1 DAGs
[2025-05-02T00:01:58.639+0000] {logging_mixin.py:154} INFO - [2025-05-02T00:01:58.639+0000] {dag.py:3722} INFO - Setting next_dagrun for lgbtq_model_pipeline to 2025-05-02T00:00:00+00:00, run_after=2025-05-03T00:00:00+00:00
[2025-05-02T00:01:58.653+0000] {processor.py:179} INFO - Processing /opt/airflow/dags/lgbtq_model_pipeline.py took 2.273 seconds
[2025-05-02T00:02:28.728+0000] {processor.py:157} INFO - Started process (PID=1083) to work on /opt/airflow/dags/lgbtq_model_pipeline.py
[2025-05-02T00:02:28.730+0000] {processor.py:829} INFO - Processing file /opt/airflow/dags/lgbtq_model_pipeline.py for tasks to queue
[2025-05-02T00:02:28.731+0000] {logging_mixin.py:154} INFO - [2025-05-02T00:02:28.731+0000] {dagbag.py:536} INFO - Filling up the DagBag from /opt/airflow/dags/lgbtq_model_pipeline.py
[2025-05-02T00:02:30.495+0000] {processor.py:839} INFO - DAG(s) dict_keys(['lgbtq_model_pipeline']) retrieved from /opt/airflow/dags/lgbtq_model_pipeline.py
[2025-05-02T00:02:30.507+0000] {logging_mixin.py:154} INFO - [2025-05-02T00:02:30.507+0000] {dag.py:2941} INFO - Sync 1 DAGs
[2025-05-02T00:02:30.518+0000] {logging_mixin.py:154} INFO - [2025-05-02T00:02:30.518+0000] {dag.py:3722} INFO - Setting next_dagrun for lgbtq_model_pipeline to 2025-05-02T00:00:00+00:00, run_after=2025-05-03T00:00:00+00:00
[2025-05-02T00:02:30.525+0000] {processor.py:179} INFO - Processing /opt/airflow/dags/lgbtq_model_pipeline.py took 1.805 seconds
[2025-05-02T00:03:00.890+0000] {processor.py:157} INFO - Started process (PID=1096) to work on /opt/airflow/dags/lgbtq_model_pipeline.py
[2025-05-02T00:03:00.892+0000] {processor.py:829} INFO - Processing file /opt/airflow/dags/lgbtq_model_pipeline.py for tasks to queue
[2025-05-02T00:03:00.893+0000] {logging_mixin.py:154} INFO - [2025-05-02T00:03:00.892+0000] {dagbag.py:536} INFO - Filling up the DagBag from /opt/airflow/dags/lgbtq_model_pipeline.py
[2025-05-02T00:03:02.496+0000] {processor.py:839} INFO - DAG(s) dict_keys(['lgbtq_model_pipeline']) retrieved from /opt/airflow/dags/lgbtq_model_pipeline.py
[2025-05-02T00:03:02.508+0000] {logging_mixin.py:154} INFO - [2025-05-02T00:03:02.508+0000] {dag.py:2941} INFO - Sync 1 DAGs
[2025-05-02T00:03:02.519+0000] {logging_mixin.py:154} INFO - [2025-05-02T00:03:02.519+0000] {dag.py:3722} INFO - Setting next_dagrun for lgbtq_model_pipeline to 2025-05-02T00:00:00+00:00, run_after=2025-05-03T00:00:00+00:00
[2025-05-02T00:03:02.527+0000] {processor.py:179} INFO - Processing /opt/airflow/dags/lgbtq_model_pipeline.py took 1.641 seconds
[2025-05-02T00:03:32.829+0000] {processor.py:157} INFO - Started process (PID=1109) to work on /opt/airflow/dags/lgbtq_model_pipeline.py
[2025-05-02T00:03:32.830+0000] {processor.py:829} INFO - Processing file /opt/airflow/dags/lgbtq_model_pipeline.py for tasks to queue
[2025-05-02T00:03:32.831+0000] {logging_mixin.py:154} INFO - [2025-05-02T00:03:32.831+0000] {dagbag.py:536} INFO - Filling up the DagBag from /opt/airflow/dags/lgbtq_model_pipeline.py
[2025-05-02T00:03:34.549+0000] {processor.py:839} INFO - DAG(s) dict_keys(['lgbtq_model_pipeline']) retrieved from /opt/airflow/dags/lgbtq_model_pipeline.py
[2025-05-02T00:03:34.562+0000] {logging_mixin.py:154} INFO - [2025-05-02T00:03:34.561+0000] {dag.py:2941} INFO - Sync 1 DAGs
[2025-05-02T00:03:34.572+0000] {logging_mixin.py:154} INFO - [2025-05-02T00:03:34.572+0000] {dag.py:3722} INFO - Setting next_dagrun for lgbtq_model_pipeline to 2025-05-02T00:00:00+00:00, run_after=2025-05-03T00:00:00+00:00
[2025-05-02T00:03:34.580+0000] {processor.py:179} INFO - Processing /opt/airflow/dags/lgbtq_model_pipeline.py took 1.759 seconds
[2025-05-02T00:04:04.856+0000] {processor.py:157} INFO - Started process (PID=1122) to work on /opt/airflow/dags/lgbtq_model_pipeline.py
[2025-05-02T00:04:04.857+0000] {processor.py:829} INFO - Processing file /opt/airflow/dags/lgbtq_model_pipeline.py for tasks to queue
[2025-05-02T00:04:04.858+0000] {logging_mixin.py:154} INFO - [2025-05-02T00:04:04.858+0000] {dagbag.py:536} INFO - Filling up the DagBag from /opt/airflow/dags/lgbtq_model_pipeline.py
[2025-05-02T00:04:06.566+0000] {processor.py:839} INFO - DAG(s) dict_keys(['lgbtq_model_pipeline']) retrieved from /opt/airflow/dags/lgbtq_model_pipeline.py
[2025-05-02T00:04:06.581+0000] {logging_mixin.py:154} INFO - [2025-05-02T00:04:06.580+0000] {dag.py:2941} INFO - Sync 1 DAGs
[2025-05-02T00:04:06.593+0000] {logging_mixin.py:154} INFO - [2025-05-02T00:04:06.593+0000] {dag.py:3722} INFO - Setting next_dagrun for lgbtq_model_pipeline to 2025-05-02T00:00:00+00:00, run_after=2025-05-03T00:00:00+00:00
[2025-05-02T00:04:06.603+0000] {processor.py:179} INFO - Processing /opt/airflow/dags/lgbtq_model_pipeline.py took 1.752 seconds
[2025-05-02T00:04:37.007+0000] {processor.py:157} INFO - Started process (PID=1135) to work on /opt/airflow/dags/lgbtq_model_pipeline.py
[2025-05-02T00:04:37.008+0000] {processor.py:829} INFO - Processing file /opt/airflow/dags/lgbtq_model_pipeline.py for tasks to queue
[2025-05-02T00:04:37.009+0000] {logging_mixin.py:154} INFO - [2025-05-02T00:04:37.008+0000] {dagbag.py:536} INFO - Filling up the DagBag from /opt/airflow/dags/lgbtq_model_pipeline.py
[2025-05-02T00:04:38.905+0000] {processor.py:839} INFO - DAG(s) dict_keys(['lgbtq_model_pipeline']) retrieved from /opt/airflow/dags/lgbtq_model_pipeline.py
[2025-05-02T00:04:38.917+0000] {logging_mixin.py:154} INFO - [2025-05-02T00:04:38.916+0000] {dag.py:2941} INFO - Sync 1 DAGs
[2025-05-02T00:04:38.926+0000] {logging_mixin.py:154} INFO - [2025-05-02T00:04:38.926+0000] {dag.py:3722} INFO - Setting next_dagrun for lgbtq_model_pipeline to 2025-05-02T00:00:00+00:00, run_after=2025-05-03T00:00:00+00:00
[2025-05-02T00:04:38.935+0000] {processor.py:179} INFO - Processing /opt/airflow/dags/lgbtq_model_pipeline.py took 1.937 seconds
[2025-05-02T00:05:09.291+0000] {processor.py:157} INFO - Started process (PID=1148) to work on /opt/airflow/dags/lgbtq_model_pipeline.py
[2025-05-02T00:05:09.293+0000] {processor.py:829} INFO - Processing file /opt/airflow/dags/lgbtq_model_pipeline.py for tasks to queue
[2025-05-02T00:05:09.294+0000] {logging_mixin.py:154} INFO - [2025-05-02T00:05:09.293+0000] {dagbag.py:536} INFO - Filling up the DagBag from /opt/airflow/dags/lgbtq_model_pipeline.py
[2025-05-02T00:05:10.943+0000] {processor.py:839} INFO - DAG(s) dict_keys(['lgbtq_model_pipeline']) retrieved from /opt/airflow/dags/lgbtq_model_pipeline.py
[2025-05-02T00:05:10.966+0000] {logging_mixin.py:154} INFO - [2025-05-02T00:05:10.965+0000] {dag.py:2941} INFO - Sync 1 DAGs
[2025-05-02T00:05:10.978+0000] {logging_mixin.py:154} INFO - [2025-05-02T00:05:10.978+0000] {dag.py:3722} INFO - Setting next_dagrun for lgbtq_model_pipeline to 2025-05-02T00:00:00+00:00, run_after=2025-05-03T00:00:00+00:00
[2025-05-02T00:05:10.988+0000] {processor.py:179} INFO - Processing /opt/airflow/dags/lgbtq_model_pipeline.py took 1.701 seconds
[2025-05-02T00:05:41.390+0000] {processor.py:157} INFO - Started process (PID=1161) to work on /opt/airflow/dags/lgbtq_model_pipeline.py
[2025-05-02T00:05:41.392+0000] {processor.py:829} INFO - Processing file /opt/airflow/dags/lgbtq_model_pipeline.py for tasks to queue
[2025-05-02T00:05:41.393+0000] {logging_mixin.py:154} INFO - [2025-05-02T00:05:41.393+0000] {dagbag.py:536} INFO - Filling up the DagBag from /opt/airflow/dags/lgbtq_model_pipeline.py
[2025-05-02T00:05:43.176+0000] {processor.py:839} INFO - DAG(s) dict_keys(['lgbtq_model_pipeline']) retrieved from /opt/airflow/dags/lgbtq_model_pipeline.py
[2025-05-02T00:05:43.192+0000] {logging_mixin.py:154} INFO - [2025-05-02T00:05:43.191+0000] {dag.py:2941} INFO - Sync 1 DAGs
[2025-05-02T00:05:43.203+0000] {logging_mixin.py:154} INFO - [2025-05-02T00:05:43.203+0000] {dag.py:3722} INFO - Setting next_dagrun for lgbtq_model_pipeline to 2025-05-02T00:00:00+00:00, run_after=2025-05-03T00:00:00+00:00
[2025-05-02T00:05:43.211+0000] {processor.py:179} INFO - Processing /opt/airflow/dags/lgbtq_model_pipeline.py took 1.828 seconds
[2025-05-02T00:06:13.607+0000] {processor.py:157} INFO - Started process (PID=1174) to work on /opt/airflow/dags/lgbtq_model_pipeline.py
[2025-05-02T00:06:13.608+0000] {processor.py:829} INFO - Processing file /opt/airflow/dags/lgbtq_model_pipeline.py for tasks to queue
[2025-05-02T00:06:13.609+0000] {logging_mixin.py:154} INFO - [2025-05-02T00:06:13.608+0000] {dagbag.py:536} INFO - Filling up the DagBag from /opt/airflow/dags/lgbtq_model_pipeline.py
[2025-05-02T00:06:15.349+0000] {processor.py:839} INFO - DAG(s) dict_keys(['lgbtq_model_pipeline']) retrieved from /opt/airflow/dags/lgbtq_model_pipeline.py
[2025-05-02T00:06:15.363+0000] {logging_mixin.py:154} INFO - [2025-05-02T00:06:15.363+0000] {dag.py:2941} INFO - Sync 1 DAGs
[2025-05-02T00:06:15.373+0000] {logging_mixin.py:154} INFO - [2025-05-02T00:06:15.372+0000] {dag.py:3722} INFO - Setting next_dagrun for lgbtq_model_pipeline to 2025-05-02T00:00:00+00:00, run_after=2025-05-03T00:00:00+00:00
[2025-05-02T00:06:15.381+0000] {processor.py:179} INFO - Processing /opt/airflow/dags/lgbtq_model_pipeline.py took 1.779 seconds
[2025-05-02T00:06:45.745+0000] {processor.py:157} INFO - Started process (PID=1187) to work on /opt/airflow/dags/lgbtq_model_pipeline.py
[2025-05-02T00:06:45.746+0000] {processor.py:829} INFO - Processing file /opt/airflow/dags/lgbtq_model_pipeline.py for tasks to queue
[2025-05-02T00:06:45.748+0000] {logging_mixin.py:154} INFO - [2025-05-02T00:06:45.747+0000] {dagbag.py:536} INFO - Filling up the DagBag from /opt/airflow/dags/lgbtq_model_pipeline.py
[2025-05-02T00:06:48.292+0000] {processor.py:839} INFO - DAG(s) dict_keys(['lgbtq_model_pipeline']) retrieved from /opt/airflow/dags/lgbtq_model_pipeline.py
[2025-05-02T00:06:48.314+0000] {logging_mixin.py:154} INFO - [2025-05-02T00:06:48.314+0000] {dag.py:2941} INFO - Sync 1 DAGs
[2025-05-02T00:06:48.326+0000] {logging_mixin.py:154} INFO - [2025-05-02T00:06:48.326+0000] {dag.py:3722} INFO - Setting next_dagrun for lgbtq_model_pipeline to 2025-05-02T00:00:00+00:00, run_after=2025-05-03T00:00:00+00:00
[2025-05-02T00:06:48.334+0000] {processor.py:179} INFO - Processing /opt/airflow/dags/lgbtq_model_pipeline.py took 2.596 seconds
[2025-05-02T00:07:18.649+0000] {processor.py:157} INFO - Started process (PID=1200) to work on /opt/airflow/dags/lgbtq_model_pipeline.py
[2025-05-02T00:07:18.651+0000] {processor.py:829} INFO - Processing file /opt/airflow/dags/lgbtq_model_pipeline.py for tasks to queue
[2025-05-02T00:07:18.652+0000] {logging_mixin.py:154} INFO - [2025-05-02T00:07:18.652+0000] {dagbag.py:536} INFO - Filling up the DagBag from /opt/airflow/dags/lgbtq_model_pipeline.py
[2025-05-02T00:07:20.556+0000] {processor.py:839} INFO - DAG(s) dict_keys(['lgbtq_model_pipeline']) retrieved from /opt/airflow/dags/lgbtq_model_pipeline.py
[2025-05-02T00:07:20.570+0000] {logging_mixin.py:154} INFO - [2025-05-02T00:07:20.570+0000] {dag.py:2941} INFO - Sync 1 DAGs
[2025-05-02T00:07:20.581+0000] {logging_mixin.py:154} INFO - [2025-05-02T00:07:20.581+0000] {dag.py:3722} INFO - Setting next_dagrun for lgbtq_model_pipeline to 2025-05-02T00:00:00+00:00, run_after=2025-05-03T00:00:00+00:00
[2025-05-02T00:07:20.591+0000] {processor.py:179} INFO - Processing /opt/airflow/dags/lgbtq_model_pipeline.py took 1.950 seconds
[2025-05-02T00:07:50.983+0000] {processor.py:157} INFO - Started process (PID=1213) to work on /opt/airflow/dags/lgbtq_model_pipeline.py
[2025-05-02T00:07:50.985+0000] {processor.py:829} INFO - Processing file /opt/airflow/dags/lgbtq_model_pipeline.py for tasks to queue
[2025-05-02T00:07:50.986+0000] {logging_mixin.py:154} INFO - [2025-05-02T00:07:50.986+0000] {dagbag.py:536} INFO - Filling up the DagBag from /opt/airflow/dags/lgbtq_model_pipeline.py
[2025-05-02T00:07:53.485+0000] {processor.py:839} INFO - DAG(s) dict_keys(['lgbtq_model_pipeline']) retrieved from /opt/airflow/dags/lgbtq_model_pipeline.py
[2025-05-02T00:07:53.510+0000] {logging_mixin.py:154} INFO - [2025-05-02T00:07:53.510+0000] {dag.py:2941} INFO - Sync 1 DAGs
[2025-05-02T00:07:53.527+0000] {logging_mixin.py:154} INFO - [2025-05-02T00:07:53.526+0000] {dag.py:3722} INFO - Setting next_dagrun for lgbtq_model_pipeline to 2025-05-02T00:00:00+00:00, run_after=2025-05-03T00:00:00+00:00
[2025-05-02T00:07:53.538+0000] {processor.py:179} INFO - Processing /opt/airflow/dags/lgbtq_model_pipeline.py took 2.561 seconds
[2025-05-02T00:08:23.907+0000] {processor.py:157} INFO - Started process (PID=1226) to work on /opt/airflow/dags/lgbtq_model_pipeline.py
[2025-05-02T00:08:23.909+0000] {processor.py:829} INFO - Processing file /opt/airflow/dags/lgbtq_model_pipeline.py for tasks to queue
[2025-05-02T00:08:23.909+0000] {logging_mixin.py:154} INFO - [2025-05-02T00:08:23.909+0000] {dagbag.py:536} INFO - Filling up the DagBag from /opt/airflow/dags/lgbtq_model_pipeline.py
[2025-05-02T00:08:25.367+0000] {processor.py:839} INFO - DAG(s) dict_keys(['lgbtq_model_pipeline']) retrieved from /opt/airflow/dags/lgbtq_model_pipeline.py
[2025-05-02T00:08:25.378+0000] {logging_mixin.py:154} INFO - [2025-05-02T00:08:25.378+0000] {dag.py:2941} INFO - Sync 1 DAGs
[2025-05-02T00:08:25.389+0000] {logging_mixin.py:154} INFO - [2025-05-02T00:08:25.389+0000] {dag.py:3722} INFO - Setting next_dagrun for lgbtq_model_pipeline to 2025-05-02T00:00:00+00:00, run_after=2025-05-03T00:00:00+00:00
[2025-05-02T00:08:25.397+0000] {processor.py:179} INFO - Processing /opt/airflow/dags/lgbtq_model_pipeline.py took 1.494 seconds
[2025-05-02T00:08:55.610+0000] {processor.py:157} INFO - Started process (PID=1239) to work on /opt/airflow/dags/lgbtq_model_pipeline.py
[2025-05-02T00:08:55.612+0000] {processor.py:829} INFO - Processing file /opt/airflow/dags/lgbtq_model_pipeline.py for tasks to queue
[2025-05-02T00:08:55.614+0000] {logging_mixin.py:154} INFO - [2025-05-02T00:08:55.613+0000] {dagbag.py:536} INFO - Filling up the DagBag from /opt/airflow/dags/lgbtq_model_pipeline.py
[2025-05-02T00:08:57.540+0000] {processor.py:839} INFO - DAG(s) dict_keys(['lgbtq_model_pipeline']) retrieved from /opt/airflow/dags/lgbtq_model_pipeline.py
[2025-05-02T00:08:57.562+0000] {logging_mixin.py:154} INFO - [2025-05-02T00:08:57.561+0000] {dag.py:2941} INFO - Sync 1 DAGs
[2025-05-02T00:08:57.574+0000] {logging_mixin.py:154} INFO - [2025-05-02T00:08:57.574+0000] {dag.py:3722} INFO - Setting next_dagrun for lgbtq_model_pipeline to 2025-05-02T00:00:00+00:00, run_after=2025-05-03T00:00:00+00:00
[2025-05-02T00:08:57.582+0000] {processor.py:179} INFO - Processing /opt/airflow/dags/lgbtq_model_pipeline.py took 1.981 seconds
[2025-05-02T00:09:27.889+0000] {processor.py:157} INFO - Started process (PID=1252) to work on /opt/airflow/dags/lgbtq_model_pipeline.py
[2025-05-02T00:09:27.890+0000] {processor.py:829} INFO - Processing file /opt/airflow/dags/lgbtq_model_pipeline.py for tasks to queue
[2025-05-02T00:09:27.891+0000] {logging_mixin.py:154} INFO - [2025-05-02T00:09:27.891+0000] {dagbag.py:536} INFO - Filling up the DagBag from /opt/airflow/dags/lgbtq_model_pipeline.py
[2025-05-02T00:09:29.365+0000] {processor.py:839} INFO - DAG(s) dict_keys(['lgbtq_model_pipeline']) retrieved from /opt/airflow/dags/lgbtq_model_pipeline.py
[2025-05-02T00:09:29.376+0000] {logging_mixin.py:154} INFO - [2025-05-02T00:09:29.375+0000] {dag.py:2941} INFO - Sync 1 DAGs
[2025-05-02T00:09:29.385+0000] {logging_mixin.py:154} INFO - [2025-05-02T00:09:29.385+0000] {dag.py:3722} INFO - Setting next_dagrun for lgbtq_model_pipeline to 2025-05-02T00:00:00+00:00, run_after=2025-05-03T00:00:00+00:00
[2025-05-02T00:09:29.392+0000] {processor.py:179} INFO - Processing /opt/airflow/dags/lgbtq_model_pipeline.py took 1.506 seconds
[2025-05-02T00:09:59.847+0000] {processor.py:157} INFO - Started process (PID=1265) to work on /opt/airflow/dags/lgbtq_model_pipeline.py
[2025-05-02T00:09:59.848+0000] {processor.py:829} INFO - Processing file /opt/airflow/dags/lgbtq_model_pipeline.py for tasks to queue
[2025-05-02T00:09:59.849+0000] {logging_mixin.py:154} INFO - [2025-05-02T00:09:59.849+0000] {dagbag.py:536} INFO - Filling up the DagBag from /opt/airflow/dags/lgbtq_model_pipeline.py
[2025-05-02T00:10:01.329+0000] {processor.py:839} INFO - DAG(s) dict_keys(['lgbtq_model_pipeline']) retrieved from /opt/airflow/dags/lgbtq_model_pipeline.py
[2025-05-02T00:10:01.339+0000] {logging_mixin.py:154} INFO - [2025-05-02T00:10:01.338+0000] {dag.py:2941} INFO - Sync 1 DAGs
[2025-05-02T00:10:01.348+0000] {logging_mixin.py:154} INFO - [2025-05-02T00:10:01.348+0000] {dag.py:3722} INFO - Setting next_dagrun for lgbtq_model_pipeline to 2025-05-02T00:00:00+00:00, run_after=2025-05-03T00:00:00+00:00
[2025-05-02T00:10:01.355+0000] {processor.py:179} INFO - Processing /opt/airflow/dags/lgbtq_model_pipeline.py took 1.514 seconds
[2025-05-02T00:10:31.485+0000] {processor.py:157} INFO - Started process (PID=1278) to work on /opt/airflow/dags/lgbtq_model_pipeline.py
[2025-05-02T00:10:31.487+0000] {processor.py:829} INFO - Processing file /opt/airflow/dags/lgbtq_model_pipeline.py for tasks to queue
[2025-05-02T00:10:31.488+0000] {logging_mixin.py:154} INFO - [2025-05-02T00:10:31.487+0000] {dagbag.py:536} INFO - Filling up the DagBag from /opt/airflow/dags/lgbtq_model_pipeline.py
[2025-05-02T00:10:32.933+0000] {processor.py:839} INFO - DAG(s) dict_keys(['lgbtq_model_pipeline']) retrieved from /opt/airflow/dags/lgbtq_model_pipeline.py
[2025-05-02T00:10:32.943+0000] {logging_mixin.py:154} INFO - [2025-05-02T00:10:32.942+0000] {dag.py:2941} INFO - Sync 1 DAGs
[2025-05-02T00:10:32.952+0000] {logging_mixin.py:154} INFO - [2025-05-02T00:10:32.952+0000] {dag.py:3722} INFO - Setting next_dagrun for lgbtq_model_pipeline to 2025-05-02T00:00:00+00:00, run_after=2025-05-03T00:00:00+00:00
[2025-05-02T00:10:32.960+0000] {processor.py:179} INFO - Processing /opt/airflow/dags/lgbtq_model_pipeline.py took 1.479 seconds
[2025-05-02T00:11:03.081+0000] {processor.py:157} INFO - Started process (PID=1291) to work on /opt/airflow/dags/lgbtq_model_pipeline.py
[2025-05-02T00:11:03.082+0000] {processor.py:829} INFO - Processing file /opt/airflow/dags/lgbtq_model_pipeline.py for tasks to queue
[2025-05-02T00:11:03.084+0000] {logging_mixin.py:154} INFO - [2025-05-02T00:11:03.083+0000] {dagbag.py:536} INFO - Filling up the DagBag from /opt/airflow/dags/lgbtq_model_pipeline.py
[2025-05-02T00:11:05.032+0000] {processor.py:839} INFO - DAG(s) dict_keys(['lgbtq_model_pipeline']) retrieved from /opt/airflow/dags/lgbtq_model_pipeline.py
[2025-05-02T00:11:05.047+0000] {logging_mixin.py:154} INFO - [2025-05-02T00:11:05.046+0000] {dag.py:2941} INFO - Sync 1 DAGs
[2025-05-02T00:11:05.060+0000] {logging_mixin.py:154} INFO - [2025-05-02T00:11:05.060+0000] {dag.py:3722} INFO - Setting next_dagrun for lgbtq_model_pipeline to 2025-05-02T00:00:00+00:00, run_after=2025-05-03T00:00:00+00:00
[2025-05-02T00:11:05.070+0000] {processor.py:179} INFO - Processing /opt/airflow/dags/lgbtq_model_pipeline.py took 1.998 seconds
[2025-05-02T00:11:35.497+0000] {processor.py:157} INFO - Started process (PID=1304) to work on /opt/airflow/dags/lgbtq_model_pipeline.py
[2025-05-02T00:11:35.501+0000] {processor.py:829} INFO - Processing file /opt/airflow/dags/lgbtq_model_pipeline.py for tasks to queue
[2025-05-02T00:11:35.502+0000] {logging_mixin.py:154} INFO - [2025-05-02T00:11:35.501+0000] {dagbag.py:536} INFO - Filling up the DagBag from /opt/airflow/dags/lgbtq_model_pipeline.py
[2025-05-02T00:11:37.344+0000] {processor.py:839} INFO - DAG(s) dict_keys(['lgbtq_model_pipeline']) retrieved from /opt/airflow/dags/lgbtq_model_pipeline.py
[2025-05-02T00:11:37.357+0000] {logging_mixin.py:154} INFO - [2025-05-02T00:11:37.357+0000] {dag.py:2941} INFO - Sync 1 DAGs
[2025-05-02T00:11:37.368+0000] {logging_mixin.py:154} INFO - [2025-05-02T00:11:37.368+0000] {dag.py:3722} INFO - Setting next_dagrun for lgbtq_model_pipeline to 2025-05-02T00:00:00+00:00, run_after=2025-05-03T00:00:00+00:00
[2025-05-02T00:11:37.375+0000] {processor.py:179} INFO - Processing /opt/airflow/dags/lgbtq_model_pipeline.py took 1.885 seconds
[2025-05-02T00:12:07.762+0000] {processor.py:157} INFO - Started process (PID=1317) to work on /opt/airflow/dags/lgbtq_model_pipeline.py
[2025-05-02T00:12:07.763+0000] {processor.py:829} INFO - Processing file /opt/airflow/dags/lgbtq_model_pipeline.py for tasks to queue
[2025-05-02T00:12:07.764+0000] {logging_mixin.py:154} INFO - [2025-05-02T00:12:07.764+0000] {dagbag.py:536} INFO - Filling up the DagBag from /opt/airflow/dags/lgbtq_model_pipeline.py
[2025-05-02T00:12:09.752+0000] {processor.py:839} INFO - DAG(s) dict_keys(['lgbtq_model_pipeline']) retrieved from /opt/airflow/dags/lgbtq_model_pipeline.py
[2025-05-02T00:12:09.767+0000] {logging_mixin.py:154} INFO - [2025-05-02T00:12:09.767+0000] {dag.py:2941} INFO - Sync 1 DAGs
[2025-05-02T00:12:09.777+0000] {logging_mixin.py:154} INFO - [2025-05-02T00:12:09.777+0000] {dag.py:3722} INFO - Setting next_dagrun for lgbtq_model_pipeline to 2025-05-02T00:00:00+00:00, run_after=2025-05-03T00:00:00+00:00
[2025-05-02T00:12:09.786+0000] {processor.py:179} INFO - Processing /opt/airflow/dags/lgbtq_model_pipeline.py took 2.033 seconds
[2025-05-02T00:12:40.144+0000] {processor.py:157} INFO - Started process (PID=1330) to work on /opt/airflow/dags/lgbtq_model_pipeline.py
[2025-05-02T00:12:40.145+0000] {processor.py:829} INFO - Processing file /opt/airflow/dags/lgbtq_model_pipeline.py for tasks to queue
[2025-05-02T00:12:40.146+0000] {logging_mixin.py:154} INFO - [2025-05-02T00:12:40.146+0000] {dagbag.py:536} INFO - Filling up the DagBag from /opt/airflow/dags/lgbtq_model_pipeline.py
[2025-05-02T00:12:41.631+0000] {processor.py:839} INFO - DAG(s) dict_keys(['lgbtq_model_pipeline']) retrieved from /opt/airflow/dags/lgbtq_model_pipeline.py
[2025-05-02T00:12:41.654+0000] {logging_mixin.py:154} INFO - [2025-05-02T00:12:41.654+0000] {dag.py:2941} INFO - Sync 1 DAGs
[2025-05-02T00:12:41.677+0000] {logging_mixin.py:154} INFO - [2025-05-02T00:12:41.677+0000] {dag.py:3722} INFO - Setting next_dagrun for lgbtq_model_pipeline to 2025-05-02T00:00:00+00:00, run_after=2025-05-03T00:00:00+00:00
[2025-05-02T00:12:41.690+0000] {processor.py:179} INFO - Processing /opt/airflow/dags/lgbtq_model_pipeline.py took 1.551 seconds
[2025-05-02T00:13:12.038+0000] {processor.py:157} INFO - Started process (PID=1343) to work on /opt/airflow/dags/lgbtq_model_pipeline.py
[2025-05-02T00:13:12.039+0000] {processor.py:829} INFO - Processing file /opt/airflow/dags/lgbtq_model_pipeline.py for tasks to queue
[2025-05-02T00:13:12.040+0000] {logging_mixin.py:154} INFO - [2025-05-02T00:13:12.039+0000] {dagbag.py:536} INFO - Filling up the DagBag from /opt/airflow/dags/lgbtq_model_pipeline.py
[2025-05-02T00:13:13.472+0000] {processor.py:839} INFO - DAG(s) dict_keys(['lgbtq_model_pipeline']) retrieved from /opt/airflow/dags/lgbtq_model_pipeline.py
[2025-05-02T00:13:13.482+0000] {logging_mixin.py:154} INFO - [2025-05-02T00:13:13.482+0000] {dag.py:2941} INFO - Sync 1 DAGs
[2025-05-02T00:13:13.491+0000] {logging_mixin.py:154} INFO - [2025-05-02T00:13:13.491+0000] {dag.py:3722} INFO - Setting next_dagrun for lgbtq_model_pipeline to 2025-05-02T00:00:00+00:00, run_after=2025-05-03T00:00:00+00:00
[2025-05-02T00:13:13.499+0000] {processor.py:179} INFO - Processing /opt/airflow/dags/lgbtq_model_pipeline.py took 1.467 seconds
[2025-05-02T00:13:43.822+0000] {processor.py:157} INFO - Started process (PID=1356) to work on /opt/airflow/dags/lgbtq_model_pipeline.py
[2025-05-02T00:13:43.823+0000] {processor.py:829} INFO - Processing file /opt/airflow/dags/lgbtq_model_pipeline.py for tasks to queue
[2025-05-02T00:13:43.824+0000] {logging_mixin.py:154} INFO - [2025-05-02T00:13:43.823+0000] {dagbag.py:536} INFO - Filling up the DagBag from /opt/airflow/dags/lgbtq_model_pipeline.py
[2025-05-02T00:13:45.314+0000] {processor.py:839} INFO - DAG(s) dict_keys(['lgbtq_model_pipeline']) retrieved from /opt/airflow/dags/lgbtq_model_pipeline.py
[2025-05-02T00:13:45.325+0000] {logging_mixin.py:154} INFO - [2025-05-02T00:13:45.325+0000] {dag.py:2941} INFO - Sync 1 DAGs
[2025-05-02T00:13:45.334+0000] {logging_mixin.py:154} INFO - [2025-05-02T00:13:45.334+0000] {dag.py:3722} INFO - Setting next_dagrun for lgbtq_model_pipeline to 2025-05-02T00:00:00+00:00, run_after=2025-05-03T00:00:00+00:00
[2025-05-02T00:13:45.343+0000] {processor.py:179} INFO - Processing /opt/airflow/dags/lgbtq_model_pipeline.py took 1.524 seconds
[2025-05-02T00:14:15.700+0000] {processor.py:157} INFO - Started process (PID=1369) to work on /opt/airflow/dags/lgbtq_model_pipeline.py
[2025-05-02T00:14:15.702+0000] {processor.py:829} INFO - Processing file /opt/airflow/dags/lgbtq_model_pipeline.py for tasks to queue
[2025-05-02T00:14:15.703+0000] {logging_mixin.py:154} INFO - [2025-05-02T00:14:15.702+0000] {dagbag.py:536} INFO - Filling up the DagBag from /opt/airflow/dags/lgbtq_model_pipeline.py
[2025-05-02T00:14:17.525+0000] {processor.py:839} INFO - DAG(s) dict_keys(['lgbtq_model_pipeline']) retrieved from /opt/airflow/dags/lgbtq_model_pipeline.py
[2025-05-02T00:14:17.538+0000] {logging_mixin.py:154} INFO - [2025-05-02T00:14:17.538+0000] {dag.py:2941} INFO - Sync 1 DAGs
[2025-05-02T00:14:17.549+0000] {logging_mixin.py:154} INFO - [2025-05-02T00:14:17.549+0000] {dag.py:3722} INFO - Setting next_dagrun for lgbtq_model_pipeline to 2025-05-02T00:00:00+00:00, run_after=2025-05-03T00:00:00+00:00
[2025-05-02T00:14:17.557+0000] {processor.py:179} INFO - Processing /opt/airflow/dags/lgbtq_model_pipeline.py took 1.867 seconds
[2025-05-02T00:14:47.943+0000] {processor.py:157} INFO - Started process (PID=1382) to work on /opt/airflow/dags/lgbtq_model_pipeline.py
[2025-05-02T00:14:47.944+0000] {processor.py:829} INFO - Processing file /opt/airflow/dags/lgbtq_model_pipeline.py for tasks to queue
[2025-05-02T00:14:47.944+0000] {logging_mixin.py:154} INFO - [2025-05-02T00:14:47.944+0000] {dagbag.py:536} INFO - Filling up the DagBag from /opt/airflow/dags/lgbtq_model_pipeline.py
[2025-05-02T00:14:49.422+0000] {processor.py:839} INFO - DAG(s) dict_keys(['lgbtq_model_pipeline']) retrieved from /opt/airflow/dags/lgbtq_model_pipeline.py
[2025-05-02T00:14:49.433+0000] {logging_mixin.py:154} INFO - [2025-05-02T00:14:49.433+0000] {dag.py:2941} INFO - Sync 1 DAGs
[2025-05-02T00:14:49.444+0000] {logging_mixin.py:154} INFO - [2025-05-02T00:14:49.444+0000] {dag.py:3722} INFO - Setting next_dagrun for lgbtq_model_pipeline to 2025-05-02T00:00:00+00:00, run_after=2025-05-03T00:00:00+00:00
[2025-05-02T00:14:49.453+0000] {processor.py:179} INFO - Processing /opt/airflow/dags/lgbtq_model_pipeline.py took 1.514 seconds
[2025-05-02T00:15:19.814+0000] {processor.py:157} INFO - Started process (PID=1395) to work on /opt/airflow/dags/lgbtq_model_pipeline.py
[2025-05-02T00:15:19.815+0000] {processor.py:829} INFO - Processing file /opt/airflow/dags/lgbtq_model_pipeline.py for tasks to queue
[2025-05-02T00:15:19.816+0000] {logging_mixin.py:154} INFO - [2025-05-02T00:15:19.815+0000] {dagbag.py:536} INFO - Filling up the DagBag from /opt/airflow/dags/lgbtq_model_pipeline.py
[2025-05-02T00:15:21.389+0000] {processor.py:839} INFO - DAG(s) dict_keys(['lgbtq_model_pipeline']) retrieved from /opt/airflow/dags/lgbtq_model_pipeline.py
[2025-05-02T00:15:21.401+0000] {logging_mixin.py:154} INFO - [2025-05-02T00:15:21.401+0000] {dag.py:2941} INFO - Sync 1 DAGs
[2025-05-02T00:15:21.410+0000] {logging_mixin.py:154} INFO - [2025-05-02T00:15:21.410+0000] {dag.py:3722} INFO - Setting next_dagrun for lgbtq_model_pipeline to 2025-05-02T00:00:00+00:00, run_after=2025-05-03T00:00:00+00:00
[2025-05-02T00:15:21.418+0000] {processor.py:179} INFO - Processing /opt/airflow/dags/lgbtq_model_pipeline.py took 1.608 seconds
[2025-05-02T00:15:51.803+0000] {processor.py:157} INFO - Started process (PID=1408) to work on /opt/airflow/dags/lgbtq_model_pipeline.py
[2025-05-02T00:15:51.804+0000] {processor.py:829} INFO - Processing file /opt/airflow/dags/lgbtq_model_pipeline.py for tasks to queue
[2025-05-02T00:15:51.805+0000] {logging_mixin.py:154} INFO - [2025-05-02T00:15:51.805+0000] {dagbag.py:536} INFO - Filling up the DagBag from /opt/airflow/dags/lgbtq_model_pipeline.py
[2025-05-02T00:15:53.270+0000] {processor.py:839} INFO - DAG(s) dict_keys(['lgbtq_model_pipeline']) retrieved from /opt/airflow/dags/lgbtq_model_pipeline.py
[2025-05-02T00:15:53.281+0000] {logging_mixin.py:154} INFO - [2025-05-02T00:15:53.281+0000] {dag.py:2941} INFO - Sync 1 DAGs
[2025-05-02T00:15:53.290+0000] {logging_mixin.py:154} INFO - [2025-05-02T00:15:53.290+0000] {dag.py:3722} INFO - Setting next_dagrun for lgbtq_model_pipeline to 2025-05-02T00:00:00+00:00, run_after=2025-05-03T00:00:00+00:00
[2025-05-02T00:15:53.298+0000] {processor.py:179} INFO - Processing /opt/airflow/dags/lgbtq_model_pipeline.py took 1.501 seconds
[2025-05-02T00:16:23.486+0000] {processor.py:157} INFO - Started process (PID=1421) to work on /opt/airflow/dags/lgbtq_model_pipeline.py
[2025-05-02T00:16:23.487+0000] {processor.py:829} INFO - Processing file /opt/airflow/dags/lgbtq_model_pipeline.py for tasks to queue
[2025-05-02T00:16:23.489+0000] {logging_mixin.py:154} INFO - [2025-05-02T00:16:23.488+0000] {dagbag.py:536} INFO - Filling up the DagBag from /opt/airflow/dags/lgbtq_model_pipeline.py
[2025-05-02T00:16:24.950+0000] {processor.py:839} INFO - DAG(s) dict_keys(['lgbtq_model_pipeline']) retrieved from /opt/airflow/dags/lgbtq_model_pipeline.py
[2025-05-02T00:16:24.961+0000] {logging_mixin.py:154} INFO - [2025-05-02T00:16:24.960+0000] {dag.py:2941} INFO - Sync 1 DAGs
[2025-05-02T00:16:24.970+0000] {logging_mixin.py:154} INFO - [2025-05-02T00:16:24.970+0000] {dag.py:3722} INFO - Setting next_dagrun for lgbtq_model_pipeline to 2025-05-02T00:00:00+00:00, run_after=2025-05-03T00:00:00+00:00
[2025-05-02T00:16:24.978+0000] {processor.py:179} INFO - Processing /opt/airflow/dags/lgbtq_model_pipeline.py took 1.498 seconds
[2025-05-02T00:16:55.275+0000] {processor.py:157} INFO - Started process (PID=1434) to work on /opt/airflow/dags/lgbtq_model_pipeline.py
[2025-05-02T00:16:55.276+0000] {processor.py:829} INFO - Processing file /opt/airflow/dags/lgbtq_model_pipeline.py for tasks to queue
[2025-05-02T00:16:55.277+0000] {logging_mixin.py:154} INFO - [2025-05-02T00:16:55.276+0000] {dagbag.py:536} INFO - Filling up the DagBag from /opt/airflow/dags/lgbtq_model_pipeline.py
[2025-05-02T00:16:56.745+0000] {processor.py:839} INFO - DAG(s) dict_keys(['lgbtq_model_pipeline']) retrieved from /opt/airflow/dags/lgbtq_model_pipeline.py
[2025-05-02T00:16:56.756+0000] {logging_mixin.py:154} INFO - [2025-05-02T00:16:56.755+0000] {dag.py:2941} INFO - Sync 1 DAGs
[2025-05-02T00:16:56.765+0000] {logging_mixin.py:154} INFO - [2025-05-02T00:16:56.765+0000] {dag.py:3722} INFO - Setting next_dagrun for lgbtq_model_pipeline to 2025-05-02T00:00:00+00:00, run_after=2025-05-03T00:00:00+00:00
[2025-05-02T00:16:56.773+0000] {processor.py:179} INFO - Processing /opt/airflow/dags/lgbtq_model_pipeline.py took 1.501 seconds
[2025-05-02T00:17:27.098+0000] {processor.py:157} INFO - Started process (PID=1447) to work on /opt/airflow/dags/lgbtq_model_pipeline.py
[2025-05-02T00:17:27.100+0000] {processor.py:829} INFO - Processing file /opt/airflow/dags/lgbtq_model_pipeline.py for tasks to queue
[2025-05-02T00:17:27.101+0000] {logging_mixin.py:154} INFO - [2025-05-02T00:17:27.100+0000] {dagbag.py:536} INFO - Filling up the DagBag from /opt/airflow/dags/lgbtq_model_pipeline.py
[2025-05-02T00:17:29.217+0000] {processor.py:839} INFO - DAG(s) dict_keys(['lgbtq_model_pipeline']) retrieved from /opt/airflow/dags/lgbtq_model_pipeline.py
[2025-05-02T00:17:29.231+0000] {logging_mixin.py:154} INFO - [2025-05-02T00:17:29.230+0000] {dag.py:2941} INFO - Sync 1 DAGs
[2025-05-02T00:17:29.243+0000] {logging_mixin.py:154} INFO - [2025-05-02T00:17:29.243+0000] {dag.py:3722} INFO - Setting next_dagrun for lgbtq_model_pipeline to 2025-05-02T00:00:00+00:00, run_after=2025-05-03T00:00:00+00:00
[2025-05-02T00:17:29.252+0000] {processor.py:179} INFO - Processing /opt/airflow/dags/lgbtq_model_pipeline.py took 2.160 seconds
[2025-05-02T00:17:59.411+0000] {processor.py:157} INFO - Started process (PID=1460) to work on /opt/airflow/dags/lgbtq_model_pipeline.py
[2025-05-02T00:17:59.412+0000] {processor.py:829} INFO - Processing file /opt/airflow/dags/lgbtq_model_pipeline.py for tasks to queue
[2025-05-02T00:17:59.412+0000] {logging_mixin.py:154} INFO - [2025-05-02T00:17:59.412+0000] {dagbag.py:536} INFO - Filling up the DagBag from /opt/airflow/dags/lgbtq_model_pipeline.py
[2025-05-02T00:18:00.858+0000] {processor.py:839} INFO - DAG(s) dict_keys(['lgbtq_model_pipeline']) retrieved from /opt/airflow/dags/lgbtq_model_pipeline.py
[2025-05-02T00:18:00.880+0000] {logging_mixin.py:154} INFO - [2025-05-02T00:18:00.880+0000] {dag.py:2941} INFO - Sync 1 DAGs
[2025-05-02T00:18:00.892+0000] {logging_mixin.py:154} INFO - [2025-05-02T00:18:00.892+0000] {dag.py:3722} INFO - Setting next_dagrun for lgbtq_model_pipeline to 2025-05-02T00:00:00+00:00, run_after=2025-05-03T00:00:00+00:00
[2025-05-02T00:18:00.902+0000] {processor.py:179} INFO - Processing /opt/airflow/dags/lgbtq_model_pipeline.py took 1.493 seconds
[2025-05-02T00:18:31.239+0000] {processor.py:157} INFO - Started process (PID=1473) to work on /opt/airflow/dags/lgbtq_model_pipeline.py
[2025-05-02T00:18:31.240+0000] {processor.py:829} INFO - Processing file /opt/airflow/dags/lgbtq_model_pipeline.py for tasks to queue
[2025-05-02T00:18:31.242+0000] {logging_mixin.py:154} INFO - [2025-05-02T00:18:31.241+0000] {dagbag.py:536} INFO - Filling up the DagBag from /opt/airflow/dags/lgbtq_model_pipeline.py
[2025-05-02T00:18:32.675+0000] {processor.py:839} INFO - DAG(s) dict_keys(['lgbtq_model_pipeline']) retrieved from /opt/airflow/dags/lgbtq_model_pipeline.py
[2025-05-02T00:18:32.687+0000] {logging_mixin.py:154} INFO - [2025-05-02T00:18:32.687+0000] {dag.py:2941} INFO - Sync 1 DAGs
[2025-05-02T00:18:32.696+0000] {logging_mixin.py:154} INFO - [2025-05-02T00:18:32.696+0000] {dag.py:3722} INFO - Setting next_dagrun for lgbtq_model_pipeline to 2025-05-02T00:00:00+00:00, run_after=2025-05-03T00:00:00+00:00
[2025-05-02T00:18:32.703+0000] {processor.py:179} INFO - Processing /opt/airflow/dags/lgbtq_model_pipeline.py took 1.468 seconds
[2025-05-02T00:19:03.069+0000] {processor.py:157} INFO - Started process (PID=1486) to work on /opt/airflow/dags/lgbtq_model_pipeline.py
[2025-05-02T00:19:03.071+0000] {processor.py:829} INFO - Processing file /opt/airflow/dags/lgbtq_model_pipeline.py for tasks to queue
[2025-05-02T00:19:03.072+0000] {logging_mixin.py:154} INFO - [2025-05-02T00:19:03.071+0000] {dagbag.py:536} INFO - Filling up the DagBag from /opt/airflow/dags/lgbtq_model_pipeline.py
[2025-05-02T00:19:04.506+0000] {processor.py:839} INFO - DAG(s) dict_keys(['lgbtq_model_pipeline']) retrieved from /opt/airflow/dags/lgbtq_model_pipeline.py
[2025-05-02T00:19:04.516+0000] {logging_mixin.py:154} INFO - [2025-05-02T00:19:04.515+0000] {dag.py:2941} INFO - Sync 1 DAGs
[2025-05-02T00:19:04.525+0000] {logging_mixin.py:154} INFO - [2025-05-02T00:19:04.525+0000] {dag.py:3722} INFO - Setting next_dagrun for lgbtq_model_pipeline to 2025-05-02T00:00:00+00:00, run_after=2025-05-03T00:00:00+00:00
[2025-05-02T00:19:04.535+0000] {processor.py:179} INFO - Processing /opt/airflow/dags/lgbtq_model_pipeline.py took 1.470 seconds
[2025-05-02T00:19:34.823+0000] {processor.py:157} INFO - Started process (PID=1499) to work on /opt/airflow/dags/lgbtq_model_pipeline.py
[2025-05-02T00:19:34.824+0000] {processor.py:829} INFO - Processing file /opt/airflow/dags/lgbtq_model_pipeline.py for tasks to queue
[2025-05-02T00:19:34.825+0000] {logging_mixin.py:154} INFO - [2025-05-02T00:19:34.825+0000] {dagbag.py:536} INFO - Filling up the DagBag from /opt/airflow/dags/lgbtq_model_pipeline.py
[2025-05-02T00:19:36.257+0000] {processor.py:839} INFO - DAG(s) dict_keys(['lgbtq_model_pipeline']) retrieved from /opt/airflow/dags/lgbtq_model_pipeline.py
[2025-05-02T00:19:36.267+0000] {logging_mixin.py:154} INFO - [2025-05-02T00:19:36.267+0000] {dag.py:2941} INFO - Sync 1 DAGs
[2025-05-02T00:19:36.277+0000] {logging_mixin.py:154} INFO - [2025-05-02T00:19:36.277+0000] {dag.py:3722} INFO - Setting next_dagrun for lgbtq_model_pipeline to 2025-05-02T00:00:00+00:00, run_after=2025-05-03T00:00:00+00:00
[2025-05-02T00:19:36.284+0000] {processor.py:179} INFO - Processing /opt/airflow/dags/lgbtq_model_pipeline.py took 1.465 seconds
[2025-05-02T00:20:06.634+0000] {processor.py:157} INFO - Started process (PID=1512) to work on /opt/airflow/dags/lgbtq_model_pipeline.py
[2025-05-02T00:20:06.635+0000] {processor.py:829} INFO - Processing file /opt/airflow/dags/lgbtq_model_pipeline.py for tasks to queue
[2025-05-02T00:20:06.636+0000] {logging_mixin.py:154} INFO - [2025-05-02T00:20:06.635+0000] {dagbag.py:536} INFO - Filling up the DagBag from /opt/airflow/dags/lgbtq_model_pipeline.py
[2025-05-02T00:20:08.074+0000] {processor.py:839} INFO - DAG(s) dict_keys(['lgbtq_model_pipeline']) retrieved from /opt/airflow/dags/lgbtq_model_pipeline.py
[2025-05-02T00:20:08.085+0000] {logging_mixin.py:154} INFO - [2025-05-02T00:20:08.084+0000] {dag.py:2941} INFO - Sync 1 DAGs
[2025-05-02T00:20:08.094+0000] {logging_mixin.py:154} INFO - [2025-05-02T00:20:08.094+0000] {dag.py:3722} INFO - Setting next_dagrun for lgbtq_model_pipeline to 2025-05-02T00:00:00+00:00, run_after=2025-05-03T00:00:00+00:00
[2025-05-02T00:20:08.101+0000] {processor.py:179} INFO - Processing /opt/airflow/dags/lgbtq_model_pipeline.py took 1.471 seconds
[2025-05-02T00:20:38.503+0000] {processor.py:157} INFO - Started process (PID=1525) to work on /opt/airflow/dags/lgbtq_model_pipeline.py
[2025-05-02T00:20:38.504+0000] {processor.py:829} INFO - Processing file /opt/airflow/dags/lgbtq_model_pipeline.py for tasks to queue
[2025-05-02T00:20:38.505+0000] {logging_mixin.py:154} INFO - [2025-05-02T00:20:38.505+0000] {dagbag.py:536} INFO - Filling up the DagBag from /opt/airflow/dags/lgbtq_model_pipeline.py
[2025-05-02T00:20:39.946+0000] {processor.py:839} INFO - DAG(s) dict_keys(['lgbtq_model_pipeline']) retrieved from /opt/airflow/dags/lgbtq_model_pipeline.py
[2025-05-02T00:20:39.960+0000] {logging_mixin.py:154} INFO - [2025-05-02T00:20:39.959+0000] {dag.py:2941} INFO - Sync 1 DAGs
[2025-05-02T00:20:39.970+0000] {logging_mixin.py:154} INFO - [2025-05-02T00:20:39.970+0000] {dag.py:3722} INFO - Setting next_dagrun for lgbtq_model_pipeline to 2025-05-02T00:00:00+00:00, run_after=2025-05-03T00:00:00+00:00
[2025-05-02T00:20:39.978+0000] {processor.py:179} INFO - Processing /opt/airflow/dags/lgbtq_model_pipeline.py took 1.479 seconds
[2025-05-02T00:21:10.333+0000] {processor.py:157} INFO - Started process (PID=1538) to work on /opt/airflow/dags/lgbtq_model_pipeline.py
[2025-05-02T00:21:10.333+0000] {processor.py:829} INFO - Processing file /opt/airflow/dags/lgbtq_model_pipeline.py for tasks to queue
[2025-05-02T00:21:10.334+0000] {logging_mixin.py:154} INFO - [2025-05-02T00:21:10.334+0000] {dagbag.py:536} INFO - Filling up the DagBag from /opt/airflow/dags/lgbtq_model_pipeline.py
[2025-05-02T00:21:11.783+0000] {processor.py:839} INFO - DAG(s) dict_keys(['lgbtq_model_pipeline']) retrieved from /opt/airflow/dags/lgbtq_model_pipeline.py
[2025-05-02T00:21:11.793+0000] {logging_mixin.py:154} INFO - [2025-05-02T00:21:11.793+0000] {dag.py:2941} INFO - Sync 1 DAGs
[2025-05-02T00:21:11.802+0000] {logging_mixin.py:154} INFO - [2025-05-02T00:21:11.802+0000] {dag.py:3722} INFO - Setting next_dagrun for lgbtq_model_pipeline to 2025-05-02T00:00:00+00:00, run_after=2025-05-03T00:00:00+00:00
[2025-05-02T00:21:11.809+0000] {processor.py:179} INFO - Processing /opt/airflow/dags/lgbtq_model_pipeline.py took 1.480 seconds
[2025-05-02T00:21:42.104+0000] {processor.py:157} INFO - Started process (PID=1551) to work on /opt/airflow/dags/lgbtq_model_pipeline.py
[2025-05-02T00:21:42.106+0000] {processor.py:829} INFO - Processing file /opt/airflow/dags/lgbtq_model_pipeline.py for tasks to queue
[2025-05-02T00:21:42.106+0000] {logging_mixin.py:154} INFO - [2025-05-02T00:21:42.106+0000] {dagbag.py:536} INFO - Filling up the DagBag from /opt/airflow/dags/lgbtq_model_pipeline.py
[2025-05-02T00:21:43.538+0000] {processor.py:839} INFO - DAG(s) dict_keys(['lgbtq_model_pipeline']) retrieved from /opt/airflow/dags/lgbtq_model_pipeline.py
[2025-05-02T00:21:43.549+0000] {logging_mixin.py:154} INFO - [2025-05-02T00:21:43.549+0000] {dag.py:2941} INFO - Sync 1 DAGs
[2025-05-02T00:21:43.558+0000] {logging_mixin.py:154} INFO - [2025-05-02T00:21:43.558+0000] {dag.py:3722} INFO - Setting next_dagrun for lgbtq_model_pipeline to 2025-05-02T00:00:00+00:00, run_after=2025-05-03T00:00:00+00:00
[2025-05-02T00:21:43.566+0000] {processor.py:179} INFO - Processing /opt/airflow/dags/lgbtq_model_pipeline.py took 1.466 seconds
[2025-05-02T00:22:13.929+0000] {processor.py:157} INFO - Started process (PID=1564) to work on /opt/airflow/dags/lgbtq_model_pipeline.py
[2025-05-02T00:22:13.931+0000] {processor.py:829} INFO - Processing file /opt/airflow/dags/lgbtq_model_pipeline.py for tasks to queue
[2025-05-02T00:22:13.932+0000] {logging_mixin.py:154} INFO - [2025-05-02T00:22:13.931+0000] {dagbag.py:536} INFO - Filling up the DagBag from /opt/airflow/dags/lgbtq_model_pipeline.py
[2025-05-02T00:22:15.424+0000] {processor.py:839} INFO - DAG(s) dict_keys(['lgbtq_model_pipeline']) retrieved from /opt/airflow/dags/lgbtq_model_pipeline.py
[2025-05-02T00:22:15.435+0000] {logging_mixin.py:154} INFO - [2025-05-02T00:22:15.435+0000] {dag.py:2941} INFO - Sync 1 DAGs
[2025-05-02T00:22:15.444+0000] {logging_mixin.py:154} INFO - [2025-05-02T00:22:15.444+0000] {dag.py:3722} INFO - Setting next_dagrun for lgbtq_model_pipeline to 2025-05-02T00:00:00+00:00, run_after=2025-05-03T00:00:00+00:00
[2025-05-02T00:22:15.454+0000] {processor.py:179} INFO - Processing /opt/airflow/dags/lgbtq_model_pipeline.py took 1.528 seconds
[2025-05-02T00:22:45.754+0000] {processor.py:157} INFO - Started process (PID=1577) to work on /opt/airflow/dags/lgbtq_model_pipeline.py
[2025-05-02T00:22:45.755+0000] {processor.py:829} INFO - Processing file /opt/airflow/dags/lgbtq_model_pipeline.py for tasks to queue
[2025-05-02T00:22:45.756+0000] {logging_mixin.py:154} INFO - [2025-05-02T00:22:45.755+0000] {dagbag.py:536} INFO - Filling up the DagBag from /opt/airflow/dags/lgbtq_model_pipeline.py
[2025-05-02T00:22:47.194+0000] {processor.py:839} INFO - DAG(s) dict_keys(['lgbtq_model_pipeline']) retrieved from /opt/airflow/dags/lgbtq_model_pipeline.py
[2025-05-02T00:22:47.204+0000] {logging_mixin.py:154} INFO - [2025-05-02T00:22:47.204+0000] {dag.py:2941} INFO - Sync 1 DAGs
[2025-05-02T00:22:47.214+0000] {logging_mixin.py:154} INFO - [2025-05-02T00:22:47.214+0000] {dag.py:3722} INFO - Setting next_dagrun for lgbtq_model_pipeline to 2025-05-02T00:00:00+00:00, run_after=2025-05-03T00:00:00+00:00
[2025-05-02T00:22:47.222+0000] {processor.py:179} INFO - Processing /opt/airflow/dags/lgbtq_model_pipeline.py took 1.471 seconds
[2025-05-02T00:36:05.439+0000] {processor.py:157} INFO - Started process (PID=1590) to work on /opt/airflow/dags/lgbtq_model_pipeline.py
[2025-05-02T00:36:05.440+0000] {processor.py:829} INFO - Processing file /opt/airflow/dags/lgbtq_model_pipeline.py for tasks to queue
[2025-05-02T00:36:05.441+0000] {logging_mixin.py:154} INFO - [2025-05-02T00:36:05.441+0000] {dagbag.py:536} INFO - Filling up the DagBag from /opt/airflow/dags/lgbtq_model_pipeline.py
[2025-05-02T00:36:07.846+0000] {processor.py:839} INFO - DAG(s) dict_keys(['lgbtq_model_pipeline']) retrieved from /opt/airflow/dags/lgbtq_model_pipeline.py
[2025-05-02T00:36:07.858+0000] {logging_mixin.py:154} INFO - [2025-05-02T00:36:07.857+0000] {dag.py:2941} INFO - Sync 1 DAGs
[2025-05-02T00:36:07.868+0000] {logging_mixin.py:154} INFO - [2025-05-02T00:36:07.868+0000] {dag.py:3722} INFO - Setting next_dagrun for lgbtq_model_pipeline to 2025-05-02T00:00:00+00:00, run_after=2025-05-03T00:00:00+00:00
[2025-05-02T00:36:07.876+0000] {processor.py:179} INFO - Processing /opt/airflow/dags/lgbtq_model_pipeline.py took 2.439 seconds
[2025-05-02T00:36:38.237+0000] {processor.py:157} INFO - Started process (PID=1605) to work on /opt/airflow/dags/lgbtq_model_pipeline.py
[2025-05-02T00:36:38.238+0000] {processor.py:829} INFO - Processing file /opt/airflow/dags/lgbtq_model_pipeline.py for tasks to queue
[2025-05-02T00:36:38.239+0000] {logging_mixin.py:154} INFO - [2025-05-02T00:36:38.239+0000] {dagbag.py:536} INFO - Filling up the DagBag from /opt/airflow/dags/lgbtq_model_pipeline.py
[2025-05-02T00:36:39.729+0000] {processor.py:839} INFO - DAG(s) dict_keys(['lgbtq_model_pipeline']) retrieved from /opt/airflow/dags/lgbtq_model_pipeline.py
[2025-05-02T00:36:39.740+0000] {logging_mixin.py:154} INFO - [2025-05-02T00:36:39.740+0000] {dag.py:2941} INFO - Sync 1 DAGs
[2025-05-02T00:36:39.749+0000] {logging_mixin.py:154} INFO - [2025-05-02T00:36:39.749+0000] {dag.py:3722} INFO - Setting next_dagrun for lgbtq_model_pipeline to 2025-05-02T00:00:00+00:00, run_after=2025-05-03T00:00:00+00:00
[2025-05-02T00:36:39.757+0000] {processor.py:179} INFO - Processing /opt/airflow/dags/lgbtq_model_pipeline.py took 1.526 seconds
