[2025-05-08T05:34:17.308+0000] {taskinstance.py:1159} INFO - Dependencies all met for dep_context=non-requeueable deps ti=<TaskInstance: lgbtq_model_pipeline.notify_admin manual__2025-05-08T05:33:47.802573+00:00 [queued]>
[2025-05-08T05:34:17.312+0000] {taskinstance.py:1159} INFO - Dependencies all met for dep_context=requeueable deps ti=<TaskInstance: lgbtq_model_pipeline.notify_admin manual__2025-05-08T05:33:47.802573+00:00 [queued]>
[2025-05-08T05:34:17.312+0000] {taskinstance.py:1361} INFO - Starting attempt 1 of 1
[2025-05-08T05:34:17.320+0000] {taskinstance.py:1382} INFO - Executing <Task(PythonOperator): notify_admin> on 2025-05-08 05:33:47.802573+00:00
[2025-05-08T05:34:17.332+0000] {standard_task_runner.py:57} INFO - Started process 60616 to run task
[2025-05-08T05:34:17.335+0000] {standard_task_runner.py:84} INFO - Running: ['***', 'tasks', 'run', 'lgbtq_model_pipeline', 'notify_admin', 'manual__2025-05-08T05:33:47.802573+00:00', '--job-id', '219', '--raw', '--subdir', 'DAGS_FOLDER/lgbtq_model_pipeline.py', '--cfg-path', '/tmp/tmpq63b7g76']
[2025-05-08T05:34:17.338+0000] {standard_task_runner.py:85} INFO - Job 219: Subtask notify_admin
[2025-05-08T05:34:17.370+0000] {task_command.py:416} INFO - Running <TaskInstance: lgbtq_model_pipeline.notify_admin manual__2025-05-08T05:33:47.802573+00:00 [running]> on host 6fdcfcafebfc
[2025-05-08T05:34:17.418+0000] {taskinstance.py:1662} INFO - Exporting env vars: AIRFLOW_CTX_DAG_OWNER='***' AIRFLOW_CTX_DAG_ID='lgbtq_model_pipeline' AIRFLOW_CTX_TASK_ID='notify_admin' AIRFLOW_CTX_EXECUTION_DATE='2025-05-08T05:33:47.802573+00:00' AIRFLOW_CTX_TRY_NUMBER='1' AIRFLOW_CTX_DAG_RUN_ID='manual__2025-05-08T05:33:47.802573+00:00'
[2025-05-08T05:34:17.419+0000] {logging_mixin.py:154} INFO - 📣 Running notify_admin task...
[2025-05-08T05:34:17.419+0000] {logging_mixin.py:154} INFO - 💌 Sending email to team...
[2025-05-08T05:34:17.420+0000] {logging_mixin.py:154} INFO - 
📢 A new model was deployed!
🆕 Path:     /opt/***/models/production_model_20250508053413.joblib
📂 Source:   /opt/***/models/production_model_backup_20250507113907.joblib
🕒 Deployed: 2025-05-08T05:34:13.879016
📝 Reason:   automated pipeline decision
        
[2025-05-08T05:34:17.420+0000] {python.py:194} INFO - Done. Returned value was: None
[2025-05-08T05:34:17.424+0000] {taskinstance.py:1400} INFO - Marking task as SUCCESS. dag_id=lgbtq_model_pipeline, task_id=notify_admin, execution_date=20250508T053347, start_date=20250508T053417, end_date=20250508T053417
[2025-05-08T05:34:17.435+0000] {local_task_job_runner.py:228} INFO - Task exited with return code 0
[2025-05-08T05:34:17.448+0000] {taskinstance.py:2778} INFO - 0 downstream tasks scheduled from follow-on schedule check
