[2025-05-01T07:38:03.389+0000] {taskinstance.py:1159} INFO - Dependencies all met for dep_context=non-requeueable deps ti=<TaskInstance: lgbtq_model_pipeline.human_review manual__2025-05-01T07:32:06.093875+00:00 [queued]>
[2025-05-01T07:38:03.393+0000] {taskinstance.py:1159} INFO - Dependencies all met for dep_context=requeueable deps ti=<TaskInstance: lgbtq_model_pipeline.human_review manual__2025-05-01T07:32:06.093875+00:00 [queued]>
[2025-05-01T07:38:03.393+0000] {taskinstance.py:1361} INFO - Starting attempt 2 of 2
[2025-05-01T07:38:03.399+0000] {taskinstance.py:1382} INFO - Executing <Task(PythonOperator): human_review> on 2025-05-01 07:32:06.093875+00:00
[2025-05-01T07:38:03.402+0000] {standard_task_runner.py:57} INFO - Started process 232 to run task
[2025-05-01T07:38:03.405+0000] {standard_task_runner.py:84} INFO - Running: ['***', 'tasks', 'run', 'lgbtq_model_pipeline', 'human_review', 'manual__2025-05-01T07:32:06.093875+00:00', '--job-id', '101', '--raw', '--subdir', 'DAGS_FOLDER/lgbtq_model_pipeline.py', '--cfg-path', '/tmp/tmpfhqugywj']
[2025-05-01T07:38:03.406+0000] {standard_task_runner.py:85} INFO - Job 101: Subtask human_review
[2025-05-01T07:38:03.429+0000] {task_command.py:416} INFO - Running <TaskInstance: lgbtq_model_pipeline.human_review manual__2025-05-01T07:32:06.093875+00:00 [running]> on host b2f347e120e3
[2025-05-01T07:38:03.465+0000] {taskinstance.py:1662} INFO - Exporting env vars: AIRFLOW_CTX_DAG_OWNER='***' AIRFLOW_CTX_DAG_ID='lgbtq_model_pipeline' AIRFLOW_CTX_TASK_ID='human_review' AIRFLOW_CTX_EXECUTION_DATE='2025-05-01T07:32:06.093875+00:00' AIRFLOW_CTX_TRY_NUMBER='2' AIRFLOW_CTX_DAG_RUN_ID='manual__2025-05-01T07:32:06.093875+00:00'
[2025-05-01T07:38:03.466+0000] {logging_mixin.py:154} INFO - 👀 Checking for enough articles in review queue...
[2025-05-01T07:38:03.467+0000] {logging_mixin.py:154} INFO - ✅ Found 5 files — simulating human review...
[2025-05-01T07:38:03.467+0000] {logging_mixin.py:154} INFO - Moved article_198_2025-05-01T07:38:02.083353.json to new_data/
[2025-05-01T07:38:03.467+0000] {logging_mixin.py:154} INFO - Moved article_153_2025-05-01T07:38:02.082346.json to new_data/
[2025-05-01T07:38:03.467+0000] {logging_mixin.py:154} INFO - Moved article_6_2025-05-01T07:38:02.081786.json to new_data/
[2025-05-01T07:38:03.467+0000] {logging_mixin.py:154} INFO - Moved article_211_2025-05-01T07:38:02.082853.json to new_data/
[2025-05-01T07:38:03.467+0000] {logging_mixin.py:154} INFO - Moved article_24_2025-05-01T07:38:02.080322.json to new_data/
[2025-05-01T07:38:03.467+0000] {logging_mixin.py:154} INFO - Review complete.
[2025-05-01T07:38:03.467+0000] {python.py:194} INFO - Done. Returned value was: None
[2025-05-01T07:38:03.472+0000] {taskinstance.py:1400} INFO - Marking task as SUCCESS. dag_id=lgbtq_model_pipeline, task_id=human_review, execution_date=20250501T073206, start_date=20250501T073803, end_date=20250501T073803
[2025-05-01T07:38:03.507+0000] {local_task_job_runner.py:228} INFO - Task exited with return code 0
[2025-05-01T07:38:03.521+0000] {taskinstance.py:2778} INFO - 1 downstream tasks scheduled from follow-on schedule check
