[2025-05-07T10:50:17.424+0000] {taskinstance.py:1159} INFO - Dependencies all met for dep_context=non-requeueable deps ti=<TaskInstance: lgbtq_model_pipeline.retrain manual__2025-05-07T10:50:09.135650+00:00 [queued]>
[2025-05-07T10:50:17.429+0000] {taskinstance.py:1159} INFO - Dependencies all met for dep_context=requeueable deps ti=<TaskInstance: lgbtq_model_pipeline.retrain manual__2025-05-07T10:50:09.135650+00:00 [queued]>
[2025-05-07T10:50:17.429+0000] {taskinstance.py:1361} INFO - Starting attempt 1 of 1
[2025-05-07T10:50:17.437+0000] {taskinstance.py:1382} INFO - Executing <Task(PythonOperator): retrain> on 2025-05-07 10:50:09.135650+00:00
[2025-05-07T10:50:17.444+0000] {standard_task_runner.py:57} INFO - Started process 18972 to run task
[2025-05-07T10:50:17.447+0000] {standard_task_runner.py:84} INFO - Running: ['***', 'tasks', 'run', 'lgbtq_model_pipeline', 'retrain', 'manual__2025-05-07T10:50:09.135650+00:00', '--job-id', '108', '--raw', '--subdir', 'DAGS_FOLDER/lgbtq_model_pipeline.py', '--cfg-path', '/tmp/tmp1g334uao']
[2025-05-07T10:50:17.449+0000] {standard_task_runner.py:85} INFO - Job 108: Subtask retrain
[2025-05-07T10:50:17.476+0000] {task_command.py:416} INFO - Running <TaskInstance: lgbtq_model_pipeline.retrain manual__2025-05-07T10:50:09.135650+00:00 [running]> on host 6fdcfcafebfc
[2025-05-07T10:50:17.512+0000] {taskinstance.py:1662} INFO - Exporting env vars: AIRFLOW_CTX_DAG_OWNER='***' AIRFLOW_CTX_DAG_ID='lgbtq_model_pipeline' AIRFLOW_CTX_TASK_ID='retrain' AIRFLOW_CTX_EXECUTION_DATE='2025-05-07T10:50:09.135650+00:00' AIRFLOW_CTX_TRY_NUMBER='1' AIRFLOW_CTX_DAG_RUN_ID='manual__2025-05-07T10:50:09.135650+00:00'
[2025-05-07T10:50:17.513+0000] {logging_mixin.py:154} INFO - 📦 Combining data...
[2025-05-07T10:50:17.766+0000] {logging_mixin.py:154} INFO - 📚 Loading labeled data...
[2025-05-07T10:50:17.878+0000] {logging_mixin.py:154} INFO - 🧠 Initial memory usage: 33.3%
[2025-05-07T10:50:17.878+0000] {logging_mixin.py:154} INFO - 🧠 Preparing triplet training data...
[2025-05-07T10:50:18.880+0000] {logging_mixin.py:154} INFO - 🔍 Loading encoder from local cache...
[2025-05-07T10:50:19.123+0000] {logging_mixin.py:154} INFO - 🖥️ Using device: cpu
[2025-05-07T10:50:19.125+0000] {logging_mixin.py:154} INFO - 📊 Using gradient accumulation: effective batch size = 8
[2025-05-07T10:50:19.298+0000] {logging_mixin.py:154} INFO - 🚀 Training triplet model...
[2025-05-07T10:50:19.317+0000] {logging_mixin.py:154} INFO - 📊 Epoch 1/1 — 0% complete (1/125 batches)
[2025-05-07T10:50:32.733+0000] {local_task_job_runner.py:294} WARNING - State of this instance has been externally set to success. Terminating instance.
[2025-05-07T10:50:32.757+0000] {process_utils.py:131} INFO - Sending 15 to group 18972. PIDs of all processes in the group: [18972]
[2025-05-07T10:50:32.757+0000] {process_utils.py:86} INFO - Sending the signal 15 to group 18972
[2025-05-07T10:50:37.935+0000] {taskinstance.py:1632} ERROR - Received SIGTERM. Terminating subprocesses.
[2025-05-07T10:50:38.128+0000] {process_utils.py:79} INFO - Process psutil.Process(pid=18972, status='terminated', exitcode=0, started='10:50:16') (18972) terminated with exit code 0
