[2025-05-01T10:14:10.932+0000] {taskinstance.py:1159} INFO - Dependencies all met for dep_context=non-requeueable deps ti=<TaskInstance: lgbtq_model_pipeline.human_review manual__2025-05-01T10:13:33.892315+00:00 [queued]>
[2025-05-01T10:14:10.936+0000] {taskinstance.py:1159} INFO - Dependencies all met for dep_context=requeueable deps ti=<TaskInstance: lgbtq_model_pipeline.human_review manual__2025-05-01T10:13:33.892315+00:00 [queued]>
[2025-05-01T10:14:10.936+0000] {taskinstance.py:1361} INFO - Starting attempt 1 of 1
[2025-05-01T10:14:10.943+0000] {taskinstance.py:1382} INFO - Executing <Task(PythonOperator): human_review> on 2025-05-01 10:13:33.892315+00:00
[2025-05-01T10:14:10.951+0000] {standard_task_runner.py:57} INFO - Started process 231 to run task
[2025-05-01T10:14:10.954+0000] {standard_task_runner.py:84} INFO - Running: ['***', 'tasks', 'run', 'lgbtq_model_pipeline', 'human_review', 'manual__2025-05-01T10:13:33.892315+00:00', '--job-id', '192', '--raw', '--subdir', 'DAGS_FOLDER/lgbtq_model_pipeline.py', '--cfg-path', '/tmp/tmp2wzx3a8g']
[2025-05-01T10:14:10.956+0000] {standard_task_runner.py:85} INFO - Job 192: Subtask human_review
[2025-05-01T10:14:10.981+0000] {task_command.py:416} INFO - Running <TaskInstance: lgbtq_model_pipeline.human_review manual__2025-05-01T10:13:33.892315+00:00 [running]> on host 6c2d212c8b01
[2025-05-01T10:14:11.019+0000] {taskinstance.py:1662} INFO - Exporting env vars: AIRFLOW_CTX_DAG_OWNER='***' AIRFLOW_CTX_DAG_ID='lgbtq_model_pipeline' AIRFLOW_CTX_TASK_ID='human_review' AIRFLOW_CTX_EXECUTION_DATE='2025-05-01T10:13:33.892315+00:00' AIRFLOW_CTX_TRY_NUMBER='1' AIRFLOW_CTX_DAG_RUN_ID='manual__2025-05-01T10:13:33.892315+00:00'
[2025-05-01T10:14:11.020+0000] {logging_mixin.py:154} INFO - 👀 Checking for enough articles in review queue...
[2025-05-01T10:14:11.020+0000] {logging_mixin.py:154} INFO - ✅ Found 5 files — simulating human review...
[2025-05-01T10:14:11.020+0000] {logging_mixin.py:154} INFO - 💌 Sending email to team...
[2025-05-01T10:14:11.020+0000] {logging_mixin.py:154} INFO - hiyyyy time 2 label these new entries babe okthxbye
[2025-05-01T10:14:11.022+0000] {logging_mixin.py:154} INFO - 📤 Reviewed + moved article_211_2025-05-01T10:14:08.632671.json → new_data/
[2025-05-01T10:14:11.024+0000] {logging_mixin.py:154} INFO - 📤 Reviewed + moved article_6_2025-05-01T10:14:08.484138.json → new_data/
[2025-05-01T10:14:11.025+0000] {logging_mixin.py:154} INFO - 📤 Reviewed + moved article_198_2025-05-01T10:14:08.712469.json → new_data/
[2025-05-01T10:14:11.027+0000] {logging_mixin.py:154} INFO - 📤 Reviewed + moved article_24_2025-05-01T10:14:08.400964.json → new_data/
[2025-05-01T10:14:11.028+0000] {logging_mixin.py:154} INFO - 📤 Reviewed + moved article_153_2025-05-01T10:14:08.560142.json → new_data/
[2025-05-01T10:14:11.028+0000] {logging_mixin.py:154} INFO - 🧠 Human review simulated for this batch.
[2025-05-01T10:14:11.028+0000] {python.py:194} INFO - Done. Returned value was: None
[2025-05-01T10:14:11.033+0000] {taskinstance.py:1400} INFO - Marking task as SUCCESS. dag_id=lgbtq_model_pipeline, task_id=human_review, execution_date=20250501T101333, start_date=20250501T101410, end_date=20250501T101411
[2025-05-01T10:14:11.052+0000] {local_task_job_runner.py:228} INFO - Task exited with return code 0
[2025-05-01T10:14:11.066+0000] {taskinstance.py:2778} INFO - 1 downstream tasks scheduled from follow-on schedule check
