[2025-05-01T10:59:22.605+0000] {taskinstance.py:1159} INFO - Dependencies all met for dep_context=non-requeueable deps ti=<TaskInstance: lgbtq_model_pipeline.human_review manual__2025-05-01T10:58:53.838532+00:00 [queued]>
[2025-05-01T10:59:22.609+0000] {taskinstance.py:1159} INFO - Dependencies all met for dep_context=requeueable deps ti=<TaskInstance: lgbtq_model_pipeline.human_review manual__2025-05-01T10:58:53.838532+00:00 [queued]>
[2025-05-01T10:59:22.609+0000] {taskinstance.py:1361} INFO - Starting attempt 1 of 1
[2025-05-01T10:59:22.615+0000] {taskinstance.py:1382} INFO - Executing <Task(PythonOperator): human_review> on 2025-05-01 10:58:53.838532+00:00
[2025-05-01T10:59:22.619+0000] {standard_task_runner.py:57} INFO - Started process 350 to run task
[2025-05-01T10:59:22.622+0000] {standard_task_runner.py:84} INFO - Running: ['***', 'tasks', 'run', 'lgbtq_model_pipeline', 'human_review', 'manual__2025-05-01T10:58:53.838532+00:00', '--job-id', '216', '--raw', '--subdir', 'DAGS_FOLDER/lgbtq_model_pipeline.py', '--cfg-path', '/tmp/tmpv92b17r4']
[2025-05-01T10:59:22.626+0000] {standard_task_runner.py:85} INFO - Job 216: Subtask human_review
[2025-05-01T10:59:22.649+0000] {task_command.py:416} INFO - Running <TaskInstance: lgbtq_model_pipeline.human_review manual__2025-05-01T10:58:53.838532+00:00 [running]> on host f13b619dbab8
[2025-05-01T10:59:22.786+0000] {taskinstance.py:1662} INFO - Exporting env vars: AIRFLOW_CTX_DAG_OWNER='***' AIRFLOW_CTX_DAG_ID='lgbtq_model_pipeline' AIRFLOW_CTX_TASK_ID='human_review' AIRFLOW_CTX_EXECUTION_DATE='2025-05-01T10:58:53.838532+00:00' AIRFLOW_CTX_TRY_NUMBER='1' AIRFLOW_CTX_DAG_RUN_ID='manual__2025-05-01T10:58:53.838532+00:00'
[2025-05-01T10:59:22.787+0000] {logging_mixin.py:154} INFO - 👀 Checking for enough articles in review queue...
[2025-05-01T10:59:22.787+0000] {logging_mixin.py:154} INFO - ✅ Found 5 files — simulating human review...
[2025-05-01T10:59:22.787+0000] {logging_mixin.py:154} INFO - 💌 Sending email to team...
[2025-05-01T10:59:22.787+0000] {logging_mixin.py:154} INFO - hiyyyy time 2 label these new entries babe okthxbye
[2025-05-01T10:59:22.789+0000] {logging_mixin.py:154} INFO - 📤 Reviewed + moved article_244_2025-05-01T10:59:19.712955.json → new_data/
[2025-05-01T10:59:22.791+0000] {logging_mixin.py:154} INFO - 📤 Reviewed + moved article_245_2025-05-01T10:59:19.817930.json → new_data/
[2025-05-01T10:59:22.793+0000] {logging_mixin.py:154} INFO - 📤 Reviewed + moved article_246_2025-05-01T10:59:19.926016.json → new_data/
[2025-05-01T10:59:22.794+0000] {logging_mixin.py:154} INFO - 📤 Reviewed + moved article_248_2025-05-01T10:59:20.159598.json → new_data/
[2025-05-01T10:59:22.796+0000] {logging_mixin.py:154} INFO - 📤 Reviewed + moved article_247_2025-05-01T10:59:20.043854.json → new_data/
[2025-05-01T10:59:22.796+0000] {logging_mixin.py:154} INFO - 🧠 Human review simulated for this batch.
[2025-05-01T10:59:22.796+0000] {python.py:194} INFO - Done. Returned value was: None
[2025-05-01T10:59:22.801+0000] {taskinstance.py:1400} INFO - Marking task as SUCCESS. dag_id=lgbtq_model_pipeline, task_id=human_review, execution_date=20250501T105853, start_date=20250501T105922, end_date=20250501T105922
[2025-05-01T10:59:22.820+0000] {local_task_job_runner.py:228} INFO - Task exited with return code 0
[2025-05-01T10:59:22.836+0000] {taskinstance.py:2778} INFO - 1 downstream tasks scheduled from follow-on schedule check
