[2025-05-01T09:49:57.626+0000] {taskinstance.py:1159} INFO - Dependencies all met for dep_context=non-requeueable deps ti=<TaskInstance: lgbtq_model_pipeline.get_metrics manual__2025-05-01T09:49:37.268442+00:00 [queued]>
[2025-05-01T09:49:57.630+0000] {taskinstance.py:1159} INFO - Dependencies all met for dep_context=requeueable deps ti=<TaskInstance: lgbtq_model_pipeline.get_metrics manual__2025-05-01T09:49:37.268442+00:00 [queued]>
[2025-05-01T09:49:57.630+0000] {taskinstance.py:1361} INFO - Starting attempt 1 of 1
[2025-05-01T09:49:57.636+0000] {taskinstance.py:1382} INFO - Executing <Task(PythonOperator): get_metrics> on 2025-05-01 09:49:37.268442+00:00
[2025-05-01T09:49:57.640+0000] {standard_task_runner.py:57} INFO - Started process 310 to run task
[2025-05-01T09:49:57.642+0000] {standard_task_runner.py:84} INFO - Running: ['***', 'tasks', 'run', 'lgbtq_model_pipeline', 'get_metrics', 'manual__2025-05-01T09:49:37.268442+00:00', '--job-id', '186', '--raw', '--subdir', 'DAGS_FOLDER/lgbtq_model_pipeline.py', '--cfg-path', '/tmp/tmpr_7rtq6c']
[2025-05-01T09:49:57.646+0000] {standard_task_runner.py:85} INFO - Job 186: Subtask get_metrics
[2025-05-01T09:49:57.667+0000] {task_command.py:416} INFO - Running <TaskInstance: lgbtq_model_pipeline.get_metrics manual__2025-05-01T09:49:37.268442+00:00 [running]> on host 746c0c273008
[2025-05-01T09:49:57.700+0000] {taskinstance.py:1662} INFO - Exporting env vars: AIRFLOW_CTX_DAG_OWNER='***' AIRFLOW_CTX_DAG_ID='lgbtq_model_pipeline' AIRFLOW_CTX_TASK_ID='get_metrics' AIRFLOW_CTX_EXECUTION_DATE='2025-05-01T09:49:37.268442+00:00' AIRFLOW_CTX_TRY_NUMBER='1' AIRFLOW_CTX_DAG_RUN_ID='manual__2025-05-01T09:49:37.268442+00:00'
[2025-05-01T09:49:57.701+0000] {logging_mixin.py:154} INFO - Running get_metrics task...
[2025-05-01T09:49:57.735+0000] {logging_mixin.py:154} INFO - Confusion Matrix:
[[18, 0], [0, 12]]
[2025-05-01T09:49:57.736+0000] {logging_mixin.py:154} INFO - Accuracy: 1.0000
[2025-05-01T09:49:57.736+0000] {logging_mixin.py:154} INFO - Precision: 1.0000
[2025-05-01T09:49:57.736+0000] {logging_mixin.py:154} INFO - Recall: 1.0000
[2025-05-01T09:49:57.736+0000] {logging_mixin.py:154} INFO - F1 Score: 1.0000
[2025-05-01T09:49:57.736+0000] {logging_mixin.py:154} INFO - AUC: 1.0000
[2025-05-01T09:49:57.736+0000] {logging_mixin.py:154} INFO - Previous Accuracy: 1.0000
[2025-05-01T09:49:57.736+0000] {logging_mixin.py:154} INFO - Accuracy Change: +0.0000
[2025-05-01T09:49:57.737+0000] {logging_mixin.py:154} INFO - 🔗 Updated latest_metrics.json for deployment reference.
[2025-05-01T09:49:57.737+0000] {logging_mixin.py:154} INFO - Saved metrics to /opt/***/metrics/metrics_20250501_094957.json
[2025-05-01T09:49:57.738+0000] {python.py:194} INFO - Done. Returned value was: None
[2025-05-01T09:49:57.742+0000] {taskinstance.py:1400} INFO - Marking task as SUCCESS. dag_id=lgbtq_model_pipeline, task_id=get_metrics, execution_date=20250501T094937, start_date=20250501T094957, end_date=20250501T094957
[2025-05-01T09:49:57.783+0000] {local_task_job_runner.py:228} INFO - Task exited with return code 0
[2025-05-01T09:49:57.799+0000] {taskinstance.py:2778} INFO - 1 downstream tasks scheduled from follow-on schedule check
