[2025-05-07T03:39:45.974+0000] {taskinstance.py:1159} INFO - Dependencies all met for dep_context=non-requeueable deps ti=<TaskInstance: lgbtq_model_pipeline.retrain manual__2025-05-07T03:39:38.776877+00:00 [queued]>
[2025-05-07T03:39:45.979+0000] {taskinstance.py:1159} INFO - Dependencies all met for dep_context=requeueable deps ti=<TaskInstance: lgbtq_model_pipeline.retrain manual__2025-05-07T03:39:38.776877+00:00 [queued]>
[2025-05-07T03:39:45.979+0000] {taskinstance.py:1361} INFO - Starting attempt 1 of 1
[2025-05-07T03:39:45.984+0000] {taskinstance.py:1382} INFO - Executing <Task(PythonOperator): retrain> on 2025-05-07 03:39:38.776877+00:00
[2025-05-07T03:39:45.990+0000] {standard_task_runner.py:57} INFO - Started process 2597 to run task
[2025-05-07T03:39:45.993+0000] {standard_task_runner.py:84} INFO - Running: ['***', 'tasks', 'run', 'lgbtq_model_pipeline', 'retrain', 'manual__2025-05-07T03:39:38.776877+00:00', '--job-id', '38', '--raw', '--subdir', 'DAGS_FOLDER/lgbtq_model_pipeline.py', '--cfg-path', '/tmp/tmpo6u7fqmc']
[2025-05-07T03:39:45.994+0000] {standard_task_runner.py:85} INFO - Job 38: Subtask retrain
[2025-05-07T03:39:46.018+0000] {task_command.py:416} INFO - Running <TaskInstance: lgbtq_model_pipeline.retrain manual__2025-05-07T03:39:38.776877+00:00 [running]> on host 6fdcfcafebfc
[2025-05-07T03:39:46.049+0000] {taskinstance.py:1662} INFO - Exporting env vars: AIRFLOW_CTX_DAG_OWNER='***' AIRFLOW_CTX_DAG_ID='lgbtq_model_pipeline' AIRFLOW_CTX_TASK_ID='retrain' AIRFLOW_CTX_EXECUTION_DATE='2025-05-07T03:39:38.776877+00:00' AIRFLOW_CTX_TRY_NUMBER='1' AIRFLOW_CTX_DAG_RUN_ID='manual__2025-05-07T03:39:38.776877+00:00'
[2025-05-07T03:39:46.050+0000] {logging_mixin.py:154} INFO - 📦 Combining data...
[2025-05-07T03:39:46.269+0000] {logging_mixin.py:154} INFO - ⚠️ Skipping duplicate article_246
[2025-05-07T03:39:46.270+0000] {logging_mixin.py:154} INFO - ⚠️ Skipping duplicate article_247
[2025-05-07T03:39:46.270+0000] {logging_mixin.py:154} INFO - ⚠️ Skipping duplicate article_245
[2025-05-07T03:39:46.271+0000] {logging_mixin.py:154} INFO - ⚠️ Skipping duplicate article_249
[2025-05-07T03:39:46.271+0000] {logging_mixin.py:154} INFO - ⚠️ Skipping duplicate article_248
[2025-05-07T03:39:46.272+0000] {logging_mixin.py:154} INFO - ⚠️ Skipping duplicate article_244
[2025-05-07T03:39:46.272+0000] {logging_mixin.py:154} INFO - 📚 Loading labeled data...
[2025-05-07T03:39:46.365+0000] {logging_mixin.py:154} INFO - 🧠 Preparing triplet training data...
[2025-05-07T03:39:46.879+0000] {logging_mixin.py:154} INFO - 🔍 Loading encoder from local cache...
[2025-05-07T03:39:47.078+0000] {logging_mixin.py:154} INFO - 🚀 Training triplet model...
[2025-05-07T03:40:03.392+0000] {local_task_job_runner.py:228} INFO - Task exited with return code -9
[2025-05-07T03:40:03.463+0000] {taskinstance.py:2778} INFO - 0 downstream tasks scheduled from follow-on schedule check
