[2025-05-01T10:59:26.637+0000] {taskinstance.py:1159} INFO - Dependencies all met for dep_context=non-requeueable deps ti=<TaskInstance: lgbtq_model_pipeline.get_metrics manual__2025-05-01T10:58:53.838532+00:00 [queued]>
[2025-05-01T10:59:26.641+0000] {taskinstance.py:1159} INFO - Dependencies all met for dep_context=requeueable deps ti=<TaskInstance: lgbtq_model_pipeline.get_metrics manual__2025-05-01T10:58:53.838532+00:00 [queued]>
[2025-05-01T10:59:26.641+0000] {taskinstance.py:1361} INFO - Starting attempt 1 of 1
[2025-05-01T10:59:26.646+0000] {taskinstance.py:1382} INFO - Executing <Task(PythonOperator): get_metrics> on 2025-05-01 10:58:53.838532+00:00
[2025-05-01T10:59:26.651+0000] {standard_task_runner.py:57} INFO - Started process 377 to run task
[2025-05-01T10:59:26.653+0000] {standard_task_runner.py:84} INFO - Running: ['***', 'tasks', 'run', 'lgbtq_model_pipeline', 'get_metrics', 'manual__2025-05-01T10:58:53.838532+00:00', '--job-id', '218', '--raw', '--subdir', 'DAGS_FOLDER/lgbtq_model_pipeline.py', '--cfg-path', '/tmp/tmpph9zr9un']
[2025-05-01T10:59:26.656+0000] {standard_task_runner.py:85} INFO - Job 218: Subtask get_metrics
[2025-05-01T10:59:26.678+0000] {task_command.py:416} INFO - Running <TaskInstance: lgbtq_model_pipeline.get_metrics manual__2025-05-01T10:58:53.838532+00:00 [running]> on host f13b619dbab8
[2025-05-01T10:59:26.711+0000] {taskinstance.py:1662} INFO - Exporting env vars: AIRFLOW_CTX_DAG_OWNER='***' AIRFLOW_CTX_DAG_ID='lgbtq_model_pipeline' AIRFLOW_CTX_TASK_ID='get_metrics' AIRFLOW_CTX_EXECUTION_DATE='2025-05-01T10:58:53.838532+00:00' AIRFLOW_CTX_TRY_NUMBER='1' AIRFLOW_CTX_DAG_RUN_ID='manual__2025-05-01T10:58:53.838532+00:00'
[2025-05-01T10:59:26.711+0000] {logging_mixin.py:154} INFO - 📊 Running get_metrics task...
[2025-05-01T10:59:26.740+0000] {logging_mixin.py:154} INFO - 📈 Confusion Matrix:
[[24, 5], [5, 27]]
[2025-05-01T10:59:26.741+0000] {logging_mixin.py:154} INFO - Accuracy: 0.8361
[2025-05-01T10:59:26.741+0000] {logging_mixin.py:154} INFO - Precision: 0.8438
[2025-05-01T10:59:26.741+0000] {logging_mixin.py:154} INFO - Recall: 0.8438
[2025-05-01T10:59:26.742+0000] {logging_mixin.py:154} INFO - F1 Score: 0.8438
[2025-05-01T10:59:26.742+0000] {logging_mixin.py:154} INFO - AUC: 0.9300
[2025-05-01T10:59:26.742+0000] {logging_mixin.py:154} INFO - Previous Accuracy: 0.8361
[2025-05-01T10:59:26.743+0000] {logging_mixin.py:154} INFO - Accuracy Change: +0.0000
[2025-05-01T10:59:26.749+0000] {logging_mixin.py:154} INFO - ✅ Saved metrics to /opt/***/metrics/metrics_20250501_105926.json
[2025-05-01T10:59:26.749+0000] {logging_mixin.py:154} INFO - 🔗 Updated latest_metrics.json for deployment reference.
[2025-05-01T10:59:26.750+0000] {python.py:194} INFO - Done. Returned value was: None
[2025-05-01T10:59:26.766+0000] {taskinstance.py:1400} INFO - Marking task as SUCCESS. dag_id=lgbtq_model_pipeline, task_id=get_metrics, execution_date=20250501T105853, start_date=20250501T105926, end_date=20250501T105926
[2025-05-01T10:59:26.794+0000] {local_task_job_runner.py:228} INFO - Task exited with return code 0
[2025-05-01T10:59:26.808+0000] {taskinstance.py:2778} INFO - 1 downstream tasks scheduled from follow-on schedule check
