[2025-05-08T08:16:22.805+0000] {processor.py:157} INFO - Started process (PID=4280) to work on /opt/airflow/dags/tasks/fetch_articles_old.py
[2025-05-08T08:16:22.806+0000] {processor.py:829} INFO - Processing file /opt/airflow/dags/tasks/fetch_articles_old.py for tasks to queue
[2025-05-08T08:16:22.807+0000] {logging_mixin.py:154} INFO - [2025-05-08T08:16:22.806+0000] {dagbag.py:536} INFO - Filling up the DagBag from /opt/airflow/dags/tasks/fetch_articles_old.py
[2025-05-08T08:16:24.350+0000] {processor.py:841} WARNING - No viable dags retrieved from /opt/airflow/dags/tasks/fetch_articles_old.py
[2025-05-08T08:16:24.358+0000] {processor.py:179} INFO - Processing /opt/airflow/dags/tasks/fetch_articles_old.py took 1.556 seconds
[2025-05-08T08:16:54.655+0000] {processor.py:157} INFO - Started process (PID=4327) to work on /opt/airflow/dags/tasks/fetch_articles_old.py
[2025-05-08T08:16:54.657+0000] {processor.py:829} INFO - Processing file /opt/airflow/dags/tasks/fetch_articles_old.py for tasks to queue
[2025-05-08T08:16:54.658+0000] {logging_mixin.py:154} INFO - [2025-05-08T08:16:54.657+0000] {dagbag.py:536} INFO - Filling up the DagBag from /opt/airflow/dags/tasks/fetch_articles_old.py
[2025-05-08T08:16:56.570+0000] {processor.py:841} WARNING - No viable dags retrieved from /opt/airflow/dags/tasks/fetch_articles_old.py
[2025-05-08T08:16:56.579+0000] {processor.py:179} INFO - Processing /opt/airflow/dags/tasks/fetch_articles_old.py took 1.930 seconds
[2025-05-08T08:17:26.996+0000] {processor.py:157} INFO - Started process (PID=4373) to work on /opt/airflow/dags/tasks/fetch_articles_old.py
[2025-05-08T08:17:26.997+0000] {processor.py:829} INFO - Processing file /opt/airflow/dags/tasks/fetch_articles_old.py for tasks to queue
[2025-05-08T08:17:26.999+0000] {logging_mixin.py:154} INFO - [2025-05-08T08:17:26.998+0000] {dagbag.py:536} INFO - Filling up the DagBag from /opt/airflow/dags/tasks/fetch_articles_old.py
[2025-05-08T08:17:29.050+0000] {processor.py:841} WARNING - No viable dags retrieved from /opt/airflow/dags/tasks/fetch_articles_old.py
[2025-05-08T08:17:29.063+0000] {processor.py:179} INFO - Processing /opt/airflow/dags/tasks/fetch_articles_old.py took 2.077 seconds
[2025-05-08T08:17:59.284+0000] {processor.py:157} INFO - Started process (PID=4418) to work on /opt/airflow/dags/tasks/fetch_articles_old.py
[2025-05-08T08:17:59.286+0000] {processor.py:829} INFO - Processing file /opt/airflow/dags/tasks/fetch_articles_old.py for tasks to queue
[2025-05-08T08:17:59.287+0000] {logging_mixin.py:154} INFO - [2025-05-08T08:17:59.286+0000] {dagbag.py:536} INFO - Filling up the DagBag from /opt/airflow/dags/tasks/fetch_articles_old.py
[2025-05-08T08:18:01.043+0000] {processor.py:841} WARNING - No viable dags retrieved from /opt/airflow/dags/tasks/fetch_articles_old.py
[2025-05-08T08:18:01.054+0000] {processor.py:179} INFO - Processing /opt/airflow/dags/tasks/fetch_articles_old.py took 1.775 seconds
[2025-05-08T08:18:31.457+0000] {processor.py:157} INFO - Started process (PID=4466) to work on /opt/airflow/dags/tasks/fetch_articles_old.py
[2025-05-08T08:18:31.459+0000] {processor.py:829} INFO - Processing file /opt/airflow/dags/tasks/fetch_articles_old.py for tasks to queue
[2025-05-08T08:18:31.460+0000] {logging_mixin.py:154} INFO - [2025-05-08T08:18:31.460+0000] {dagbag.py:536} INFO - Filling up the DagBag from /opt/airflow/dags/tasks/fetch_articles_old.py
[2025-05-08T08:18:33.758+0000] {processor.py:841} WARNING - No viable dags retrieved from /opt/airflow/dags/tasks/fetch_articles_old.py
[2025-05-08T08:18:33.770+0000] {processor.py:179} INFO - Processing /opt/airflow/dags/tasks/fetch_articles_old.py took 2.322 seconds
[2025-05-08T08:19:04.074+0000] {processor.py:157} INFO - Started process (PID=4514) to work on /opt/airflow/dags/tasks/fetch_articles_old.py
[2025-05-08T08:19:04.076+0000] {processor.py:829} INFO - Processing file /opt/airflow/dags/tasks/fetch_articles_old.py for tasks to queue
[2025-05-08T08:19:04.078+0000] {logging_mixin.py:154} INFO - [2025-05-08T08:19:04.077+0000] {dagbag.py:536} INFO - Filling up the DagBag from /opt/airflow/dags/tasks/fetch_articles_old.py
[2025-05-08T08:19:05.816+0000] {processor.py:841} WARNING - No viable dags retrieved from /opt/airflow/dags/tasks/fetch_articles_old.py
[2025-05-08T08:19:05.829+0000] {processor.py:179} INFO - Processing /opt/airflow/dags/tasks/fetch_articles_old.py took 1.762 seconds
[2025-05-08T08:19:36.132+0000] {processor.py:157} INFO - Started process (PID=4559) to work on /opt/airflow/dags/tasks/fetch_articles_old.py
[2025-05-08T08:19:36.133+0000] {processor.py:829} INFO - Processing file /opt/airflow/dags/tasks/fetch_articles_old.py for tasks to queue
[2025-05-08T08:19:36.134+0000] {logging_mixin.py:154} INFO - [2025-05-08T08:19:36.134+0000] {dagbag.py:536} INFO - Filling up the DagBag from /opt/airflow/dags/tasks/fetch_articles_old.py
[2025-05-08T08:19:38.131+0000] {processor.py:841} WARNING - No viable dags retrieved from /opt/airflow/dags/tasks/fetch_articles_old.py
[2025-05-08T08:19:38.144+0000] {processor.py:179} INFO - Processing /opt/airflow/dags/tasks/fetch_articles_old.py took 2.019 seconds
[2025-05-08T08:20:08.515+0000] {processor.py:157} INFO - Started process (PID=4607) to work on /opt/airflow/dags/tasks/fetch_articles_old.py
[2025-05-08T08:20:08.517+0000] {processor.py:829} INFO - Processing file /opt/airflow/dags/tasks/fetch_articles_old.py for tasks to queue
[2025-05-08T08:20:08.518+0000] {logging_mixin.py:154} INFO - [2025-05-08T08:20:08.517+0000] {dagbag.py:536} INFO - Filling up the DagBag from /opt/airflow/dags/tasks/fetch_articles_old.py
[2025-05-08T08:20:11.199+0000] {processor.py:841} WARNING - No viable dags retrieved from /opt/airflow/dags/tasks/fetch_articles_old.py
[2025-05-08T08:20:11.207+0000] {processor.py:179} INFO - Processing /opt/airflow/dags/tasks/fetch_articles_old.py took 2.700 seconds
[2025-05-08T08:20:41.510+0000] {processor.py:157} INFO - Started process (PID=4658) to work on /opt/airflow/dags/tasks/fetch_articles_old.py
[2025-05-08T08:20:41.513+0000] {processor.py:829} INFO - Processing file /opt/airflow/dags/tasks/fetch_articles_old.py for tasks to queue
[2025-05-08T08:20:41.516+0000] {logging_mixin.py:154} INFO - [2025-05-08T08:20:41.515+0000] {dagbag.py:536} INFO - Filling up the DagBag from /opt/airflow/dags/tasks/fetch_articles_old.py
[2025-05-08T08:20:44.228+0000] {processor.py:841} WARNING - No viable dags retrieved from /opt/airflow/dags/tasks/fetch_articles_old.py
[2025-05-08T08:20:44.237+0000] {processor.py:179} INFO - Processing /opt/airflow/dags/tasks/fetch_articles_old.py took 2.769 seconds
[2025-05-08T08:21:14.430+0000] {processor.py:157} INFO - Started process (PID=4706) to work on /opt/airflow/dags/tasks/fetch_articles_old.py
[2025-05-08T08:21:14.432+0000] {processor.py:829} INFO - Processing file /opt/airflow/dags/tasks/fetch_articles_old.py for tasks to queue
[2025-05-08T08:21:14.435+0000] {logging_mixin.py:154} INFO - [2025-05-08T08:21:14.434+0000] {dagbag.py:536} INFO - Filling up the DagBag from /opt/airflow/dags/tasks/fetch_articles_old.py
[2025-05-08T08:21:16.709+0000] {processor.py:841} WARNING - No viable dags retrieved from /opt/airflow/dags/tasks/fetch_articles_old.py
[2025-05-08T08:21:16.727+0000] {processor.py:179} INFO - Processing /opt/airflow/dags/tasks/fetch_articles_old.py took 2.310 seconds
[2025-05-08T08:21:47.147+0000] {processor.py:157} INFO - Started process (PID=4754) to work on /opt/airflow/dags/tasks/fetch_articles_old.py
[2025-05-08T08:21:47.149+0000] {processor.py:829} INFO - Processing file /opt/airflow/dags/tasks/fetch_articles_old.py for tasks to queue
[2025-05-08T08:21:47.150+0000] {logging_mixin.py:154} INFO - [2025-05-08T08:21:47.150+0000] {dagbag.py:536} INFO - Filling up the DagBag from /opt/airflow/dags/tasks/fetch_articles_old.py
[2025-05-08T08:21:49.312+0000] {processor.py:841} WARNING - No viable dags retrieved from /opt/airflow/dags/tasks/fetch_articles_old.py
[2025-05-08T08:21:49.320+0000] {processor.py:179} INFO - Processing /opt/airflow/dags/tasks/fetch_articles_old.py took 2.179 seconds
[2025-05-08T08:22:19.495+0000] {processor.py:157} INFO - Started process (PID=4802) to work on /opt/airflow/dags/tasks/fetch_articles_old.py
[2025-05-08T08:22:19.496+0000] {processor.py:829} INFO - Processing file /opt/airflow/dags/tasks/fetch_articles_old.py for tasks to queue
[2025-05-08T08:22:19.500+0000] {logging_mixin.py:154} INFO - [2025-05-08T08:22:19.499+0000] {dagbag.py:536} INFO - Filling up the DagBag from /opt/airflow/dags/tasks/fetch_articles_old.py
[2025-05-08T08:22:21.286+0000] {processor.py:841} WARNING - No viable dags retrieved from /opt/airflow/dags/tasks/fetch_articles_old.py
[2025-05-08T08:22:21.292+0000] {processor.py:179} INFO - Processing /opt/airflow/dags/tasks/fetch_articles_old.py took 1.802 seconds
[2025-05-08T08:22:51.482+0000] {processor.py:157} INFO - Started process (PID=4850) to work on /opt/airflow/dags/tasks/fetch_articles_old.py
[2025-05-08T08:22:51.483+0000] {processor.py:829} INFO - Processing file /opt/airflow/dags/tasks/fetch_articles_old.py for tasks to queue
[2025-05-08T08:22:51.484+0000] {logging_mixin.py:154} INFO - [2025-05-08T08:22:51.484+0000] {dagbag.py:536} INFO - Filling up the DagBag from /opt/airflow/dags/tasks/fetch_articles_old.py
[2025-05-08T08:22:53.640+0000] {processor.py:841} WARNING - No viable dags retrieved from /opt/airflow/dags/tasks/fetch_articles_old.py
[2025-05-08T08:22:53.659+0000] {processor.py:179} INFO - Processing /opt/airflow/dags/tasks/fetch_articles_old.py took 2.182 seconds
[2025-05-08T08:23:23.993+0000] {processor.py:157} INFO - Started process (PID=4898) to work on /opt/airflow/dags/tasks/fetch_articles_old.py
[2025-05-08T08:23:23.998+0000] {processor.py:829} INFO - Processing file /opt/airflow/dags/tasks/fetch_articles_old.py for tasks to queue
[2025-05-08T08:23:23.999+0000] {logging_mixin.py:154} INFO - [2025-05-08T08:23:23.998+0000] {dagbag.py:536} INFO - Filling up the DagBag from /opt/airflow/dags/tasks/fetch_articles_old.py
[2025-05-08T08:23:25.942+0000] {processor.py:841} WARNING - No viable dags retrieved from /opt/airflow/dags/tasks/fetch_articles_old.py
[2025-05-08T08:23:25.948+0000] {processor.py:179} INFO - Processing /opt/airflow/dags/tasks/fetch_articles_old.py took 1.960 seconds
[2025-05-08T08:23:56.177+0000] {processor.py:157} INFO - Started process (PID=4946) to work on /opt/airflow/dags/tasks/fetch_articles_old.py
[2025-05-08T08:23:56.179+0000] {processor.py:829} INFO - Processing file /opt/airflow/dags/tasks/fetch_articles_old.py for tasks to queue
[2025-05-08T08:23:56.180+0000] {logging_mixin.py:154} INFO - [2025-05-08T08:23:56.180+0000] {dagbag.py:536} INFO - Filling up the DagBag from /opt/airflow/dags/tasks/fetch_articles_old.py
[2025-05-08T08:23:58.021+0000] {processor.py:841} WARNING - No viable dags retrieved from /opt/airflow/dags/tasks/fetch_articles_old.py
[2025-05-08T08:23:58.028+0000] {processor.py:179} INFO - Processing /opt/airflow/dags/tasks/fetch_articles_old.py took 1.855 seconds
[2025-05-08T08:24:28.194+0000] {processor.py:157} INFO - Started process (PID=4994) to work on /opt/airflow/dags/tasks/fetch_articles_old.py
[2025-05-08T08:24:28.196+0000] {processor.py:829} INFO - Processing file /opt/airflow/dags/tasks/fetch_articles_old.py for tasks to queue
[2025-05-08T08:24:28.198+0000] {logging_mixin.py:154} INFO - [2025-05-08T08:24:28.197+0000] {dagbag.py:536} INFO - Filling up the DagBag from /opt/airflow/dags/tasks/fetch_articles_old.py
[2025-05-08T08:24:30.096+0000] {processor.py:841} WARNING - No viable dags retrieved from /opt/airflow/dags/tasks/fetch_articles_old.py
[2025-05-08T08:24:30.108+0000] {processor.py:179} INFO - Processing /opt/airflow/dags/tasks/fetch_articles_old.py took 1.920 seconds
[2025-05-08T08:25:00.630+0000] {processor.py:157} INFO - Started process (PID=5042) to work on /opt/airflow/dags/tasks/fetch_articles_old.py
[2025-05-08T08:25:00.632+0000] {processor.py:829} INFO - Processing file /opt/airflow/dags/tasks/fetch_articles_old.py for tasks to queue
[2025-05-08T08:25:00.635+0000] {logging_mixin.py:154} INFO - [2025-05-08T08:25:00.634+0000] {dagbag.py:536} INFO - Filling up the DagBag from /opt/airflow/dags/tasks/fetch_articles_old.py
[2025-05-08T08:25:02.761+0000] {processor.py:841} WARNING - No viable dags retrieved from /opt/airflow/dags/tasks/fetch_articles_old.py
[2025-05-08T08:25:02.767+0000] {processor.py:179} INFO - Processing /opt/airflow/dags/tasks/fetch_articles_old.py took 2.145 seconds
[2025-05-08T08:25:33.024+0000] {processor.py:157} INFO - Started process (PID=5090) to work on /opt/airflow/dags/tasks/fetch_articles_old.py
[2025-05-08T08:25:33.025+0000] {processor.py:829} INFO - Processing file /opt/airflow/dags/tasks/fetch_articles_old.py for tasks to queue
[2025-05-08T08:25:33.027+0000] {logging_mixin.py:154} INFO - [2025-05-08T08:25:33.027+0000] {dagbag.py:536} INFO - Filling up the DagBag from /opt/airflow/dags/tasks/fetch_articles_old.py
[2025-05-08T08:25:34.626+0000] {processor.py:841} WARNING - No viable dags retrieved from /opt/airflow/dags/tasks/fetch_articles_old.py
[2025-05-08T08:25:34.633+0000] {processor.py:179} INFO - Processing /opt/airflow/dags/tasks/fetch_articles_old.py took 1.612 seconds
[2025-05-08T08:26:04.929+0000] {processor.py:157} INFO - Started process (PID=5138) to work on /opt/airflow/dags/tasks/fetch_articles_old.py
[2025-05-08T08:26:04.930+0000] {processor.py:829} INFO - Processing file /opt/airflow/dags/tasks/fetch_articles_old.py for tasks to queue
[2025-05-08T08:26:04.932+0000] {logging_mixin.py:154} INFO - [2025-05-08T08:26:04.931+0000] {dagbag.py:536} INFO - Filling up the DagBag from /opt/airflow/dags/tasks/fetch_articles_old.py
[2025-05-08T08:26:06.839+0000] {processor.py:841} WARNING - No viable dags retrieved from /opt/airflow/dags/tasks/fetch_articles_old.py
[2025-05-08T08:26:06.851+0000] {processor.py:179} INFO - Processing /opt/airflow/dags/tasks/fetch_articles_old.py took 1.926 seconds
[2025-05-08T08:26:37.249+0000] {processor.py:157} INFO - Started process (PID=5183) to work on /opt/airflow/dags/tasks/fetch_articles_old.py
[2025-05-08T08:26:37.250+0000] {processor.py:829} INFO - Processing file /opt/airflow/dags/tasks/fetch_articles_old.py for tasks to queue
[2025-05-08T08:26:37.252+0000] {logging_mixin.py:154} INFO - [2025-05-08T08:26:37.251+0000] {dagbag.py:536} INFO - Filling up the DagBag from /opt/airflow/dags/tasks/fetch_articles_old.py
[2025-05-08T08:26:38.800+0000] {processor.py:841} WARNING - No viable dags retrieved from /opt/airflow/dags/tasks/fetch_articles_old.py
[2025-05-08T08:26:38.806+0000] {processor.py:179} INFO - Processing /opt/airflow/dags/tasks/fetch_articles_old.py took 1.560 seconds
[2025-05-08T08:27:09.188+0000] {processor.py:157} INFO - Started process (PID=5231) to work on /opt/airflow/dags/tasks/fetch_articles_old.py
[2025-05-08T08:27:09.189+0000] {processor.py:829} INFO - Processing file /opt/airflow/dags/tasks/fetch_articles_old.py for tasks to queue
[2025-05-08T08:27:09.192+0000] {logging_mixin.py:154} INFO - [2025-05-08T08:27:09.191+0000] {dagbag.py:536} INFO - Filling up the DagBag from /opt/airflow/dags/tasks/fetch_articles_old.py
[2025-05-08T08:27:11.008+0000] {processor.py:841} WARNING - No viable dags retrieved from /opt/airflow/dags/tasks/fetch_articles_old.py
[2025-05-08T08:27:11.015+0000] {processor.py:179} INFO - Processing /opt/airflow/dags/tasks/fetch_articles_old.py took 1.834 seconds
[2025-05-08T08:27:41.333+0000] {processor.py:157} INFO - Started process (PID=5279) to work on /opt/airflow/dags/tasks/fetch_articles_old.py
[2025-05-08T08:27:41.335+0000] {processor.py:829} INFO - Processing file /opt/airflow/dags/tasks/fetch_articles_old.py for tasks to queue
[2025-05-08T08:27:41.335+0000] {logging_mixin.py:154} INFO - [2025-05-08T08:27:41.335+0000] {dagbag.py:536} INFO - Filling up the DagBag from /opt/airflow/dags/tasks/fetch_articles_old.py
[2025-05-08T08:27:43.001+0000] {processor.py:841} WARNING - No viable dags retrieved from /opt/airflow/dags/tasks/fetch_articles_old.py
[2025-05-08T08:27:43.025+0000] {processor.py:179} INFO - Processing /opt/airflow/dags/tasks/fetch_articles_old.py took 1.695 seconds
[2025-05-08T08:28:13.429+0000] {processor.py:157} INFO - Started process (PID=5327) to work on /opt/airflow/dags/tasks/fetch_articles_old.py
[2025-05-08T08:28:13.431+0000] {processor.py:829} INFO - Processing file /opt/airflow/dags/tasks/fetch_articles_old.py for tasks to queue
[2025-05-08T08:28:13.432+0000] {logging_mixin.py:154} INFO - [2025-05-08T08:28:13.432+0000] {dagbag.py:536} INFO - Filling up the DagBag from /opt/airflow/dags/tasks/fetch_articles_old.py
[2025-05-08T08:28:15.441+0000] {processor.py:841} WARNING - No viable dags retrieved from /opt/airflow/dags/tasks/fetch_articles_old.py
[2025-05-08T08:28:15.447+0000] {processor.py:179} INFO - Processing /opt/airflow/dags/tasks/fetch_articles_old.py took 2.022 seconds
[2025-05-08T08:28:45.806+0000] {processor.py:157} INFO - Started process (PID=5375) to work on /opt/airflow/dags/tasks/fetch_articles_old.py
[2025-05-08T08:28:45.810+0000] {processor.py:829} INFO - Processing file /opt/airflow/dags/tasks/fetch_articles_old.py for tasks to queue
[2025-05-08T08:28:45.811+0000] {logging_mixin.py:154} INFO - [2025-05-08T08:28:45.811+0000] {dagbag.py:536} INFO - Filling up the DagBag from /opt/airflow/dags/tasks/fetch_articles_old.py
[2025-05-08T08:28:47.456+0000] {processor.py:841} WARNING - No viable dags retrieved from /opt/airflow/dags/tasks/fetch_articles_old.py
[2025-05-08T08:28:47.462+0000] {processor.py:179} INFO - Processing /opt/airflow/dags/tasks/fetch_articles_old.py took 1.660 seconds
[2025-05-08T08:29:17.784+0000] {processor.py:157} INFO - Started process (PID=5423) to work on /opt/airflow/dags/tasks/fetch_articles_old.py
[2025-05-08T08:29:17.785+0000] {processor.py:829} INFO - Processing file /opt/airflow/dags/tasks/fetch_articles_old.py for tasks to queue
[2025-05-08T08:29:17.786+0000] {logging_mixin.py:154} INFO - [2025-05-08T08:29:17.786+0000] {dagbag.py:536} INFO - Filling up the DagBag from /opt/airflow/dags/tasks/fetch_articles_old.py
[2025-05-08T08:29:19.604+0000] {processor.py:841} WARNING - No viable dags retrieved from /opt/airflow/dags/tasks/fetch_articles_old.py
[2025-05-08T08:29:19.613+0000] {processor.py:179} INFO - Processing /opt/airflow/dags/tasks/fetch_articles_old.py took 1.834 seconds
[2025-05-08T08:29:49.985+0000] {processor.py:157} INFO - Started process (PID=5471) to work on /opt/airflow/dags/tasks/fetch_articles_old.py
[2025-05-08T08:29:49.986+0000] {processor.py:829} INFO - Processing file /opt/airflow/dags/tasks/fetch_articles_old.py for tasks to queue
[2025-05-08T08:29:49.987+0000] {logging_mixin.py:154} INFO - [2025-05-08T08:29:49.987+0000] {dagbag.py:536} INFO - Filling up the DagBag from /opt/airflow/dags/tasks/fetch_articles_old.py
[2025-05-08T08:29:51.613+0000] {processor.py:841} WARNING - No viable dags retrieved from /opt/airflow/dags/tasks/fetch_articles_old.py
[2025-05-08T08:29:51.619+0000] {processor.py:179} INFO - Processing /opt/airflow/dags/tasks/fetch_articles_old.py took 1.638 seconds
[2025-05-08T08:30:21.955+0000] {processor.py:157} INFO - Started process (PID=5519) to work on /opt/airflow/dags/tasks/fetch_articles_old.py
[2025-05-08T08:30:21.956+0000] {processor.py:829} INFO - Processing file /opt/airflow/dags/tasks/fetch_articles_old.py for tasks to queue
[2025-05-08T08:30:21.958+0000] {logging_mixin.py:154} INFO - [2025-05-08T08:30:21.958+0000] {dagbag.py:536} INFO - Filling up the DagBag from /opt/airflow/dags/tasks/fetch_articles_old.py
[2025-05-08T08:30:24.022+0000] {processor.py:841} WARNING - No viable dags retrieved from /opt/airflow/dags/tasks/fetch_articles_old.py
[2025-05-08T08:30:24.028+0000] {processor.py:179} INFO - Processing /opt/airflow/dags/tasks/fetch_articles_old.py took 2.078 seconds
[2025-05-08T08:30:54.325+0000] {processor.py:157} INFO - Started process (PID=5567) to work on /opt/airflow/dags/tasks/fetch_articles_old.py
[2025-05-08T08:30:54.327+0000] {processor.py:829} INFO - Processing file /opt/airflow/dags/tasks/fetch_articles_old.py for tasks to queue
[2025-05-08T08:30:54.328+0000] {logging_mixin.py:154} INFO - [2025-05-08T08:30:54.327+0000] {dagbag.py:536} INFO - Filling up the DagBag from /opt/airflow/dags/tasks/fetch_articles_old.py
[2025-05-08T08:30:55.985+0000] {processor.py:841} WARNING - No viable dags retrieved from /opt/airflow/dags/tasks/fetch_articles_old.py
[2025-05-08T08:30:55.991+0000] {processor.py:179} INFO - Processing /opt/airflow/dags/tasks/fetch_articles_old.py took 1.671 seconds
[2025-05-08T08:31:26.426+0000] {processor.py:157} INFO - Started process (PID=5615) to work on /opt/airflow/dags/tasks/fetch_articles_old.py
[2025-05-08T08:31:26.427+0000] {processor.py:829} INFO - Processing file /opt/airflow/dags/tasks/fetch_articles_old.py for tasks to queue
[2025-05-08T08:31:26.428+0000] {logging_mixin.py:154} INFO - [2025-05-08T08:31:26.428+0000] {dagbag.py:536} INFO - Filling up the DagBag from /opt/airflow/dags/tasks/fetch_articles_old.py
[2025-05-08T08:31:28.233+0000] {processor.py:841} WARNING - No viable dags retrieved from /opt/airflow/dags/tasks/fetch_articles_old.py
[2025-05-08T08:31:28.239+0000] {processor.py:179} INFO - Processing /opt/airflow/dags/tasks/fetch_articles_old.py took 1.817 seconds
[2025-05-08T08:31:58.626+0000] {processor.py:157} INFO - Started process (PID=5663) to work on /opt/airflow/dags/tasks/fetch_articles_old.py
[2025-05-08T08:31:58.628+0000] {processor.py:829} INFO - Processing file /opt/airflow/dags/tasks/fetch_articles_old.py for tasks to queue
[2025-05-08T08:31:58.629+0000] {logging_mixin.py:154} INFO - [2025-05-08T08:31:58.628+0000] {dagbag.py:536} INFO - Filling up the DagBag from /opt/airflow/dags/tasks/fetch_articles_old.py
[2025-05-08T08:32:01.037+0000] {processor.py:841} WARNING - No viable dags retrieved from /opt/airflow/dags/tasks/fetch_articles_old.py
[2025-05-08T08:32:01.046+0000] {processor.py:179} INFO - Processing /opt/airflow/dags/tasks/fetch_articles_old.py took 2.428 seconds
[2025-05-08T08:32:31.340+0000] {processor.py:157} INFO - Started process (PID=5711) to work on /opt/airflow/dags/tasks/fetch_articles_old.py
[2025-05-08T08:32:31.342+0000] {processor.py:829} INFO - Processing file /opt/airflow/dags/tasks/fetch_articles_old.py for tasks to queue
[2025-05-08T08:32:31.345+0000] {logging_mixin.py:154} INFO - [2025-05-08T08:32:31.343+0000] {dagbag.py:536} INFO - Filling up the DagBag from /opt/airflow/dags/tasks/fetch_articles_old.py
[2025-05-08T08:32:33.408+0000] {processor.py:841} WARNING - No viable dags retrieved from /opt/airflow/dags/tasks/fetch_articles_old.py
[2025-05-08T08:32:33.429+0000] {processor.py:179} INFO - Processing /opt/airflow/dags/tasks/fetch_articles_old.py took 2.093 seconds
[2025-05-08T08:33:03.819+0000] {processor.py:157} INFO - Started process (PID=5759) to work on /opt/airflow/dags/tasks/fetch_articles_old.py
[2025-05-08T08:33:03.821+0000] {processor.py:829} INFO - Processing file /opt/airflow/dags/tasks/fetch_articles_old.py for tasks to queue
[2025-05-08T08:33:03.824+0000] {logging_mixin.py:154} INFO - [2025-05-08T08:33:03.824+0000] {dagbag.py:536} INFO - Filling up the DagBag from /opt/airflow/dags/tasks/fetch_articles_old.py
[2025-05-08T08:33:05.876+0000] {processor.py:841} WARNING - No viable dags retrieved from /opt/airflow/dags/tasks/fetch_articles_old.py
[2025-05-08T08:33:05.882+0000] {processor.py:179} INFO - Processing /opt/airflow/dags/tasks/fetch_articles_old.py took 2.070 seconds
[2025-05-08T08:33:36.139+0000] {processor.py:157} INFO - Started process (PID=5807) to work on /opt/airflow/dags/tasks/fetch_articles_old.py
[2025-05-08T08:33:36.141+0000] {processor.py:829} INFO - Processing file /opt/airflow/dags/tasks/fetch_articles_old.py for tasks to queue
[2025-05-08T08:33:36.143+0000] {logging_mixin.py:154} INFO - [2025-05-08T08:33:36.142+0000] {dagbag.py:536} INFO - Filling up the DagBag from /opt/airflow/dags/tasks/fetch_articles_old.py
[2025-05-08T08:33:37.784+0000] {processor.py:841} WARNING - No viable dags retrieved from /opt/airflow/dags/tasks/fetch_articles_old.py
[2025-05-08T08:33:37.790+0000] {processor.py:179} INFO - Processing /opt/airflow/dags/tasks/fetch_articles_old.py took 1.655 seconds
[2025-05-08T08:34:08.087+0000] {processor.py:157} INFO - Started process (PID=5852) to work on /opt/airflow/dags/tasks/fetch_articles_old.py
[2025-05-08T08:34:08.091+0000] {processor.py:829} INFO - Processing file /opt/airflow/dags/tasks/fetch_articles_old.py for tasks to queue
[2025-05-08T08:34:08.091+0000] {logging_mixin.py:154} INFO - [2025-05-08T08:34:08.091+0000] {dagbag.py:536} INFO - Filling up the DagBag from /opt/airflow/dags/tasks/fetch_articles_old.py
[2025-05-08T08:34:10.140+0000] {processor.py:841} WARNING - No viable dags retrieved from /opt/airflow/dags/tasks/fetch_articles_old.py
[2025-05-08T08:34:10.153+0000] {processor.py:179} INFO - Processing /opt/airflow/dags/tasks/fetch_articles_old.py took 2.068 seconds
[2025-05-08T08:34:40.525+0000] {processor.py:157} INFO - Started process (PID=5900) to work on /opt/airflow/dags/tasks/fetch_articles_old.py
[2025-05-08T08:34:40.526+0000] {processor.py:829} INFO - Processing file /opt/airflow/dags/tasks/fetch_articles_old.py for tasks to queue
[2025-05-08T08:34:40.527+0000] {logging_mixin.py:154} INFO - [2025-05-08T08:34:40.527+0000] {dagbag.py:536} INFO - Filling up the DagBag from /opt/airflow/dags/tasks/fetch_articles_old.py
[2025-05-08T08:34:42.627+0000] {processor.py:841} WARNING - No viable dags retrieved from /opt/airflow/dags/tasks/fetch_articles_old.py
[2025-05-08T08:34:42.633+0000] {processor.py:179} INFO - Processing /opt/airflow/dags/tasks/fetch_articles_old.py took 2.117 seconds
[2025-05-08T08:35:12.932+0000] {processor.py:157} INFO - Started process (PID=5948) to work on /opt/airflow/dags/tasks/fetch_articles_old.py
[2025-05-08T08:35:12.934+0000] {processor.py:829} INFO - Processing file /opt/airflow/dags/tasks/fetch_articles_old.py for tasks to queue
[2025-05-08T08:35:12.935+0000] {logging_mixin.py:154} INFO - [2025-05-08T08:35:12.935+0000] {dagbag.py:536} INFO - Filling up the DagBag from /opt/airflow/dags/tasks/fetch_articles_old.py
[2025-05-08T08:35:15.015+0000] {processor.py:841} WARNING - No viable dags retrieved from /opt/airflow/dags/tasks/fetch_articles_old.py
[2025-05-08T08:35:15.023+0000] {processor.py:179} INFO - Processing /opt/airflow/dags/tasks/fetch_articles_old.py took 2.097 seconds
[2025-05-08T08:35:45.303+0000] {processor.py:157} INFO - Started process (PID=5996) to work on /opt/airflow/dags/tasks/fetch_articles_old.py
[2025-05-08T08:35:45.305+0000] {processor.py:829} INFO - Processing file /opt/airflow/dags/tasks/fetch_articles_old.py for tasks to queue
[2025-05-08T08:35:45.307+0000] {logging_mixin.py:154} INFO - [2025-05-08T08:35:45.306+0000] {dagbag.py:536} INFO - Filling up the DagBag from /opt/airflow/dags/tasks/fetch_articles_old.py
[2025-05-08T08:35:47.183+0000] {processor.py:841} WARNING - No viable dags retrieved from /opt/airflow/dags/tasks/fetch_articles_old.py
[2025-05-08T08:35:47.200+0000] {processor.py:179} INFO - Processing /opt/airflow/dags/tasks/fetch_articles_old.py took 1.903 seconds
[2025-05-08T08:36:17.556+0000] {processor.py:157} INFO - Started process (PID=6044) to work on /opt/airflow/dags/tasks/fetch_articles_old.py
[2025-05-08T08:36:17.557+0000] {processor.py:829} INFO - Processing file /opt/airflow/dags/tasks/fetch_articles_old.py for tasks to queue
[2025-05-08T08:36:17.563+0000] {logging_mixin.py:154} INFO - [2025-05-08T08:36:17.563+0000] {dagbag.py:536} INFO - Filling up the DagBag from /opt/airflow/dags/tasks/fetch_articles_old.py
[2025-05-08T08:36:19.499+0000] {processor.py:841} WARNING - No viable dags retrieved from /opt/airflow/dags/tasks/fetch_articles_old.py
[2025-05-08T08:36:19.507+0000] {processor.py:179} INFO - Processing /opt/airflow/dags/tasks/fetch_articles_old.py took 1.957 seconds
[2025-05-08T08:36:49.925+0000] {processor.py:157} INFO - Started process (PID=6064) to work on /opt/airflow/dags/tasks/fetch_articles_old.py
[2025-05-08T08:36:49.927+0000] {processor.py:829} INFO - Processing file /opt/airflow/dags/tasks/fetch_articles_old.py for tasks to queue
[2025-05-08T08:36:49.927+0000] {logging_mixin.py:154} INFO - [2025-05-08T08:36:49.927+0000] {dagbag.py:536} INFO - Filling up the DagBag from /opt/airflow/dags/tasks/fetch_articles_old.py
[2025-05-08T08:36:51.806+0000] {processor.py:841} WARNING - No viable dags retrieved from /opt/airflow/dags/tasks/fetch_articles_old.py
[2025-05-08T08:36:51.814+0000] {processor.py:179} INFO - Processing /opt/airflow/dags/tasks/fetch_articles_old.py took 1.892 seconds
[2025-05-08T08:37:22.161+0000] {processor.py:157} INFO - Started process (PID=6082) to work on /opt/airflow/dags/tasks/fetch_articles_old.py
[2025-05-08T08:37:22.162+0000] {processor.py:829} INFO - Processing file /opt/airflow/dags/tasks/fetch_articles_old.py for tasks to queue
[2025-05-08T08:37:22.162+0000] {logging_mixin.py:154} INFO - [2025-05-08T08:37:22.162+0000] {dagbag.py:536} INFO - Filling up the DagBag from /opt/airflow/dags/tasks/fetch_articles_old.py
[2025-05-08T08:37:23.644+0000] {processor.py:841} WARNING - No viable dags retrieved from /opt/airflow/dags/tasks/fetch_articles_old.py
[2025-05-08T08:37:23.656+0000] {processor.py:179} INFO - Processing /opt/airflow/dags/tasks/fetch_articles_old.py took 1.497 seconds
[2025-05-08T08:37:54.463+0000] {processor.py:157} INFO - Started process (PID=6100) to work on /opt/airflow/dags/tasks/fetch_articles_old.py
[2025-05-08T08:37:54.465+0000] {processor.py:829} INFO - Processing file /opt/airflow/dags/tasks/fetch_articles_old.py for tasks to queue
[2025-05-08T08:37:54.466+0000] {logging_mixin.py:154} INFO - [2025-05-08T08:37:54.465+0000] {dagbag.py:536} INFO - Filling up the DagBag from /opt/airflow/dags/tasks/fetch_articles_old.py
[2025-05-08T08:37:56.203+0000] {processor.py:841} WARNING - No viable dags retrieved from /opt/airflow/dags/tasks/fetch_articles_old.py
[2025-05-08T08:37:56.209+0000] {processor.py:179} INFO - Processing /opt/airflow/dags/tasks/fetch_articles_old.py took 1.751 seconds
[2025-05-08T08:38:27.095+0000] {processor.py:157} INFO - Started process (PID=6118) to work on /opt/airflow/dags/tasks/fetch_articles_old.py
[2025-05-08T08:38:27.097+0000] {processor.py:829} INFO - Processing file /opt/airflow/dags/tasks/fetch_articles_old.py for tasks to queue
[2025-05-08T08:38:27.098+0000] {logging_mixin.py:154} INFO - [2025-05-08T08:38:27.097+0000] {dagbag.py:536} INFO - Filling up the DagBag from /opt/airflow/dags/tasks/fetch_articles_old.py
[2025-05-08T08:38:28.930+0000] {processor.py:841} WARNING - No viable dags retrieved from /opt/airflow/dags/tasks/fetch_articles_old.py
[2025-05-08T08:38:28.938+0000] {processor.py:179} INFO - Processing /opt/airflow/dags/tasks/fetch_articles_old.py took 1.847 seconds
[2025-05-08T08:38:59.321+0000] {processor.py:157} INFO - Started process (PID=6136) to work on /opt/airflow/dags/tasks/fetch_articles_old.py
[2025-05-08T08:38:59.323+0000] {processor.py:829} INFO - Processing file /opt/airflow/dags/tasks/fetch_articles_old.py for tasks to queue
[2025-05-08T08:38:59.323+0000] {logging_mixin.py:154} INFO - [2025-05-08T08:38:59.323+0000] {dagbag.py:536} INFO - Filling up the DagBag from /opt/airflow/dags/tasks/fetch_articles_old.py
[2025-05-08T08:39:01.168+0000] {processor.py:841} WARNING - No viable dags retrieved from /opt/airflow/dags/tasks/fetch_articles_old.py
[2025-05-08T08:39:01.177+0000] {processor.py:179} INFO - Processing /opt/airflow/dags/tasks/fetch_articles_old.py took 1.859 seconds
[2025-05-08T08:39:31.642+0000] {processor.py:157} INFO - Started process (PID=6154) to work on /opt/airflow/dags/tasks/fetch_articles_old.py
[2025-05-08T08:39:31.643+0000] {processor.py:829} INFO - Processing file /opt/airflow/dags/tasks/fetch_articles_old.py for tasks to queue
[2025-05-08T08:39:31.644+0000] {logging_mixin.py:154} INFO - [2025-05-08T08:39:31.643+0000] {dagbag.py:536} INFO - Filling up the DagBag from /opt/airflow/dags/tasks/fetch_articles_old.py
[2025-05-08T08:39:33.622+0000] {processor.py:841} WARNING - No viable dags retrieved from /opt/airflow/dags/tasks/fetch_articles_old.py
[2025-05-08T08:39:33.628+0000] {processor.py:179} INFO - Processing /opt/airflow/dags/tasks/fetch_articles_old.py took 1.991 seconds
