[2025-05-07T03:54:41.587+0000] {taskinstance.py:1159} INFO - Dependencies all met for dep_context=non-requeueable deps ti=<TaskInstance: lgbtq_model_pipeline.retrain manual__2025-05-07T03:54:33.061378+00:00 [queued]>
[2025-05-07T03:54:41.592+0000] {taskinstance.py:1159} INFO - Dependencies all met for dep_context=requeueable deps ti=<TaskInstance: lgbtq_model_pipeline.retrain manual__2025-05-07T03:54:33.061378+00:00 [queued]>
[2025-05-07T03:54:41.592+0000] {taskinstance.py:1361} INFO - Starting attempt 1 of 1
[2025-05-07T03:54:41.598+0000] {taskinstance.py:1382} INFO - Executing <Task(PythonOperator): retrain> on 2025-05-07 03:54:33.061378+00:00
[2025-05-07T03:54:41.606+0000] {standard_task_runner.py:57} INFO - Started process 3109 to run task
[2025-05-07T03:54:41.608+0000] {standard_task_runner.py:84} INFO - Running: ['***', 'tasks', 'run', 'lgbtq_model_pipeline', 'retrain', 'manual__2025-05-07T03:54:33.061378+00:00', '--job-id', '47', '--raw', '--subdir', 'DAGS_FOLDER/lgbtq_model_pipeline.py', '--cfg-path', '/tmp/tmpz9608r2w']
[2025-05-07T03:54:41.610+0000] {standard_task_runner.py:85} INFO - Job 47: Subtask retrain
[2025-05-07T03:54:41.636+0000] {task_command.py:416} INFO - Running <TaskInstance: lgbtq_model_pipeline.retrain manual__2025-05-07T03:54:33.061378+00:00 [running]> on host 6fdcfcafebfc
[2025-05-07T03:54:41.668+0000] {taskinstance.py:1662} INFO - Exporting env vars: AIRFLOW_CTX_DAG_OWNER='***' AIRFLOW_CTX_DAG_ID='lgbtq_model_pipeline' AIRFLOW_CTX_TASK_ID='retrain' AIRFLOW_CTX_EXECUTION_DATE='2025-05-07T03:54:33.061378+00:00' AIRFLOW_CTX_TRY_NUMBER='1' AIRFLOW_CTX_DAG_RUN_ID='manual__2025-05-07T03:54:33.061378+00:00'
[2025-05-07T03:54:41.669+0000] {logging_mixin.py:154} INFO - 📦 Combining data...
[2025-05-07T03:54:42.009+0000] {logging_mixin.py:154} INFO - ⚠️ Skipping duplicate article_246
[2025-05-07T03:54:42.010+0000] {logging_mixin.py:154} INFO - ⚠️ Skipping duplicate article_247
[2025-05-07T03:54:42.010+0000] {logging_mixin.py:154} INFO - ⚠️ Skipping duplicate article_245
[2025-05-07T03:54:42.011+0000] {logging_mixin.py:154} INFO - ⚠️ Skipping duplicate article_249
[2025-05-07T03:54:42.011+0000] {logging_mixin.py:154} INFO - ⚠️ Skipping duplicate article_248
[2025-05-07T03:54:42.012+0000] {logging_mixin.py:154} INFO - ⚠️ Skipping duplicate article_244
[2025-05-07T03:54:42.012+0000] {logging_mixin.py:154} INFO - 📚 Loading labeled data...
[2025-05-07T03:54:42.122+0000] {logging_mixin.py:154} INFO - 🧠 Initial memory usage: 31.1%
[2025-05-07T03:54:42.122+0000] {logging_mixin.py:154} INFO - 🧠 Preparing triplet training data...
[2025-05-07T03:54:43.122+0000] {logging_mixin.py:154} INFO - 🔍 Loading encoder from local cache...
[2025-05-07T03:54:43.411+0000] {logging_mixin.py:154} INFO - 🖥️ Using device: cpu
[2025-05-07T03:54:43.413+0000] {logging_mixin.py:154} INFO - 📊 Using gradient accumulation: effective batch size = 8
[2025-05-07T03:54:43.557+0000] {logging_mixin.py:154} INFO - 🚀 Training triplet model...
[2025-05-07T03:56:55.575+0000] {logging_mixin.py:154} INFO - 🧠 Memory usage: 83.2%
[2025-05-07T03:59:20.939+0000] {logging_mixin.py:154} INFO - 🧠 Memory usage: 87.0%
[2025-05-07T04:01:36.449+0000] {logging_mixin.py:154} INFO - 🧠 Memory usage: 89.1%
[2025-05-07T04:03:53.110+0000] {logging_mixin.py:154} INFO - 🧠 Memory usage: 87.7%
[2025-05-07T04:05:51.901+0000] {logging_mixin.py:154} INFO - 🧠 Memory usage: 85.2%
[2025-05-07T04:08:06.271+0000] {logging_mixin.py:154} INFO - 🧠 Memory usage: 87.0%
[2025-05-07T04:08:40.446+0000] {logging_mixin.py:154} INFO - 📈 Epoch 1/5: Loss=0.5786
[2025-05-07T04:08:40.447+0000] {logging_mixin.py:154} INFO - 🧠 Memory usage: 86.3%
[2025-05-07T04:08:40.633+0000] {logging_mixin.py:154} INFO - 💾 Saved checkpoint to /opt/***/models/checkpoint_model_20250507035443_epoch1.joblib
[2025-05-07T04:10:48.087+0000] {logging_mixin.py:154} INFO - 🧠 Memory usage: 86.6%
[2025-05-07T04:13:09.397+0000] {logging_mixin.py:154} INFO - 🧠 Memory usage: 86.3%
[2025-05-07T04:15:16.716+0000] {logging_mixin.py:154} INFO - 🧠 Memory usage: 84.8%
[2025-05-07T04:36:08.474+0000] {local_task_job_runner.py:294} WARNING - State of this instance has been externally set to failed. Terminating instance.
[2025-05-07T04:36:08.525+0000] {process_utils.py:131} INFO - Sending 15 to group 3109. PIDs of all processes in the group: [3109]
[2025-05-07T04:36:08.526+0000] {process_utils.py:86} INFO - Sending the signal 15 to group 3109
[2025-05-07T04:36:08.544+0000] {taskinstance.py:1632} ERROR - Received SIGTERM. Terminating subprocesses.
[2025-05-07T04:36:08.797+0000] {process_utils.py:79} INFO - Process psutil.Process(pid=3109, status='terminated', exitcode=0, started='03:54:41') (3109) terminated with exit code 0
