[2025-05-07T05:45:47.300+0000] {taskinstance.py:1159} INFO - Dependencies all met for dep_context=non-requeueable deps ti=<TaskInstance: lgbtq_model_pipeline.retrain manual__2025-05-07T05:45:40.059879+00:00 [queued]>
[2025-05-07T05:45:47.303+0000] {taskinstance.py:1159} INFO - Dependencies all met for dep_context=requeueable deps ti=<TaskInstance: lgbtq_model_pipeline.retrain manual__2025-05-07T05:45:40.059879+00:00 [queued]>
[2025-05-07T05:45:47.304+0000] {taskinstance.py:1361} INFO - Starting attempt 1 of 1
[2025-05-07T05:45:47.309+0000] {taskinstance.py:1382} INFO - Executing <Task(PythonOperator): retrain> on 2025-05-07 05:45:40.059879+00:00
[2025-05-07T05:45:47.314+0000] {standard_task_runner.py:57} INFO - Started process 5086 to run task
[2025-05-07T05:45:47.317+0000] {standard_task_runner.py:84} INFO - Running: ['***', 'tasks', 'run', 'lgbtq_model_pipeline', 'retrain', 'manual__2025-05-07T05:45:40.059879+00:00', '--job-id', '50', '--raw', '--subdir', 'DAGS_FOLDER/lgbtq_model_pipeline.py', '--cfg-path', '/tmp/tmp3rl037xs']
[2025-05-07T05:45:47.318+0000] {standard_task_runner.py:85} INFO - Job 50: Subtask retrain
[2025-05-07T05:45:47.341+0000] {task_command.py:416} INFO - Running <TaskInstance: lgbtq_model_pipeline.retrain manual__2025-05-07T05:45:40.059879+00:00 [running]> on host 6fdcfcafebfc
[2025-05-07T05:45:47.374+0000] {taskinstance.py:1662} INFO - Exporting env vars: AIRFLOW_CTX_DAG_OWNER='***' AIRFLOW_CTX_DAG_ID='lgbtq_model_pipeline' AIRFLOW_CTX_TASK_ID='retrain' AIRFLOW_CTX_EXECUTION_DATE='2025-05-07T05:45:40.059879+00:00' AIRFLOW_CTX_TRY_NUMBER='1' AIRFLOW_CTX_DAG_RUN_ID='manual__2025-05-07T05:45:40.059879+00:00'
[2025-05-07T05:45:47.375+0000] {logging_mixin.py:154} INFO - 📦 Combining data...
[2025-05-07T05:45:47.635+0000] {logging_mixin.py:154} INFO - ⚠️ Skipping duplicate article_246
[2025-05-07T05:45:47.636+0000] {logging_mixin.py:154} INFO - ⚠️ Skipping duplicate article_247
[2025-05-07T05:45:47.636+0000] {logging_mixin.py:154} INFO - ⚠️ Skipping duplicate article_245
[2025-05-07T05:45:47.637+0000] {logging_mixin.py:154} INFO - ⚠️ Skipping duplicate article_249
[2025-05-07T05:45:47.638+0000] {logging_mixin.py:154} INFO - ⚠️ Skipping duplicate article_248
[2025-05-07T05:45:47.638+0000] {logging_mixin.py:154} INFO - ⚠️ Skipping duplicate article_244
[2025-05-07T05:45:47.638+0000] {logging_mixin.py:154} INFO - 📚 Loading labeled data...
[2025-05-07T05:45:47.729+0000] {logging_mixin.py:154} INFO - 🧠 Initial memory usage: 26.3%
[2025-05-07T05:45:47.729+0000] {logging_mixin.py:154} INFO - 🧠 Preparing triplet training data...
[2025-05-07T05:45:48.540+0000] {logging_mixin.py:154} INFO - 🔍 Loading encoder from local cache...
[2025-05-07T05:45:48.825+0000] {logging_mixin.py:154} INFO - 🖥️ Using device: cpu
[2025-05-07T05:45:48.827+0000] {logging_mixin.py:154} INFO - 📊 Using gradient accumulation: effective batch size = 8
[2025-05-07T05:45:48.978+0000] {logging_mixin.py:154} INFO - 🚀 Training triplet model...
[2025-05-07T05:48:35.892+0000] {logging_mixin.py:154} INFO - 🧠 Memory usage: 83.7%
[2025-05-07T05:50:52.424+0000] {logging_mixin.py:154} INFO - 🧠 Memory usage: 83.4%
[2025-05-07T05:52:50.528+0000] {logging_mixin.py:154} INFO - 🧠 Memory usage: 82.7%
[2025-05-07T05:55:00.339+0000] {logging_mixin.py:154} INFO - 🧠 Memory usage: 82.7%
[2025-05-07T05:57:01.820+0000] {logging_mixin.py:154} INFO - 🧠 Memory usage: 84.6%
[2025-05-07T05:58:47.301+0000] {logging_mixin.py:154} INFO - 🧠 Memory usage: 82.3%
[2025-05-07T05:59:20.777+0000] {logging_mixin.py:154} INFO - 📈 Epoch 1/2: Loss=0.5769
[2025-05-07T05:59:20.778+0000] {logging_mixin.py:154} INFO - 🧠 Memory usage: 82.6%
[2025-05-07T05:59:20.954+0000] {logging_mixin.py:154} INFO - 💾 Saved checkpoint to /opt/***/models/checkpoint_model_20250507054548_epoch1.joblib
[2025-05-07T06:00:56.308+0000] {logging_mixin.py:154} INFO - 🧠 Memory usage: 84.7%
[2025-05-07T06:03:23.494+0000] {logging_mixin.py:154} INFO - 🧠 Memory usage: 81.4%
[2025-05-07T06:05:24.163+0000] {logging_mixin.py:154} INFO - 🧠 Memory usage: 86.8%
[2025-05-07T06:07:23.127+0000] {logging_mixin.py:154} INFO - 🧠 Memory usage: 84.3%
[2025-05-07T06:09:29.234+0000] {logging_mixin.py:154} INFO - 🧠 Memory usage: 81.4%
[2025-05-07T06:11:54.378+0000] {logging_mixin.py:154} INFO - 🧠 Memory usage: 83.7%
[2025-05-07T06:12:32.286+0000] {logging_mixin.py:154} INFO - 📈 Epoch 2/2: Loss=0.4965
[2025-05-07T06:12:32.288+0000] {logging_mixin.py:154} INFO - 🧠 Memory usage: 84.8%
[2025-05-07T06:12:32.476+0000] {logging_mixin.py:154} INFO - 💾 Saved checkpoint to /opt/***/models/checkpoint_model_20250507054548_epoch2.joblib
[2025-05-07T06:12:32.741+0000] {logging_mixin.py:154} INFO - ✅ Saved final model to /opt/***/models/production_model_20250507054548.joblib
[2025-05-07T06:12:32.794+0000] {python.py:194} INFO - Done. Returned value was: None
[2025-05-07T06:12:32.809+0000] {taskinstance.py:1400} INFO - Marking task as SUCCESS. dag_id=lgbtq_model_pipeline, task_id=retrain, execution_date=20250507T054540, start_date=20250507T054547, end_date=20250507T061232
[2025-05-07T06:12:32.977+0000] {local_task_job_runner.py:228} INFO - Task exited with return code 0
[2025-05-07T06:12:33.017+0000] {taskinstance.py:2778} INFO - 1 downstream tasks scheduled from follow-on schedule check
