[2025-05-01T10:14:16.796+0000] {taskinstance.py:1159} INFO - Dependencies all met for dep_context=non-requeueable deps ti=<TaskInstance: lgbtq_model_pipeline.get_metrics manual__2025-05-01T10:13:33.892315+00:00 [queued]>
[2025-05-01T10:14:16.800+0000] {taskinstance.py:1159} INFO - Dependencies all met for dep_context=requeueable deps ti=<TaskInstance: lgbtq_model_pipeline.get_metrics manual__2025-05-01T10:13:33.892315+00:00 [queued]>
[2025-05-01T10:14:16.800+0000] {taskinstance.py:1361} INFO - Starting attempt 1 of 1
[2025-05-01T10:14:16.806+0000] {taskinstance.py:1382} INFO - Executing <Task(PythonOperator): get_metrics> on 2025-05-01 10:13:33.892315+00:00
[2025-05-01T10:14:16.811+0000] {standard_task_runner.py:57} INFO - Started process 258 to run task
[2025-05-01T10:14:16.813+0000] {standard_task_runner.py:84} INFO - Running: ['***', 'tasks', 'run', 'lgbtq_model_pipeline', 'get_metrics', 'manual__2025-05-01T10:13:33.892315+00:00', '--job-id', '194', '--raw', '--subdir', 'DAGS_FOLDER/lgbtq_model_pipeline.py', '--cfg-path', '/tmp/tmp67t74fau']
[2025-05-01T10:14:16.816+0000] {standard_task_runner.py:85} INFO - Job 194: Subtask get_metrics
[2025-05-01T10:14:16.837+0000] {task_command.py:416} INFO - Running <TaskInstance: lgbtq_model_pipeline.get_metrics manual__2025-05-01T10:13:33.892315+00:00 [running]> on host 6c2d212c8b01
[2025-05-01T10:14:16.873+0000] {taskinstance.py:1662} INFO - Exporting env vars: AIRFLOW_CTX_DAG_OWNER='***' AIRFLOW_CTX_DAG_ID='lgbtq_model_pipeline' AIRFLOW_CTX_TASK_ID='get_metrics' AIRFLOW_CTX_EXECUTION_DATE='2025-05-01T10:13:33.892315+00:00' AIRFLOW_CTX_TRY_NUMBER='1' AIRFLOW_CTX_DAG_RUN_ID='manual__2025-05-01T10:13:33.892315+00:00'
[2025-05-01T10:14:16.874+0000] {logging_mixin.py:154} INFO - Running get_metrics task...
[2025-05-01T10:14:16.913+0000] {logging_mixin.py:154} INFO - Confusion Matrix:
[[123, 17], [27, 107]]
[2025-05-01T10:14:16.913+0000] {logging_mixin.py:154} INFO - Accuracy: 0.8394
[2025-05-01T10:14:16.913+0000] {logging_mixin.py:154} INFO - Precision: 0.8629
[2025-05-01T10:14:16.913+0000] {logging_mixin.py:154} INFO - Recall: 0.7985
[2025-05-01T10:14:16.913+0000] {logging_mixin.py:154} INFO - F1 Score: 0.8295
[2025-05-01T10:14:16.913+0000] {logging_mixin.py:154} INFO - AUC: 0.9325
[2025-05-01T10:14:16.913+0000] {logging_mixin.py:154} INFO - Previous Accuracy: 1.0000
[2025-05-01T10:14:16.913+0000] {logging_mixin.py:154} INFO - Accuracy Change: -0.1606
[2025-05-01T10:14:16.915+0000] {logging_mixin.py:154} INFO - 🔗 Updated latest_metrics.json for deployment reference.
[2025-05-01T10:14:16.915+0000] {logging_mixin.py:154} INFO - Saved metrics to /opt/***/metrics/metrics_20250501_101416.json
[2025-05-01T10:14:16.915+0000] {python.py:194} INFO - Done. Returned value was: None
[2025-05-01T10:14:16.919+0000] {taskinstance.py:1400} INFO - Marking task as SUCCESS. dag_id=lgbtq_model_pipeline, task_id=get_metrics, execution_date=20250501T101333, start_date=20250501T101416, end_date=20250501T101416
[2025-05-01T10:14:16.953+0000] {local_task_job_runner.py:228} INFO - Task exited with return code 0
[2025-05-01T10:14:16.969+0000] {taskinstance.py:2778} INFO - 0 downstream tasks scheduled from follow-on schedule check
