[2025-05-07T03:18:15.204+0000] {taskinstance.py:1159} INFO - Dependencies all met for dep_context=non-requeueable deps ti=<TaskInstance: lgbtq_model_pipeline.retrain manual__2025-05-07T03:18:08.159880+00:00 [queued]>
[2025-05-07T03:18:15.208+0000] {taskinstance.py:1159} INFO - Dependencies all met for dep_context=requeueable deps ti=<TaskInstance: lgbtq_model_pipeline.retrain manual__2025-05-07T03:18:08.159880+00:00 [queued]>
[2025-05-07T03:18:15.208+0000] {taskinstance.py:1361} INFO - Starting attempt 1 of 1
[2025-05-07T03:18:15.213+0000] {taskinstance.py:1382} INFO - Executing <Task(PythonOperator): retrain> on 2025-05-07 03:18:08.159880+00:00
[2025-05-07T03:18:15.218+0000] {standard_task_runner.py:57} INFO - Started process 1942 to run task
[2025-05-07T03:18:15.220+0000] {standard_task_runner.py:84} INFO - Running: ['***', 'tasks', 'run', 'lgbtq_model_pipeline', 'retrain', 'manual__2025-05-07T03:18:08.159880+00:00', '--job-id', '26', '--raw', '--subdir', 'DAGS_FOLDER/lgbtq_model_pipeline.py', '--cfg-path', '/tmp/tmpxc5zjm5g']
[2025-05-07T03:18:15.221+0000] {standard_task_runner.py:85} INFO - Job 26: Subtask retrain
[2025-05-07T03:18:15.244+0000] {task_command.py:416} INFO - Running <TaskInstance: lgbtq_model_pipeline.retrain manual__2025-05-07T03:18:08.159880+00:00 [running]> on host 6fdcfcafebfc
[2025-05-07T03:18:15.276+0000] {taskinstance.py:1662} INFO - Exporting env vars: AIRFLOW_CTX_DAG_OWNER='***' AIRFLOW_CTX_DAG_ID='lgbtq_model_pipeline' AIRFLOW_CTX_TASK_ID='retrain' AIRFLOW_CTX_EXECUTION_DATE='2025-05-07T03:18:08.159880+00:00' AIRFLOW_CTX_TRY_NUMBER='1' AIRFLOW_CTX_DAG_RUN_ID='manual__2025-05-07T03:18:08.159880+00:00'
[2025-05-07T03:18:15.277+0000] {logging_mixin.py:154} INFO - 📦 Combining data...
[2025-05-07T03:18:15.482+0000] {logging_mixin.py:154} INFO - ⚠️ Skipping duplicate article_246
[2025-05-07T03:18:15.483+0000] {logging_mixin.py:154} INFO - ⚠️ Skipping duplicate article_247
[2025-05-07T03:18:15.484+0000] {logging_mixin.py:154} INFO - ⚠️ Skipping duplicate article_245
[2025-05-07T03:18:15.484+0000] {logging_mixin.py:154} INFO - ⚠️ Skipping duplicate article_249
[2025-05-07T03:18:15.485+0000] {logging_mixin.py:154} INFO - ⚠️ Skipping duplicate article_248
[2025-05-07T03:18:15.485+0000] {logging_mixin.py:154} INFO - ⚠️ Skipping duplicate article_244
[2025-05-07T03:18:15.486+0000] {logging_mixin.py:154} INFO - 📚 Loading labeled data...
[2025-05-07T03:18:15.595+0000] {logging_mixin.py:154} INFO - 🧠 Preparing triplet training data...
[2025-05-07T03:18:16.137+0000] {logging_mixin.py:154} INFO - 🔍 Loading encoder from local cache...
[2025-05-07T03:18:16.138+0000] {taskinstance.py:1937} ERROR - Task failed with exception
Traceback (most recent call last):
  File "/home/airflow/.local/lib/python3.8/site-packages/airflow/operators/python.py", line 192, in execute
    return_value = self.execute_callable()
  File "/home/airflow/.local/lib/python3.8/site-packages/airflow/operators/python.py", line 209, in execute_callable
    return self.python_callable(*self.op_args, **self.op_kwargs)
  File "/opt/airflow/dags/tasks/retrain.py", line 66, in train_triplet_model
    model = TripletNet(model_path=HF_MODEL_PATH)
TypeError: __init__() got an unexpected keyword argument 'model_path'
[2025-05-07T03:18:16.146+0000] {taskinstance.py:1400} INFO - Marking task as FAILED. dag_id=lgbtq_model_pipeline, task_id=retrain, execution_date=20250507T031808, start_date=20250507T031815, end_date=20250507T031816
[2025-05-07T03:18:16.153+0000] {standard_task_runner.py:104} ERROR - Failed to execute job 26 for task retrain (__init__() got an unexpected keyword argument 'model_path'; 1942)
[2025-05-07T03:18:16.199+0000] {local_task_job_runner.py:228} INFO - Task exited with return code 1
[2025-05-07T03:18:16.216+0000] {taskinstance.py:2778} INFO - 0 downstream tasks scheduled from follow-on schedule check
