[2025-05-01T11:16:52.264+0000] {taskinstance.py:1159} INFO - Dependencies all met for dep_context=non-requeueable deps ti=<TaskInstance: lgbtq_model_pipeline.get_metrics manual__2025-05-01T11:16:01.903358+00:00 [queued]>
[2025-05-01T11:16:52.267+0000] {taskinstance.py:1159} INFO - Dependencies all met for dep_context=requeueable deps ti=<TaskInstance: lgbtq_model_pipeline.get_metrics manual__2025-05-01T11:16:01.903358+00:00 [queued]>
[2025-05-01T11:16:52.268+0000] {taskinstance.py:1361} INFO - Starting attempt 1 of 1
[2025-05-01T11:16:52.273+0000] {taskinstance.py:1382} INFO - Executing <Task(PythonOperator): get_metrics> on 2025-05-01 11:16:01.903358+00:00
[2025-05-01T11:16:52.278+0000] {standard_task_runner.py:57} INFO - Started process 271 to run task
[2025-05-01T11:16:52.280+0000] {standard_task_runner.py:84} INFO - Running: ['***', 'tasks', 'run', 'lgbtq_model_pipeline', 'get_metrics', 'manual__2025-05-01T11:16:01.903358+00:00', '--job-id', '226', '--raw', '--subdir', 'DAGS_FOLDER/lgbtq_model_pipeline.py', '--cfg-path', '/tmp/tmp7v2eajoz']
[2025-05-01T11:16:52.284+0000] {standard_task_runner.py:85} INFO - Job 226: Subtask get_metrics
[2025-05-01T11:16:52.304+0000] {task_command.py:416} INFO - Running <TaskInstance: lgbtq_model_pipeline.get_metrics manual__2025-05-01T11:16:01.903358+00:00 [running]> on host de01c95effdc
[2025-05-01T11:16:52.337+0000] {taskinstance.py:1662} INFO - Exporting env vars: AIRFLOW_CTX_DAG_OWNER='***' AIRFLOW_CTX_DAG_ID='lgbtq_model_pipeline' AIRFLOW_CTX_TASK_ID='get_metrics' AIRFLOW_CTX_EXECUTION_DATE='2025-05-01T11:16:01.903358+00:00' AIRFLOW_CTX_TRY_NUMBER='1' AIRFLOW_CTX_DAG_RUN_ID='manual__2025-05-01T11:16:01.903358+00:00'
[2025-05-01T11:16:52.338+0000] {logging_mixin.py:154} INFO - 📊 Running get_metrics task...
[2025-05-01T11:16:52.396+0000] {logging_mixin.py:154} INFO - 📈 Confusion Matrix:
[[23, 6], [5, 27]]
[2025-05-01T11:16:52.396+0000] {logging_mixin.py:154} INFO - Accuracy: 0.8197
[2025-05-01T11:16:52.396+0000] {logging_mixin.py:154} INFO - Precision: 0.8182
[2025-05-01T11:16:52.397+0000] {logging_mixin.py:154} INFO - Recall: 0.8438
[2025-05-01T11:16:52.397+0000] {logging_mixin.py:154} INFO - F1 Score: 0.8308
[2025-05-01T11:16:52.397+0000] {logging_mixin.py:154} INFO - AUC: 0.9386
[2025-05-01T11:16:52.398+0000] {logging_mixin.py:154} INFO - Previous Accuracy: 0.8361
[2025-05-01T11:16:52.398+0000] {logging_mixin.py:154} INFO - Accuracy Change: -0.0164
[2025-05-01T11:16:52.410+0000] {logging_mixin.py:154} INFO - ✅ Saved metrics to /opt/***/metrics/metrics_20250501_111652.json
[2025-05-01T11:16:52.410+0000] {logging_mixin.py:154} INFO - 🔗 Updated latest_metrics.json for deployment reference.
[2025-05-01T11:16:52.411+0000] {python.py:194} INFO - Done. Returned value was: None
[2025-05-01T11:16:52.429+0000] {taskinstance.py:1400} INFO - Marking task as SUCCESS. dag_id=lgbtq_model_pipeline, task_id=get_metrics, execution_date=20250501T111601, start_date=20250501T111652, end_date=20250501T111652
[2025-05-01T11:16:52.464+0000] {local_task_job_runner.py:228} INFO - Task exited with return code 0
[2025-05-01T11:16:52.479+0000] {taskinstance.py:2778} INFO - 1 downstream tasks scheduled from follow-on schedule check
