[2025-05-01T21:28:42.545+0000] {taskinstance.py:1159} INFO - Dependencies all met for dep_context=non-requeueable deps ti=<TaskInstance: lgbtq_model_pipeline.retrain manual__2025-05-01T21:27:20.725683+00:00 [queued]>
[2025-05-01T21:28:42.550+0000] {taskinstance.py:1159} INFO - Dependencies all met for dep_context=requeueable deps ti=<TaskInstance: lgbtq_model_pipeline.retrain manual__2025-05-01T21:27:20.725683+00:00 [queued]>
[2025-05-01T21:28:42.550+0000] {taskinstance.py:1361} INFO - Starting attempt 1 of 1
[2025-05-01T21:28:42.558+0000] {taskinstance.py:1382} INFO - Executing <Task(PythonOperator): retrain> on 2025-05-01 21:27:20.725683+00:00
[2025-05-01T21:28:42.563+0000] {standard_task_runner.py:57} INFO - Started process 341 to run task
[2025-05-01T21:28:42.566+0000] {standard_task_runner.py:84} INFO - Running: ['***', 'tasks', 'run', 'lgbtq_model_pipeline', 'retrain', 'manual__2025-05-01T21:27:20.725683+00:00', '--job-id', '8', '--raw', '--subdir', 'DAGS_FOLDER/lgbtq_model_pipeline.py', '--cfg-path', '/tmp/tmpyx44kgvm']
[2025-05-01T21:28:42.568+0000] {standard_task_runner.py:85} INFO - Job 8: Subtask retrain
[2025-05-01T21:28:42.594+0000] {task_command.py:416} INFO - Running <TaskInstance: lgbtq_model_pipeline.retrain manual__2025-05-01T21:27:20.725683+00:00 [running]> on host f2df6932d319
[2025-05-01T21:28:42.628+0000] {taskinstance.py:1662} INFO - Exporting env vars: AIRFLOW_CTX_DAG_OWNER='***' AIRFLOW_CTX_DAG_ID='lgbtq_model_pipeline' AIRFLOW_CTX_TASK_ID='retrain' AIRFLOW_CTX_EXECUTION_DATE='2025-05-01T21:27:20.725683+00:00' AIRFLOW_CTX_TRY_NUMBER='1' AIRFLOW_CTX_DAG_RUN_ID='manual__2025-05-01T21:27:20.725683+00:00'
[2025-05-01T21:28:42.629+0000] {logging_mixin.py:154} INFO - 🔁 Starting retraining process...
[2025-05-01T21:28:42.629+0000] {logging_mixin.py:154} INFO - 📦 Combining production and new data into all_data...
[2025-05-01T21:28:42.663+0000] {logging_mixin.py:154} INFO - ⚠️ Skipping duplicate article_246
[2025-05-01T21:28:42.664+0000] {logging_mixin.py:154} INFO - ⚠️ Skipping duplicate article_247
[2025-05-01T21:28:42.665+0000] {logging_mixin.py:154} INFO - ⚠️ Skipping duplicate article_245
[2025-05-01T21:28:42.666+0000] {logging_mixin.py:154} INFO - ⚠️ Skipping duplicate article_248
[2025-05-01T21:28:42.667+0000] {logging_mixin.py:154} INFO - ⚠️ Skipping duplicate article_244
[2025-05-01T21:28:42.667+0000] {logging_mixin.py:154} INFO - 📊 Loading training data...
[2025-05-01T21:28:42.772+0000] {logging_mixin.py:154} INFO - 🧠 Retraining classifier on 249 samples...
[2025-05-01T21:28:42.775+0000] {logging_mixin.py:154} INFO - 🛡️ Backed up model to /opt/***/models/classifier_backup_20250501212842.joblib
[2025-05-01T21:28:43.109+0000] {logging_mixin.py:154} INFO - ✅ Saved classifier to /opt/***/models/classifier.joblib
[2025-05-01T21:28:43.111+0000] {logging_mixin.py:154} INFO - 📈 Saving predictions...
[2025-05-01T21:28:43.226+0000] {loader.py:97} INFO - Loading faiss.
[2025-05-01T21:28:43.244+0000] {loader.py:99} INFO - Successfully loaded faiss.
[2025-05-01T21:28:43.250+0000] {logging_mixin.py:154} INFO - 📚 Building semantic index for frontend...
[2025-05-01T21:28:43.251+0000] {SentenceTransformer.py:208} INFO - Use pytorch device_name: cpu
[2025-05-01T21:28:43.252+0000] {SentenceTransformer.py:216} INFO - Load pretrained SentenceTransformer: all-MiniLM-L6-v2
[2025-05-01T21:28:44.565+0000] {logging_mixin.py:154} WARNING - Batches:   0%|          | 0/8 [00:00<?, ?it/s]
[2025-05-01T21:28:47.269+0000] {logging_mixin.py:154} WARNING - Batches:  12%|#2        | 1/8 [00:02<00:18,  2.70s/it]
[2025-05-01T21:28:49.749+0000] {logging_mixin.py:154} WARNING - Batches:  25%|##5       | 2/8 [00:05<00:15,  2.57s/it]
[2025-05-01T21:28:52.516+0000] {logging_mixin.py:154} WARNING - Batches:  38%|###7      | 3/8 [00:07<00:13,  2.66s/it]
[2025-05-01T21:28:55.350+0000] {logging_mixin.py:154} WARNING - Batches:  50%|#####     | 4/8 [00:10<00:10,  2.73s/it]
[2025-05-01T21:28:57.824+0000] {logging_mixin.py:154} WARNING - Batches:  62%|######2   | 5/8 [00:13<00:07,  2.64s/it]
[2025-05-01T21:29:00.180+0000] {logging_mixin.py:154} WARNING - Batches:  75%|#######5  | 6/8 [00:15<00:05,  2.54s/it]
[2025-05-01T21:29:02.615+0000] {logging_mixin.py:154} WARNING - Batches:  88%|########7 | 7/8 [00:18<00:02,  2.51s/it]
[2025-05-01T21:29:04.616+0000] {logging_mixin.py:154} WARNING - Batches: 100%|##########| 8/8 [00:20<00:00,  2.35s/it]
[2025-05-01T21:29:04.617+0000] {logging_mixin.py:154} WARNING - Batches: 100%|##########| 8/8 [00:20<00:00,  2.51s/it]
[2025-05-01T21:29:04.629+0000] {logging_mixin.py:154} INFO - ✅ Semantic index and metadata saved for frontend.
[2025-05-01T21:29:04.631+0000] {python.py:194} INFO - Done. Returned value was: None
[2025-05-01T21:29:04.645+0000] {taskinstance.py:1400} INFO - Marking task as SUCCESS. dag_id=lgbtq_model_pipeline, task_id=retrain, execution_date=20250501T212720, start_date=20250501T212842, end_date=20250501T212904
[2025-05-01T21:29:04.726+0000] {local_task_job_runner.py:228} INFO - Task exited with return code 0
[2025-05-01T21:29:04.760+0000] {taskinstance.py:2778} INFO - 1 downstream tasks scheduled from follow-on schedule check
