[2025-05-01T07:40:39.311+0000] {taskinstance.py:1159} INFO - Dependencies all met for dep_context=non-requeueable deps ti=<TaskInstance: lgbtq_model_pipeline.fetch_articles manual__2025-05-01T07:40:38.212289+00:00 [queued]>
[2025-05-01T07:40:39.314+0000] {taskinstance.py:1159} INFO - Dependencies all met for dep_context=requeueable deps ti=<TaskInstance: lgbtq_model_pipeline.fetch_articles manual__2025-05-01T07:40:38.212289+00:00 [queued]>
[2025-05-01T07:40:39.315+0000] {taskinstance.py:1361} INFO - Starting attempt 1 of 1
[2025-05-01T07:40:39.320+0000] {taskinstance.py:1382} INFO - Executing <Task(PythonOperator): fetch_articles> on 2025-05-01 07:40:38.212289+00:00
[2025-05-01T07:40:39.323+0000] {standard_task_runner.py:57} INFO - Started process 175 to run task
[2025-05-01T07:40:39.326+0000] {standard_task_runner.py:84} INFO - Running: ['***', 'tasks', 'run', 'lgbtq_model_pipeline', 'fetch_articles', 'manual__2025-05-01T07:40:38.212289+00:00', '--job-id', '108', '--raw', '--subdir', 'DAGS_FOLDER/lgbtq_model_pipeline.py', '--cfg-path', '/tmp/tmpt22zh5if']
[2025-05-01T07:40:39.327+0000] {standard_task_runner.py:85} INFO - Job 108: Subtask fetch_articles
[2025-05-01T07:40:39.356+0000] {task_command.py:416} INFO - Running <TaskInstance: lgbtq_model_pipeline.fetch_articles manual__2025-05-01T07:40:38.212289+00:00 [running]> on host 7cee2e4cd460
[2025-05-01T07:40:39.400+0000] {taskinstance.py:1662} INFO - Exporting env vars: AIRFLOW_CTX_DAG_OWNER='***' AIRFLOW_CTX_DAG_ID='lgbtq_model_pipeline' AIRFLOW_CTX_TASK_ID='fetch_articles' AIRFLOW_CTX_EXECUTION_DATE='2025-05-01T07:40:38.212289+00:00' AIRFLOW_CTX_TRY_NUMBER='1' AIRFLOW_CTX_DAG_RUN_ID='manual__2025-05-01T07:40:38.212289+00:00'
[2025-05-01T07:40:39.401+0000] {logging_mixin.py:154} INFO - Fetching CSV data from Google Sheets...
[2025-05-01T07:40:40.400+0000] {logging_mixin.py:154} INFO - Wrote article to /opt/***/review_queue/article_24_2025-05-01T07:40:40.399726.json
[2025-05-01T07:40:40.401+0000] {logging_mixin.py:154} INFO - Wrote article to /opt/***/review_queue/article_6_2025-05-01T07:40:40.401065.json
[2025-05-01T07:40:40.401+0000] {logging_mixin.py:154} INFO - Wrote article to /opt/***/review_queue/article_153_2025-05-01T07:40:40.401551.json
[2025-05-01T07:40:40.402+0000] {logging_mixin.py:154} INFO - Wrote article to /opt/***/review_queue/article_211_2025-05-01T07:40:40.402004.json
[2025-05-01T07:40:40.402+0000] {logging_mixin.py:154} INFO - Wrote article to /opt/***/review_queue/article_198_2025-05-01T07:40:40.402454.json
[2025-05-01T07:40:40.402+0000] {logging_mixin.py:154} INFO - Added 5 articles into the review queue.
[2025-05-01T07:40:40.403+0000] {python.py:194} INFO - Done. Returned value was: None
[2025-05-01T07:40:40.408+0000] {taskinstance.py:1400} INFO - Marking task as SUCCESS. dag_id=lgbtq_model_pipeline, task_id=fetch_articles, execution_date=20250501T074038, start_date=20250501T074039, end_date=20250501T074040
[2025-05-01T07:40:40.427+0000] {local_task_job_runner.py:228} INFO - Task exited with return code 0
[2025-05-01T07:40:40.442+0000] {taskinstance.py:2778} INFO - 1 downstream tasks scheduled from follow-on schedule check
