[2025-05-07T10:15:57.966+0000] {taskinstance.py:1159} INFO - Dependencies all met for dep_context=non-requeueable deps ti=<TaskInstance: lgbtq_model_pipeline.retrain manual__2025-05-07T10:15:49.316291+00:00 [queued]>
[2025-05-07T10:15:57.971+0000] {taskinstance.py:1159} INFO - Dependencies all met for dep_context=requeueable deps ti=<TaskInstance: lgbtq_model_pipeline.retrain manual__2025-05-07T10:15:49.316291+00:00 [queued]>
[2025-05-07T10:15:57.971+0000] {taskinstance.py:1361} INFO - Starting attempt 1 of 1
[2025-05-07T10:15:57.979+0000] {taskinstance.py:1382} INFO - Executing <Task(PythonOperator): retrain> on 2025-05-07 10:15:49.316291+00:00
[2025-05-07T10:15:57.987+0000] {standard_task_runner.py:57} INFO - Started process 17065 to run task
[2025-05-07T10:15:57.993+0000] {standard_task_runner.py:84} INFO - Running: ['***', 'tasks', 'run', 'lgbtq_model_pipeline', 'retrain', 'manual__2025-05-07T10:15:49.316291+00:00', '--job-id', '86', '--raw', '--subdir', 'DAGS_FOLDER/lgbtq_model_pipeline.py', '--cfg-path', '/tmp/tmp7xp_muny']
[2025-05-07T10:15:57.999+0000] {standard_task_runner.py:85} INFO - Job 86: Subtask retrain
[2025-05-07T10:15:58.029+0000] {task_command.py:416} INFO - Running <TaskInstance: lgbtq_model_pipeline.retrain manual__2025-05-07T10:15:49.316291+00:00 [running]> on host 6fdcfcafebfc
[2025-05-07T10:15:58.071+0000] {taskinstance.py:1662} INFO - Exporting env vars: AIRFLOW_CTX_DAG_OWNER='***' AIRFLOW_CTX_DAG_ID='lgbtq_model_pipeline' AIRFLOW_CTX_TASK_ID='retrain' AIRFLOW_CTX_EXECUTION_DATE='2025-05-07T10:15:49.316291+00:00' AIRFLOW_CTX_TRY_NUMBER='1' AIRFLOW_CTX_DAG_RUN_ID='manual__2025-05-07T10:15:49.316291+00:00'
[2025-05-07T10:15:58.072+0000] {logging_mixin.py:154} INFO - 📦 Combining data...
[2025-05-07T10:15:58.305+0000] {logging_mixin.py:154} INFO - 📚 Loading labeled data...
[2025-05-07T10:15:58.407+0000] {logging_mixin.py:154} INFO - 🧠 Initial memory usage: 34.6%
[2025-05-07T10:15:58.407+0000] {logging_mixin.py:154} INFO - 🧠 Preparing triplet training data...
[2025-05-07T10:15:59.530+0000] {logging_mixin.py:154} INFO - 🔍 Loading encoder from local cache...
[2025-05-07T10:15:59.851+0000] {logging_mixin.py:154} INFO - 🖥️ Using device: cpu
[2025-05-07T10:15:59.852+0000] {logging_mixin.py:154} INFO - 📊 Using gradient accumulation: effective batch size = 8
[2025-05-07T10:16:00.033+0000] {logging_mixin.py:154} INFO - 🚀 Training triplet model...
[2025-05-07T10:16:00.094+0000] {logging_mixin.py:154} INFO - 📊 Epoch 1/1 — 0% complete (1/125 batches)
[2025-05-07T10:17:39.846+0000] {local_task_job_runner.py:294} WARNING - State of this instance has been externally set to failed. Terminating instance.
[2025-05-07T10:17:39.879+0000] {process_utils.py:131} INFO - Sending 15 to group 17065. PIDs of all processes in the group: [17065]
[2025-05-07T10:17:39.880+0000] {process_utils.py:86} INFO - Sending the signal 15 to group 17065
[2025-05-07T10:17:40.275+0000] {taskinstance.py:1632} ERROR - Received SIGTERM. Terminating subprocesses.
[2025-05-07T10:17:40.558+0000] {process_utils.py:79} INFO - Process psutil.Process(pid=17065, status='terminated', exitcode=0, started='10:15:57') (17065) terminated with exit code 0
