[2025-05-02T00:00:43.432+0000] {taskinstance.py:1159} INFO - Dependencies all met for dep_context=non-requeueable deps ti=<TaskInstance: lgbtq_model_pipeline.get_metrics scheduled__2025-05-01T00:00:00+00:00 [queued]>
[2025-05-02T00:00:43.436+0000] {taskinstance.py:1159} INFO - Dependencies all met for dep_context=requeueable deps ti=<TaskInstance: lgbtq_model_pipeline.get_metrics scheduled__2025-05-01T00:00:00+00:00 [queued]>
[2025-05-02T00:00:43.436+0000] {taskinstance.py:1361} INFO - Starting attempt 1 of 1
[2025-05-02T00:00:43.443+0000] {taskinstance.py:1382} INFO - Executing <Task(PythonOperator): get_metrics> on 2025-05-01 00:00:00+00:00
[2025-05-02T00:00:43.449+0000] {standard_task_runner.py:57} INFO - Started process 1006 to run task
[2025-05-02T00:00:43.452+0000] {standard_task_runner.py:84} INFO - Running: ['***', 'tasks', 'run', 'lgbtq_model_pipeline', 'get_metrics', 'scheduled__2025-05-01T00:00:00+00:00', '--job-id', '36', '--raw', '--subdir', 'DAGS_FOLDER/lgbtq_model_pipeline.py', '--cfg-path', '/tmp/tmpmusvwy1e']
[2025-05-02T00:00:43.455+0000] {standard_task_runner.py:85} INFO - Job 36: Subtask get_metrics
[2025-05-02T00:00:43.484+0000] {task_command.py:416} INFO - Running <TaskInstance: lgbtq_model_pipeline.get_metrics scheduled__2025-05-01T00:00:00+00:00 [running]> on host 82b2c6265b2f
[2025-05-02T00:00:43.521+0000] {taskinstance.py:1662} INFO - Exporting env vars: AIRFLOW_CTX_DAG_OWNER='***' AIRFLOW_CTX_DAG_ID='lgbtq_model_pipeline' AIRFLOW_CTX_TASK_ID='get_metrics' AIRFLOW_CTX_EXECUTION_DATE='2025-05-01T00:00:00+00:00' AIRFLOW_CTX_TRY_NUMBER='1' AIRFLOW_CTX_DAG_RUN_ID='scheduled__2025-05-01T00:00:00+00:00'
[2025-05-02T00:00:43.522+0000] {logging_mixin.py:154} INFO - 📊 Running get_metrics task...
[2025-05-02T00:00:43.548+0000] {logging_mixin.py:154} INFO - 📈 Confusion Matrix:
[[23, 6], [5, 27]]
[2025-05-02T00:00:43.548+0000] {logging_mixin.py:154} INFO - Accuracy: 0.8197
[2025-05-02T00:00:43.548+0000] {logging_mixin.py:154} INFO - Precision: 0.8182
[2025-05-02T00:00:43.549+0000] {logging_mixin.py:154} INFO - Recall: 0.8438
[2025-05-02T00:00:43.549+0000] {logging_mixin.py:154} INFO - F1 Score: 0.8308
[2025-05-02T00:00:43.549+0000] {logging_mixin.py:154} INFO - AUC: 0.9386
[2025-05-02T00:00:43.550+0000] {logging_mixin.py:154} INFO - Previous Accuracy: 0.8197
[2025-05-02T00:00:43.550+0000] {logging_mixin.py:154} INFO - Accuracy Change: +0.0000
[2025-05-02T00:00:43.553+0000] {logging_mixin.py:154} INFO - ✅ Saved metrics to /opt/***/metrics/metrics_20250502_000043.json
[2025-05-02T00:00:43.553+0000] {logging_mixin.py:154} INFO - 🔗 Updated latest_metrics.json for deployment reference.
[2025-05-02T00:00:43.554+0000] {python.py:194} INFO - Done. Returned value was: None
[2025-05-02T00:00:43.567+0000] {taskinstance.py:1400} INFO - Marking task as SUCCESS. dag_id=lgbtq_model_pipeline, task_id=get_metrics, execution_date=20250501T000000, start_date=20250502T000043, end_date=20250502T000043
[2025-05-02T00:00:43.595+0000] {local_task_job_runner.py:228} INFO - Task exited with return code 0
[2025-05-02T00:00:43.610+0000] {taskinstance.py:2778} INFO - 1 downstream tasks scheduled from follow-on schedule check
