[2025-05-07T10:07:28.500+0000] {taskinstance.py:1159} INFO - Dependencies all met for dep_context=non-requeueable deps ti=<TaskInstance: lgbtq_model_pipeline.human_review manual__2025-05-07T10:07:23.505534+00:00 [queued]>
[2025-05-07T10:07:28.504+0000] {taskinstance.py:1159} INFO - Dependencies all met for dep_context=requeueable deps ti=<TaskInstance: lgbtq_model_pipeline.human_review manual__2025-05-07T10:07:23.505534+00:00 [queued]>
[2025-05-07T10:07:28.504+0000] {taskinstance.py:1361} INFO - Starting attempt 1 of 1
[2025-05-07T10:07:28.510+0000] {taskinstance.py:1382} INFO - Executing <Task(PythonOperator): human_review> on 2025-05-07 10:07:23.505534+00:00
[2025-05-07T10:07:28.516+0000] {standard_task_runner.py:57} INFO - Started process 16567 to run task
[2025-05-07T10:07:28.518+0000] {standard_task_runner.py:84} INFO - Running: ['***', 'tasks', 'run', 'lgbtq_model_pipeline', 'human_review', 'manual__2025-05-07T10:07:23.505534+00:00', '--job-id', '79', '--raw', '--subdir', 'DAGS_FOLDER/lgbtq_model_pipeline.py', '--cfg-path', '/tmp/tmpkaw7280w']
[2025-05-07T10:07:28.520+0000] {standard_task_runner.py:85} INFO - Job 79: Subtask human_review
[2025-05-07T10:07:28.543+0000] {task_command.py:416} INFO - Running <TaskInstance: lgbtq_model_pipeline.human_review manual__2025-05-07T10:07:23.505534+00:00 [running]> on host 6fdcfcafebfc
[2025-05-07T10:07:28.577+0000] {taskinstance.py:1662} INFO - Exporting env vars: AIRFLOW_CTX_DAG_OWNER='***' AIRFLOW_CTX_DAG_ID='lgbtq_model_pipeline' AIRFLOW_CTX_TASK_ID='human_review' AIRFLOW_CTX_EXECUTION_DATE='2025-05-07T10:07:23.505534+00:00' AIRFLOW_CTX_TRY_NUMBER='1' AIRFLOW_CTX_DAG_RUN_ID='manual__2025-05-07T10:07:23.505534+00:00'
[2025-05-07T10:07:28.578+0000] {logging_mixin.py:154} INFO - 👀 Checking for enough articles in review queue...
[2025-05-07T10:07:28.579+0000] {logging_mixin.py:154} INFO - ✅ Found 5 files — simulating human review...
[2025-05-07T10:07:28.579+0000] {logging_mixin.py:154} INFO - 💌 Sending email to team...
[2025-05-07T10:07:28.579+0000] {logging_mixin.py:154} INFO - hiyyyy time 2 label these new entries babe okthxbye
[2025-05-07T10:07:28.583+0000] {logging_mixin.py:154} INFO - 📤 Reviewed + moved article_246_2025-05-01T11:34:01.781868.json → new_data/
[2025-05-07T10:07:28.586+0000] {logging_mixin.py:154} INFO - 📤 Reviewed + moved article_247_2025-05-01T11:34:01.868304.json → new_data/
[2025-05-07T10:07:28.589+0000] {logging_mixin.py:154} INFO - 📤 Reviewed + moved article_245_2025-05-01T11:34:01.715287.json → new_data/
[2025-05-07T10:07:28.593+0000] {logging_mixin.py:154} INFO - 📤 Reviewed + moved article_249_2025-05-07T01:56:38.664134.json → new_data/
[2025-05-07T10:07:28.597+0000] {logging_mixin.py:154} INFO - 📤 Reviewed + moved article_248_2025-05-01T11:34:01.995211.json → new_data/
[2025-05-07T10:07:28.597+0000] {logging_mixin.py:154} INFO - 🧠 Human review simulated for this batch.
[2025-05-07T10:07:28.598+0000] {python.py:194} INFO - Done. Returned value was: None
[2025-05-07T10:07:28.603+0000] {taskinstance.py:1400} INFO - Marking task as SUCCESS. dag_id=lgbtq_model_pipeline, task_id=human_review, execution_date=20250507T100723, start_date=20250507T100728, end_date=20250507T100728
[2025-05-07T10:07:28.616+0000] {local_task_job_runner.py:228} INFO - Task exited with return code 0
[2025-05-07T10:07:28.635+0000] {taskinstance.py:2778} INFO - 1 downstream tasks scheduled from follow-on schedule check
