[2025-05-01T09:15:27.982+0000] {taskinstance.py:1159} INFO - Dependencies all met for dep_context=non-requeueable deps ti=<TaskInstance: lgbtq_model_pipeline.get_metrics manual__2025-05-01T09:15:03.983301+00:00 [queued]>
[2025-05-01T09:15:27.986+0000] {taskinstance.py:1159} INFO - Dependencies all met for dep_context=requeueable deps ti=<TaskInstance: lgbtq_model_pipeline.get_metrics manual__2025-05-01T09:15:03.983301+00:00 [queued]>
[2025-05-01T09:15:27.986+0000] {taskinstance.py:1361} INFO - Starting attempt 1 of 1
[2025-05-01T09:15:27.992+0000] {taskinstance.py:1382} INFO - Executing <Task(PythonOperator): get_metrics> on 2025-05-01 09:15:03.983301+00:00
[2025-05-01T09:15:28.008+0000] {standard_task_runner.py:57} INFO - Started process 251 to run task
[2025-05-01T09:15:28.012+0000] {standard_task_runner.py:84} INFO - Running: ['***', 'tasks', 'run', 'lgbtq_model_pipeline', 'get_metrics', 'manual__2025-05-01T09:15:03.983301+00:00', '--job-id', '163', '--raw', '--subdir', 'DAGS_FOLDER/lgbtq_model_pipeline.py', '--cfg-path', '/tmp/tmppky8mzbs']
[2025-05-01T09:15:28.016+0000] {standard_task_runner.py:85} INFO - Job 163: Subtask get_metrics
[2025-05-01T09:15:28.046+0000] {task_command.py:416} INFO - Running <TaskInstance: lgbtq_model_pipeline.get_metrics manual__2025-05-01T09:15:03.983301+00:00 [running]> on host 8e9fbf3c94e4
[2025-05-01T09:15:28.083+0000] {taskinstance.py:1662} INFO - Exporting env vars: AIRFLOW_CTX_DAG_OWNER='***' AIRFLOW_CTX_DAG_ID='lgbtq_model_pipeline' AIRFLOW_CTX_TASK_ID='get_metrics' AIRFLOW_CTX_EXECUTION_DATE='2025-05-01T09:15:03.983301+00:00' AIRFLOW_CTX_TRY_NUMBER='1' AIRFLOW_CTX_DAG_RUN_ID='manual__2025-05-01T09:15:03.983301+00:00'
[2025-05-01T09:15:28.084+0000] {logging_mixin.py:154} INFO - Running get_metrics task...
[2025-05-01T09:15:28.148+0000] {logging_mixin.py:154} INFO - Confusion Matrix:
[[9, 0], [0, 6]]
[2025-05-01T09:15:28.148+0000] {logging_mixin.py:154} INFO - Accuracy: 1.0000
[2025-05-01T09:15:28.148+0000] {logging_mixin.py:154} INFO - Precision: 1.0000
[2025-05-01T09:15:28.148+0000] {logging_mixin.py:154} INFO - Recall: 1.0000
[2025-05-01T09:15:28.148+0000] {logging_mixin.py:154} INFO - F1 Score: 1.0000
[2025-05-01T09:15:28.149+0000] {logging_mixin.py:154} INFO - AUC: 1.0000
[2025-05-01T09:15:28.151+0000] {logging_mixin.py:154} INFO - Saved metrics to /opt/***/metrics/metrics_20250501_091528.json
[2025-05-01T09:15:28.151+0000] {python.py:194} INFO - Done. Returned value was: None
[2025-05-01T09:15:28.156+0000] {taskinstance.py:1400} INFO - Marking task as SUCCESS. dag_id=lgbtq_model_pipeline, task_id=get_metrics, execution_date=20250501T091503, start_date=20250501T091527, end_date=20250501T091528
[2025-05-01T09:15:28.196+0000] {local_task_job_runner.py:228} INFO - Task exited with return code 0
[2025-05-01T09:15:28.215+0000] {taskinstance.py:2778} INFO - 0 downstream tasks scheduled from follow-on schedule check
