[2025-05-07T03:42:23.495+0000] {taskinstance.py:1159} INFO - Dependencies all met for dep_context=non-requeueable deps ti=<TaskInstance: lgbtq_model_pipeline.human_review manual__2025-05-07T03:42:18.219799+00:00 [queued]>
[2025-05-07T03:42:23.499+0000] {taskinstance.py:1159} INFO - Dependencies all met for dep_context=requeueable deps ti=<TaskInstance: lgbtq_model_pipeline.human_review manual__2025-05-07T03:42:18.219799+00:00 [queued]>
[2025-05-07T03:42:23.499+0000] {taskinstance.py:1361} INFO - Starting attempt 1 of 1
[2025-05-07T03:42:23.504+0000] {taskinstance.py:1382} INFO - Executing <Task(PythonOperator): human_review> on 2025-05-07 03:42:18.219799+00:00
[2025-05-07T03:42:23.510+0000] {standard_task_runner.py:57} INFO - Started process 2697 to run task
[2025-05-07T03:42:23.512+0000] {standard_task_runner.py:84} INFO - Running: ['***', 'tasks', 'run', 'lgbtq_model_pipeline', 'human_review', 'manual__2025-05-07T03:42:18.219799+00:00', '--job-id', '40', '--raw', '--subdir', 'DAGS_FOLDER/lgbtq_model_pipeline.py', '--cfg-path', '/tmp/tmpefsp336t']
[2025-05-07T03:42:23.513+0000] {standard_task_runner.py:85} INFO - Job 40: Subtask human_review
[2025-05-07T03:42:23.536+0000] {task_command.py:416} INFO - Running <TaskInstance: lgbtq_model_pipeline.human_review manual__2025-05-07T03:42:18.219799+00:00 [running]> on host 6fdcfcafebfc
[2025-05-07T03:42:23.575+0000] {taskinstance.py:1662} INFO - Exporting env vars: AIRFLOW_CTX_DAG_OWNER='***' AIRFLOW_CTX_DAG_ID='lgbtq_model_pipeline' AIRFLOW_CTX_TASK_ID='human_review' AIRFLOW_CTX_EXECUTION_DATE='2025-05-07T03:42:18.219799+00:00' AIRFLOW_CTX_TRY_NUMBER='1' AIRFLOW_CTX_DAG_RUN_ID='manual__2025-05-07T03:42:18.219799+00:00'
[2025-05-07T03:42:23.576+0000] {logging_mixin.py:154} INFO - 👀 Checking for enough articles in review queue...
[2025-05-07T03:42:23.578+0000] {logging_mixin.py:154} INFO - ✅ Found 73 files — simulating human review...
[2025-05-07T03:42:23.578+0000] {logging_mixin.py:154} INFO - 💌 Sending email to team...
[2025-05-07T03:42:23.578+0000] {logging_mixin.py:154} INFO - hiyyyy time 2 label these new entries babe okthxbye
[2025-05-07T03:42:23.579+0000] {logging_mixin.py:154} INFO - ⚠️ Skipping duplicate article_248 — already exists in new_data.
[2025-05-07T03:42:23.579+0000] {logging_mixin.py:154} INFO - ⚠️ Skipping duplicate article_245 — already exists in new_data.
[2025-05-07T03:42:23.579+0000] {logging_mixin.py:154} INFO - ⚠️ Skipping duplicate article_245 — already exists in new_data.
[2025-05-07T03:42:23.579+0000] {logging_mixin.py:154} INFO - ⚠️ Skipping duplicate article_246 — already exists in new_data.
[2025-05-07T03:42:23.579+0000] {logging_mixin.py:154} INFO - ⚠️ Skipping duplicate article_245 — already exists in new_data.
[2025-05-07T03:42:23.580+0000] {logging_mixin.py:154} INFO - ⚠️ Skipping duplicate article_244 — already exists in new_data.
[2025-05-07T03:42:23.580+0000] {logging_mixin.py:154} INFO - ⚠️ Skipping duplicate article_244 — already exists in new_data.
[2025-05-07T03:42:23.580+0000] {logging_mixin.py:154} INFO - ⚠️ Skipping duplicate article_244 — already exists in new_data.
[2025-05-07T03:42:23.581+0000] {logging_mixin.py:154} INFO - ⚠️ Skipping duplicate article_249 — already exists in new_data.
[2025-05-07T03:42:23.581+0000] {logging_mixin.py:154} INFO - ⚠️ Skipping duplicate article_248 — already exists in new_data.
[2025-05-07T03:42:23.581+0000] {logging_mixin.py:154} INFO - ⚠️ Skipping duplicate article_246 — already exists in new_data.
[2025-05-07T03:42:23.581+0000] {logging_mixin.py:154} INFO - ⚠️ Skipping duplicate article_246 — already exists in new_data.
[2025-05-07T03:42:23.582+0000] {logging_mixin.py:154} INFO - ⚠️ Skipping duplicate article_248 — already exists in new_data.
[2025-05-07T03:42:23.582+0000] {logging_mixin.py:154} INFO - ⚠️ Skipping duplicate article_245 — already exists in new_data.
[2025-05-07T03:42:23.582+0000] {logging_mixin.py:154} INFO - ⚠️ Skipping duplicate article_248 — already exists in new_data.
[2025-05-07T03:42:23.582+0000] {logging_mixin.py:154} INFO - ⚠️ Skipping duplicate article_245 — already exists in new_data.
[2025-05-07T03:42:23.583+0000] {logging_mixin.py:154} INFO - ⚠️ Skipping duplicate article_248 — already exists in new_data.
[2025-05-07T03:42:23.583+0000] {logging_mixin.py:154} INFO - ⚠️ Skipping duplicate article_247 — already exists in new_data.
[2025-05-07T03:42:23.583+0000] {logging_mixin.py:154} INFO - ⚠️ Skipping duplicate article_248 — already exists in new_data.
[2025-05-07T03:42:23.583+0000] {logging_mixin.py:154} INFO - ⚠️ Skipping duplicate article_247 — already exists in new_data.
[2025-05-07T03:42:23.583+0000] {logging_mixin.py:154} INFO - ⚠️ Skipping duplicate article_246 — already exists in new_data.
[2025-05-07T03:42:23.584+0000] {logging_mixin.py:154} INFO - ⚠️ Skipping duplicate article_249 — already exists in new_data.
[2025-05-07T03:42:23.584+0000] {logging_mixin.py:154} INFO - ⚠️ Skipping duplicate article_246 — already exists in new_data.
[2025-05-07T03:42:23.584+0000] {logging_mixin.py:154} INFO - ⚠️ Skipping duplicate article_244 — already exists in new_data.
[2025-05-07T03:42:23.584+0000] {logging_mixin.py:154} INFO - ⚠️ Skipping duplicate article_247 — already exists in new_data.
[2025-05-07T03:42:23.584+0000] {logging_mixin.py:154} INFO - ⚠️ Skipping duplicate article_245 — already exists in new_data.
[2025-05-07T03:42:23.585+0000] {logging_mixin.py:154} INFO - ⚠️ Skipping duplicate article_247 — already exists in new_data.
[2025-05-07T03:42:23.585+0000] {logging_mixin.py:154} INFO - ⚠️ Skipping duplicate article_245 — already exists in new_data.
[2025-05-07T03:42:23.585+0000] {logging_mixin.py:154} INFO - ⚠️ Skipping duplicate article_246 — already exists in new_data.
[2025-05-07T03:42:23.585+0000] {logging_mixin.py:154} INFO - ⚠️ Skipping duplicate article_247 — already exists in new_data.
[2025-05-07T03:42:23.586+0000] {logging_mixin.py:154} INFO - ⚠️ Skipping duplicate article_248 — already exists in new_data.
[2025-05-07T03:42:23.586+0000] {logging_mixin.py:154} INFO - ⚠️ Skipping duplicate article_248 — already exists in new_data.
[2025-05-07T03:42:23.586+0000] {logging_mixin.py:154} INFO - ⚠️ Skipping duplicate article_245 — already exists in new_data.
[2025-05-07T03:42:23.586+0000] {logging_mixin.py:154} INFO - ⚠️ Skipping duplicate article_248 — already exists in new_data.
[2025-05-07T03:42:23.587+0000] {logging_mixin.py:154} INFO - ⚠️ Skipping duplicate article_245 — already exists in new_data.
[2025-05-07T03:42:23.587+0000] {logging_mixin.py:154} INFO - ⚠️ Skipping duplicate article_248 — already exists in new_data.
[2025-05-07T03:42:23.587+0000] {logging_mixin.py:154} INFO - ⚠️ Skipping duplicate article_246 — already exists in new_data.
[2025-05-07T03:42:23.587+0000] {logging_mixin.py:154} INFO - ⚠️ Skipping duplicate article_246 — already exists in new_data.
[2025-05-07T03:42:23.588+0000] {logging_mixin.py:154} INFO - ⚠️ Skipping duplicate article_247 — already exists in new_data.
[2025-05-07T03:42:23.588+0000] {logging_mixin.py:154} INFO - ⚠️ Skipping duplicate article_245 — already exists in new_data.
[2025-05-07T03:42:23.588+0000] {logging_mixin.py:154} INFO - ⚠️ Skipping duplicate article_245 — already exists in new_data.
[2025-05-07T03:42:23.588+0000] {logging_mixin.py:154} INFO - ⚠️ Skipping duplicate article_246 — already exists in new_data.
[2025-05-07T03:42:23.589+0000] {logging_mixin.py:154} INFO - ⚠️ Skipping duplicate article_245 — already exists in new_data.
[2025-05-07T03:42:23.589+0000] {logging_mixin.py:154} INFO - ⚠️ Skipping duplicate article_248 — already exists in new_data.
[2025-05-07T03:42:23.589+0000] {logging_mixin.py:154} INFO - ⚠️ Skipping duplicate article_249 — already exists in new_data.
[2025-05-07T03:42:23.589+0000] {logging_mixin.py:154} INFO - ⚠️ Skipping duplicate article_247 — already exists in new_data.
[2025-05-07T03:42:23.589+0000] {logging_mixin.py:154} INFO - ⚠️ Skipping duplicate article_247 — already exists in new_data.
[2025-05-07T03:42:23.590+0000] {logging_mixin.py:154} INFO - ⚠️ Skipping duplicate article_246 — already exists in new_data.
[2025-05-07T03:42:23.590+0000] {logging_mixin.py:154} INFO - ⚠️ Skipping duplicate article_247 — already exists in new_data.
[2025-05-07T03:42:23.590+0000] {logging_mixin.py:154} INFO - ⚠️ Skipping duplicate article_246 — already exists in new_data.
[2025-05-07T03:42:23.590+0000] {logging_mixin.py:154} INFO - ⚠️ Skipping duplicate article_247 — already exists in new_data.
[2025-05-07T03:42:23.591+0000] {logging_mixin.py:154} INFO - ⚠️ Skipping duplicate article_244 — already exists in new_data.
[2025-05-07T03:42:23.591+0000] {logging_mixin.py:154} INFO - ⚠️ Skipping duplicate article_245 — already exists in new_data.
[2025-05-07T03:42:23.591+0000] {logging_mixin.py:154} INFO - ⚠️ Skipping duplicate article_246 — already exists in new_data.
[2025-05-07T03:42:23.591+0000] {logging_mixin.py:154} INFO - ⚠️ Skipping duplicate article_246 — already exists in new_data.
[2025-05-07T03:42:23.592+0000] {logging_mixin.py:154} INFO - ⚠️ Skipping duplicate article_248 — already exists in new_data.
[2025-05-07T03:42:23.592+0000] {logging_mixin.py:154} INFO - ⚠️ Skipping duplicate article_247 — already exists in new_data.
[2025-05-07T03:42:23.592+0000] {logging_mixin.py:154} INFO - ⚠️ Skipping duplicate article_245 — already exists in new_data.
[2025-05-07T03:42:23.592+0000] {logging_mixin.py:154} INFO - ⚠️ Skipping duplicate article_249 — already exists in new_data.
[2025-05-07T03:42:23.593+0000] {logging_mixin.py:154} INFO - ⚠️ Skipping duplicate article_248 — already exists in new_data.
[2025-05-07T03:42:23.593+0000] {logging_mixin.py:154} INFO - ⚠️ Skipping duplicate article_248 — already exists in new_data.
[2025-05-07T03:42:23.593+0000] {logging_mixin.py:154} INFO - ⚠️ Skipping duplicate article_246 — already exists in new_data.
[2025-05-07T03:42:23.593+0000] {logging_mixin.py:154} INFO - ⚠️ Skipping duplicate article_247 — already exists in new_data.
[2025-05-07T03:42:23.594+0000] {logging_mixin.py:154} INFO - ⚠️ Skipping duplicate article_244 — already exists in new_data.
[2025-05-07T03:42:23.594+0000] {logging_mixin.py:154} INFO - ⚠️ Skipping duplicate article_247 — already exists in new_data.
[2025-05-07T03:42:23.594+0000] {logging_mixin.py:154} INFO - ⚠️ Skipping duplicate article_246 — already exists in new_data.
[2025-05-07T03:42:23.594+0000] {logging_mixin.py:154} INFO - ⚠️ Skipping duplicate article_245 — already exists in new_data.
[2025-05-07T03:42:23.594+0000] {logging_mixin.py:154} INFO - ⚠️ Skipping duplicate article_244 — already exists in new_data.
[2025-05-07T03:42:23.595+0000] {logging_mixin.py:154} INFO - ⚠️ Skipping duplicate article_247 — already exists in new_data.
[2025-05-07T03:42:23.595+0000] {logging_mixin.py:154} INFO - ⚠️ Skipping duplicate article_248 — already exists in new_data.
[2025-05-07T03:42:23.595+0000] {logging_mixin.py:154} INFO - ⚠️ Skipping duplicate article_247 — already exists in new_data.
[2025-05-07T03:42:23.595+0000] {logging_mixin.py:154} INFO - ⚠️ Skipping duplicate article_249 — already exists in new_data.
[2025-05-07T03:42:23.596+0000] {logging_mixin.py:154} INFO - ⚠️ Skipping duplicate article_244 — already exists in new_data.
[2025-05-07T03:42:23.596+0000] {logging_mixin.py:154} INFO - 🧠 Human review simulated for this batch.
[2025-05-07T03:42:23.596+0000] {python.py:194} INFO - Done. Returned value was: None
[2025-05-07T03:42:23.601+0000] {taskinstance.py:1400} INFO - Marking task as SUCCESS. dag_id=lgbtq_model_pipeline, task_id=human_review, execution_date=20250507T034218, start_date=20250507T034223, end_date=20250507T034223
[2025-05-07T03:42:23.611+0000] {local_task_job_runner.py:228} INFO - Task exited with return code 0
[2025-05-07T03:42:23.626+0000] {taskinstance.py:2778} INFO - 1 downstream tasks scheduled from follow-on schedule check
