[2025-05-07T10:53:53.548+0000] {taskinstance.py:1159} INFO - Dependencies all met for dep_context=non-requeueable deps ti=<TaskInstance: lgbtq_model_pipeline.retrain manual__2025-05-07T10:53:45.963301+00:00 [queued]>
[2025-05-07T10:53:53.552+0000] {taskinstance.py:1159} INFO - Dependencies all met for dep_context=requeueable deps ti=<TaskInstance: lgbtq_model_pipeline.retrain manual__2025-05-07T10:53:45.963301+00:00 [queued]>
[2025-05-07T10:53:53.552+0000] {taskinstance.py:1361} INFO - Starting attempt 1 of 1
[2025-05-07T10:53:53.559+0000] {taskinstance.py:1382} INFO - Executing <Task(PythonOperator): retrain> on 2025-05-07 10:53:45.963301+00:00
[2025-05-07T10:53:53.570+0000] {standard_task_runner.py:57} INFO - Started process 19244 to run task
[2025-05-07T10:53:53.573+0000] {standard_task_runner.py:84} INFO - Running: ['***', 'tasks', 'run', 'lgbtq_model_pipeline', 'retrain', 'manual__2025-05-07T10:53:45.963301+00:00', '--job-id', '114', '--raw', '--subdir', 'DAGS_FOLDER/lgbtq_model_pipeline.py', '--cfg-path', '/tmp/tmpmtgcnepz']
[2025-05-07T10:53:53.577+0000] {standard_task_runner.py:85} INFO - Job 114: Subtask retrain
[2025-05-07T10:53:53.613+0000] {task_command.py:416} INFO - Running <TaskInstance: lgbtq_model_pipeline.retrain manual__2025-05-07T10:53:45.963301+00:00 [running]> on host 6fdcfcafebfc
[2025-05-07T10:53:53.658+0000] {taskinstance.py:1662} INFO - Exporting env vars: AIRFLOW_CTX_DAG_OWNER='***' AIRFLOW_CTX_DAG_ID='lgbtq_model_pipeline' AIRFLOW_CTX_TASK_ID='retrain' AIRFLOW_CTX_EXECUTION_DATE='2025-05-07T10:53:45.963301+00:00' AIRFLOW_CTX_TRY_NUMBER='1' AIRFLOW_CTX_DAG_RUN_ID='manual__2025-05-07T10:53:45.963301+00:00'
[2025-05-07T10:53:53.659+0000] {logging_mixin.py:154} INFO - 📦 Combining data...
[2025-05-07T10:53:54.054+0000] {logging_mixin.py:154} INFO - 📚 Loading labeled data...
[2025-05-07T10:53:54.174+0000] {logging_mixin.py:154} INFO - 🧠 Initial memory usage: 32.7%
[2025-05-07T10:53:54.174+0000] {logging_mixin.py:154} INFO - 🧠 Preparing triplet training data...
[2025-05-07T10:53:55.306+0000] {logging_mixin.py:154} INFO - 🔍 Loading encoder from local cache...
[2025-05-07T10:53:55.527+0000] {logging_mixin.py:154} INFO - 🖥️ Using device: cpu
[2025-05-07T10:53:55.528+0000] {logging_mixin.py:154} INFO - 📊 Using gradient accumulation: effective batch size = 8
[2025-05-07T10:53:55.656+0000] {logging_mixin.py:154} INFO - 🚀 Training triplet model...
[2025-05-07T10:53:55.675+0000] {logging_mixin.py:154} INFO - 📊 Epoch 1/1 — 0% complete (1/125 batches)
[2025-05-07T10:54:03.791+0000] {local_task_job_runner.py:294} WARNING - State of this instance has been externally set to success. Terminating instance.
[2025-05-07T10:54:03.818+0000] {process_utils.py:131} INFO - Sending 15 to group 19244. PIDs of all processes in the group: [19244]
[2025-05-07T10:54:03.819+0000] {process_utils.py:86} INFO - Sending the signal 15 to group 19244
[2025-05-07T10:54:04.093+0000] {taskinstance.py:1632} ERROR - Received SIGTERM. Terminating subprocesses.
[2025-05-07T10:54:04.252+0000] {process_utils.py:79} INFO - Process psutil.Process(pid=19244, status='terminated', exitcode=0, started='10:53:52') (19244) terminated with exit code 0
