[2025-05-02T00:00:28.943+0000] {taskinstance.py:1159} INFO - Dependencies all met for dep_context=non-requeueable deps ti=<TaskInstance: lgbtq_model_pipeline.retrain scheduled__2025-05-01T00:00:00+00:00 [queued]>
[2025-05-02T00:00:28.948+0000] {taskinstance.py:1159} INFO - Dependencies all met for dep_context=requeueable deps ti=<TaskInstance: lgbtq_model_pipeline.retrain scheduled__2025-05-01T00:00:00+00:00 [queued]>
[2025-05-02T00:00:28.948+0000] {taskinstance.py:1361} INFO - Starting attempt 1 of 1
[2025-05-02T00:00:28.956+0000] {taskinstance.py:1382} INFO - Executing <Task(PythonOperator): retrain> on 2025-05-01 00:00:00+00:00
[2025-05-02T00:00:28.962+0000] {standard_task_runner.py:57} INFO - Started process 971 to run task
[2025-05-02T00:00:28.965+0000] {standard_task_runner.py:84} INFO - Running: ['***', 'tasks', 'run', 'lgbtq_model_pipeline', 'retrain', 'scheduled__2025-05-01T00:00:00+00:00', '--job-id', '35', '--raw', '--subdir', 'DAGS_FOLDER/lgbtq_model_pipeline.py', '--cfg-path', '/tmp/tmp61n_fyp5']
[2025-05-02T00:00:28.977+0000] {standard_task_runner.py:85} INFO - Job 35: Subtask retrain
[2025-05-02T00:00:29.013+0000] {task_command.py:416} INFO - Running <TaskInstance: lgbtq_model_pipeline.retrain scheduled__2025-05-01T00:00:00+00:00 [running]> on host 82b2c6265b2f
[2025-05-02T00:00:29.051+0000] {taskinstance.py:1662} INFO - Exporting env vars: AIRFLOW_CTX_DAG_OWNER='***' AIRFLOW_CTX_DAG_ID='lgbtq_model_pipeline' AIRFLOW_CTX_TASK_ID='retrain' AIRFLOW_CTX_EXECUTION_DATE='2025-05-01T00:00:00+00:00' AIRFLOW_CTX_TRY_NUMBER='1' AIRFLOW_CTX_DAG_RUN_ID='scheduled__2025-05-01T00:00:00+00:00'
[2025-05-02T00:00:29.052+0000] {logging_mixin.py:154} INFO - 🔁 Starting retraining process...
[2025-05-02T00:00:29.052+0000] {logging_mixin.py:154} INFO - 📦 Combining production and new data into all_data...
[2025-05-02T00:00:29.069+0000] {logging_mixin.py:154} INFO - ⚠️ Skipping duplicate article_246
[2025-05-02T00:00:29.070+0000] {logging_mixin.py:154} INFO - ⚠️ Skipping duplicate article_247
[2025-05-02T00:00:29.070+0000] {logging_mixin.py:154} INFO - ⚠️ Skipping duplicate article_245
[2025-05-02T00:00:29.071+0000] {logging_mixin.py:154} INFO - ⚠️ Skipping duplicate article_248
[2025-05-02T00:00:29.071+0000] {logging_mixin.py:154} INFO - ⚠️ Skipping duplicate article_244
[2025-05-02T00:00:29.071+0000] {logging_mixin.py:154} INFO - 📊 Loading training data...
[2025-05-02T00:00:29.166+0000] {logging_mixin.py:154} INFO - 🧠 Retraining classifier on 249 samples...
[2025-05-02T00:00:29.169+0000] {logging_mixin.py:154} INFO - 🛡️ Backed up model to /opt/***/models/classifier_backup_20250502000029.joblib
[2025-05-02T00:00:29.191+0000] {logging_mixin.py:154} INFO - ✅ Saved classifier to /opt/***/models/classifier.joblib
[2025-05-02T00:00:29.194+0000] {logging_mixin.py:154} INFO - 📈 Saving predictions...
[2025-05-02T00:00:29.257+0000] {loader.py:97} INFO - Loading faiss.
[2025-05-02T00:00:29.284+0000] {loader.py:99} INFO - Successfully loaded faiss.
[2025-05-02T00:00:29.287+0000] {logging_mixin.py:154} INFO - 📚 Building semantic index for frontend...
[2025-05-02T00:00:29.289+0000] {SentenceTransformer.py:208} INFO - Use pytorch device_name: cpu
[2025-05-02T00:00:29.289+0000] {SentenceTransformer.py:216} INFO - Load pretrained SentenceTransformer: all-MiniLM-L6-v2
[2025-05-02T00:00:31.494+0000] {logging_mixin.py:154} WARNING - Batches:   0%|          | 0/8 [00:00<?, ?it/s]
[2025-05-02T00:00:32.833+0000] {logging_mixin.py:154} WARNING - Batches:  12%|#2        | 1/8 [00:01<00:09,  1.34s/it]
[2025-05-02T00:00:34.061+0000] {logging_mixin.py:154} WARNING - Batches:  25%|##5       | 2/8 [00:02<00:07,  1.27s/it]
[2025-05-02T00:00:35.211+0000] {logging_mixin.py:154} WARNING - Batches:  38%|###7      | 3/8 [00:03<00:06,  1.22s/it]
[2025-05-02T00:00:36.325+0000] {logging_mixin.py:154} WARNING - Batches:  50%|#####     | 4/8 [00:04<00:04,  1.18s/it]
[2025-05-02T00:00:37.591+0000] {logging_mixin.py:154} WARNING - Batches:  62%|######2   | 5/8 [00:06<00:03,  1.21s/it]
[2025-05-02T00:00:38.724+0000] {logging_mixin.py:154} WARNING - Batches:  75%|#######5  | 6/8 [00:07<00:02,  1.18s/it]
[2025-05-02T00:00:40.040+0000] {logging_mixin.py:154} WARNING - Batches:  88%|########7 | 7/8 [00:08<00:01,  1.23s/it]
[2025-05-02T00:00:41.168+0000] {logging_mixin.py:154} WARNING - Batches: 100%|##########| 8/8 [00:09<00:00,  1.20s/it]
[2025-05-02T00:00:41.168+0000] {logging_mixin.py:154} WARNING - Batches: 100%|##########| 8/8 [00:09<00:00,  1.21s/it]
[2025-05-02T00:00:41.193+0000] {logging_mixin.py:154} INFO - ✅ Semantic index and metadata saved for frontend.
[2025-05-02T00:00:41.193+0000] {python.py:194} INFO - Done. Returned value was: None
[2025-05-02T00:00:41.201+0000] {taskinstance.py:1400} INFO - Marking task as SUCCESS. dag_id=lgbtq_model_pipeline, task_id=retrain, execution_date=20250501T000000, start_date=20250502T000028, end_date=20250502T000041
[2025-05-02T00:00:41.244+0000] {local_task_job_runner.py:228} INFO - Task exited with return code 0
[2025-05-02T00:00:41.266+0000] {taskinstance.py:2778} INFO - 1 downstream tasks scheduled from follow-on schedule check
