[2025-05-01T00:00:05.874+0000] {taskinstance.py:1159} INFO - Dependencies all met for dep_context=non-requeueable deps ti=<TaskInstance: lgbtq_model_pipeline.get_metrics scheduled__2025-04-30T00:00:00+00:00 [queued]>
[2025-05-01T00:00:05.878+0000] {taskinstance.py:1159} INFO - Dependencies all met for dep_context=requeueable deps ti=<TaskInstance: lgbtq_model_pipeline.get_metrics scheduled__2025-04-30T00:00:00+00:00 [queued]>
[2025-05-01T00:00:05.878+0000] {taskinstance.py:1361} INFO - Starting attempt 1 of 1
[2025-05-01T00:00:05.883+0000] {taskinstance.py:1382} INFO - Executing <Task(PythonOperator): get_metrics> on 2025-04-30 00:00:00+00:00
[2025-05-01T00:00:05.886+0000] {standard_task_runner.py:57} INFO - Started process 7211 to run task
[2025-05-01T00:00:05.888+0000] {standard_task_runner.py:84} INFO - Running: ['***', 'tasks', 'run', 'lgbtq_model_pipeline', 'get_metrics', 'scheduled__2025-04-30T00:00:00+00:00', '--job-id', '61', '--raw', '--subdir', 'DAGS_FOLDER/lgbtq_model_pipeline.py', '--cfg-path', '/tmp/tmpr_k7p56k']
[2025-05-01T00:00:05.890+0000] {standard_task_runner.py:85} INFO - Job 61: Subtask get_metrics
[2025-05-01T00:00:05.912+0000] {task_command.py:416} INFO - Running <TaskInstance: lgbtq_model_pipeline.get_metrics scheduled__2025-04-30T00:00:00+00:00 [running]> on host a0ac12bced59
[2025-05-01T00:00:05.950+0000] {taskinstance.py:1662} INFO - Exporting env vars: AIRFLOW_CTX_DAG_OWNER='***' AIRFLOW_CTX_DAG_ID='lgbtq_model_pipeline' AIRFLOW_CTX_TASK_ID='get_metrics' AIRFLOW_CTX_EXECUTION_DATE='2025-04-30T00:00:00+00:00' AIRFLOW_CTX_TRY_NUMBER='1' AIRFLOW_CTX_DAG_RUN_ID='scheduled__2025-04-30T00:00:00+00:00'
[2025-05-01T00:00:05.951+0000] {logging_mixin.py:154} INFO - Running get_metrics task...
[2025-05-01T00:00:05.952+0000] {python.py:194} INFO - Done. Returned value was: None
[2025-05-01T00:00:05.956+0000] {taskinstance.py:1400} INFO - Marking task as SUCCESS. dag_id=lgbtq_model_pipeline, task_id=get_metrics, execution_date=20250430T000000, start_date=20250501T000005, end_date=20250501T000005
[2025-05-01T00:00:05.986+0000] {local_task_job_runner.py:228} INFO - Task exited with return code 0
[2025-05-01T00:00:06.000+0000] {taskinstance.py:2778} INFO - 1 downstream tasks scheduled from follow-on schedule check
[2025-05-01T21:29:07.115+0000] {taskinstance.py:1159} INFO - Dependencies all met for dep_context=non-requeueable deps ti=<TaskInstance: lgbtq_model_pipeline.get_metrics scheduled__2025-04-30T00:00:00+00:00 [queued]>
[2025-05-01T21:29:07.122+0000] {taskinstance.py:1159} INFO - Dependencies all met for dep_context=requeueable deps ti=<TaskInstance: lgbtq_model_pipeline.get_metrics scheduled__2025-04-30T00:00:00+00:00 [queued]>
[2025-05-01T21:29:07.122+0000] {taskinstance.py:1361} INFO - Starting attempt 1 of 1
[2025-05-01T21:29:07.130+0000] {taskinstance.py:1382} INFO - Executing <Task(PythonOperator): get_metrics> on 2025-04-30 00:00:00+00:00
[2025-05-01T21:29:07.140+0000] {standard_task_runner.py:57} INFO - Started process 424 to run task
[2025-05-01T21:29:07.143+0000] {standard_task_runner.py:84} INFO - Running: ['***', 'tasks', 'run', 'lgbtq_model_pipeline', 'get_metrics', 'scheduled__2025-04-30T00:00:00+00:00', '--job-id', '9', '--raw', '--subdir', 'DAGS_FOLDER/lgbtq_model_pipeline.py', '--cfg-path', '/tmp/tmpmm82q20o']
[2025-05-01T21:29:07.146+0000] {standard_task_runner.py:85} INFO - Job 9: Subtask get_metrics
[2025-05-01T21:29:07.186+0000] {task_command.py:416} INFO - Running <TaskInstance: lgbtq_model_pipeline.get_metrics scheduled__2025-04-30T00:00:00+00:00 [running]> on host f2df6932d319
[2025-05-01T21:29:07.228+0000] {taskinstance.py:1662} INFO - Exporting env vars: AIRFLOW_CTX_DAG_OWNER='***' AIRFLOW_CTX_DAG_ID='lgbtq_model_pipeline' AIRFLOW_CTX_TASK_ID='get_metrics' AIRFLOW_CTX_EXECUTION_DATE='2025-04-30T00:00:00+00:00' AIRFLOW_CTX_TRY_NUMBER='1' AIRFLOW_CTX_DAG_RUN_ID='scheduled__2025-04-30T00:00:00+00:00'
[2025-05-01T21:29:07.229+0000] {logging_mixin.py:154} INFO - 📊 Running get_metrics task...
[2025-05-01T21:29:07.293+0000] {logging_mixin.py:154} INFO - 📈 Confusion Matrix:
[[23, 6], [5, 27]]
[2025-05-01T21:29:07.294+0000] {logging_mixin.py:154} INFO - Accuracy: 0.8197
[2025-05-01T21:29:07.294+0000] {logging_mixin.py:154} INFO - Precision: 0.8182
[2025-05-01T21:29:07.294+0000] {logging_mixin.py:154} INFO - Recall: 0.8438
[2025-05-01T21:29:07.296+0000] {logging_mixin.py:154} INFO - F1 Score: 0.8308
[2025-05-01T21:29:07.296+0000] {logging_mixin.py:154} INFO - AUC: 0.9386
[2025-05-01T21:29:07.297+0000] {logging_mixin.py:154} INFO - Previous Accuracy: 0.8197
[2025-05-01T21:29:07.297+0000] {logging_mixin.py:154} INFO - Accuracy Change: +0.0000
[2025-05-01T21:29:07.345+0000] {logging_mixin.py:154} INFO - ✅ Saved metrics to /opt/***/metrics/metrics_20250501_212907.json
[2025-05-01T21:29:07.347+0000] {logging_mixin.py:154} INFO - 🔗 Updated latest_metrics.json for deployment reference.
[2025-05-01T21:29:07.349+0000] {python.py:194} INFO - Done. Returned value was: None
[2025-05-01T21:29:07.372+0000] {taskinstance.py:1400} INFO - Marking task as SUCCESS. dag_id=lgbtq_model_pipeline, task_id=get_metrics, execution_date=20250430T000000, start_date=20250501T212907, end_date=20250501T212907
[2025-05-01T21:29:07.412+0000] {local_task_job_runner.py:228} INFO - Task exited with return code 0
[2025-05-01T21:29:07.442+0000] {taskinstance.py:2778} INFO - 1 downstream tasks scheduled from follow-on schedule check
