[2025-05-01T09:35:47.136+0000] {taskinstance.py:1159} INFO - Dependencies all met for dep_context=non-requeueable deps ti=<TaskInstance: lgbtq_model_pipeline.fetch_articles manual__2025-05-01T09:35:44.600422+00:00 [queued]>
[2025-05-01T09:35:47.140+0000] {taskinstance.py:1159} INFO - Dependencies all met for dep_context=requeueable deps ti=<TaskInstance: lgbtq_model_pipeline.fetch_articles manual__2025-05-01T09:35:44.600422+00:00 [queued]>
[2025-05-01T09:35:47.140+0000] {taskinstance.py:1361} INFO - Starting attempt 1 of 1
[2025-05-01T09:35:47.145+0000] {taskinstance.py:1382} INFO - Executing <Task(PythonOperator): fetch_articles> on 2025-05-01 09:35:44.600422+00:00
[2025-05-01T09:35:47.150+0000] {standard_task_runner.py:57} INFO - Started process 188 to run task
[2025-05-01T09:35:47.152+0000] {standard_task_runner.py:84} INFO - Running: ['***', 'tasks', 'run', 'lgbtq_model_pipeline', 'fetch_articles', 'manual__2025-05-01T09:35:44.600422+00:00', '--job-id', '175', '--raw', '--subdir', 'DAGS_FOLDER/lgbtq_model_pipeline.py', '--cfg-path', '/tmp/tmpyyri_o7x']
[2025-05-01T09:35:47.158+0000] {standard_task_runner.py:85} INFO - Job 175: Subtask fetch_articles
[2025-05-01T09:35:47.184+0000] {task_command.py:416} INFO - Running <TaskInstance: lgbtq_model_pipeline.fetch_articles manual__2025-05-01T09:35:44.600422+00:00 [running]> on host f8e326fa3b8f
[2025-05-01T09:35:47.223+0000] {taskinstance.py:1662} INFO - Exporting env vars: AIRFLOW_CTX_DAG_OWNER='***' AIRFLOW_CTX_DAG_ID='lgbtq_model_pipeline' AIRFLOW_CTX_TASK_ID='fetch_articles' AIRFLOW_CTX_EXECUTION_DATE='2025-05-01T09:35:44.600422+00:00' AIRFLOW_CTX_TRY_NUMBER='1' AIRFLOW_CTX_DAG_RUN_ID='manual__2025-05-01T09:35:44.600422+00:00'
[2025-05-01T09:35:47.224+0000] {logging_mixin.py:154} INFO - Fetching CSV data from Google Sheets...
[2025-05-01T09:35:48.651+0000] {logging_mixin.py:154} INFO - Generating embeddings...
[2025-05-01T09:35:48.653+0000] {SentenceTransformer.py:208} INFO - Use pytorch device_name: cpu
[2025-05-01T09:35:48.654+0000] {SentenceTransformer.py:216} INFO - Load pretrained SentenceTransformer: all-MiniLM-L6-v2
[2025-05-01T09:35:50.550+0000] {file_download.py:1670} WARNING - Xet Storage is enabled for this repo, but the 'hf_xet' package is not installed. Falling back to regular HTTP download. For better performance, install the package with: `pip install huggingface_hub[hf_xet]` or `pip install hf_xet`
[2025-05-01T09:36:04.716+0000] {logging_mixin.py:154} INFO - Loading classifier...
[2025-05-01T09:36:04.719+0000] {logging_mixin.py:154} INFO - Predicting stances...
[2025-05-01T09:36:04.723+0000] {logging_mixin.py:154} INFO - Saved article to /opt/***/review_queue/article_24_2025-05-01T09:36:04.722004.json
[2025-05-01T09:36:04.724+0000] {logging_mixin.py:154} INFO - Saved article to /opt/***/review_queue/article_6_2025-05-01T09:36:04.723781.json
[2025-05-01T09:36:04.725+0000] {logging_mixin.py:154} INFO - Saved article to /opt/***/review_queue/article_153_2025-05-01T09:36:04.724851.json
[2025-05-01T09:36:04.726+0000] {logging_mixin.py:154} INFO - Saved article to /opt/***/review_queue/article_211_2025-05-01T09:36:04.725860.json
[2025-05-01T09:36:04.727+0000] {logging_mixin.py:154} INFO - Saved article to /opt/***/review_queue/article_198_2025-05-01T09:36:04.726827.json
[2025-05-01T09:36:04.727+0000] {logging_mixin.py:154} INFO - Finished processing 5 articles.
[2025-05-01T09:36:04.728+0000] {python.py:194} INFO - Done. Returned value was: None
[2025-05-01T09:36:04.749+0000] {taskinstance.py:1400} INFO - Marking task as SUCCESS. dag_id=lgbtq_model_pipeline, task_id=fetch_articles, execution_date=20250501T093544, start_date=20250501T093547, end_date=20250501T093604
[2025-05-01T09:36:04.801+0000] {local_task_job_runner.py:228} INFO - Task exited with return code 0
[2025-05-01T09:36:04.823+0000] {taskinstance.py:2778} INFO - 1 downstream tasks scheduled from follow-on schedule check
