[2025-05-01T09:36:09.205+0000] {taskinstance.py:1159} INFO - Dependencies all met for dep_context=non-requeueable deps ti=<TaskInstance: lgbtq_model_pipeline.retrain manual__2025-05-01T09:35:44.600422+00:00 [queued]>
[2025-05-01T09:36:09.211+0000] {taskinstance.py:1159} INFO - Dependencies all met for dep_context=requeueable deps ti=<TaskInstance: lgbtq_model_pipeline.retrain manual__2025-05-01T09:35:44.600422+00:00 [queued]>
[2025-05-01T09:36:09.211+0000] {taskinstance.py:1361} INFO - Starting attempt 1 of 1
[2025-05-01T09:36:09.218+0000] {taskinstance.py:1382} INFO - Executing <Task(PythonOperator): retrain> on 2025-05-01 09:35:44.600422+00:00
[2025-05-01T09:36:09.224+0000] {standard_task_runner.py:57} INFO - Started process 240 to run task
[2025-05-01T09:36:09.227+0000] {standard_task_runner.py:84} INFO - Running: ['***', 'tasks', 'run', 'lgbtq_model_pipeline', 'retrain', 'manual__2025-05-01T09:35:44.600422+00:00', '--job-id', '177', '--raw', '--subdir', 'DAGS_FOLDER/lgbtq_model_pipeline.py', '--cfg-path', '/tmp/tmp7zpzbgca']
[2025-05-01T09:36:09.230+0000] {standard_task_runner.py:85} INFO - Job 177: Subtask retrain
[2025-05-01T09:36:09.255+0000] {task_command.py:416} INFO - Running <TaskInstance: lgbtq_model_pipeline.retrain manual__2025-05-01T09:35:44.600422+00:00 [running]> on host f8e326fa3b8f
[2025-05-01T09:36:09.303+0000] {taskinstance.py:1662} INFO - Exporting env vars: AIRFLOW_CTX_DAG_OWNER='***' AIRFLOW_CTX_DAG_ID='lgbtq_model_pipeline' AIRFLOW_CTX_TASK_ID='retrain' AIRFLOW_CTX_EXECUTION_DATE='2025-05-01T09:35:44.600422+00:00' AIRFLOW_CTX_TRY_NUMBER='1' AIRFLOW_CTX_DAG_RUN_ID='manual__2025-05-01T09:35:44.600422+00:00'
[2025-05-01T09:36:09.304+0000] {logging_mixin.py:154} INFO - 🔁 Starting retraining process...
[2025-05-01T09:36:09.305+0000] {logging_mixin.py:154} INFO - 📦 Combining production and new data into all_data...
[2025-05-01T09:36:09.312+0000] {logging_mixin.py:154} INFO - 📊 Loading all training data...
[2025-05-01T09:36:09.323+0000] {logging_mixin.py:154} INFO - 🧠 Retraining classifier on 25 samples...
[2025-05-01T09:36:09.323+0000] {logging_mixin.py:154} INFO - 📂 Loading previous model from /opt/***/models/classifier.joblib
[2025-05-01T09:36:09.325+0000] {logging_mixin.py:154} INFO - 🛡️ Backed up previous model to /opt/***/models/classifier_backup_20250501093609.joblib
[2025-05-01T09:36:09.342+0000] {logging_mixin.py:154} INFO - ✅ Saved retrained classifier to /opt/***/models/classifier.joblib
[2025-05-01T09:36:09.342+0000] {logging_mixin.py:154} INFO - 📦 Generating predictions for metric evaluation...
[2025-05-01T09:36:09.426+0000] {logging_mixin.py:154} INFO - ✅ Saved predictions to /opt/***/predictions/latest_predictions.parquet
[2025-05-01T09:36:09.427+0000] {python.py:194} INFO - Done. Returned value was: None
[2025-05-01T09:36:09.435+0000] {taskinstance.py:1400} INFO - Marking task as SUCCESS. dag_id=lgbtq_model_pipeline, task_id=retrain, execution_date=20250501T093544, start_date=20250501T093609, end_date=20250501T093609
[2025-05-01T09:36:09.451+0000] {local_task_job_runner.py:228} INFO - Task exited with return code 0
[2025-05-01T09:36:09.468+0000] {taskinstance.py:2778} INFO - 1 downstream tasks scheduled from follow-on schedule check
