[2025-05-07T03:35:38.666+0000] {taskinstance.py:1159} INFO - Dependencies all met for dep_context=non-requeueable deps ti=<TaskInstance: lgbtq_model_pipeline.retrain manual__2025-05-07T03:35:31.840199+00:00 [queued]>
[2025-05-07T03:35:38.670+0000] {taskinstance.py:1159} INFO - Dependencies all met for dep_context=requeueable deps ti=<TaskInstance: lgbtq_model_pipeline.retrain manual__2025-05-07T03:35:31.840199+00:00 [queued]>
[2025-05-07T03:35:38.670+0000] {taskinstance.py:1361} INFO - Starting attempt 1 of 1
[2025-05-07T03:35:38.675+0000] {taskinstance.py:1382} INFO - Executing <Task(PythonOperator): retrain> on 2025-05-07 03:35:31.840199+00:00
[2025-05-07T03:35:38.679+0000] {standard_task_runner.py:57} INFO - Started process 2448 to run task
[2025-05-07T03:35:38.682+0000] {standard_task_runner.py:84} INFO - Running: ['***', 'tasks', 'run', 'lgbtq_model_pipeline', 'retrain', 'manual__2025-05-07T03:35:31.840199+00:00', '--job-id', '35', '--raw', '--subdir', 'DAGS_FOLDER/lgbtq_model_pipeline.py', '--cfg-path', '/tmp/tmpdry9rwqs']
[2025-05-07T03:35:38.683+0000] {standard_task_runner.py:85} INFO - Job 35: Subtask retrain
[2025-05-07T03:35:38.705+0000] {task_command.py:416} INFO - Running <TaskInstance: lgbtq_model_pipeline.retrain manual__2025-05-07T03:35:31.840199+00:00 [running]> on host 6fdcfcafebfc
[2025-05-07T03:35:38.740+0000] {taskinstance.py:1662} INFO - Exporting env vars: AIRFLOW_CTX_DAG_OWNER='***' AIRFLOW_CTX_DAG_ID='lgbtq_model_pipeline' AIRFLOW_CTX_TASK_ID='retrain' AIRFLOW_CTX_EXECUTION_DATE='2025-05-07T03:35:31.840199+00:00' AIRFLOW_CTX_TRY_NUMBER='1' AIRFLOW_CTX_DAG_RUN_ID='manual__2025-05-07T03:35:31.840199+00:00'
[2025-05-07T03:35:38.741+0000] {logging_mixin.py:154} INFO - 📦 Combining data...
[2025-05-07T03:35:38.978+0000] {logging_mixin.py:154} INFO - ⚠️ Skipping duplicate article_246
[2025-05-07T03:35:38.979+0000] {logging_mixin.py:154} INFO - ⚠️ Skipping duplicate article_247
[2025-05-07T03:35:38.979+0000] {logging_mixin.py:154} INFO - ⚠️ Skipping duplicate article_245
[2025-05-07T03:35:38.980+0000] {logging_mixin.py:154} INFO - ⚠️ Skipping duplicate article_249
[2025-05-07T03:35:38.980+0000] {logging_mixin.py:154} INFO - ⚠️ Skipping duplicate article_248
[2025-05-07T03:35:38.981+0000] {logging_mixin.py:154} INFO - ⚠️ Skipping duplicate article_244
[2025-05-07T03:35:38.981+0000] {logging_mixin.py:154} INFO - 📚 Loading labeled data...
[2025-05-07T03:35:39.080+0000] {logging_mixin.py:154} INFO - 🧠 Preparing triplet training data...
[2025-05-07T03:35:39.588+0000] {logging_mixin.py:154} INFO - 🔍 Loading encoder from local cache...
[2025-05-07T03:35:39.810+0000] {logging_mixin.py:154} INFO - 🚀 Training triplet model...
[2025-05-07T03:35:44.818+0000] {taskinstance.py:1937} ERROR - Task failed with exception
Traceback (most recent call last):
  File "/home/airflow/.local/lib/python3.8/site-packages/airflow/operators/python.py", line 192, in execute
    return_value = self.execute_callable()
  File "/home/airflow/.local/lib/python3.8/site-packages/airflow/operators/python.py", line 209, in execute_callable
    return self.python_callable(*self.op_args, **self.op_kwargs)
  File "/opt/airflow/dags/tasks/retrain.py", line 84, in train_triplet_model
    loss.backward()
  File "/home/airflow/.local/lib/python3.8/site-packages/torch/_tensor.py", line 521, in backward
    torch.autograd.backward(
  File "/home/airflow/.local/lib/python3.8/site-packages/torch/autograd/__init__.py", line 289, in backward
    _engine_run_backward(
  File "/home/airflow/.local/lib/python3.8/site-packages/torch/autograd/graph.py", line 769, in _engine_run_backward
    return Variable._execution_engine.run_backward(  # Calls into the C++ engine to run the backward pass
RuntimeError: element 0 of tensors does not require grad and does not have a grad_fn
[2025-05-07T03:35:44.838+0000] {taskinstance.py:1400} INFO - Marking task as FAILED. dag_id=lgbtq_model_pipeline, task_id=retrain, execution_date=20250507T033531, start_date=20250507T033538, end_date=20250507T033544
[2025-05-07T03:35:44.846+0000] {standard_task_runner.py:104} ERROR - Failed to execute job 35 for task retrain (element 0 of tensors does not require grad and does not have a grad_fn; 2448)
[2025-05-07T03:35:44.888+0000] {local_task_job_runner.py:228} INFO - Task exited with return code 1
[2025-05-07T03:35:44.911+0000] {taskinstance.py:2778} INFO - 0 downstream tasks scheduled from follow-on schedule check
