[2025-05-01T07:40:41.048+0000] {taskinstance.py:1159} INFO - Dependencies all met for dep_context=non-requeueable deps ti=<TaskInstance: lgbtq_model_pipeline.human_review manual__2025-05-01T07:40:38.212289+00:00 [queued]>
[2025-05-01T07:40:41.051+0000] {taskinstance.py:1159} INFO - Dependencies all met for dep_context=requeueable deps ti=<TaskInstance: lgbtq_model_pipeline.human_review manual__2025-05-01T07:40:38.212289+00:00 [queued]>
[2025-05-01T07:40:41.052+0000] {taskinstance.py:1361} INFO - Starting attempt 1 of 1
[2025-05-01T07:40:41.057+0000] {taskinstance.py:1382} INFO - Executing <Task(PythonOperator): human_review> on 2025-05-01 07:40:38.212289+00:00
[2025-05-01T07:40:41.059+0000] {standard_task_runner.py:57} INFO - Started process 178 to run task
[2025-05-01T07:40:41.061+0000] {standard_task_runner.py:84} INFO - Running: ['***', 'tasks', 'run', 'lgbtq_model_pipeline', 'human_review', 'manual__2025-05-01T07:40:38.212289+00:00', '--job-id', '109', '--raw', '--subdir', 'DAGS_FOLDER/lgbtq_model_pipeline.py', '--cfg-path', '/tmp/tmpvfdfra75']
[2025-05-01T07:40:41.062+0000] {standard_task_runner.py:85} INFO - Job 109: Subtask human_review
[2025-05-01T07:40:41.083+0000] {task_command.py:416} INFO - Running <TaskInstance: lgbtq_model_pipeline.human_review manual__2025-05-01T07:40:38.212289+00:00 [running]> on host 7cee2e4cd460
[2025-05-01T07:40:41.117+0000] {taskinstance.py:1662} INFO - Exporting env vars: AIRFLOW_CTX_DAG_OWNER='***' AIRFLOW_CTX_DAG_ID='lgbtq_model_pipeline' AIRFLOW_CTX_TASK_ID='human_review' AIRFLOW_CTX_EXECUTION_DATE='2025-05-01T07:40:38.212289+00:00' AIRFLOW_CTX_TRY_NUMBER='1' AIRFLOW_CTX_DAG_RUN_ID='manual__2025-05-01T07:40:38.212289+00:00'
[2025-05-01T07:40:41.118+0000] {logging_mixin.py:154} INFO - 👀 Checking for enough articles in review queue...
[2025-05-01T07:40:41.118+0000] {logging_mixin.py:154} INFO - ✅ Found 5 files — simulating human review...
[2025-05-01T07:40:41.118+0000] {logging_mixin.py:154} INFO - Moved article_6_2025-05-01T07:40:40.401065.json to new_data/
[2025-05-01T07:40:41.118+0000] {logging_mixin.py:154} INFO - Moved article_198_2025-05-01T07:40:40.402454.json to new_data/
[2025-05-01T07:40:41.119+0000] {logging_mixin.py:154} INFO - Moved article_211_2025-05-01T07:40:40.402004.json to new_data/
[2025-05-01T07:40:41.119+0000] {logging_mixin.py:154} INFO - Moved article_153_2025-05-01T07:40:40.401551.json to new_data/
[2025-05-01T07:40:41.119+0000] {logging_mixin.py:154} INFO - Moved article_24_2025-05-01T07:40:40.399726.json to new_data/
[2025-05-01T07:40:41.119+0000] {logging_mixin.py:154} INFO - Review complete.
[2025-05-01T07:40:41.119+0000] {python.py:194} INFO - Done. Returned value was: None
[2025-05-01T07:40:41.123+0000] {taskinstance.py:1400} INFO - Marking task as SUCCESS. dag_id=lgbtq_model_pipeline, task_id=human_review, execution_date=20250501T074038, start_date=20250501T074041, end_date=20250501T074041
[2025-05-01T07:40:41.162+0000] {local_task_job_runner.py:228} INFO - Task exited with return code 0
[2025-05-01T07:40:41.177+0000] {taskinstance.py:2778} INFO - 1 downstream tasks scheduled from follow-on schedule check
