[2025-05-08T05:31:54.560+0000] {taskinstance.py:1159} INFO - Dependencies all met for dep_context=non-requeueable deps ti=<TaskInstance: lgbtq_model_pipeline.decide_branch manual__2025-05-08T05:04:11.619667+00:00 [queued]>
[2025-05-08T05:31:54.565+0000] {taskinstance.py:1159} INFO - Dependencies all met for dep_context=requeueable deps ti=<TaskInstance: lgbtq_model_pipeline.decide_branch manual__2025-05-08T05:04:11.619667+00:00 [queued]>
[2025-05-08T05:31:54.565+0000] {taskinstance.py:1361} INFO - Starting attempt 1 of 1
[2025-05-08T05:31:54.571+0000] {taskinstance.py:1382} INFO - Executing <Task(BranchPythonOperator): decide_branch> on 2025-05-08 05:04:11.619667+00:00
[2025-05-08T05:31:54.582+0000] {standard_task_runner.py:57} INFO - Started process 60412 to run task
[2025-05-08T05:31:54.586+0000] {standard_task_runner.py:84} INFO - Running: ['***', 'tasks', 'run', 'lgbtq_model_pipeline', 'decide_branch', 'manual__2025-05-08T05:04:11.619667+00:00', '--job-id', '209', '--raw', '--subdir', 'DAGS_FOLDER/lgbtq_model_pipeline.py', '--cfg-path', '/tmp/tmpls8i6xrm']
[2025-05-08T05:31:54.590+0000] {standard_task_runner.py:85} INFO - Job 209: Subtask decide_branch
[2025-05-08T05:31:54.636+0000] {task_command.py:416} INFO - Running <TaskInstance: lgbtq_model_pipeline.decide_branch manual__2025-05-08T05:04:11.619667+00:00 [running]> on host 6fdcfcafebfc
[2025-05-08T05:31:54.682+0000] {taskinstance.py:1662} INFO - Exporting env vars: AIRFLOW_CTX_DAG_OWNER='***' AIRFLOW_CTX_DAG_ID='lgbtq_model_pipeline' AIRFLOW_CTX_TASK_ID='decide_branch' AIRFLOW_CTX_EXECUTION_DATE='2025-05-08T05:04:11.619667+00:00' AIRFLOW_CTX_TRY_NUMBER='1' AIRFLOW_CTX_DAG_RUN_ID='manual__2025-05-08T05:04:11.619667+00:00'
[2025-05-08T05:31:54.685+0000] {logging_mixin.py:154} INFO - 👀 Evaluating model performance...
[2025-05-08T05:31:54.686+0000] {logging_mixin.py:154} INFO - 🔢 Previous Accuracy: 0.5141
[2025-05-08T05:31:54.686+0000] {logging_mixin.py:154} INFO - 🔢 New Accuracy:      0.6426
[2025-05-08T05:31:54.687+0000] {logging_mixin.py:154} INFO - ✅ Deploying new model
[2025-05-08T05:31:54.687+0000] {python.py:194} INFO - Done. Returned value was: deploy_model
[2025-05-08T05:31:54.687+0000] {python.py:227} INFO - Branch callable return deploy_model
[2025-05-08T05:31:54.687+0000] {skipmixin.py:173} INFO - Following branch deploy_model
[2025-05-08T05:31:54.701+0000] {skipmixin.py:239} INFO - Skipping tasks [('keep_model', -1)]
[2025-05-08T05:31:54.728+0000] {taskinstance.py:1400} INFO - Marking task as SUCCESS. dag_id=lgbtq_model_pipeline, task_id=decide_branch, execution_date=20250508T050411, start_date=20250508T053154, end_date=20250508T053154
[2025-05-08T05:31:54.770+0000] {local_task_job_runner.py:228} INFO - Task exited with return code 0
[2025-05-08T05:31:54.790+0000] {taskinstance.py:2778} INFO - 1 downstream tasks scheduled from follow-on schedule check
