[2025-05-07T11:41:47.275+0000] {taskinstance.py:1159} INFO - Dependencies all met for dep_context=non-requeueable deps ti=<TaskInstance: lgbtq_model_pipeline.notify_admin manual__2025-05-07T11:41:30.393532+00:00 [queued]>
[2025-05-07T11:41:47.278+0000] {taskinstance.py:1159} INFO - Dependencies all met for dep_context=requeueable deps ti=<TaskInstance: lgbtq_model_pipeline.notify_admin manual__2025-05-07T11:41:30.393532+00:00 [queued]>
[2025-05-07T11:41:47.279+0000] {taskinstance.py:1361} INFO - Starting attempt 1 of 1
[2025-05-07T11:41:47.284+0000] {taskinstance.py:1382} INFO - Executing <Task(PythonOperator): notify_admin> on 2025-05-07 11:41:30.393532+00:00
[2025-05-07T11:41:47.290+0000] {standard_task_runner.py:57} INFO - Started process 22173 to run task
[2025-05-07T11:41:47.292+0000] {standard_task_runner.py:84} INFO - Running: ['***', 'tasks', 'run', 'lgbtq_model_pipeline', 'notify_admin', 'manual__2025-05-07T11:41:30.393532+00:00', '--job-id', '167', '--raw', '--subdir', 'DAGS_FOLDER/lgbtq_model_pipeline.py', '--cfg-path', '/tmp/tmpl3re0xx7']
[2025-05-07T11:41:47.294+0000] {standard_task_runner.py:85} INFO - Job 167: Subtask notify_admin
[2025-05-07T11:41:47.315+0000] {task_command.py:416} INFO - Running <TaskInstance: lgbtq_model_pipeline.notify_admin manual__2025-05-07T11:41:30.393532+00:00 [running]> on host 6fdcfcafebfc
[2025-05-07T11:41:47.350+0000] {taskinstance.py:1662} INFO - Exporting env vars: AIRFLOW_CTX_DAG_OWNER='***' AIRFLOW_CTX_DAG_ID='lgbtq_model_pipeline' AIRFLOW_CTX_TASK_ID='notify_admin' AIRFLOW_CTX_EXECUTION_DATE='2025-05-07T11:41:30.393532+00:00' AIRFLOW_CTX_TRY_NUMBER='1' AIRFLOW_CTX_DAG_RUN_ID='manual__2025-05-07T11:41:30.393532+00:00'
[2025-05-07T11:41:47.351+0000] {logging_mixin.py:154} INFO - 📣 Running notify_admin task...
[2025-05-07T11:41:47.352+0000] {logging_mixin.py:154} INFO - 
📢 A new model was deployed!
🆕 Path:     /opt/***/models/production_model_20250507113907.joblib
📂 Source:   /opt/***/models/production_model_20250507111247.joblib
🕒 Deployed: 2025-05-07T11:39:07.637400
📝 Reason:   automated pipeline decision
        
[2025-05-07T11:41:47.352+0000] {python.py:194} INFO - Done. Returned value was: None
[2025-05-07T11:41:47.356+0000] {taskinstance.py:1400} INFO - Marking task as SUCCESS. dag_id=lgbtq_model_pipeline, task_id=notify_admin, execution_date=20250507T114130, start_date=20250507T114147, end_date=20250507T114147
[2025-05-07T11:41:47.389+0000] {local_task_job_runner.py:228} INFO - Task exited with return code 0
[2025-05-07T11:41:47.399+0000] {taskinstance.py:2778} INFO - 0 downstream tasks scheduled from follow-on schedule check
