[2025-05-07T09:25:47.941+0000] {taskinstance.py:1159} INFO - Dependencies all met for dep_context=non-requeueable deps ti=<TaskInstance: lgbtq_model_pipeline.retrain manual__2025-05-07T09:25:40.240103+00:00 [queued]>
[2025-05-07T09:25:47.945+0000] {taskinstance.py:1159} INFO - Dependencies all met for dep_context=requeueable deps ti=<TaskInstance: lgbtq_model_pipeline.retrain manual__2025-05-07T09:25:40.240103+00:00 [queued]>
[2025-05-07T09:25:47.945+0000] {taskinstance.py:1361} INFO - Starting attempt 1 of 1
[2025-05-07T09:25:47.950+0000] {taskinstance.py:1382} INFO - Executing <Task(PythonOperator): retrain> on 2025-05-07 09:25:40.240103+00:00
[2025-05-07T09:25:47.956+0000] {standard_task_runner.py:57} INFO - Started process 14310 to run task
[2025-05-07T09:25:47.958+0000] {standard_task_runner.py:84} INFO - Running: ['***', 'tasks', 'run', 'lgbtq_model_pipeline', 'retrain', 'manual__2025-05-07T09:25:40.240103+00:00', '--job-id', '58', '--raw', '--subdir', 'DAGS_FOLDER/lgbtq_model_pipeline.py', '--cfg-path', '/tmp/tmpggzls8_9']
[2025-05-07T09:25:47.960+0000] {standard_task_runner.py:85} INFO - Job 58: Subtask retrain
[2025-05-07T09:25:47.984+0000] {task_command.py:416} INFO - Running <TaskInstance: lgbtq_model_pipeline.retrain manual__2025-05-07T09:25:40.240103+00:00 [running]> on host 6fdcfcafebfc
[2025-05-07T09:25:48.016+0000] {taskinstance.py:1662} INFO - Exporting env vars: AIRFLOW_CTX_DAG_OWNER='***' AIRFLOW_CTX_DAG_ID='lgbtq_model_pipeline' AIRFLOW_CTX_TASK_ID='retrain' AIRFLOW_CTX_EXECUTION_DATE='2025-05-07T09:25:40.240103+00:00' AIRFLOW_CTX_TRY_NUMBER='1' AIRFLOW_CTX_DAG_RUN_ID='manual__2025-05-07T09:25:40.240103+00:00'
[2025-05-07T09:25:48.016+0000] {logging_mixin.py:154} INFO - 📦 Combining data...
[2025-05-07T09:25:48.259+0000] {logging_mixin.py:154} INFO - ⚠️ Skipping duplicate article_246
[2025-05-07T09:25:48.260+0000] {logging_mixin.py:154} INFO - ⚠️ Skipping duplicate article_247
[2025-05-07T09:25:48.261+0000] {logging_mixin.py:154} INFO - ⚠️ Skipping duplicate article_245
[2025-05-07T09:25:48.262+0000] {logging_mixin.py:154} INFO - ⚠️ Skipping duplicate article_249
[2025-05-07T09:25:48.262+0000] {logging_mixin.py:154} INFO - ⚠️ Skipping duplicate article_248
[2025-05-07T09:25:48.263+0000] {logging_mixin.py:154} INFO - ⚠️ Skipping duplicate article_244
[2025-05-07T09:25:48.263+0000] {logging_mixin.py:154} INFO - 📚 Loading labeled data...
[2025-05-07T09:25:48.364+0000] {logging_mixin.py:154} INFO - 🧠 Initial memory usage: 29.6%
[2025-05-07T09:25:48.364+0000] {logging_mixin.py:154} INFO - 🧠 Preparing triplet training data...
[2025-05-07T09:25:49.537+0000] {logging_mixin.py:154} INFO - 🔍 Loading encoder from local cache...
[2025-05-07T09:25:49.844+0000] {logging_mixin.py:154} INFO - 🖥️ Using device: cpu
[2025-05-07T09:25:49.845+0000] {logging_mixin.py:154} INFO - 📊 Using gradient accumulation: effective batch size = 8
[2025-05-07T09:25:49.980+0000] {logging_mixin.py:154} INFO - 🚀 Training triplet model...
[2025-05-07T09:26:03.232+0000] {local_task_job_runner.py:294} WARNING - State of this instance has been externally set to success. Terminating instance.
[2025-05-07T09:26:03.254+0000] {process_utils.py:131} INFO - Sending 15 to group 14310. PIDs of all processes in the group: [14310]
[2025-05-07T09:26:03.263+0000] {process_utils.py:86} INFO - Sending the signal 15 to group 14310
[2025-05-07T09:26:12.605+0000] {taskinstance.py:1632} ERROR - Received SIGTERM. Terminating subprocesses.
[2025-05-07T09:26:12.930+0000] {process_utils.py:79} INFO - Process psutil.Process(pid=14310, status='terminated', exitcode=0, started='09:25:46') (14310) terminated with exit code 0
