[2025-05-01T09:15:25.325+0000] {taskinstance.py:1159} INFO - Dependencies all met for dep_context=non-requeueable deps ti=<TaskInstance: lgbtq_model_pipeline.retrain manual__2025-05-01T09:15:03.983301+00:00 [queued]>
[2025-05-01T09:15:25.331+0000] {taskinstance.py:1159} INFO - Dependencies all met for dep_context=requeueable deps ti=<TaskInstance: lgbtq_model_pipeline.retrain manual__2025-05-01T09:15:03.983301+00:00 [queued]>
[2025-05-01T09:15:25.331+0000] {taskinstance.py:1361} INFO - Starting attempt 1 of 1
[2025-05-01T09:15:25.337+0000] {taskinstance.py:1382} INFO - Executing <Task(PythonOperator): retrain> on 2025-05-01 09:15:03.983301+00:00
[2025-05-01T09:15:25.343+0000] {standard_task_runner.py:57} INFO - Started process 241 to run task
[2025-05-01T09:15:25.346+0000] {standard_task_runner.py:84} INFO - Running: ['***', 'tasks', 'run', 'lgbtq_model_pipeline', 'retrain', 'manual__2025-05-01T09:15:03.983301+00:00', '--job-id', '162', '--raw', '--subdir', 'DAGS_FOLDER/lgbtq_model_pipeline.py', '--cfg-path', '/tmp/tmp8zxas99x']
[2025-05-01T09:15:25.350+0000] {standard_task_runner.py:85} INFO - Job 162: Subtask retrain
[2025-05-01T09:15:25.375+0000] {task_command.py:416} INFO - Running <TaskInstance: lgbtq_model_pipeline.retrain manual__2025-05-01T09:15:03.983301+00:00 [running]> on host 8e9fbf3c94e4
[2025-05-01T09:15:25.409+0000] {taskinstance.py:1662} INFO - Exporting env vars: AIRFLOW_CTX_DAG_OWNER='***' AIRFLOW_CTX_DAG_ID='lgbtq_model_pipeline' AIRFLOW_CTX_TASK_ID='retrain' AIRFLOW_CTX_EXECUTION_DATE='2025-05-01T09:15:03.983301+00:00' AIRFLOW_CTX_TRY_NUMBER='1' AIRFLOW_CTX_DAG_RUN_ID='manual__2025-05-01T09:15:03.983301+00:00'
[2025-05-01T09:15:25.410+0000] {logging_mixin.py:154} INFO - 🔁 Starting retraining process...
[2025-05-01T09:15:25.411+0000] {logging_mixin.py:154} INFO - 📦 Combining production and new data into all_data...
[2025-05-01T09:15:25.417+0000] {logging_mixin.py:154} INFO - 📊 Loading all training data...
[2025-05-01T09:15:25.423+0000] {logging_mixin.py:154} INFO - 🧠 Retraining classifier on 15 samples...
[2025-05-01T09:15:25.424+0000] {logging_mixin.py:154} INFO - 📂 Loading previous model from /opt/***/models/classifier.joblib
[2025-05-01T09:15:25.426+0000] {logging_mixin.py:154} INFO - 🛡️ Backed up previous model to /opt/***/models/classifier_backup_20250501091525.joblib
[2025-05-01T09:15:25.432+0000] {logging_mixin.py:154} INFO - ✅ Saved retrained classifier to /opt/***/models/classifier.joblib
[2025-05-01T09:15:25.432+0000] {logging_mixin.py:154} INFO - 📦 Generating predictions for metric evaluation...
[2025-05-01T09:15:25.508+0000] {logging_mixin.py:154} INFO - ✅ Saved predictions to /opt/***/predictions/latest_predictions.parquet
[2025-05-01T09:15:25.508+0000] {python.py:194} INFO - Done. Returned value was: None
[2025-05-01T09:15:25.514+0000] {taskinstance.py:1400} INFO - Marking task as SUCCESS. dag_id=lgbtq_model_pipeline, task_id=retrain, execution_date=20250501T091503, start_date=20250501T091525, end_date=20250501T091525
[2025-05-01T09:15:25.528+0000] {local_task_job_runner.py:228} INFO - Task exited with return code 0
[2025-05-01T09:15:25.542+0000] {taskinstance.py:2778} INFO - 1 downstream tasks scheduled from follow-on schedule check
