[2025-04-30T06:34:49.136+0000] {taskinstance.py:1159} INFO - Dependencies all met for dep_context=non-requeueable deps ti=<TaskInstance: lgbtq_model_pipeline.fetch_articles manual__2025-04-30T06:34:48.296158+00:00 [queued]>
[2025-04-30T06:34:49.139+0000] {taskinstance.py:1159} INFO - Dependencies all met for dep_context=requeueable deps ti=<TaskInstance: lgbtq_model_pipeline.fetch_articles manual__2025-04-30T06:34:48.296158+00:00 [queued]>
[2025-04-30T06:34:49.139+0000] {taskinstance.py:1361} INFO - Starting attempt 1 of 1
[2025-04-30T06:34:49.146+0000] {taskinstance.py:1382} INFO - Executing <Task(PythonOperator): fetch_articles> on 2025-04-30 06:34:48.296158+00:00
[2025-04-30T06:34:49.149+0000] {standard_task_runner.py:57} INFO - Started process 1566 to run task
[2025-04-30T06:34:49.152+0000] {standard_task_runner.py:84} INFO - Running: ['***', 'tasks', 'run', 'lgbtq_model_pipeline', 'fetch_articles', 'manual__2025-04-30T06:34:48.296158+00:00', '--job-id', '44', '--raw', '--subdir', 'DAGS_FOLDER/lgbtq_model_pipeline.py', '--cfg-path', '/tmp/tmpmotz80ll']
[2025-04-30T06:34:49.155+0000] {standard_task_runner.py:85} INFO - Job 44: Subtask fetch_articles
[2025-04-30T06:34:49.194+0000] {task_command.py:416} INFO - Running <TaskInstance: lgbtq_model_pipeline.fetch_articles manual__2025-04-30T06:34:48.296158+00:00 [running]> on host a0ac12bced59
[2025-04-30T06:34:49.240+0000] {taskinstance.py:1662} INFO - Exporting env vars: AIRFLOW_CTX_DAG_OWNER='***' AIRFLOW_CTX_DAG_ID='lgbtq_model_pipeline' AIRFLOW_CTX_TASK_ID='fetch_articles' AIRFLOW_CTX_EXECUTION_DATE='2025-04-30T06:34:48.296158+00:00' AIRFLOW_CTX_TRY_NUMBER='1' AIRFLOW_CTX_DAG_RUN_ID='manual__2025-04-30T06:34:48.296158+00:00'
[2025-04-30T06:34:49.241+0000] {logging_mixin.py:154} INFO - Fetching CSV data from Google Sheets...
[2025-04-30T06:34:50.224+0000] {logging_mixin.py:154} INFO - Wrote article to /opt/***/review_queue/article_24_2025-04-30T06:34:50.222691.json
[2025-04-30T06:34:50.225+0000] {logging_mixin.py:154} INFO - Wrote article to /opt/***/review_queue/article_6_2025-04-30T06:34:50.225040.json
[2025-04-30T06:34:50.226+0000] {logging_mixin.py:154} INFO - Wrote article to /opt/***/review_queue/article_153_2025-04-30T06:34:50.225707.json
[2025-04-30T06:34:50.226+0000] {logging_mixin.py:154} INFO - Wrote article to /opt/***/review_queue/article_211_2025-04-30T06:34:50.226306.json
[2025-04-30T06:34:50.227+0000] {logging_mixin.py:154} INFO - Wrote article to /opt/***/review_queue/article_198_2025-04-30T06:34:50.226891.json
[2025-04-30T06:34:50.227+0000] {logging_mixin.py:154} INFO - Added 5 articles into the review queue.
[2025-04-30T06:34:50.227+0000] {python.py:194} INFO - Done. Returned value was: None
[2025-04-30T06:34:50.234+0000] {taskinstance.py:1400} INFO - Marking task as SUCCESS. dag_id=lgbtq_model_pipeline, task_id=fetch_articles, execution_date=20250430T063448, start_date=20250430T063449, end_date=20250430T063450
[2025-04-30T06:34:50.289+0000] {local_task_job_runner.py:228} INFO - Task exited with return code 0
[2025-04-30T06:34:50.309+0000] {taskinstance.py:2778} INFO - 1 downstream tasks scheduled from follow-on schedule check
