[2025-05-01T10:59:24.655+0000] {taskinstance.py:1159} INFO - Dependencies all met for dep_context=non-requeueable deps ti=<TaskInstance: lgbtq_model_pipeline.retrain manual__2025-05-01T10:58:53.838532+00:00 [queued]>
[2025-05-01T10:59:24.659+0000] {taskinstance.py:1159} INFO - Dependencies all met for dep_context=requeueable deps ti=<TaskInstance: lgbtq_model_pipeline.retrain manual__2025-05-01T10:58:53.838532+00:00 [queued]>
[2025-05-01T10:59:24.659+0000] {taskinstance.py:1361} INFO - Starting attempt 1 of 1
[2025-05-01T10:59:24.665+0000] {taskinstance.py:1382} INFO - Executing <Task(PythonOperator): retrain> on 2025-05-01 10:58:53.838532+00:00
[2025-05-01T10:59:24.669+0000] {standard_task_runner.py:57} INFO - Started process 360 to run task
[2025-05-01T10:59:24.671+0000] {standard_task_runner.py:84} INFO - Running: ['***', 'tasks', 'run', 'lgbtq_model_pipeline', 'retrain', 'manual__2025-05-01T10:58:53.838532+00:00', '--job-id', '217', '--raw', '--subdir', 'DAGS_FOLDER/lgbtq_model_pipeline.py', '--cfg-path', '/tmp/tmp0m7uc6pc']
[2025-05-01T10:59:24.675+0000] {standard_task_runner.py:85} INFO - Job 217: Subtask retrain
[2025-05-01T10:59:24.698+0000] {task_command.py:416} INFO - Running <TaskInstance: lgbtq_model_pipeline.retrain manual__2025-05-01T10:58:53.838532+00:00 [running]> on host f13b619dbab8
[2025-05-01T10:59:24.737+0000] {taskinstance.py:1662} INFO - Exporting env vars: AIRFLOW_CTX_DAG_OWNER='***' AIRFLOW_CTX_DAG_ID='lgbtq_model_pipeline' AIRFLOW_CTX_TASK_ID='retrain' AIRFLOW_CTX_EXECUTION_DATE='2025-05-01T10:58:53.838532+00:00' AIRFLOW_CTX_TRY_NUMBER='1' AIRFLOW_CTX_DAG_RUN_ID='manual__2025-05-01T10:58:53.838532+00:00'
[2025-05-01T10:59:24.737+0000] {logging_mixin.py:154} INFO - 🔁 Starting retraining process...
[2025-05-01T10:59:24.738+0000] {logging_mixin.py:154} INFO - 📦 Combining production and new data into all_data...
[2025-05-01T10:59:24.771+0000] {logging_mixin.py:154} INFO - 📊 Loading all training data...
[2025-05-01T10:59:24.855+0000] {logging_mixin.py:154} INFO - 🧠 Retraining classifier on 294 samples...
[2025-05-01T10:59:24.855+0000] {logging_mixin.py:154} INFO - 📂 Loading previous model from /opt/***/models/classifier.joblib
[2025-05-01T10:59:24.858+0000] {logging_mixin.py:154} INFO - 🛡️ Backed up previous model to /opt/***/models/classifier_backup_20250501105924.joblib
[2025-05-01T10:59:24.871+0000] {logging_mixin.py:154} INFO - ✅ Saved retrained classifier to /opt/***/models/classifier.joblib
[2025-05-01T10:59:24.872+0000] {logging_mixin.py:154} INFO - 📦 Generating predictions for metric evaluation...
[2025-05-01T10:59:24.924+0000] {logging_mixin.py:154} INFO - ✅ Saved predictions to /opt/***/predictions/latest_predictions.parquet
[2025-05-01T10:59:24.925+0000] {python.py:194} INFO - Done. Returned value was: None
[2025-05-01T10:59:24.937+0000] {taskinstance.py:1400} INFO - Marking task as SUCCESS. dag_id=lgbtq_model_pipeline, task_id=retrain, execution_date=20250501T105853, start_date=20250501T105924, end_date=20250501T105924
[2025-05-01T10:59:24.978+0000] {local_task_job_runner.py:228} INFO - Task exited with return code 0
[2025-05-01T10:59:24.996+0000] {taskinstance.py:2778} INFO - 1 downstream tasks scheduled from follow-on schedule check
